2023-12-16 17:27:53 INFO Running task: 1_0...
2023-12-16 17:27:54 INFO Test Passed!


2023-12-16 17:27:54 INFO Running task: 2_0...
2023-12-16 17:27:56 INFO Test Passed!


2023-12-16 17:27:56 INFO Running task: 3_0...
2023-12-16 17:27:58 INFO Test Failed!
2023-12-16 17:27:58 INFO run_output: b'4 3\nTestcase No.1 Failed!\n4 4\n1 -1\nTestcase No.3 Failed!\n40 40\n44 44\nPassed 3/5 testcases!\nTest Failed!\n'


2023-12-16 17:27:58 INFO Running task: 4_0...
2023-12-16 17:27:59 INFO Test Passed!


2023-12-16 17:27:59 INFO Running task: 5_0...
2023-12-16 17:28:00 INFO Compilation Failed!
2023-12-16 17:28:00 INFO Running task: 6_0...
2023-12-16 17:28:02 INFO Test Passed!


2023-12-16 17:28:02 INFO Running task: 7_0...
2023-12-16 17:28:04 INFO Test Passed!


2023-12-16 17:28:04 INFO Running task: 8_0...
2023-12-16 17:28:05 INFO Compilation Failed!
2023-12-16 17:28:05 INFO Running task: 9_0...
2023-12-16 17:28:06 INFO Compilation Failed!
2023-12-16 17:28:06 INFO Running task: 10_0...
2023-12-16 17:28:08 INFO Test Passed!


2023-12-16 17:28:08 INFO Running task: 11_0...
2023-12-16 17:28:10 INFO Test Passed!


2023-12-16 17:28:10 INFO Running task: 12_0...
2023-12-16 17:28:11 INFO Test Passed!


2023-12-16 17:28:11 INFO Running task: 13_0...
2023-12-16 17:28:13 INFO Test Passed!


2023-12-16 17:28:13 INFO Running task: 14_0...
2023-12-16 17:28:14 INFO Compilation Failed!
2023-12-16 17:28:14 INFO Running task: 15_0...
2023-12-16 17:28:16 INFO Test Passed!


2023-12-16 17:28:16 INFO Running task: 16_0...
2023-12-16 17:28:17 INFO Test Failed!
2023-12-16 17:28:17 INFO run_output: b'2 2\n2 2\n2147483647 -1\nTestcase No.3 Failed!\n2 2\n18424 18424\nPassed 4/5 testcases!\nTest Failed!\n'


2023-12-16 17:28:17 INFO Running task: 17_0...
2023-12-16 17:28:18 INFO Compilation Failed!
2023-12-16 17:28:18 INFO Running task: 18_0...
2023-12-16 17:28:20 INFO Compilation Failed!
2023-12-16 17:28:20 INFO Running task: 19_0...
2023-12-16 17:28:21 INFO Test Passed!


2023-12-16 17:28:21 INFO Running task: 20_0...
2023-12-16 17:28:22 INFO Compilation Failed!
2023-12-16 17:28:22 INFO Running task: 21_0...
2023-12-16 17:28:24 INFO Test Passed!


2023-12-16 17:28:24 INFO Running task: 22_0...
2023-12-16 17:28:25 INFO Compilation Failed!
2023-12-16 17:28:25 INFO Running task: 23_0...
2023-12-16 17:28:27 INFO Test Failed!
2023-12-16 17:28:27 INFO run_output: b'3 2\nTestcase No.1 Failed!\n8 3\nTestcase No.2 Failed!\n92 4\nTestcase No.3 Failed!\n100000 1\nTestcase No.4 Failed!\n54669 92\nTestcase No.5 Failed!\nPassed 0/5 testcases!\nTest Failed!\n'


2023-12-16 17:28:27 INFO Running task: 24_0...
2023-12-16 17:28:29 INFO Test Passed!


2023-12-16 17:28:29 INFO Running task: 25_0...
2023-12-16 17:28:30 INFO Compilation Failed!
2023-12-16 17:28:30 INFO Running task: 26_0...
2023-12-16 17:28:31 INFO Test Passed!


2023-12-16 17:28:31 INFO Running task: 27_0...
2023-12-16 17:28:33 INFO Test Passed!


2023-12-16 17:28:33 INFO Running task: 28_0...
2023-12-16 17:28:35 INFO Test Passed!


2023-12-16 17:28:35 INFO Running task: 29_0...
2023-12-16 17:28:37 INFO Test Passed!


2023-12-16 17:28:37 INFO Running task: 30_0...
2023-12-16 17:28:38 INFO Compilation Failed!
2023-12-16 17:28:38 INFO Running task: 31_0...
2023-12-16 17:28:39 INFO Test Failed!
2023-12-16 17:28:39 INFO run_output: b'2 2\n3 3\n1 1\n19 19\n99 100\nTestcase No.5 Failed!\nPassed 4/5 testcases!\nTest Failed!\n'


2023-12-16 17:28:39 INFO Running task: 32_0...
2023-12-16 17:28:41 INFO Test Passed!


2023-12-16 17:28:41 INFO Running task: 33_0...
2023-12-16 17:28:43 INFO Test Failed!
2023-12-16 17:28:43 INFO run_output: b'18 18\n23 23\n0 0\n2432279824 19999800010000\nTestcase No.4 Failed!\n1394553574 5507542627046\nTestcase No.5 Failed!\nPassed 3/5 testcases!\nTest Failed!\n'


2023-12-16 17:28:43 INFO Running task: 34_0...
2023-12-16 17:28:44 INFO Test Passed!


2023-12-16 17:28:44 INFO Running task: 35_0...
2023-12-16 17:28:46 INFO Test Passed!


2023-12-16 17:28:46 INFO Running task: 36_0...
2023-12-16 17:28:48 INFO Test Passed!


2023-12-16 17:28:48 INFO Running task: 37_0...
2023-12-16 17:28:49 INFO Test Passed!


2023-12-16 17:28:49 INFO Running task: 38_0...
2023-12-16 17:28:51 INFO Test Passed!


2023-12-16 17:28:51 INFO Running task: 39_0...
2023-12-16 17:28:53 INFO Test Passed!


2023-12-16 17:28:53 INFO Running task: 40_0...
2023-12-16 17:28:54 INFO Test Passed!


2023-12-16 17:28:54 INFO Running task: 41_0...
2023-12-16 17:28:56 INFO Test Passed!


2023-12-16 17:28:56 INFO Running task: 42_0...
2023-12-16 17:29:01 INFO Test Failed!
2023-12-16 17:29:01 INFO run_output: b'2 0\nTestcase No.1 Failed!\n2 1\nTestcase No.2 Failed!\n4 3\nTestcase No.3 Failed!\n1 104\nTestcase No.4 Failed!\n12201 123\nTestcase No.5 Failed!\nPassed 0/5 testcases!\nTest Failed!\n'


2023-12-16 17:29:01 INFO Running task: 43_0...
2023-12-16 17:29:03 INFO Test Passed!


2023-12-16 17:29:03 INFO Running task: 44_0...
2023-12-16 17:29:04 INFO Compilation Failed!
2023-12-16 17:29:04 INFO Running task: 45_0...
2023-12-16 17:29:06 INFO Test Failed!
2023-12-16 17:29:06 INFO run_output: b'"gnstr" "rtsng"\nTestcase No.1 Failed!\n"ponter" "ponter"\n"xzpaaerpvqbrhybmnmyypqeosamkgqrrdzlmrnewadbbnb" "xzpaaerpvqbrhybmnmyypqeosamkgqrrdzlmrnewadbbnb"\n"xrdgbmhhfxsxpxndhchwhsvamvafqcboabqdohcfdveyjrw" "wrjyevdfchodqbaobcqfavmavshwhchdnxpxsxfhhmbgdrx"\nTestcase No.4 Failed!\n"aaaaaaaaaaaaaaaaaaaaaaaaaaaaaaaaaaaaaaaaaaaaaaaaaa" "aaaaaaaaaaaaaaaaaaaaaaaaaaaaaaaaaaaaaaaaaaaaaaaaaa"\nPassed 3/5 testcases!\nTest Failed!\n'


2023-12-16 17:29:06 INFO Running task: 46_0...
2023-12-16 17:29:07 INFO Test Passed!


2023-12-16 17:29:07 INFO Running task: 47_0...
2023-12-16 17:29:09 INFO Test Passed!


2023-12-16 17:29:09 INFO Running task: 48_0...
2023-12-16 17:29:10 INFO Compilation Failed!
2023-12-16 17:29:10 INFO Running task: 49_0...
2023-12-16 17:29:12 INFO Test Passed!


2023-12-16 17:29:12 INFO Running task: 50_0...
2023-12-16 17:29:14 INFO Test Passed!


2023-12-16 17:29:14 INFO Running task: 51_0...
2023-12-16 17:29:15 INFO Test Passed!


2023-12-16 17:29:15 INFO Running task: 52_0...
2023-12-16 17:29:17 INFO Test Failed!
2023-12-16 17:29:17 INFO run_output: b'60470 3\nTestcase No.1 Failed!\n1953719636 5\nTestcase No.2 Failed!\n5122 30\nTestcase No.3 Failed!\n197 6\nTestcase No.4 Failed!\n197 5\nTestcase No.5 Failed!\nPassed 0/5 testcases!\nTest Failed!\n'


2023-12-16 17:29:17 INFO Running task: 53_0...
2023-12-16 17:29:19 INFO Test Failed!
2023-12-16 17:29:19 INFO run_output: b'4 4\n85264 85264\n78818884 78818884\n-727320015 20752136\nTestcase No.4 Failed!\n-295396676 136582381\nTestcase No.5 Failed!\nPassed 3/5 testcases!\nTest Failed!\n'


2023-12-16 17:29:19 INFO Running task: 54_0...
2023-12-16 17:29:20 INFO Test Passed!


2023-12-16 17:29:20 INFO Running task: 55_0...
2023-12-16 17:29:21 INFO Compilation Failed!
2023-12-16 17:29:21 INFO Running task: 56_0...
2023-12-16 17:29:25 INFO Test Passed!


2023-12-16 17:29:25 INFO Running task: 57_0...
2023-12-16 17:29:27 INFO Test Passed!


2023-12-16 17:29:27 INFO Running task: 58_0...
2023-12-16 17:29:28 INFO Compilation Failed!
2023-12-16 17:29:28 INFO Running task: 59_0...
2023-12-16 17:29:31 INFO Test Passed!


2023-12-16 17:29:31 INFO Running task: 60_0...
2023-12-16 17:29:33 INFO Test Passed!


2023-12-16 17:29:33 INFO Running task: 61_0...
2023-12-16 17:29:35 INFO Test Passed!


2023-12-16 17:29:35 INFO Running task: 62_0...
2023-12-16 17:29:36 INFO Compilation Failed!
2023-12-16 17:29:36 INFO Running task: 63_0...
2023-12-16 17:29:38 INFO Test Passed!


2023-12-16 17:29:38 INFO Running task: 64_0...
2023-12-16 17:29:39 INFO Compilation Failed!
2023-12-16 17:29:39 INFO Running task: 65_0...
2023-12-16 17:29:40 INFO Compilation Failed!
2023-12-16 17:29:40 INFO Running task: 66_0...
2023-12-16 17:29:41 INFO Test Failed!
2023-12-16 17:29:41 INFO run_output: b'2 2\n143 143\n1614380127 149876695044291679\nTestcase No.3 Failed!\n-167237517 245084191090813043\nTestcase No.4 Failed!\n1810315984 707704350405245648\nTestcase No.5 Failed!\nPassed 2/5 testcases!\nTest Failed!\n'


2023-12-16 17:29:41 INFO Running task: 67_0...
2023-12-16 17:29:44 INFO Test Passed!


2023-12-16 17:29:44 INFO Running task: 68_0...
2023-12-16 17:29:45 INFO Test Failed!
2023-12-16 17:29:45 INFO run_output: b'".13.09.2017" "13.09.2017"\nTestcase No.1 Failed!\n".12.09.2016" "12.09.2016"\nTestcase No.2 Failed!\n".12.09.1800" "12.09.1800"\nTestcase No.3 Failed!\n".12.09.1840" "12.09.1840"\nTestcase No.4 Failed!\n".12.09.2156" "12.09.2156"\nTestcase No.5 Failed!\nPassed 0/5 testcases!\nTest Failed!\n'


2023-12-16 17:29:45 INFO Running task: 69_0...
2023-12-16 17:29:49 INFO Test Passed!


2023-12-16 17:29:49 INFO Running task: 70_0...
2023-12-16 17:29:51 INFO Runtime Failed!
2023-12-16 17:29:51 INFO run_output: b'"three o\' clock" "three o\' clock"\nAn exception occurred: std::bad_alloc\n"quarter past seven" "quarter past seven"\n"twenty nine minutes past seven" "twenty nine minutes past seven"\n"half past five" "half past five"\nPassed 4/5 testcases!\nTest Failed!\n'


2023-12-16 17:29:51 INFO Running task: 71_0...
2023-12-16 17:29:53 INFO Test Passed!


2023-12-16 17:29:53 INFO Running task: 72_0...
2023-12-16 17:29:55 INFO Test Passed!


2023-12-16 17:29:55 INFO Running task: 73_0...
2023-12-16 17:29:56 INFO Test Passed!


2023-12-16 17:29:56 INFO Running task: 74_0...
2023-12-16 17:29:58 INFO Test Passed!


2023-12-16 17:29:58 INFO Running task: 75_0...
2023-12-16 17:30:00 INFO Test Passed!


2023-12-16 17:30:00 INFO Running task: 76_0...
2023-12-16 17:30:02 INFO Test Passed!


2023-12-16 17:30:02 INFO Running task: 77_0...
2023-12-16 17:30:03 INFO Test Passed!


2023-12-16 17:30:03 INFO Running task: 78_0...
2023-12-16 17:30:05 INFO Test Passed!


2023-12-16 17:30:05 INFO Running task: 79_0...
2023-12-16 17:30:06 INFO Compilation Failed!
2023-12-16 17:30:06 INFO Running task: 80_0...
2023-12-16 17:30:08 INFO Test Passed!


2023-12-16 17:30:08 INFO Running task: 81_0...
2023-12-16 17:30:09 INFO Compilation Failed!
2023-12-16 17:30:09 INFO Running task: 82_0...
2023-12-16 17:30:11 INFO Test Passed!


2023-12-16 17:30:11 INFO Running task: 83_0...
2023-12-16 17:30:13 INFO Test Failed!
2023-12-16 17:30:13 INFO run_output: b'2 4\nTestcase No.1 Failed!\n1 2\nTestcase No.2 Failed!\n1 2\nTestcase No.3 Failed!\n0 0\n2 4\nTestcase No.5 Failed!\nPassed 1/5 testcases!\nTest Failed!\n'


2023-12-16 17:30:13 INFO Running task: 84_0...
2023-12-16 17:30:14 INFO Test Failed!
2023-12-16 17:30:14 INFO run_output: b'2 3\nTestcase No.1 Failed!\n3 4\nTestcase No.2 Failed!\n2 3\nTestcase No.3 Failed!\n3 4\nTestcase No.4 Failed!\n3 4\nTestcase No.5 Failed!\nPassed 0/5 testcases!\nTest Failed!\n'


2023-12-16 17:30:14 INFO Running task: 85_0...
2023-12-16 17:30:15 INFO Compilation Failed!
2023-12-16 17:30:15 INFO Running task: 86_0...
2023-12-16 17:30:17 INFO Test Passed!


2023-12-16 17:30:17 INFO Running task: 87_0...
2023-12-16 17:30:18 INFO Compilation Failed!
2023-12-16 17:30:18 INFO Running task: 88_0...
2023-12-16 17:30:19 INFO Compilation Failed!
2023-12-16 17:30:19 INFO Running task: 89_0...
2023-12-16 17:30:21 INFO Compilation Failed!
2023-12-16 17:30:21 INFO Running task: 90_0...
2023-12-16 17:30:22 INFO Test Passed!


2023-12-16 17:30:22 INFO Running task: 91_0...
2023-12-16 17:30:23 INFO Compilation Failed!
2023-12-16 17:30:23 INFO Running task: 92_0...
2023-12-16 17:30:24 INFO Compilation Failed!
2023-12-16 17:30:24 INFO Running task: 93_0...
2023-12-16 17:30:26 INFO Compilation Failed!
2023-12-16 17:30:26 INFO Running task: 94_0...
2023-12-16 17:30:27 INFO Test Passed!


2023-12-16 17:30:27 INFO Running task: 95_0...
2023-12-16 17:30:28 INFO Compilation Failed!
2023-12-16 17:30:28 INFO Running task: 96_0...
2023-12-16 17:30:30 INFO Compilation Failed!
2023-12-16 17:30:30 INFO Running task: 97_0...
2023-12-16 17:30:31 INFO Test Passed!


2023-12-16 17:30:31 INFO Running task: 98_0...
2023-12-16 17:30:33 INFO Test Passed!


2023-12-16 17:30:33 INFO Running task: 99_0...
2023-12-16 17:30:34 INFO Compilation Failed!
2023-12-16 17:30:34 INFO Running task: 100_0...
2023-12-16 17:30:36 INFO Test Passed!


2023-12-16 17:30:36 INFO [[1], [1], [4], [1], [2], [1], [1], [2], [2], [1], [1], [1], [1], [2], [1], [4], [2], [2], [1], [2], [1], [2], [4], [1], [2], [1], [1], [1], [1], [2], [4], [1], [4], [1], [1], [1], [1], [1], [1], [1], [1], [4], [1], [2], [4], [1], [1], [2], [1], [1], [1], [4], [4], [1], [2], [1], [1], [2], [1], [1], [1], [2], [1], [2], [2], [4], [1], [4], [1], [3], [1], [1], [1], [1], [1], [1], [1], [1], [2], [1], [2], [1], [4], [4], [2], [1], [2], [2], [2], [1], [2], [2], [2], [1], [2], [2], [1], [1], [2], [1]]
