2023-12-12 03:30:33 INFO Running task: 1_0...
2023-12-12 03:30:35 INFO Test Passed!


2023-12-12 03:30:35 INFO Running task: 2_0...
munmap_chunk(): invalid pointer
2023-12-12 03:30:37 INFO Running task: 3_0...
2023-12-12 03:30:38 INFO Compilation Failed!
2023-12-12 03:30:38 INFO Running task: 4_0...
2023-12-12 03:30:39 INFO Test Passed!


2023-12-12 03:30:39 INFO Running task: 5_0...
2023-12-12 03:30:40 INFO Compilation Failed!
2023-12-12 03:30:40 INFO Running task: 6_0...
2023-12-12 03:30:42 INFO Test Passed!


2023-12-12 03:30:42 INFO Running task: 7_0...
2023-12-12 03:30:43 INFO Compilation Failed!
2023-12-12 03:30:43 INFO Running task: 8_0...
2023-12-12 03:30:45 INFO Compilation Failed!
2023-12-12 03:30:45 INFO Running task: 9_0...
2023-12-12 03:30:46 INFO Compilation Failed!
2023-12-12 03:30:46 INFO Running task: 10_0...
2023-12-12 03:30:47 INFO Compilation Failed!
2023-12-12 03:30:47 INFO Running task: 11_0...
2023-12-12 03:30:49 INFO Test Passed!


2023-12-12 03:30:49 INFO Running task: 12_0...
2023-12-12 03:30:50 INFO Test Failed!
2023-12-12 03:30:50 INFO run_output: b'[2,2,2] [2,1,-1]\nTestcase No.1 Failed!\n[1,2,2] [1,2,1]\nTestcase No.2 Failed!\n[0,0,-1,-1,-1] [-1,-1,68,-1,23]\nTestcase No.3 Failed!\n[-1,-1,-1,-1,-1,-1,-1,-1,-1,-1,-1,-1,-1,-1,-1,-1,-1,-1,-1,-1,-1,-1,-1,-1,-1,-1,-1,-1,-1,-1,-1,-1,-1,-1,-1,-1,-1,-1,-1,-1,-1,-1,-1,-1,-1,-1,-1,-1,-1,-1] [75,96,90,79,51,49,37,56,49,59,4,39,84,82,83,98,19,5,11,58,77,64,89,45,24,3,25,43,17,68,50,72,97,26,11,96,3,61,10,92,78,92,46,79,79,49,28,53,43,1]\nTestcase No.4 Failed!\n[0,0,0,0,0,0,0,0,0,0,0,0,0,0,0,0,0,0,0,0,0,0,0,0,0,0,0,0,0,0,0,0,0,0,0,0,0,0,0,0,0,0,0,0,0,0,0,0,0,0,0,0,0,0,0,0,0,0,0,0,0,0,0,0,0,0,0,0,0,0,0,0,0,0,0,0,0,0,0,0,0,0,0,0,0,0,0,0,0,0,0,0,0,0,0,0,0,0,0,0] [-1,-1,-1,-1,-1,-1,-1,-1,-1,-1,-1,-1,-1,-1,-1,-1,-1,-1,-1,-1,-1,-1,-1,-1,-1,-1,-1,-1,-1,-1,-1,-1,-1,-1,-1,-1,-1,-1,-1,-1,-1,-1,-1,-1,-1,-1,-1,-1,-1,-1,-1,-1,-1,-1,-1,-1,-1,-1,-1,-1,-1,-1,-1,-1,-1,-1,-1,-1,-1,-1,-1,-1,-1,-1,-1,-1,-1,-1,-1,-1,-1,-1,-1,-1,-1,-1,-1,-1,-1,-1,-1,-1,-1,-1,-1,-1,-1,-1,-1,-1]\nTestcase No.5 Failed!\nPassed 0/5 testcases!\nTest Failed!\n'


2023-12-12 03:30:50 INFO Running task: 13_0...
2023-12-12 03:30:51 INFO Compilation Failed!
2023-12-12 03:30:51 INFO Running task: 14_0...
2023-12-12 03:30:53 INFO Test Failed!
2023-12-12 03:30:53 INFO run_output: b'13 16\nTestcase No.1 Failed!\n22 23\nTestcase No.2 Failed!\n1 1\n1992175660 1004903751\nTestcase No.4 Failed!\n1996859985 1001388208\nTestcase No.5 Failed!\nPassed 1/5 testcases!\nTest Failed!\n'


2023-12-12 03:30:53 INFO Running task: 15_0...
2023-12-12 03:30:55 INFO Test Passed!


2023-12-12 03:30:55 INFO Running task: 16_0...
2023-12-12 03:30:57 INFO Running task: 17_0...
2023-12-12 03:30:59 INFO Test Passed!


2023-12-12 03:30:59 INFO Running task: 18_0...
2023-12-12 03:31:00 INFO Test Passed!


2023-12-12 03:31:00 INFO Running task: 19_0...
2023-12-12 03:31:02 INFO Test Passed!


2023-12-12 03:31:02 INFO Running task: 20_0...
2023-12-12 03:31:03 INFO Compilation Failed!
2023-12-12 03:31:03 INFO Running task: 21_0...
2023-12-12 03:31:05 INFO Test Passed!


2023-12-12 03:31:05 INFO Running task: 22_0...
2023-12-12 03:31:06 INFO Compilation Failed!
2023-12-12 03:31:06 INFO Running task: 23_0...
2023-12-12 03:31:08 INFO Test Failed!
2023-12-12 03:31:08 INFO run_output: b'2 2\n2 3\nTestcase No.2 Failed!\n9 4\nTestcase No.3 Failed!\n99999 1\nTestcase No.4 Failed!\n235 92\nTestcase No.5 Failed!\nPassed 1/5 testcases!\nTest Failed!\n'


2023-12-12 03:31:08 INFO Running task: 24_0...
2023-12-12 03:31:10 INFO Test Passed!


2023-12-12 03:31:10 INFO Running task: 25_0...
2023-12-12 03:31:12 INFO Runtime Failed!
2023-12-12 03:31:12 INFO run_output: b'An exception occurred: _Map_base::at\nAn exception occurred: _Map_base::at\nAn exception occurred: _Map_base::at\nAn exception occurred: _Map_base::at\nAn exception occurred: _Map_base::at\nPassed 0/5 testcases!\nTest Failed!\n'


2023-12-12 03:31:12 INFO Running task: 26_0...
2023-12-12 03:31:13 INFO Test Passed!


2023-12-12 03:31:13 INFO Running task: 27_0...
2023-12-12 03:31:15 INFO Test Passed!


2023-12-12 03:31:15 INFO Running task: 28_0...
2023-12-12 03:31:17 INFO Test Passed!


2023-12-12 03:31:17 INFO Running task: 29_0...
2023-12-12 03:31:18 INFO Test Failed!
2023-12-12 03:31:18 INFO run_output: b'true true\ntrue false\nTestcase No.2 Failed!\ntrue true\ntrue true\ntrue true\nPassed 4/5 testcases!\nTest Failed!\n'


2023-12-12 03:31:18 INFO Running task: 30_0...
2023-12-12 03:31:20 INFO Test Failed!
2023-12-12 03:31:20 INFO run_output: b'3 3\n2 2\n30 45\nTestcase No.3 Failed!\n5000050000 5000050000\n50184 2500044888\nTestcase No.5 Failed!\nPassed 3/5 testcases!\nTest Failed!\n'


2023-12-12 03:31:20 INFO Running task: 31_0...
2023-12-12 03:31:22 INFO Test Passed!


2023-12-12 03:31:22 INFO Running task: 32_0...
2023-12-12 03:31:23 INFO Compilation Failed!
2023-12-12 03:31:23 INFO Running task: 33_0...
2023-12-12 03:31:24 INFO Compilation Failed!
2023-12-12 03:31:24 INFO Running task: 34_0...
2023-12-12 03:31:25 INFO Compilation Failed!
2023-12-12 03:31:25 INFO Running task: 35_0...
2023-12-12 03:31:26 INFO Compilation Failed!
2023-12-12 03:31:26 INFO Running task: 36_0...
2023-12-12 03:31:28 INFO Test Passed!


2023-12-12 03:31:28 INFO Running task: 37_0...
2023-12-12 03:31:30 INFO Test Passed!


2023-12-12 03:31:30 INFO Running task: 38_0...
2023-12-12 03:31:31 INFO Test Passed!


2023-12-12 03:31:31 INFO Running task: 39_0...
2023-12-12 03:31:33 INFO Test Passed!


2023-12-12 03:31:33 INFO Running task: 40_0...
2023-12-12 03:31:34 INFO Compilation Failed!
2023-12-12 03:31:34 INFO Running task: 41_0...
2023-12-12 03:31:36 INFO Test Passed!


2023-12-12 03:31:36 INFO Running task: 42_0...
2023-12-12 03:31:37 INFO Compilation Failed!
2023-12-12 03:31:37 INFO Running task: 43_0...
2023-12-12 03:31:39 INFO Test Passed!


2023-12-12 03:31:39 INFO Running task: 44_0...
2023-12-12 03:31:40 INFO Test Failed!
2023-12-12 03:31:40 INFO run_output: b'88 88\n4 -1\nTestcase No.2 Failed!\n19904 19904\n19800 19800\n16961 16961\nPassed 4/5 testcases!\nTest Failed!\n'


2023-12-12 03:31:40 INFO Running task: 45_0...
2023-12-12 03:31:41 INFO Compilation Failed!
2023-12-12 03:31:41 INFO Running task: 46_0...
2023-12-12 03:31:43 INFO Test Passed!


2023-12-12 03:31:43 INFO Running task: 47_0...
2023-12-12 03:31:45 INFO Test Failed!
2023-12-12 03:31:45 INFO run_output: b'2 3\nTestcase No.1 Failed!\n0 1\nTestcase No.2 Failed!\n2 3\nTestcase No.3 Failed!\n0 1\nTestcase No.4 Failed!\n3 4\nTestcase No.5 Failed!\nPassed 0/5 testcases!\nTest Failed!\n'


2023-12-12 03:31:45 INFO Running task: 48_0...
2023-12-12 03:31:46 INFO Compilation Failed!
2023-12-12 03:31:46 INFO Running task: 49_0...
2023-12-12 03:31:47 INFO Test Passed!


2023-12-12 03:31:47 INFO Running task: 50_0...
2023-12-12 03:31:48 INFO Compilation Failed!
2023-12-12 03:31:48 INFO Running task: 51_0...
2023-12-12 03:31:50 INFO Test Failed!
2023-12-12 03:31:50 INFO run_output: b'[10,14] [10,14]\n[299,9271] [299,9271]\n[-1722871536,-1295821736] [2572095760,2999145560]\nTestcase No.3 Failed!\n[1376364526,1985813780] [1376364526,1985813780]\n[-1782444017,-1146826329] [2512523279,3148140967]\nTestcase No.5 Failed!\nPassed 3/5 testcases!\nTest Failed!\n'


2023-12-12 03:31:50 INFO Running task: 52_0...
2023-12-12 03:31:52 INFO Test Failed!
2023-12-12 03:31:52 INFO run_output: b'1 3\nTestcase No.1 Failed!\n3 5\nTestcase No.2 Failed!\n28 30\nTestcase No.3 Failed!\n4 6\nTestcase No.4 Failed!\n3 5\nTestcase No.5 Failed!\nPassed 0/5 testcases!\nTest Failed!\n'


2023-12-12 03:31:52 INFO Running task: 53_0...
2023-12-12 03:31:53 INFO Test Passed!


2023-12-12 03:31:53 INFO Running task: 54_0...
2023-12-12 03:31:55 INFO Test Passed!


2023-12-12 03:31:55 INFO Running task: 55_0...
2023-12-12 03:31:56 INFO Compilation Failed!
2023-12-12 03:31:56 INFO Running task: 56_0...
2023-12-12 03:32:00 INFO Test Passed!


2023-12-12 03:32:00 INFO Running task: 57_0...
2023-12-12 03:32:02 INFO Test Passed!


2023-12-12 03:32:02 INFO Running task: 58_0...
2023-12-12 03:32:03 INFO Running task: 59_0...
2023-12-12 03:32:05 INFO Compilation Failed!
2023-12-12 03:32:05 INFO Running task: 60_0...
2023-12-12 03:32:06 INFO Test Failed!
2023-12-12 03:32:06 INFO run_output: b'[206,205,204] [204,205,206]\nTestcase No.1 Failed!\n[12,8,10,3,7] [3,7,8,10,12]\nTestcase No.2 Failed!\n[3714,3677,3684,3674,3695,3685,3720,3670] [3670,3674,3677,3684,3685,3695,3714,3720]\nTestcase No.3 Failed!\n[8609,8587] [8587,8609]\nTestcase No.4 Failed!\n[2479,2518,2517,2489,2458,2442,2444,2515,2457,2473,2466,2438,2447,2451,2510,2483,2488,2437] [2437,2438,2442,2444,2447,2451,2457,2458,2466,2473,2479,2483,2488,2489,2510,2515,2517,2518]\nTestcase No.5 Failed!\nPassed 0/5 testcases!\nTest Failed!\n'


2023-12-12 03:32:06 INFO Running task: 61_0...
2023-12-12 03:32:08 INFO Compilation Failed!
2023-12-12 03:32:08 INFO Running task: 62_0...
2023-12-12 03:32:09 INFO Compilation Failed!
2023-12-12 03:32:09 INFO Running task: 63_0...
2023-12-12 03:32:10 INFO Test Passed!


2023-12-12 03:32:10 INFO Running task: 64_0...
2023-12-12 03:32:12 INFO Compilation Failed!
2023-12-12 03:32:12 INFO Running task: 65_0...
2023-12-12 03:32:13 INFO Test Failed!
2023-12-12 03:32:13 INFO run_output: b'["1112","\x80X1\xe3\xff\x7f","\x80\xc8X\xe3\xff\x7f","1234"] ["1112","1X12","18X2","1234"]\nTestcase No.1 Failed!\n["789","\x80\xc81\xe3\xff\x7f","445"] ["789","445","445"]\nTestcase No.2 Failed!\n["3299491164671216671826381597232378764215927992272928898729391915888562333663224715983741162526648","pX1\xe3\xff\x7f","pX1\xe3\xff\x7fXXXX1X\xffXXXpX1\xe3X\x7f","pX1\xe3\xff\x7fXXXXXX\xffXXXpX1\xe3X\x7f","pX1\xe3\xff\x7fXXXXXX\xffXXXpX1XX\x7f","pX1\xe3\xff\x7fXXXXXXXXXXpX1XX\x7fXXXXhX\xfeU","pXX\xe3\xff\x7fXXXXXXXXXXpXXXX\x7fXXXXhX\xfeU","pXX\xe3\xff\x7fXXXXXXXXXXpXXXX\x7fXXXXhX\xfeU","pXX\xe3\xff\x7fXXXXXXXXXXpXXXX\x7fXXXXhX\xfeUXX\x90X1XXXXX\x98XXXXXXXXX\xe1XXUXX\xc0XX\x16XXXXXXX\xe3XXXXXXXXXUXX\x08","pXX\xe3\xff\x7fXXXXXXXXXXpXXXX\x7fXXXXhX\xfeUXXXXXXXXXX\x98XXXXXXXXX\xe1XXUXX\xc0XX\x16XXXXXXX\xe3XXXXXXXXXUXX\t","pXXX\xff\x7fXXXXXXXXXXpXXXX\x7fXXXXhX\xfeUXXXXXXXXXXXXXXXXXXXX\xe1XXUXX\xc0XX\x16XXXXXXX\xe3XXXXXXXXXUXX\n","pXXX\xff\x7fXXXXXXXXXXpXXXX\x7fXXXXhX\xfeUXXXXXXXXXXXXXXXXXXXXXXXUXXXXX\x16XXXXXXXXXXXXXXXXXUXX\x0bX","pXXXX\x7fXXXXXXXXXXpXXXX\x7fXXXXhX\xfeUXXXXXXXXXXXXXXXXXXXXXXXUXXXXX\x16XXXXXXXXXXXXXXXXXUXX\x0c","pXXXX\x7fXXXXXXXXXXpXXXX\x7fXXXXhX\xfeUXXXXXXXXXXXXXXXXXXXXXXXUXXXXX\x16XXXXXXXXXXXXXXXXXUXX\r","pXXXX\x7fXXXXXXXXXXpXXXX\x7fXXXXhX\xfeUXXXXXXXXXXXXXXXXXXXXXXXUXXXXX\x16XXXXXXXXXXXXXXXXXUXX\x0e","pXXXX\x7fXXXXXXXXXXpXXXX\x7fXXXXhX\xfeUXXXXXXXXXXXXXXXXXXXXXXXUXXXXX\x16XXXXXXXXXXXXXXXXXUXX\x0f","pXXXX\x7fXXXXXXXXXXpXXXX\x7fXXXXhX\xfeUXXXXXXXXXXXXXXXXXXXXXXXUXXXXXXXXXXXXXXXXXXXXXXXUXX\x10","pXXXX\x7fXXXXXXXXXXpXXXX\x7fXXXXhX\xfeUXXXXXXXXXXXXXXXXXXXXXXXUXXXXXXXXXXXXXXXXXXXXXXXUXX\x11","pXXXX\x7fXXXXXXXXXXpXXXX\x7fXXXXhXXUXXXXXXXXXXXXXXXXXXXXXXXUXXXXXXXXXXXXXXXXXXXXXXXUXXX","pXXXX\x7fXXXXXXXXXXpXXXX\x7fXXXXhXXUXXXXXXXXXXXXXXXXXXXXXXXUXXXXXXXXXXXXXXXXXXXXXXXUXX\x13X","pXXXX\x7fXXXXXXXXXXpXXXX\x7fXXXXhXXUXXXXXXXXXXXXXXXXXXXXXXXUXXXXXXXXXXXXXXXXXXXXXXXUXX\x14","pXXXX\x7fXXXXXXXXXXpXXXX\x7fXXXXhXXUXXXXXXXXXXXXXXXXXXXXXXXUXXXXXXXXXXXXXXXXXXXXXXXUXXX","pXXXX\x7fXXXXXXXXXXpXXXX\x7fXXXXhXXUXXXXXXXXXXXXXXXXXXXXXXXUXXXXXXXXXXXXXXXXXXXXXXXUXX\x16","pXXXX\x7fXXXXXXXXXXpXXXX\x7fXXXXhXXUXXXXXXXXXXXXXXXXXXXXXXXUXXXXXXXXXXXXXXXXXXXXXXXUXX\x17","pXXXX\x7fXXXXXXXXXXpXXXX\x7fXXXXhXXUXXXXXXXXXXXXXXXXXXXXXXXUXXXXXXXXXXXXXXXXXXXXXXXUXX\x18","pXXXX\x7fXXXXXXXXXXpXXXX\x7fXXXXhXXUXXXXXXXXXXXXXXXXXXXXXXXUXXXXXXXXXXXXXXXXXXXXXXXUXX\x19","pXXXX\x7fXXXXXXXXXXpXXXX\x7fXXXXhXXUXXXXXXXXXXXXXXXXXXXXXXXUXXXXXXXXXXXXXXXXXXXXXXXUXX\x1aX","pXXXX\x7fXXXXXXXXXXpXXXX\x7fXXXXhXXUXXXXXXXXXXXXXXXXXXXXXXXUXXXXXXXXXXXXXXXXXXXXXXXUXX\x1b","pXXXX\x7fXXXXXXXXXXpXXXX\x7fXXXXhXXUXXXXXXXXXXXXXXXXXXXXXXXUXXXXXXXXXXXXXXXXXXXXXXXUXXX","pXXXX\x7fXXXXXXXXXXpXXXX\x7fXXXXhXXUXXXXXXXXXXXXXXXXXXXXXXXUXXXXXXXXXXXXXXXXXXXXXXXUXX\x1d","pXXXX\x7fXXXXXXXXXXpXXXX\x7fXXXXhXXUXXXXXXXXXXXXXXXXXXXXXXXUXXXXXXXXXXXXXXXXXXXXXXXUXX\x1eX","pXXXX\x7fXXXXXXXXXXpXXXX\x7fXXXXhXXUXXXXXXXXXXXXXXXXXXXXXXXUXXXXXXXXXXXXXXXXXXXXXXXUXX\x1f","pXXXX\x7fXXXXXXXXXXpXXXX\x7fXXXXhXXUXXXXXXXXXXXXXXXXXXXXXXXUXXXXXXXXXXXXXXXXXXXXXXXUXXX","pXXXX\x7fXXXXXXXXXXpXXXX\x7fXXXXhXXUXXXXXXXXXXXXXXXXXXXXXXXUXXXXXXXXXXXXXXXXXXXXXXXUXX!","pXXXX\x7fXXXXXXXXXXpXXXX\x7fXXXXhXXUXXXXXXXXXXXXXXXXXXXXXXXUXXXXXXXXXXXXXXXXXXXXXXXUXX"","pXXXX\x7fXXXXXXXXXXpXXXX\x7fXXXXhXXUXXXXXXXXXXXXXXXXXXXXXXXUXXXXXXXXXXXXXXXXXXXXXXXUXX#X","pXXXX\x7fXXXXXXXXXXpXXXX\x7fXXXXhXXUXXXXXXXXXXXXXXXXXXXXXXXUXXXXXXXXXXXXXXXXXXXXXXXUXX$","pXXXX\x7fXXXXXXXXXXpXXXX\x7fXXXXhXXUXXXXXXXXXXXXXXXXXXXXXXXUXXXXXXXXXXXXXXXXXXXXXXXUXX%","pXXXX\x7fXXXXXXXXXXpXXXX\x7fXXXXhXXUXXXXXXXXXXXXXXXXXXXXXXXUXXXXXXXXXXXXXXXXXXXXXXXUXX&","pXXXX\x7fXXXXXXXXXXpXXXX\x7fXXXXhXXUXXXXXXXXXXXXXXXXXXXXXXXUXXXXXXXXXXXXXXXXXXXXXXXUXX\'","pXXXX\x7fXXXXXXXXXXpXXXX\x7fXXXXhXXUXXXXXXXXXXXXXXXXXXXXXXXUXXXXXXXXXXXXXXXXXXXXXXXUXX(X","pXXXX\x7fXXXXXXXXXXpXXXX\x7fXXXXhXXUXXXXXXXXXXXXXXXXXXXXXXXUXXXXXXXXXXXXXXXXXXXXXXXUXXX","pXXXX\x7fXXXXXXXXXXpXXXX\x7fXXXXhXXUXXXXXXXXXXXXXXXXXXXXXXXUXXXXXXXXXXXXXXXXXXXXXXXUXX*","pXXXX\x7fXXXXXXXXXXpXXXX\x7fXXXXhXXUXXXXXXXXXXXXXXXXXXXXXXXUXXXXXXXXXXXXXXXXXXXXXXXUXX+","pXXXX\x7fXXXXXXXXXXpXXXX\x7fXXXXhXXUXXXXXXXXXXXXXXXXXXXXXXXUXXXXXXXXXXXXXXXXXXXXXXXUXX,X","pXXXX\x7fXXXXXXXXXXpXXXX\x7fXXXXhXXUXXXXXXXXXXXXXXXXXXXXXXXUXXXXXXXXXXXXXXXXXXXXXXXUXX-","pXXXX\x7fXXXXXXXXXXpXXXX\x7fXXXXhXXUXXXXXXXXXXXXXXXXXXXXXXXUXXXXXXXXXXXXXXXXXXXXXXXUXX.","pXXXX\x7fXXXXXXXXXXpXXXX\x7fXXXXhXXUXXXXXXXXXXXXXXXXXXXXXXXUXXXXXXXXXXXXXXXXXXXXXXXUXXX","pXXXX\x7fXXXXXXXXXXpXXXX\x7fXXXXhXXUXXXXXXXXXXXXXXXXXXXXXXXUXXXXXXXXXXXXXXXXXXXXXXXUXX0X","pXXXX\x7fXXXXXXXXXXpXXXX\x7fXXXXhXXUXXXXXXXXXXXXXXXXXXXXXXXUXXXXXXXXXXXXXXXXXXXXXXXUXXX","pXXXX\x7fXXXXXXXXXXpXXXX\x7fXXXXhXXUXXXXXXXXXXXXXXXXXXXXXXXUXXXXXXXXXXXXXXXXXXXXXXXUXX2","pXXXX\x7fXXXXXXXXXXpXXXX\x7fXXXXhXXUXXXXXXXXXXXXXXXXXXXXXXXUXXXXXXXXXXXXXXXXXXXXXXXUXX3X","pXXXX\x7fXXXXXXXXXXpXXXX\x7fXXXXhXXUXXXXXXXXXXXXXXXXXXXXXXXUXXXXXXXXXXXXXXXXXXXXXXXUXX4","pXXXX\x7fXXXXXXXXXXpXXXX\x7fXXXXhXXUXXXXXXXXXXXXXXXXXXXXXXXUXXXXXXXXXXXXXXXXXXXXXXXUXX5","pXXXX\x7fXXXXXXXXXXpXXXX\x7fXXXXhXXUXXXXXXXXXXXXXXXXXXXXXXXUXXXXXXXXXXXXXXXXXXXXXXXUXX6","pXXXX\x7fXXXXXXXXXXpXXXX\x7fXXXXhXXUXXXXXXXXXXXXXXXXXXXXXXXUXXXXXXXXXXXXXXXXXXXXXXXUXX7X","pXXXX\x7fXXXXXXXXXXpXXXX\x7fXXXXhXXUXXXXXXXXXXXXXXXXXXXXXXXUXXXXXXXXXXXXXXXXXXXXXXXUXXX","pXXXX\x7fXXXXXXXXXXpXXXX\x7fXXXXhXXUXXXXXXXXXXXXXXXXXXXXXXXUXXXXXXXXXXXXXXXXXXXXXXXUXX9","pXXXX\x7fXXXXXXXXXXpXXXX\x7fXXXXhXXUXXXXXXXXXXXXXXXXXXXXXXXUXXXXXXXXXXXXXXXXXXXXXXXUXX:","pXXXX\x7fXXXXXXXXXXpXXXX\x7fXXXXhXXUXXXXXXXXXXXXXXXXXXXXXXXUXXXXXXXXXXXXXXXXXXXXXXXUXX;","pXXXX\x7fXXXXXXXXXXpXXXX\x7fXXXXhXXUXXXXXXXXXXXXXXXXXXXXXXXUXXXXXXXXXXXXXXXXXXXXXXXUXX<","pXXXX\x7fXXXXXXXXXXpXXXX\x7fXXXXhXXUXXXXXXXXXXXXXXXXXXXXXXXUXXXXXXXXXXXXXXXXXXXXXXXUXX=","pXXXX\x7fXXXXXXXXXXpXXXX\x7fXXXXhXXUXXXXXXXXXXXXXXXXXXXXXXXUXXXXXXXXXXXXXXXXXXXXXXXUXX>","pXXXX\x7fXXXXXXXXXXpXXXX\x7fXXXXhXXUXXXXXXXXXXXXXXXXXXXXXXXUXXXXXXXXXXXXXXXXXXXXXXXUXX?","pXXXX\x7fXXXXXXXXXXpXXXX\x7fXXXXhXXUXXXXXXXXXXXXXXXXXXXXXXXUXXXXXXXXXXXXXXXXXXXXXXXUXX@","pXXXX\x7fXXXXXXXXXXpXXXX\x7fXXXXhXXUXXXXXXXXXXXXXXXXXXXXXXXUXXXXXXXXXXXXXXXXXXXXXXXUXXA","pXXXX\x7fXXXXXXXXXXpXXXX\x7fXXXXhXXUXXXXXXXXXXXXXXXXXXXXXXXUXXXXXXXXXXXXXXXXXXXXXXXUXXBX","pXXXX\x7fXXXXXXXXXXpXXXX\x7fXXXXhXXUXXXXXXXXXXXXXXXXXXXXXXXUXXXXXXXXXXXXXXXXXXXXXXXUXXC","pXXXX\x7fXXXXXXXXXXpXXXX\x7fXXXXhXXUXXXXXXXXXXXXXXXXXXXXXXXUXXXXXXXXXXXXXXXXXXXXXXXUXXD","pXXXX\x7fXXXXXXXXXXpXXXX\x7fXXXXhXXUXXXXXXXXXXXXXXXXXXXXXXXUXXXXXXXXXXXXXXXXXXXXXXXUXXEX","pXXXX\x7fXXXXXXXXXXpXXXX\x7fXXXXhXXUXXXXXXXXXXXXXXXXXXXXXXXUXXXXXXXXXXXXXXXXXXXXXXXUXXF","pXXXX\x7fXXXXXXXXXXpXXXX\x7fXXXXhXXUXXXXXXXXXXXXXXXXXXXXXXXUXXXXXXXXXXXXXXXXXXXXXXXUXXG","pXXXX\x7fXXXXXXXXXXpXXXX\x7fXXXXhXXUXXXXXXXXXXXXXXXXXXXXXXXUXXXXXXXXXXXXXXXXXXXXXXXUXXH","pXXXX\x7fXXXXXXXXXXpXXXX\x7fXXXXhXXUXXXXXXXXXXXXXXXXXXXXXXXUXXXXXXXXXXXXXXXXXXXXXXXUXXIX","pXXXX\x7fXXXXXXXXXXpXXXX\x7fXXXXhXXUXXXXXXXXXXXXXXXXXXXXXXXUXXXXXXXXXXXXXXXXXXXXXXXUXXJ","pXXXX\x7fXXXXXXXXXXpXXXX\x7fXXXXhXXUXXXXXXXXXXXXXXXXXXXXXXXUXXXXXXXXXXXXXXXXXXXXXXXUXXK","pXXXX\x7fXXXXXXXXXXpXXXX\x7fXXXXhXXUXXXXXXXXXXXXXXXXXXXXXXXUXXXXXXXXXXXXXXXXXXXXXXXUXXL","pXXXX\x7fXXXXXXXXXXpXXXX\x7fXXXXhXXUXXXXXXXXXXXXXXXXXXXXXXXUXXXXXXXXXXXXXXXXXXXXXXXUXXM","pXXXX\x7fXXXXXXXXXXpXXXX\x7fXXXXhXXUXXXXXXXXXXXXXXXXXXXXXXXUXXXXXXXXXXXXXXXXXXXXXXXUXXN","pXXXX\x7fXXXXXXXXXXpXXXX\x7fXXXXhXXUXXXXXXXXXXXXXXXXXXXXXXXUXXXXXXXXXXXXXXXXXXXXXXXUXXO","pXXXX\x7fXXXXXXXXXXpXXXX\x7fXXXXhXXUXXXXXXXXXXXXXXXXXXXXXXXUXXXXXXXXXXXXXXXXXXXXXXXUXXP","pXXXX\x7fXXXXXXXXXXpXXXX\x7fXXXXhXXUXXXXXXXXXXXXXXXXXXXXXXXUXXXXXXXXXXXXXXXXXXXXXXXUXXQ","pXXXX\x7fXXXXXXXXXXpXXXX\x7fXXXXhXXUXXXXXXXXXXXXXXXXXXXXXXXUXXXXXXXXXXXXXXXXXXXXXXXUXXR","pXXXX\x7fXXXXXXXXXXpXXXX\x7fXXXXhXXUXXXXXXXXXXXXXXXXXXXXXXXUXXXXXXXXXXXXXXXXXXXXXXXUXXSX","pXXXX\x7fXXXXXXXXXXpXXXX\x7fXXXXhXXUXXXXXXXXXXXXXXXXXXXXXXXUXXXXXXXXXXXXXXXXXXXXXXXUXXT","pXXXX\x7fXXXXXXXXXXpXXXX\x7fXXXXhXXUXXXXXXXXXXXXXXXXXXXXXXXUXXXXXXXXXXXXXXXXXXXXXXXUXXU","pXXXX\x7fXXXXXXXXXXpXXXX\x7fXXXXhXXUXXXXXXXXXXXXXXXXXXXXXXXUXXXXXXXXXXXXXXXXXXXXXXXUXXV","pXXXX\x7fXXXXXXXXXXpXXXX\x7fXXXXhXXUXXXXXXXXXXXXXXXXXXXXXXXUXXXXXXXXXXXXXXXXXXXXXXXUXXW","pXXXX\x7fXXXXXXXXXXpXXXX\x7fXXXXhXXUXXXXXXXXXXXXXXXXXXXXXXXUXXXXXXXXXXXXXXXXXXXXXXXUXXX","pXXXX\x7fXXXXXXXXXXpXXXX\x7fXXXXhXXUXXXXXXXXXXXXXXXXXXXXXXXUXXXXXXXXXXXXXXXXXXXXXXXUXXY","pXXXX\x7fXXXXXXXXXXpXXXX\x7fXXXXhXXUXXXXXXXXXXXXXXXXXXXXXXXUXXXXXXXXXXXXXXXXXXXXXXXUXXZ","pXXXX\x7fXXXXXXXXXXpXXXX\x7fXXXXhXXUXXXXXXXXXXXXXXXXXXXXXXXUXXXXXXXXXXXXXXXXXXXXXXXUXX[","pXXXX\x7fXXXXXXXXXXpXXXX\x7fXXXXhXXUXXXXXXXXXXXXXXXXXXXXXXXUXXXXXXXXXXXXXXXXXXXXXXXUXX\\","pXXXX\x7fXXXXXXXXXXpXXXX\x7fXXXXhXXUXXXXXXXXXXXXXXXXXXXXXXXUXXXXXXXXXXXXXXXXXXXXXXXUXX]X","pXXXX\x7fXXXXXXXXXXpXXXX\x7fXXXXhXXUXXXXXXXXXXXXXXXXXXXXXXXUXXXXXXXXXXXXXXXXXXXXXXXUXX^","pXXXX\x7fXXXXXXXXXXpXXXX\x7fXXXXhXXUXXXXXXXXXXXXXXXXXXXXXXXUXXXXXXXXXXXXXXXXXXXXXXXUXX_","9626866967412977324338255451177891494939184167158996549484243748281292162736645758497653598743153"] ["3299491164671216671826381597232378764215927992272928898729391915888562333663224715983741162526648","4X41588X3X753X1X65221412X334222646563X3X122174366927618871X3395X64139299894X2554345X4521135X21422","63646271X14532X66X85X1486X143788231X63X423X17X8X18333X2514812513X4X6978799669441X2544X52X365557X4","45776X3286X215773327221X4266424863661X232122X645138871337X24964X2854645X37X5917763216665428572125","63239298478867X24X3X73471X661945325X23X53X524179976X82544252954158718346412X295X7882145338X581X13","1X47999664X2X435552565X5312X499656563X2474134X88115326X751845X1X4453X7442X12594474665X37X1758X412","73X1223X1X2X221245X24453288598546X25X5278X33668737884465X2X4X5523X156754X58249435363X447852X41X67","84637X344127662X2315X258788899242253715137654462X67846X6176477X4X31772416688X245X75X44381X242X829","75386833X6721X35422X7528384244X526642X5X425X22731X48X4441X6533723X224X6X254537X621X11X1X57X2448X1","2258324X3675X5X32X72436878743821X5X614X17315138645526X8634621212X6X1441762X4X26588666713221X21341","5X5X63241X1X4665X462X2X6X542282X212377237125X5X5872262655X8236X136354672X821279916X843X2X4587X579","742245334633X354143X3X51121885X11X77711X25X21X6687X1X242X195X45X326X44744221241816231X2X2847X2X14","4632X64X74X6374X3557X611528X2425X32357551234437636594X8X519746X621485X52X1X2961X652X45541811525X5","799522X4X5612756881354145654993163678X15X4X35976118962X24391X73X15X2184X3X13975399658X1X61X53X228","992X2X425326X5762266X682263723X26547X1X2264359299284X68727996521X21X514135114194999633X1814825535","5762225X699556995X876783X25X67199153132X262X64229682448738876X4X62X24X53354X389356995454999844742","44541318645X144534515X2556X55X3454X77561375437X63423X83899261512X1246277X356X55X43838844315286775","86652X557732X2X3X3X64825353X2677X34173692X78374X772272771635233266X2648251X67X23125X5423X75587723","1221X35343X23X436586183X21X3X21331826679675X1X5194357X28X718X7874361X1871X721231X4X332274477417X8","92X12X7336713457772X42X249213587X5845638X571X4X496X7346465X3129985223226274771663X11X359932714411","1X6993376991X23X7645X75179776383641X714812X526457X4326X41238X6357432733865X5X2226124182233354X317","58969668X545837342X8276774172713X74124X13577274117X1552717X7714758X4X658886713X3X64X28665X86X63X4","749351X385X614X78271X87433852X1X3X7X8752X5472X76731913376713714X72617X7811X764328884571X18X823X23","78522X1253556X3681546X11X78716243211271244656723712974393X5X44X261X33515136X3229964438873723X5515","58543751665X6248412352X1672X525772X22322846332421211X1598831243X1754254X1536X512346X521X46X45X414","786X53X52317233834X12X3X3333X66X7616X564831X5788X6977146385X14422X5545358X865X5323X494715237X55X1","92828X4X4X6444X2X38382X2142X61286X5421X63162X68224956353533583X47288357X188973335X699699944853132","128338753349934X457181516471735552472X2355X8513X145165X278999866X83881527549654112388633213X2X589","5442X24X36281324333228X777X27616X33X61555X45651237X7X777X793358X48X7399493431X33X635X4X5X2X3X1335","31X51X4256X38X631674315114713X536X45X5X54444X66833458X25245X71467788342899961274454X76543X34438X2","9337742X5421241926X1X113X4763518X3884512X18X5618742683X62X837X661123714X437X33778X552247X42438824","83X6416132731149285534X142X367X41X5763X282886643X4X5X3753771151311267721X264X271264342X23792X5613","7755X5X4488125X4881X215372456274X1443X2X22374X236X715X238X17X777476X1636544X1X41X349982X219123881","33336451311311575643378X78185X5323X135317X3632X77765X19643X264416X5344X63422585164993555X68136163","566263X2X328886772X2X5355X7X236X4X52214354216214656163981X123X4X3321332435499983419625X574858X426","7332X42X2X117X3123361547X1374531714144991369981781X2X438X44524213327X3X1X62891816X73X571443147757","211358435266324X3X175X655X1226X775589795X2181X6687341X4X72255X234X157X41176X1583152147425X26X8546","8X2X58X7X241X66315X861522394254X3X13976X875611X73634X1533X1X263213X2X5245738757512865761556X16886","3726458745X44415574634X355965X56526641181142X343X41X188X24521442X53X78143936X84772X541X1X6663X216","755X8716X35743X31X662227379214X121X52X54X6X223653424X483X154X155542188X7495X1X3655652425265X55355","44X756X64X574X4422464148X42X43191442X2736X761X6X33X748137433445547768844X67138327X77444991X6X7354","645X873X17X14134373X32314366668973X63274X48X62575X1X795X2X4X72X42X41564X2X751822X62444X4336376379","72326551141422726761378865X524X2516X626774X3X13X47578921X2X34X5X214237X35233X641836556688547X7X37","4X34532X741X747346948834X541123X3446622474513X32662X4532113X345478961X85X6295X566766346629183X739","333X8237611657X3229547X14X438213X3X1X2X251X11845676723686X2357X6X2935785165924215X5438X31948171X2","12X782X41491X323455X548144368453624171161X44632177764X388741X713245X6X8551X3X5322131X3867653X3252","96331123X5935X2338116X17718X7X67X616727843X6X166X38X2122X88321366481X323X6791316841X3X14X19935X18","137993754X1264778X8721X88247481X3688715X6X5341X53X74X36X7636X56698912X4X116965538448355X4X37711X3","3622388342X2X55X34133X268822X66476274X4822312266X2X11884299844629992X4412716X4X21X15X48254X54X245","6X179995X31X577421761224223155X88132X347X825994X3X242X31611X71265594685X57776661X81321875751221X3","7421671362X65X5X56X7993355654261X13X3X44787351X142764543628441X76X64483555X2542X347X2361172655671","813X57X62414X8733147161X1X625X252992222X6773213X88871X7116843X5X516X3644X53568X52X725351X2X6X24X3","7733X443661X277X634X3343X144283X16663158X81411X8575531318277254625X541235824683X5771X42X341X3X732","66X31687X415417776X2X2X4145X76383174X3X22428X668347X2X52X57826417481X6262X75687624475311245611238","9254X5X6322995X15X6X68243X64X5X84X772364499272X59994412172387742X32X292X5454X23X28775X155X4423826","6372422354187X3436224999225X627878836X232881341X1474X1448X476X4X5X887998757238467857X834X5X388X68","76728X62X111124X3148788544639778382X35X3211995X11X876X5342X74147X67658833X726851X41779974X4542279","82X8234X1573962545284X61996191681775544X34524X1448X65327818X64X14584X116X413851551442439311X811X1","747361X116X695X4678X432377X772867X2X1X51X2X3X455X52546389316X748978315127667X3X2315541497678X5314","4378X1548X83628753153X12167279977444X3X76155719985714X459613165997636X247226351212372X3572582X734","73X782366838X75536711338811186182672544324X782615875X42682X51X52582X53X11X77X52X314X458X56X767372","145253X2X2X734X6X775X4992415X42818X31188X34X858X8X245246536345235X21X35X537X6X61X43646X4X27X21X81","21X523615X42963X2X526644675X66252819935X3111158331842X2X3216X135X1X34X42X725X25326468X1221884X462","7X46837871X69764X2X6X2557X674X3432X586481X1X5X271585X34813341X173214424626215585299524397574X4X35","4153X57X883895X273624X428826X641332344X76622X377211947X1X49971572123X64651X578X19617X6694311464X3","66X31677125453237151X6X746X5364X1X4325172X711X5X62295X55578288X7X11X52223461324494X245576X2549879","342X61X373959931X2X125419946X6X4743X1X76525X1363233294X6214X25822583X23564147X6X3X43X434685X691X5","41X62X527699133X1862166251253X478965347556627681X266992X53583683X28712529933465863X4578X3X8234552","1X653183X18545715X1X67X8438876X75944284772X899831X5171161X622726843225525961X558143686X3X38669987","734268863582X472284465417X8X7643928849233X262554643432X1X4115X1876X33131182X11112X58X6321372X57X5","4X256X66524X4X6X622354X412X378X29636494X14X612416799515X2X27276873322X38X611X4X321784114X8577X328","41X5X4515155X25299433126X73788231633X4X4631357X46533227282X77415653X1434352X2723323132X536X1227X6","4211157X33236X1684X7722416X1726X37X13X36X44X887665141575X27X1777X7423X58X2332X4X34X37732X21X45828","4667X762X4X2X62X4417177424352266456333925423325X4499291X5823337552X2X2X33X26X3X31211X326616178X44","2X6833X1237767325X568883882X335X317X71948425X765382249786X1X1113X6863313234X224X1167775X62X83X842","3258455688667766568X183X62X331867565X291842X41X63X1X554X16115237536335651327X112X2X23426664874731","97263666866527X769987476783336887444737X7663131X721251112X1151772962456X6X476X2136614X2356X846417","8443222X1621113997464375184411875X3X3X5159972X36X6636X2211X4998X199743X3646X387472X266218X157X3X1","335882239918874833X314421445578511454115236X75X53X789355X42588686679155X33X1124992651665851X12X31","8361528763X522266762956577X22125X789912776171X14475897X143X3152X566945165X3X37787214X65X2422388X2","547X47974147X1X2X81797X47475X71X83X7213135996435256797175344X7876512X53554311X25X1416X28133355862","46X4499351X4623815521X6272X33227845X3X399521693X5X86555X764868X165X14X37X2722299886451X12X597X3X1","7682567X71436288161X38663X76X554X2377637433X39235187572134X872326X21125X75773X3784324684433992366","6X5158X17333614836414438X5112645335X5X2995116831X16X5X23X584437966435826322441364X2157X5282373219","6353484311192X1532552X642457X6X5X4X23727414X546X1667X42X3266888951137X7X73641263844226133854125X5","55X4X867X44943X15X7X24X6392747111X222596112663X15X17654414679129937X6245X4X2687998266499528992556","998X75435X3166311372X53199933745345X14952125X32X31172664X33799483X42447X677X3X21576413595X8864171","41422448X214X7573X2X34X6785117779311X443X42321413X657X7313363134451X3934172816X66884X336X66453574","1564X2X35X13274881X2664651123418975715533X2X77X756X1755715X4X2X2X64639579988653X77941X65641556X68","42X24X232218852X76523X25X54641128388X228X342525X5X512589976X537521442872523754552792X341694531761","8221769968335X68887765553399443X2X414X57814X3553668X4381463714188511X37156276346X341114479513X2X4","4123716388X3X26X522527343551X3X2X37X43X1X544X861X1245X4742112X1212X63X76X821186615X7984X7972X4X24","72346X5663224X1312437791678X331X1X247X1X4X5134211X62566X624445222271248862X1185417429852764466588","5533X63X42X86145X3X41291667311X334X521X62313655X327751178965X274X7X618X86X76341X175636X2X63435X67","11498756313844X1114X249334X5244X2149932X1427X1576262442X894742775112216541X3X526863X885X4172X5269","15198588X3213665X43331141145X4543339254438621322X8543X57162X726536X66888372X2X3584X248586487417X7","9626866967412977324338255451177891494939184167158996549484243748281292162736645758497653598743153"]\nTestcase No.3 Failed!\n["9898898989999898989988998889889889989999899888988889988999989888888888898998898898899889989988988888","p\xc71\xe3\xff\x7f","p\xc71\xe3\xff\x7f","p\xc71\xe3\xff\x7f","p\xc71\xe3\xff\x7f","p\xc71\xe3\xff\x7f","p\xc71\xe3X\x7f","p\xc71\xe3X\x7f","p\xc71\xe3X\x7f","pX1\xe3X\x7f","pX1\xe3X\x7f","pX1\xe3X\x7f","pX1\xe3X\x7fX","pX1\xe3X\x7fX","pX1\xe3X\x7fX","pX1\xe3X\x7fX","pX1\xe3X\x7fXXXXX\xe3X\x7f","pX1\xe3X\x7fXXXXX\xe3X\x7f","pX1XX\x7fXXXXX\xe3X\x7f","pX1XX\x7fXXXXX\xe3X\x7f","pX1XX\x7fXXXXX\xe3X\x7f","pX1XX\x7fXXXXX\xe3X\x7f","pX1XX\x7fXXXXXXX\x7f","pX1XX\x7fXXXXXXX\x7f","pX1XX\x7fXXXXXXX\x7f","pX1XX\x7fXXXXXXX\x7f","pX1XX\x7fXXXXXXX\x7f","pX1XX\x7fXXXXXXX\x7f","pX1XX\x7fXXXXXXX\x7f","pX1XX\x7fXXXXXXX\x7f","pX1XX\x7fXXXXXXX\x7f","pXXXX\x7fXXXXXXX\x7f","pXXXX\x7fXXXXXXX\x7f","pXXXX\x7fXXXXXXX\x7f","pXXXX\x7fXXXXXXX\x7f","pXXXX\x7fXXXXXXX\x7f","pXXXX\x7fXXXXXXX\x7f","pXXXX\x7fXXXXXXX\x7f","pXXXX\x7fXXXXXXX\x7f","pXXXX\x7fXXXXXXX\x7f","pXXXX\x7fXXXXXXX\x7f","pXXXX\x7fXXXXXXX\x7f","pXXXX\x7fXXXXXXX\x7f","pXXXX\x7fXXXXXXX\x7f","pXXXX\x7fXXXXXXX\x7f","pXXXX\x7fXXXXXXX\x7f","pXXXX\x7fXXXXXXX\x7f","pXXXX\x7fXXXXXXX\x7f","pXXXX\x7fXXXXXXX\x7f","pXXXX\x7fXXXXXXX\x7f","pXXXX\x7fXXXXXXX\x7f","pXXXX\x7fXXXXXXX\x7f","pXXXX\x7fXXXXXXX\x7f","pXXXX\x7fXXXXXXX\x7f","pXXXX\x7fXXXXXXX\x7f","pXXXX\x7fXXXXXXX\x7f","pXXXX\x7fXXXXXXX\x7f","pXXXX\x7fXXXXXXX\x7f","pXXXX\x7fXXXXXXX\x7f","pXXXX\x7fXXXXXXX\x7f","pXXXX\x7fXXXXXXX\x7f","pXXXX\x7fXXXXXXX\x7f","pXXXX\x7fXXXXXXX\x7f","pXXXX\x7fXXXXXXX\x7fXXpXXXX\x7fXXXXXXXXXXX\xc7X\xe3\xff\x7fXXX\xc7XXX\x7fXXXXXXXUXXXXXXXXXXXXXXXXXXXXXXXUXX?","pXXXX\x7fXXXXXXX\x7fXXpXXXX\x7fXXXXXXXXXXX\xc7X\xe3\xff\x7fXXX\xc7XXX\x7fXXXXXXXUXXXXXXXXXXXXXXXXXXXXXXXUXX@","pXXXX\x7fXXXXXXX\x7fXXpXXXX\x7fXXXXXXXXXXX\xc7X\xe3\xff\x7fXXXXXXX\x7fXXXXXXXUXXXXXXXXXXXXXXXXXXXXXXXUXXA","pXXXX\x7fXXXXXXX\x7fXXpXXXX\x7fXXXXXXXXXXX\xc7XX\xff\x7fXXXXXXX\x7fXXXXXXXUXXXXXXXXXXXXXXXXXXXXXXXUXXBX","pXXXX\x7fXXXXXXX\x7fXXpXXXX\x7fXXXXXXXXXXX\xc7XX\xff\x7fXXXXXXX\x7fXXXXXXXUXXXXXXXXXXXXXXXXXXXXXXXUXXC","pXXXX\x7fXXXXXXX\x7fXXpXXXX\x7fXXXXXXXXXXX\xc7XX\xff\x7fXXXXXXX\x7fXXXXXXXUXXXXXXXXXXXXXXXXXXXXXXXUXXD","pXXXX\x7fXXXXXXX\x7fXXpXXXX\x7fXXXXXXXXXXX\xc7XX\xff\x7fXXXXXXX\x7fXXXXXXXUXXXXXXXXXXXXXXXXXXXXXXXUXXE","pXXXX\x7fXXXXXXX\x7fXXpXXXX\x7fXXXXXXXXXXX\xc7XX\xff\x7fXXXXXXX\x7fXXXXXXXUXXXXXXXXXXXXXXXXXXXXXXXUXXF","pXXXX\x7fXXXXXXX\x7fXXpXXXX\x7fXXXXXXXXXXXXXX\xff\x7fXXXXXXX\x7fXXXXXXXUXXXXXXXXXXXXXXXXXXXXXXXUXXG","pXXXX\x7fXXXXXXX\x7fXXpXXXX\x7fXXXXXXXXXXXXXX\xff\x7fXXXXXXX\x7fXXXXXXXUXXXXXXXXXXXXXXXXXXXXXXXUXXH","pXXXX\x7fXXXXXXX\x7fXXpXXXX\x7fXXXXXXXXXXXXXX\xff\x7fXXXXXXX\x7fXXXXXXXUXXXXXXXXXXXXXXXXXXXXXXXUXXI","pXXXX\x7fXXXXXXX\x7fXXpXXXX\x7fXXXXXXXXXXXXXX\xff\x7fXXXXXXX\x7fXXXXXXXUXXXXXXXXXXXXXXXXXXXXXXXUXXJ","pXXXX\x7fXXXXXXX\x7fXXpXXXX\x7fXXXXXXXXXXXXXX\xff\x7fXXXXXXX\x7fXXXXXXXUXXXXXXXXXXXXXXXXXXXXXXXUXXK","pXXXX\x7fXXXXXXX\x7fXXpXXXX\x7fXXXXXXXXXXXXXX\xff\x7fXXXXXXX\x7fXXXXXXXUXXXXXXXXXXXXXXXXXXXXXXXUXXL","pXXXX\x7fXXXXXXX\x7fXXpXXXX\x7fXXXXXXXXXXXXXX\xff\x7fXXXXXXX\x7fXXXXXXXUXXXXXXXXXXXXXXXXXXXXXXXUXXM","pXXXX\x7fXXXXXXX\x7fXXpXXXX\x7fXXXXXXXXXXXXXX\xff\x7fXXXXXXX\x7fXXXXXXXUXXXXXXXXXXXXXXXXXXXXXXXUXXN","pXXXX\x7fXXXXXXX\x7fXXpXXXX\x7fXXXXXXXXXXXXXX\xff\x7fXXXXXXX\x7fXXXXXXXUXXXXXXXXXXXXXXXXXXXXXXXUXXO","pXXXX\x7fXXXXXXX\x7fXXpXXXX\x7fXXXXXXXXXXXXXX\xff\x7fXXXXXXX\x7fXXXXXXXUXXXXXXXXXXXXXXXXXXXXXXXUXXP","pXXXX\x7fXXXXXXX\x7fXXpXXXX\x7fXXXXXXXXXXXXXX\xff\x7fXXXXXXX\x7fXXXXXXXUXXXXXXXXXXXXXXXXXXXXXXXUXXQ","pXXXX\x7fXXXXXXX\x7fXXpXXXX\x7fXXXXXXXXXXXXXX\xff\x7fXXXXXXX\x7fXXXXXXXUXXXXXXXXXXXXXXXXXXXXXXXUXXR","pXXXX\x7fXXXXXXX\x7fXXpXXXX\x7fXXXXXXXXXXXXXX\xff\x7fXXXXXXX\x7fXXXXXXXUXXXXXXXXXXXXXXXXXXXXXXXUXXSX","pXXXX\x7fXXXXXXX\x7fXXpXXXX\x7fXXXXXXXXXXXXXX\xff\x7fXXXXXXX\x7fXXXXXXXUXXXXXXXXXXXXXXXXXXXXXXXUXXT","pXXXX\x7fXXXXXXX\x7fXXpXXXX\x7fXXXXXXXXXXXXXX\xff\x7fXXXXXXX\x7fXXXXXXXUXXXXXXXXXXXXXXXXXXXXXXXUXXU","pXXXX\x7fXXXXXXX\x7fXXpXXXX\x7fXXXXXXXXXXXXXX\xff\x7fXXXXXXX\x7fXXXXXXXUXXXXXXXXXXXXXXXXXXXXXXXUXXV","pXXXX\x7fXXXXXXX\x7fXXpXXXX\x7fXXXXXXXXXXXXXX\xff\x7fXXXXXXX\x7fXXXXXXXUXXXXXXXXXXXXXXXXXXXXXXXUXXW","pXXXX\x7fXXXXXXX\x7fXXpXXXX\x7fXXXXXXXXXXXXXX\xff\x7fXXXXXXX\x7fXXXXXXXUXXXXXXXXXXXXXXXXXXXXXXXUXXX","pXXXX\x7fXXXXXXX\x7fXXpXXXX\x7fXXXXXXXXXXXXXX\xff\x7fXXXXXXX\x7fXXXXXXXUXXXXXXXXXXXXXXXXXXXXXXXUXXY","pXXXX\x7fXXXXXXX\x7fXXpXXXX\x7fXXXXXXXXXXXXXX\xff\x7fXXXXXXX\x7fXXXXXXXUXXXXXXXXXXXXXXXXXXXXXXXUXXZ","pXXXX\x7fXXXXXXX\x7fXXpXXXX\x7fXXXXXXXXXXXXXX\xff\x7fXXXXXXX\x7fXXXXXXXUXXXXXXXXXXXXXXXXXXXXXXXUXX[","pXXXX\x7fXXXXXXX\x7fXXpXXXX\x7fXXXXXXXXXXXXXX\xff\x7fXXXXXXX\x7fXXXXXXXUXXXXXXXXXXXXXXXXXXXXXXXUXX\\X","pXXXX\x7fXXXXXXX\x7fXXpXXXX\x7fXXXXXXXXXXXXXX\xff\x7fXXXXXXX\x7fXXXXXXXUXXXXXXXXXXXXXXXXXXXXXXXUXX]","pXXXX\x7fXXXXXXX\x7fXXpXXXX\x7fXXXXXXXXXXXXXX\xff\x7fXXXXXXX\x7fXXXXXXXUXXXXXXXXXXXXXXXXXXXXXXXUXX^","pXXXX\x7fXXXXXXX\x7fXXpXXXX\x7fXXXXXXXXXXXXXX\xff\x7fXXXXXXX\x7fXXXXXXXUXXXXXXXXXXXXXXXXXXXXXXXUXX_","pXXXX\x7fXXXXXXX\x7fXXpXXXX\x7fXXXXXXXXXXXXXX\xff\x7fXXXXXXX\x7fXXXXXXXUXXXXXXXXXXXXXXXXXXXXXXXUXX`","pXXXX\x7fXXXXXXX\x7fXXpXXXX\x7fXXXXXXXXXXXXXX\xff\x7fXXXXXXX\x7fXXXXXXXUXXXXXXXXXXXXXXXXXXXXXXXUXXa","pXXXX\x7fXXXXXXX\x7fXXpXXXX\x7fXXXXXXXXXXXXXX\xff\x7fXXXXXXX\x7fXXXXXXXUXXXXXXXXXXXXXXXXXXXXXXXUXXb","8888889899889989889988888898888989889989888988989999988998999888999988898989889899988889889999888898"] ["9898898989999898989988998889889889989999899888988889988999989888888888898998898898899889989988988888","999889999889998989998988X898899899888988988X888998X888998889899889889988898X888X88888888988989888999","9999888899999999899889888999999888X8889998X898998X8X8X8999899988899889999988889888998889999899899998","898899898999889989888899998888989988988898889898X888988998889999998988899888X89989998989888988X88988","898888899889989889988998888889889999998999998X888899989899888889998989989989898899989988999988899998","9988989898899898888X88898999998899889898988988X8999988988899989988X889899889898X898X888X899988998898","88889899988998988898X89998999988998998988899988888899989899989899888988898X88888988888989898X8999899","9989888889999999999889888X88998X8999888899988X8X8X8988898888998888889889988888X899888999998X88989899","989998899898989988989988889899888898X8888998X8988899889998889889899999888888X88999988899988899988X88","8X898X8888999999999888889898889988988X889988899889988X8888898999999898X88998899999998X888X899888X888","988998998X89899998999999999889898989888X898889998888X889889998899988998X89889889999888898899888X8989","98998888X889988998899999998999888989888889998998888X8X8999888999889899889998989999999899888899989988","988888X888998X88888888999889999998999999999899998888X89988899888999998998998989998889888899898888988","8X8898899998X899999988889899988989999889999989889988889888X89999988888998899899999998X88889889889898","88899988989888898988X89989898X8998998X898999899888X898989889998889899899899898989998X888X88889889998","9988888899899989998888989988888889988899888998999888989999888889898899999989988898988999899889988998","8899888X889999889999889888988988X89998899888888898899888898X8989998999889899898888998988889989999999","8X88X898998989999889988889998989899999888889988X8X88899998X89988999989899898898888889999989989889988","988X89999899999988888X888989999989888988899998X88888889999888888898889898988888998988998889998998888","8998889989899898888998X889899888898X8888999898888X89898988989998898998998999999898989898989888999888","88999999899998988989998988998888988889999899899888999989999899988888899998988998998998899988889898X8","99898989999899989989999989888X89988988888988X8989989999898988999889999899988988898889999998998889989","98888998998X8888899888999988889898898999998988998898899888989999998888889989989998998998899998999988","899889888898998989998889898899988989888998998898889899888889989988X8X88X8988998898998899989888899999","889899998898988998889999988988999999889999988898989989898X89998888888898X88X898989889988898889989998","9998898989998989898889888899888998898999889989999998889998898999999998988888889999888999999998889989","9899898888888998998899999998X8899899889998988898988999998998X889989899998X88X88889989999988899989889","98999998899889999988888889888889898888989889889898889889899989989998999988998X8888899889999999998889","989988888999898888888998988998889998999999899889888899999999989999999898988998889989898898999898X889","898988X899899998X8999998989988988988888898X898998999989998988X88999899999898988889889989989899998889","99898X8999999898888988899998X8999999889988899999889899999988888X888898898998989999888889998989999988","98X898889989899998899999998X89998888X8989989998899899889998988X898998998X88X899988899899888999898899","998898X899888988898999898998X8898X8888988889998888998998988998889898888988X8X8898X88988889999998X889","988998889899888899999998998X899988X89999999899998X8889889898898898999899998X8889888X88889989998X88X8","99998988889899989898888898X89999988X89999989999998X8999888998999899999899998888989988899998888889889","9998898998989998998998899988898998888889888889989988898998998988X88899989898X8998888988899998X889999","8998989999988888898898898899989999888989998888889898X8999888998X898889888899889888X8998X888988988888","9898988888988X88999888988988999888X8998988898X888998899988X899889989888X8889999888898988899988988899","998899988988988989889998999989888X889999999988X888998999888998999999889899889999998988889898X8989999","8989988889989899889999898989888X88X898999899998X8888998889888999898989988899888988899889989889898888","99888X8889998X89889888898989988888899889999999989898989999889988998899999888889888898889889889999888","989988889888X889888889998889888999898X89898889989998988898998999989989888898999899999988888X88999889","89899998999888898899988888899899899898X888X8X889898X88988889899898998999899989988898899988988X889889","89989889988888898999888899898X8888889989998X8X8988989899899889888889989888888988899998899899988X8898","89998989898889988888889889899899999899989988X89999999899988998X8889998998988898889988998898988988898","889999988988988988888899889998899898998888998X8999899898889998888888989989999888X89999888998X898X898","98899999998899998999888898999899998899998889988988898888X889888X88999999889999998898898889898X888998","988999999989889998898X8999989899998X8989989988989999988X88989998999898898898999999899989999998999998","889988889989988889988899989888898888X889889888998898899899988898989888988888999888899899898899889889","9889898999888X89999889899899898889988889998888888989999999998999998X89999999988988889999988888988898","8899998898889888899999898X898988898899988998888989988899898899899988888989898889889888999888X8999898","98898998888898899998988998998899899989888888898999988989999998X8989988X898X898X889988899989989989989","88X899989999998898899899999988998998998X888889998989999988888X899998X88999899989998X89989888X8989898","89888888999889998X8898999988998898889898X88889989989899899999889998X89899889999889988988999889998898","999999889989998988X898899898898999999899899888988989889898999998898889888888988X8899888X899898898998","9899888989989998X88989998899998999998X89898888889988999898988999998888889889988899989998999898899898","99999999999898998X8998998898888888899899998998899989989989988998898998999998998X89888889988X89888X88","9999888998999888888999888998X88898999898899998988998889989989898989999898898898888X88988898899888898","89888998888998999899888X899988889999899999998999888998889999988998999888889988X889889988899888X8X898","8888998898898998898988889889899888998889998889988888889988989898989889988899998889888888998X8X888898","898988X899888899998989989898889989889889999888988888888899888898888X8989998899889988998X898898988888","89898888988X88999899888X8998989889989889888X89899989988998888999888899888889988898999898888899999898","88X899899988X8999889898889999898899989999988999998889888888999899898989898X8998998999998989999999999","888898X8899888988X89999988899899888898988888888988898888998898X8899998999889998988988988988999989988","88998X8899988989889989988989889988X8998X88888X88X8998999998X8X8899998998999899898988X888899998898988","98898888999899999889999989989889888899888X8998888998899988X888X88988X8988999889899888999898999899889","889888899899999888X8898988999999898X88888889998X8888X8998X889889998X8998888899998989988998X899999988","889888X888899898X8899888999999898988998888899998988X8988X8999988988899988998888998899998988999999989","88888988899998998998898889989899898898988888988898X889888X8899889888898X8899899998999999988989989989","8898898X8999899989889989999998899989999898X8899898899988X8889988998899989999999988989888888999998899","899898X89888X88999889889888888X8899899889889898898889888889999899988988999988898X8989989988889999998","8899988999998999899999888X88X88X89888998988988899889989989988899999888889989989888999899899899989888","99989899888899889889999888898898X88999899899989998X8989889889888888999998888899999889898988X88889999","99899899889988X899998988X8998998888888X899988899888999999999999888X888889998899999988888998899989899","9999988988989889988888998999888888899888998889988998988889989889988898998999889989999999989889889988","899888889888998988989889998998988889989999899989998999888888899898X8998889988989998999998998999898X8","8999998898889898989998998889989989989999888899988998998988999999998899899999899898989889899899898X88","9989998X89999899999989999889989989998898889999899889999999998889889989898888888998998998888X88998889","98X88888889999898989899899898X88999989988899898899898988989998X889988999988889988898888X8X8889899898","998X88X899998899998998888898X89998989889898889898988899999899989898998999989999989999888X88899898898","98988888888899889898889989988999998998899998999999998998898888998988898888X8898999999999899989989899","8999888989989988899988999898999898999989988899898988889998999898998999998888899989988988898999999889","889899999998899889888999889998988899889989889988X899999988899989888888899888X88899988999898999998899","9988988898988889999989999889888899888998999989988X8888998889988988888988888X898989888889889899988X89","989898X8889998898898X8998998899889999899889898889888888888998899998889999988898998999888X89988888888","8898898888888998888889999889998999889998998999899989989998888X88998X89988898888888888899888988898988","99888999999988998X8X898998X898889898888989989999988989988898X88998X888999898X88998888988X88998899999","98889899998889888898X889998999989998899999888999899899998999888899888889988889888898899889998X899998","88889989998999988898888998889999899899898988X898X899898899899989999989899989999999999988998998888989","8998988899988889888998888898899999998888888889888988988889899988898989999889889899988999999899999998","88899898899998898999988989998989889989998998899999899988888898998989898898998X8899899899888988888989","98X8989898998X8999998999899988999889888988999889898888X898999999889988998898888888889999998999889998","888888989998988898999888888889888898889889999888899899889889988888899988988889888X889988888899988989","99889988999898889889988X888X89899898889989988898X88X88X889999889989999999889999888899899998999898999","8998988X898X8998998898X8X8X898X898898898899999998988998999989998889989999988898998989988988988899988","989998X898X88989999899888888998899898899888988998988988999998998889888989999898989998888999989889989","8X898X889889999888898888X898988888X88899899999989988988888889988899899999898988999899889989999889889","988998889889899998898X8988999998998899999999989898898888888X88X8988899899899989889999899889989989888","8998988998X889999998888999989989998X89899998888X8889888898889989999889898998889888988898X898888X8999","8888889899889989889988888898888989889989888988989999988998999888999988898989889899988889889999888898"]\nTestcase No.4 Failed!\n["91698326456344939552977125458415221857173245485551462491918489359572316496478351339624192565128989","p\xc71\xe3\xff\x7fX","p\xc71\xe3\xff\x7fX","p\xc71\xe3X\x7fX","pX1\xe3X\x7fX","pXX\xe3X\x7fX","pXX\xe3X\x7fXXX\xc71XX\x7f","pXX\xe3X\x7fXXX\xc71XX\x7f","pXX\xe3X\x7fXXX\xc71XX\x7f","pXX\xe3X\x7fXXX\xc71XX\x7f","pXX\xe3X\x7fXXX\xc71XX\x7fXXp\xc7X\xe3XXXXXXXXXXXXX\xc7XXX\x7f","pXX\xe3X\x7fXXX\xc71XX\x7fXXp\xc7X\xe3XXXXXXXXXXXXX\xc7XXX\x7f","pXX\xe3X\x7fXXX\xc71XX\x7fXXp\xc7X\xe3XXXXXXXXXXXXX\xc7XXX\x7f","pXX\xe3X\x7fXXX\xc71XX\x7fXXp\xc7XXXXXXXXXXXXXXXXXXX\x7fXXXXXXX\x7fXXXX\xe1XXXXXXXXXXXXXXXXXXXXXXXXXXXXX\r","pXX\xe3X\x7fXXX\xc71XX\x7fXXp\xc7XXXXXXXXXXXXXXXXXXX\x7fXXXXXXX\x7fXXXX\xe1XXXXXXXXXXXXXXXXXXXXXXXXXXXXX\x0e","pXX\xe3X\x7fXXX\xc71XX\x7fXXpXXXXXXXXXXXXXXXXXXXX\x7fXXXXXXX\x7fXXXX\xe1XXXXXXXXXXXXXXXXXXXXXXXXXXXXXX","pXX\xe3X\x7fXXX\xc71XX\x7fXXpXXXXXXXXXXXXXXXXXXXX\x7fXXXXXXX\x7fXXXX\xe1XXXXXXXXXXXXXXXXXXXXXXXXXXXXX\x10","pXXXX\x7fXXX\xc7XXX\x7fXXpXXXXXXXXXXXXXXXXXXXX\x7fXXXXXXX\x7fXXXX\xe1XXXXXXXXXXXXXXXXXXXXXXXXXXXXX\x11","pXXXX\x7fXXX\xc7XXX\x7fXXpXXXXXXXXXXXXXXXXXXXX\x7fXXXXXXX\x7fXXXXXXXXXXXXXXXXXXXXXXXXXXXXXXXXXX\x12X","pXXXX\x7fXXX\xc7XXX\x7fXXpXXXXXXXXXXXXXXXXXXXX\x7fXXXXXXX\x7fXXXXXXXXXXXXXXXXXXXXXXXXXXXXXXXXXX\x13","pXXXX\x7fXXX\xc7XXX\x7fXXpXXXXXXXXXXXXXXXXXXXX\x7fXXXXXXX\x7fXXXXXXXXXXXXXXXXXXXXXXXXXXXXXXXXXXX","pXXXX\x7fXXX\xc7XXX\x7fXXpXXXXXXXXXXXXXXXXXXXX\x7fXXXXXXX\x7fXXXXXXXXXXXXXXXXXXXXXXXXXXXXXXXXXX\x15","pXXXX\x7fXXXXXXX\x7fXXpXXXXXXXXXXXXXXXXXXXX\x7fXXXXXXX\x7fXXXXXXXXXXXXXXXXXXXXXXXXXXXXXXXXXXX","pXXXX\x7fXXXXXXX\x7fXXpXXXXXXXXXXXXXXXXXXXX\x7fXXXXXXX\x7fXXXXXXXXXXXXXXXXXXXXXXXXXXXXXXXXXX\x17","pXXXX\x7fXXXXXXX\x7fXXpXXXXXXXXXXXXXXXXXXXX\x7fXXXXXXX\x7fXXXXXXXXXXXXXXXXXXXXXXXXXXXXXXXXXX\x18X","pXXXX\x7fXXXXXXX\x7fXXpXXXXXXXXXXXXXXXXXXXX\x7fXXXXXXX\x7fXXXXXXXXXXXXXXXXXXXXXXXXXXXXXXXXXX\x19","pXXXX\x7fXXXXXXX\x7fXXpXXXXXXXXXXXXXXXXXXXX\x7fXXXXXXX\x7fXXXXXXXXXXXXXXXXXXXXXXXXXXXXXXXXXX\x1a","pXXXX\x7fXXXXXXX\x7fXXpXXXXXXXXXXXXXXXXXXXX\x7fXXXXXXX\x7fXXXXXXXXXXXXXXXXXXXXXXXXXXXXXXXXXX\x1b","pXXXX\x7fXXXXXXX\x7fXXpXXXXXXXXXXXXXXXXXXXX\x7fXXXXXXX\x7fXXXXXXXXXXXXXXXXXXXXXXXXXXXXXXXXXX\x1c","pXXXX\x7fXXXXXXX\x7fXXpXXXXXXXXXXXXXXXXXXXX\x7fXXXXXXX\x7fXXXXXXXXXXXXXXXXXXXXXXXXXXXXXXXXXX\x1d","pXXXX\x7fXXXXXXX\x7fXXpXXXXXXXXXXXXXXXXXXXX\x7fXXXXXXX\x7fXXXXXXXXXXXXXXXXXXXXXXXXXXXXXXXXXXX","pXXXX\x7fXXXXXXX\x7fXXpXXXXXXXXXXXXXXXXXXXX\x7fXXXXXXX\x7fXXXXXXXXXXXXXXXXXXXXXXXXXXXXXXXXXX\x1f","pXXXX\x7fXXXXXXX\x7fXXpXXXXXXXXXXXXXXXXXXXX\x7fXXXXXXX\x7fXXXXXXXXXXXXXXXXXXXXXXXXXXXXXXXXXXX","pXXXX\x7fXXXXXXX\x7fXXpXXXXXXXXXXXXXXXXXXXX\x7fXXXXXXX\x7fXXXXXXXXXXXXXXXXXXXXXXXXXXXXXXXXXX!","pXXXX\x7fXXXXXXX\x7fXXpXXXXXXXXXXXXXXXXXXXX\x7fXXXXXXX\x7fXXXXXXXXXXXXXXXXXXXXXXXXXXXXXXXXXX"","pXXXX\x7fXXXXXXX\x7fXXpXXXXXXXXXXXXXXXXXXXX\x7fXXXXXXX\x7fXXXXXXXXXXXXXXXXXXXXXXXXXXXXXXXXXX#X","pXXXX\x7fXXXXXXX\x7fXXpXXXXXXXXXXXXXXXXXXXX\x7fXXXXXXX\x7fXXXXXXXXXXXXXXXXXXXXXXXXXXXXXXXXXX$","pXXXX\x7fXXXXXXX\x7fXXpXXXXXXXXXXXXXXXXXXXX\x7fXXXXXXX\x7fXXXXXXXXXXXXXXXXXXXXXXXXXXXXXXXXXX%","pXXXX\x7fXXXXXXX\x7fXXpXXXXXXXXXXXXXXXXXXXX\x7fXXXXXXX\x7fXXXXXXXXXXXXXXXXXXXXXXXXXXXXXXXXXX&","pXXXX\x7fXXXXXXX\x7fXXpXXXXXXXXXXXXXXXXXXXX\x7fXXXXXXX\x7fXXXXXXXXXXXXXXXXXXXXXXXXXXXXXXXXXX\'X","pXXXX\x7fXXXXXXX\x7fXXpXXXXXXXXXXXXXXXXXXXX\x7fXXXXXXX\x7fXXXXXXXXXXXXXXXXXXXXXXXXXXXXXXXXXX(","pXXXX\x7fXXXXXXX\x7fXXpXXXXXXXXXXXXXXXXXXXX\x7fXXXXXXX\x7fXXXXXXXXXXXXXXXXXXXXXXXXXXXXXXXXXXX","pXXXX\x7fXXXXXXX\x7fXXpXXXXXXXXXXXXXXXXXXXX\x7fXXXXXXX\x7fXXXXXXXXXXXXXXXXXXXXXXXXXXXXXXXXXX*","pXXXX\x7fXXXXXXX\x7fXXpXXXXXXXXXXXXXXXXXXXX\x7fXXXXXXX\x7fXXXXXXXXXXXXXXXXXXXXXXXXXXXXXXXXXX+","pXXXX\x7fXXXXXXX\x7fXXpXXXXXXXXXXXXXXXXXXXX\x7fXXXXXXX\x7fXXXXXXXXXXXXXXXXXXXXXXXXXXXXXXXXXX,","pXXXX\x7fXXXXXXX\x7fXXpXXXXXXXXXXXXXXXXXXXX\x7fXXXXXXX\x7fXXXXXXXXXXXXXXXXXXXXXXXXXXXXXXXXXX-X","pXXXX\x7fXXXXXXX\x7fXXpXXXXXXXXXXXXXXXXXXXX\x7fXXXXXXX\x7fXXXXXXXXXXXXXXXXXXXXXXXXXXXXXXXXXXX","pXXXX\x7fXXXXXXX\x7fXXpXXXXXXXXXXXXXXXXXXXX\x7fXXXXXXX\x7fXXXXXXXXXXXXXXXXXXXXXXXXXXXXXXXXXX/","pXXXX\x7fXXXXXXX\x7fXXpXXXXXXXXXXXXXXXXXXXX\x7fXXXXXXX\x7fXXXXXXXXXXXXXXXXXXXXXXXXXXXXXXXXXXX","pXXXX\x7fXXXXXXX\x7fXXpXXXXXXXXXXXXXXXXXXXX\x7fXXXXXXX\x7fXXXXXXXXXXXXXXXXXXXXXXXXXXXXXXXXXX1X","pXXXX\x7fXXXXXXX\x7fXXpXXXXXXXXXXXXXXXXXXXX\x7fXXXXXXX\x7fXXXXXXXXXXXXXXXXXXXXXXXXXXXXXXXXXX2","pXXXX\x7fXXXXXXX\x7fXXpXXXXXXXXXXXXXXXXXXXX\x7fXXXXXXX\x7fXXXXXXXXXXXXXXXXXXXXXXXXXXXXXXXXXX3","pXXXX\x7fXXXXXXX\x7fXXpXXXXXXXXXXXXXXXXXXXX\x7fXXXXXXX\x7fXXXXXXXXXXXXXXXXXXXXXXXXXXXXXXXXXX4","pXXXX\x7fXXXXXXX\x7fXXpXXXXXXXXXXXXXXXXXXXX\x7fXXXXXXX\x7fXXXXXXXXXXXXXXXXXXXXXXXXXXXXXXXXXX5X","pXXXX\x7fXXXXXXX\x7fXXpXXXXXXXXXXXXXXXXXXXX\x7fXXXXXXX\x7fXXXXXXXXXXXXXXXXXXXXXXXXXXXXXXXXXXX","pXXXX\x7fXXXXXXX\x7fXXpXXXXXXXXXXXXXXXXXXXX\x7fXXXXXXX\x7fXXXXXXXXXXXXXXXXXXXXXXXXXXXXXXXXXX7X","pXXXX\x7fXXXXXXX\x7fXXpXXXXXXXXXXXXXXXXXXXX\x7fXXXXXXX\x7fXXXXXXXXXXXXXXXXXXXXXXXXXXXXXXXXXX8","pXXXX\x7fXXXXXXX\x7fXXpXXXXXXXXXXXXXXXXXXXX\x7fXXXXXXX\x7fXXXXXXXXXXXXXXXXXXXXXXXXXXXXXXXXXX9X","pXXXX\x7fXXXXXXX\x7fXXpXXXXXXXXXXXXXXXXXXXX\x7fXXXXXXX\x7fXXXXXXXXXXXXXXXXXXXXXXXXXXXXXXXXXX:","pXXXX\x7fXXXXXXX\x7fXXpXXXXXXXXXXXXXXXXXXXX\x7fXXXXXXX\x7fXXXXXXXXXXXXXXXXXXXXXXXXXXXXXXXXXX;","pXXXX\x7fXXXXXXX\x7fXXpXXXXXXXXXXXXXXXXXXXX\x7fXXXXXXX\x7fXXXXXXXXXXXXXXXXXXXXXXXXXXXXXXXXXX<X","pXXXX\x7fXXXXXXX\x7fXXpXXXXXXXXXXXXXXXXXXXX\x7fXXXXXXX\x7fXXXXXXXXXXXXXXXXXXXXXXXXXXXXXXXXXX=","pXXXX\x7fXXXXXXX\x7fXXpXXXXXXXXXXXXXXXXXXXX\x7fXXXXXXX\x7fXXXXXXXXXXXXXXXXXXXXXXXXXXXXXXXXXX>X","pXXXX\x7fXXXXXXX\x7fXXpXXXXXXXXXXXXXXXXXXXX\x7fXXXXXXX\x7fXXXXXXXXXXXXXXXXXXXXXXXXXXXXXXXXXX?","pXXXX\x7fXXXXXXX\x7fXXpXXXXXXXXXXXXXXXXXXXX\x7fXXXXXXX\x7fXXXXXXXXXXXXXXXXXXXXXXXXXXXXXXXXXX@","pXXXX\x7fXXXXXXX\x7fXXpXXXXXXXXXXXXXXXXXXXX\x7fXXXXXXX\x7fXXXXXXXXXXXXXXXXXXXXXXXXXXXXXXXXXXAX","pXXXX\x7fXXXXXXX\x7fXXpXXXXXXXXXXXXXXXXXXXX\x7fXXXXXXX\x7fXXXXXXXXXXXXXXXXXXXXXXXXXXXXXXXXXXB","pXXXX\x7fXXXXXXX\x7fXXpXXXXXXXXXXXXXXXXXXXX\x7fXXXXXXX\x7fXXXXXXXXXXXXXXXXXXXXXXXXXXXXXXXXXXCX","pXXXX\x7fXXXXXXX\x7fXXpXXXXXXXXXXXXXXXXXXXX\x7fXXXXXXX\x7fXXXXXXXXXXXXXXXXXXXXXXXXXXXXXXXXXXD","pXXXX\x7fXXXXXXX\x7fXXpXXXXXXXXXXXXXXXXXXXX\x7fXXXXXXX\x7fXXXXXXXXXXXXXXXXXXXXXXXXXXXXXXXXXXEX","pXXXX\x7fXXXXXXX\x7fXXpXXXXXXXXXXXXXXXXXXXX\x7fXXXXXXX\x7fXXXXXXXXXXXXXXXXXXXXXXXXXXXXXXXXXXF","pXXXX\x7fXXXXXXX\x7fXXpXXXXXXXXXXXXXXXXXXXX\x7fXXXXXXX\x7fXXXXXXXXXXXXXXXXXXXXXXXXXXXXXXXXXXG","pXXXX\x7fXXXXXXX\x7fXXpXXXXXXXXXXXXXXXXXXXX\x7fXXXXXXX\x7fXXXXXXXXXXXXXXXXXXXXXXXXXXXXXXXXXXH","pXXXX\x7fXXXXXXX\x7fXXpXXXXXXXXXXXXXXXXXXXX\x7fXXXXXXX\x7fXXXXXXXXXXXXXXXXXXXXXXXXXXXXXXXXXXI","pXXXX\x7fXXXXXXX\x7fXXpXXXXXXXXXXXXXXXXXXXX\x7fXXXXXXX\x7fXXXXXXXXXXXXXXXXXXXXXXXXXXXXXXXXXXJX","pXXXX\x7fXXXXXXX\x7fXXpXXXXXXXXXXXXXXXXXXXX\x7fXXXXXXX\x7fXXXXXXXXXXXXXXXXXXXXXXXXXXXXXXXXXXK","pXXXX\x7fXXXXXXX\x7fXXpXXXXXXXXXXXXXXXXXXXX\x7fXXXXXXX\x7fXXXXXXXXXXXXXXXXXXXXXXXXXXXXXXXXXXL","pXXXX\x7fXXXXXXX\x7fXXpXXXXXXXXXXXXXXXXXXXX\x7fXXXXXXX\x7fXXXXXXXXXXXXXXXXXXXXXXXXXXXXXXXXXXM","pXXXX\x7fXXXXXXX\x7fXXpXXXXXXXXXXXXXXXXXXXX\x7fXXXXXXX\x7fXXXXXXXXXXXXXXXXXXXXXXXXXXXXXXXXXXN","pXXXX\x7fXXXXXXX\x7fXXpXXXXXXXXXXXXXXXXXXXX\x7fXXXXXXX\x7fXXXXXXXXXXXXXXXXXXXXXXXXXXXXXXXXXXO","pXXXX\x7fXXXXXXX\x7fXXpXXXXXXXXXXXXXXXXXXXX\x7fXXXXXXX\x7fXXXXXXXXXXXXXXXXXXXXXXXXXXXXXXXXXXPX","pXXXX\x7fXXXXXXX\x7fXXpXXXXXXXXXXXXXXXXXXXX\x7fXXXXXXX\x7fXXXXXXXXXXXXXXXXXXXXXXXXXXXXXXXXXXQ","pXXXX\x7fXXXXXXX\x7fXXpXXXXXXXXXXXXXXXXXXXX\x7fXXXXXXX\x7fXXXXXXXXXXXXXXXXXXXXXXXXXXXXXXXXXXR","pXXXX\x7fXXXXXXX\x7fXXpXXXXXXXXXXXXXXXXXXXX\x7fXXXXXXX\x7fXXXXXXXXXXXXXXXXXXXXXXXXXXXXXXXXXXSX","pXXXX\x7fXXXXXXX\x7fXXpXXXXXXXXXXXXXXXXXXXX\x7fXXXXXXX\x7fXXXXXXXXXXXXXXXXXXXXXXXXXXXXXXXXXXT","pXXXX\x7fXXXXXXX\x7fXXpXXXXXXXXXXXXXXXXXXXX\x7fXXXXXXX\x7fXXXXXXXXXXXXXXXXXXXXXXXXXXXXXXXXXXU","pXXXX\x7fXXXXXXX\x7fXXpXXXXXXXXXXXXXXXXXXXX\x7fXXXXXXX\x7fXXXXXXXXXXXXXXXXXXXXXXXXXXXXXXXXXXV","pXXXX\x7fXXXXXXX\x7fXXpXXXXXXXXXXXXXXXXXXXX\x7fXXXXXXX\x7fXXXXXXXXXXXXXXXXXXXXXXXXXXXXXXXXXXWX","pXXXX\x7fXXXXXXX\x7fXXpXXXXXXXXXXXXXXXXXXXX\x7fXXXXXXX\x7fXXXXXXXXXXXXXXXXXXXXXXXXXXXXXXXXXXX","pXXXX\x7fXXXXXXX\x7fXXpXXXXXXXXXXXXXXXXXXXX\x7fXXXXXXX\x7fXXXXXXXXXXXXXXXXXXXXXXXXXXXXXXXXXXY","pXXXX\x7fXXXXXXX\x7fXXpXXXXXXXXXXXXXXXXXXXX\x7fXXXXXXX\x7fXXXXXXXXXXXXXXXXXXXXXXXXXXXXXXXXXXZ","pXXXX\x7fXXXXXXX\x7fXXpXXXXXXXXXXXXXXXXXXXX\x7fXXXXXXX\x7fXXXXXXXXXXXXXXXXXXXXXXXXXXXXXXXXXX[","pXXXX\x7fXXXXXXX\x7fXXpXXXXXXXXXXXXXXXXXXXX\x7fXXXXXXX\x7fXXXXXXXXXXXXXXXXXXXXXXXXXXXXXXXXXX\\","pXXXX\x7fXXXXXXX\x7fXXpXXXXXXXXXXXXXXXXXXXX\x7fXXXXXXX\x7fXXXXXXXXXXXXXXXXXXXXXXXXXXXXXXXXXX]X","pXXXX\x7fXXXXXXX\x7fXXpXXXXXXXXXXXXXXXXXXXX\x7fXXXXXXX\x7fXXXXXXXXXXXXXXXXXXXXXXXXXXXXXXXXXX^","pXXXX\x7fXXXXXXX\x7fXXpXXXXXXXXXXXXXXXXXXXX\x7fXXXXXXX\x7fXXXXXXXXXXXXXXXXXXXXXXXXXXXXXXXXXX_","pXXXX\x7fXXXXXXX\x7fXXpXXXXXXXXXXXXXXXXXXXX\x7fXXXXXXX\x7fXXXXXXXXXXXXXXXXXXXXXXXXXXXXXXXXXX`X","33799658141777442842393468871619465495653165966793287688349168251574377827142843354622435878732837"] ["91698326456344939552977125458415221857173245485551462491918489359572316496478351339624192565128989","446813X65592X33128873X43X42X132X5267175X222888736X345X259477424X5X41X36533X17X47994X61311X42X48986","13173X6349974X361762882X167212X18265X5X41X199332771X34322X44X5X3311X2638X61543X562666X785653517729","4547X251X4886439987993161X73X52181X43X5X743837954713X511258X52423X243X48452863848994X74945521X44X2","3X38855433293X257656957X27X7554X7344X1X24X71X799644X33674X1665X662X3474171488X4X22746299894X625X73","43X2515543592833X7X253615X751X3233427547X85222194X445X5712X7373134661197X55364X1857599536946X82169","4X66455X2X36X8434575836X565X46763X3X4X751326381533782348X376X731356942943X45161787X6583582X7286522","6174X732X3261X3153738442132114723552X1X71X598X7512686X4768461X6422197493464X4X583X76632792528X2134","717612X13143534997X632299443X6376X16726321292472677X87431X5532X825X26X5995X475186154225391X316X377","27X886134348X5293242X5154211157724X26X3434374431X5324267X22X62533X2X745923577X433X54X3692514995219","118266X5727875X5522313X6X5266778867112X855761X31644352544X424111X76575X198515356X1333549953135X417","182117588424326553X67X51241X6313X367714436X344782331X617X124X15845153339922727377X7338524975543X69","8853983351662X854435X213X27263X21761X4452472963X81X161126X86222X83887X733X38881221322X139982541816","6599921792141851X23X564X33964X265X1715X6563199555X2485792583X5X225X7X64214122548236X2432112X1444X5","432883389588362467567X73X394X44737574X7X776115445435X64998X51343X76X2555524X574X1116X1X4X71216X117","2X71X5X5126642X35X8221X6534611X756564215351X41875X688812468373457741225X3X566X31X1X5213178X7X54X44","9743847865165X14X2333677X21854664X557788X4X4X599638848684749998413324X415737X3X67482X447118X652569","825X325X57X1144X5352724X8238661X537X5722726X55123X2767485X6597272441X4X16X32773X38841X5X3373574661","4713X36641332X162991X3X18996474514X11993X851625743X56743263X3X592X423X3353833X265X8746623325996273","8X241976X1362678X63X742X31161X4X352X38427145X288432X3X7288877859361X4526X5X6342366241267X44596X179","722X89113568X26446778212514612X51756X24225344X48X134153X488314993X44612566652315X59333X73563991937","74X314X5X32584542X45X2X1X7X244662X571156X51652364238X143342884266378X5X333X565X534966X369985779991","913X32534X189315X5254X3556213125263X855671992X516X1X25X343314X6661X16623X3339534X84631125141452356","88425385X559934413X356611434X37563X275364629228X16X12338X5421153646X188743X69969342X57731871674514","8259948831189876174X7551652X567X733X23X24881X25355354X46162451X4X251991X268364392X2772749991572865","48X59837671X831277473X8862X45X54728144223X7X85X3277773X64635X76X425239156X1X32X328643X63632473X885","641567995X2719983X3717434684X114668X2136X6415456X33513422X7864214122225125217137991345X62X48X42712","8X47X7233414X195286653X13X75132X285666177652X73515X7X5X367484X57557X1552X41587X717199421X214734252","228782524X5261957276X34X65X4X6213851X864X46X773155838X431435331X3X162616716893647743887225X3546663","22825X5516X36X5697X542X14152577137X273X66242467351X1521X33356X2667X4X7455X519423936X27616541776428","87412423816654X6932X5X585X5731X18831X27X5274167616212115X43X135X16288X5146144X7197X417X57755711267","81X592X2899142877233217X4227X12X11X511227475231X3X2558746X44X651X616X7561X5152618713X4341324X18212","6X159114352X4X6454113X5471X46X5264811884X864X61266X6185643372X716X3944X778535474X7775624X32435X526","4644135885334448X3X3X212X458X63473X8324X148148116X3X187627X841X43349147X61X313X256641X434666521377","6114X6X6312555515X5612345X882X747X7657X494844X18864158137467121318238X271X241X2X53588143X267X4X2X1","9666564151774875X369975553221161X71415299488344299976365X4X4X64158799546X39945651X4676934X5X5X3438","4X21X45882552871852681X1X4493181827712328X4X3X632432277X4352317646286644658431X553X5X29925X2324X49","862135X7X766661X2X1147421X797282862315628233X37883446X226X7638X21155632136X54X42224677471161X86678","2X314X43327X111222512X7436521117781X4187877X21776X5X65X81172X62133573X4X1487245X724255275498545X38","677532X282183141X2X2X16854465X4X1X542187X2552X5X75532X525X1X3881644X4331666744488X1X23X2X492X52239","42776X3787X853554X422X7X86288563X6443381436636277652X515212171337258X3X1217513782835X451622X3X4X88","58X296354681X375X54992628154346X6X112522X53X3923X372243X1X49941376317788X1836512X12434X461X336X251","4187957899614X825X618881616X2965X5526556413449125575X3X513237X1X7997321X3993881377X3X25X2X62244366","6444799633X3X8998634423X7X1779941253996X2682X3X143631X43X42X8124764X2521X272671325194152X445683X55","4499386X565855542X5X4274488779724X43685431834X8X4X3288174X34632288247X7X6X45X3843729786X55421X4562","4171865578X8514344944575X516X22X22154226388X526323X1951X648814X4541671X4X12472864X366X2126X5548769","774482814646X639369224X2662276X866985X762765X3433X26995273683921258X5X1X57736375X21X21115442418265","5X75448771X34X392352X51445155X6412972464X3554X37333839328621391X4376X342763X53X366X671445251166213","92617X76993X423623214946346778X82X33145X1677519732587548992996586X354X72X714663453559264X56234X415","482882999534X1X1X3336976434288276811X2134X84X4993X763965841954X624X425264414656X3X58967X55X13X6188","184483214X222X1X49987915331174158X233363X2247767338X8964989935637645771X1X1344X653145776X822X56114","78783755X396X5X43495X32324X342399355X46331119826663419419246588X8X1922X33735X43542185446875265X456","35184X574991112X247X562198237X29136263X5X72297X2431X51X47X619271165924131322235X125X714X1457773265","937848X771811214X1478X8692X3732657X1655787X6152663122222X7X7983991742X426X5445326X38721732662X42X6","517126838X51421X4X81426X513X1X22781873X1742X4322X22644X3421X42X172X7554532X7X726X143X4X35X6X473764","1X356X3587X4X4587382X2X23X4633X448X83X344862X15X6X365X2X26782X1658361X177435127X2X6521362771X1X736","314411658X43636125715X38X4321263525433X1783455137165X4X6526993X69921X5X76612X3366517X33X3324311936","6X56X67213X646X4453X744642417X6277177286X2418657X6X21226X8141X6515343X321X2X41252X2X72574X256X2971","578821X7142991663X2751X51466656X54X417X66X51X3556X4X36X72661222X2999336X63X7778847561X211267814745","23147X736X251452X442114X436X371462772X7961195145X274X1654X41X4X2465638845X7321X6143151113X67X2X487","12X88433266744523X231X6641211X66X23X13394349911187993135X454235X27272825181952266X42812X12X26122X7","88315X48867X35624799314X141X21564X432883X621615X7X893X762171991227395X35675929365666925325471X1277","4722753751621X72X13251X25X81X441156X63X7164273683341284665X848499669763X5X5489742X2891666X37X274X7","216X7X489993X34X64X57453X2623X353146332X464175X1X31126813X87668814647341X188964456222X2X5477438675","226341X3843X5X426X1X85X48124533532528271X436272542X34181X557X665552444X327X699266874X112676676X859","51332X141343X443445236656423X473576886X274X77745X5314185321635654X823444926X56884X713X774X457172X5","923X1277547X71111X659924112358X488155646455624X5696X538641X163X4162X724292531978X71X2652X65X362642","323522998X16723X21X8687451X521811446355X183338359971516114356315X4421X22423999761X53X3244455463X64","2X711474X248358176585X4X61685283336611744X335X5476371368X41X243X1743257426X7763653222X311X66212221","94X114X515482793X256X3432X3X21276X5765924813X3X4132X1675744736338X2X44X5X65127744X3X41444561877499","5644X6767X151796113X21X234654777244883996154154X8434888X826X56524674233X1117565X4175X1545884X83X21","996X36662223257764X1653188754X3157354X39877245141423188528838624X6741X65248X171646821666X42482X129","31X4X53655883X563415X5X21642445X27X1X2392842182X44415X2X2488875X522856121X63X71138843X39267X331X67","51235X434718917X21X57X1755553566576679995X449945X13346177X772712X2X824X5X62X473632X2X1191158455885","4421574X775498731X3767299833111X22X396146851971X3X3813437532151622552X1531153X2X4X1661X31632147863","9171354622X161734257111595X4X7556212977559941731521X488657X13X5X12X665541X46X627671799378863X45625","43X2316X47222X44X6X6752283646656X13325961497X656X64746615X7X611441142X4X46485X133458871321X3235X49","646X77975997476X52548576385X5451437X8796114535X34695X82327441883332X7666X62831X2X3X64614992X3X3115","9985249659665552188581992818145X2X476X7711343X2X339826X5542X2X3X75X357753441X24X421336X49651587554","43836X58X26X6881X75X41927861X156X2X522582X5487X3X435314544X332X56553X251X74412X7144564115145X42752","2773X3X46133X11X5X67X526256478813X31567832X48X5X2X299115X144235647884X4X45X3453X6X5X7X555771427X38","8X36127X62882X56486X555X7X8X5536X44X56247X1X7324X524236X1X41786X37461425X31366X14157141X611632X3X3","463X2X365X42X1483421X2673523X3X432X53441X25846X23X2155X5X28888556735434465X1516X4457175217268X5678","8823713X115X73884X4X1X22X2X51285X52X57X62X651218X815X15614625441512359995645X4624X533X713889551139","572886173X6812994281172X4333136727X5325126371X723X713X18846X7723773X22561698543541743371X41914X3X2","34411165351X88562188X743X34X773X49827736413X5742552381X46856X5416155X523899276778388565424X4337425","84X1267X862266213344633564X476X7792X144X6775882X3X15X43318661415637766775765X7778653X86X716X422899","451314355952X141124X52563X2X6X153872X536445X51X3821911X1X653X32543X334117X2X7X633X6X79459146X11132","2545X323496246894144499822555572X65X2X124616411X8899211154466514145X635X83X3656472X449199533356138","763X13X2346291895X4X328283336993264527221X7X5774862456123X461566X77859947X327163X12643X34797516X22","6234821222679757X5X1X277X4X4X732493X7615X4X6X67112911665X12265165137458662167X2111X852714198331845","6X77X81443X7926628626464191X5X471934X68X4X4174211595X77763347X225X794X544X4X3613X644X799214751X147","916433293X26212388331518394215275814346524111589951X2994322576555639971331X5111X2138175326884X4668","312X22194355X31X83X635X8894111277675X18X1773218482X1574X66X122886X467699768856X27X286141X351X53X84","6513X86773X363684X3X777X74X3X332547X4X231884X5X4772662414425X28346621882642855212443185X1453232676","537X383X8X7142652212X122186X233747852326272X2444559944X341X72544X2799566X33223113335985533X7541115","5X472235X325154X263148X458842378X68855465462351883419916X5734X4X1266137X2X2237431X3297X52884422614","33799658141777442842393468871619465495653165966793287688349168251574377827142843354622435878732837"]\nTestcase No.5 Failed!\nPassed 0/5 testcases!\nTest Failed!\n'


2023-12-12 03:32:13 INFO Running task: 66_0...
2023-12-12 03:32:15 INFO Test Passed!


2023-12-12 03:32:15 INFO Running task: 67_0...
2023-12-12 03:32:16 INFO Compilation Failed!
2023-12-12 03:32:16 INFO Running task: 68_0...
2023-12-12 03:32:17 INFO Compilation Failed!
2023-12-12 03:32:17 INFO Running task: 69_0...
2023-12-12 03:32:21 INFO Test Passed!


2023-12-12 03:32:21 INFO Running task: 70_0...
2023-12-12 03:32:22 INFO Compilation Failed!
2023-12-12 03:32:22 INFO Running task: 71_0...
2023-12-12 03:32:23 INFO Compilation Failed!
2023-12-12 03:32:23 INFO Running task: 72_0...
2023-12-12 03:32:25 INFO Test Passed!


2023-12-12 03:32:25 INFO Running task: 73_0...
2023-12-12 03:32:27 INFO Test Passed!


2023-12-12 03:32:27 INFO Running task: 74_0...
2023-12-12 03:32:28 INFO Compilation Failed!
2023-12-12 03:32:28 INFO Running task: 75_0...
2023-12-12 03:32:30 INFO Test Passed!


2023-12-12 03:32:30 INFO Running task: 76_0...
2023-12-12 03:32:31 INFO Test Passed!


2023-12-12 03:32:31 INFO Running task: 77_0...
2023-12-12 03:32:33 INFO Test Passed!


2023-12-12 03:32:33 INFO Running task: 78_0...
2023-12-12 03:32:35 INFO Test Failed!
2023-12-12 03:32:35 INFO run_output: b'4 4\n2 11\nTestcase No.2 Failed!\n4 11\nTestcase No.3 Failed!\n5 100000\nTestcase No.4 Failed!\n50000 50000\nPassed 2/5 testcases!\nTest Failed!\n'


2023-12-12 03:32:35 INFO Running task: 79_0...
2023-12-12 03:32:37 INFO Test Passed!


2023-12-12 03:32:37 INFO Running task: 80_0...
2023-12-12 03:32:39 INFO Test Passed!


2023-12-12 03:32:39 INFO Running task: 81_0...
2023-12-12 03:32:40 INFO Compilation Failed!
2023-12-12 03:32:40 INFO Running task: 82_0...
2023-12-12 03:32:41 INFO Test Passed!


2023-12-12 03:32:41 INFO Running task: 83_0...
2023-12-12 03:32:43 INFO Test Passed!


2023-12-12 03:32:43 INFO Running task: 84_0...
2023-12-12 03:32:45 INFO Test Passed!


2023-12-12 03:32:45 INFO Running task: 85_0...
2023-12-12 03:32:46 INFO Test Passed!


2023-12-12 03:32:46 INFO Running task: 86_0...
2023-12-12 03:32:48 INFO Test Passed!


2023-12-12 03:32:48 INFO Running task: 87_0...
2023-12-12 03:32:49 INFO Compilation Failed!
2023-12-12 03:32:49 INFO Running task: 88_0...
2023-12-12 03:32:52 INFO Test Passed!


2023-12-12 03:32:52 INFO Running task: 89_0...
2023-12-12 03:32:53 INFO Test Failed!
2023-12-12 03:32:53 INFO run_output: b'-425118711 1\nTestcase No.1 Failed!\n-425118794 3\nTestcase No.2 Failed!\n-425118426 7\nTestcase No.3 Failed!\n69 10\nTestcase No.4 Failed!\n50 11\nTestcase No.5 Failed!\nPassed 0/5 testcases!\nTest Failed!\n'


2023-12-12 03:32:53 INFO Running task: 90_0...
2023-12-12 03:32:55 INFO Compilation Failed!
2023-12-12 03:32:55 INFO Running task: 91_0...
2023-12-12 03:32:56 INFO Compilation Failed!
2023-12-12 03:32:56 INFO Running task: 92_0...
2023-12-12 03:32:57 INFO Compilation Failed!
2023-12-12 03:32:57 INFO Running task: 93_0...
2023-12-12 03:32:58 INFO Compilation Failed!
2023-12-12 03:32:58 INFO Running task: 94_0...
2023-12-12 03:33:00 INFO Test Passed!


2023-12-12 03:33:00 INFO Running task: 95_0...
double free or corruption (out)
2023-12-12 03:33:01 INFO Running task: 96_0...
2023-12-12 03:33:03 INFO Compilation Failed!
2023-12-12 03:33:03 INFO Running task: 97_0...
2023-12-12 03:33:04 INFO Test Passed!


2023-12-12 03:33:04 INFO Running task: 98_0...
2023-12-12 03:33:05 INFO Compilation Failed!
2023-12-12 03:33:05 INFO Running task: 99_0...
2023-12-12 03:33:06 INFO Compilation Failed!
2023-12-12 03:33:06 INFO Running task: 100_0...
2023-12-12 03:33:08 INFO Compilation Failed!
Traceback (most recent call last):
  File "/home/ubuntu/test_codellm/run_all_cpp_json.py", line 183, in <module>
    results = run_tests(
  File "/home/ubuntu/test_codellm/run_all_cpp_json.py", line 127, in run_tests
    data = json_data(task, "total", "total", results)
TypeError: json_data() missing 1 required positional argument: 'number'
