2023-12-12 13:09:27 INFO Running task: 1_0...
2023-12-12 13:09:30 INFO Test Passed!


2023-12-12 13:09:30 INFO Running task: 2_0...
2023-12-12 13:09:31 INFO Test Passed!


2023-12-12 13:09:31 INFO Running task: 3_0...
2023-12-12 13:09:33 INFO Test Failed!
2023-12-12 13:09:33 INFO run_output: b'-1 3\nTestcase No.1 Failed!\n-1 4\nTestcase No.2 Failed!\n-1 -1\n-1 40\nTestcase No.4 Failed!\n-1 44\nTestcase No.5 Failed!\nPassed 1/5 testcases!\nTest Failed!\n'


2023-12-12 13:09:33 INFO Running task: 4_0...
2023-12-12 13:09:35 INFO Test Passed!


2023-12-12 13:09:35 INFO Running task: 5_0...
2023-12-12 13:09:36 INFO Running task: 6_0...
2023-12-12 13:09:38 INFO Test Passed!


2023-12-12 13:09:38 INFO Running task: 7_0...
2023-12-12 13:09:40 INFO Test Passed!


2023-12-12 13:09:40 INFO Running task: 8_0...
2023-12-12 13:09:41 INFO Compilation Failed!
2023-12-12 13:09:41 INFO Running task: 9_0...
2023-12-12 13:09:42 INFO Compilation Failed!
2023-12-12 13:09:42 INFO Running task: 10_0...
2023-12-12 13:09:44 INFO Test Passed!


2023-12-12 13:09:44 INFO Running task: 11_0...
2023-12-12 13:09:45 INFO Compilation Failed!
2023-12-12 13:09:45 INFO Running task: 12_0...
2023-12-12 13:09:46 INFO Compilation Failed!
2023-12-12 13:09:46 INFO Running task: 13_0...
2023-12-12 13:09:48 INFO Runtime Failed!
2023-12-12 13:09:48 INFO run_output: b'-2 4\nTestcase No.1 Failed!\n-4 -1\nTestcase No.2 Failed!\n-10 -1\nTestcase No.3 Failed!\nAn exception occurred: cannot create std::vector larger than max_size()\n4 254\nTestcase No.5 Failed!\nPassed 0/5 testcases!\nTest Failed!\n'


2023-12-12 13:09:48 INFO Running task: 14_0...
2023-12-12 13:09:49 INFO Compilation Failed!
2023-12-12 13:09:49 INFO Running task: 15_0...
2023-12-12 13:09:51 INFO Test Passed!


2023-12-12 13:09:51 INFO Running task: 16_0...
2023-12-12 13:09:53 INFO Test Passed!


2023-12-12 13:09:53 INFO Running task: 17_0...
2023-12-12 13:09:54 INFO Compilation Failed!
2023-12-12 13:09:54 INFO Running task: 18_0...
2023-12-12 13:09:55 INFO Compilation Failed!
2023-12-12 13:09:55 INFO Running task: 19_0...
2023-12-12 13:09:57 INFO Test Passed!


2023-12-12 13:09:57 INFO Running task: 20_0...
2023-12-12 13:09:58 INFO Test Failed!
2023-12-12 13:09:58 INFO run_output: b'-1 4\nTestcase No.1 Failed!\n-1 -1\n-1 50000\nTestcase No.3 Failed!\n7523 -1\nTestcase No.4 Failed!\n206 209\nTestcase No.5 Failed!\nPassed 1/5 testcases!\nTest Failed!\n'


2023-12-12 13:09:58 INFO Running task: 21_0...
2023-12-12 13:10:00 INFO Test Failed!
2023-12-12 13:10:00 INFO run_output: b'-1 4\nTestcase No.1 Failed!\n5 5\n-1 4\nTestcase No.3 Failed!\n-1 49\nTestcase No.4 Failed!\n45 45\nPassed 2/5 testcases!\nTest Failed!\n'


2023-12-12 13:10:00 INFO Running task: 22_0...
2023-12-12 13:10:01 INFO Compilation Failed!
2023-12-12 13:10:01 INFO Running task: 23_0...
2023-12-12 13:10:02 INFO Compilation Failed!
2023-12-12 13:10:02 INFO Running task: 24_0...
2023-12-12 13:10:04 INFO Test Passed!


2023-12-12 13:10:04 INFO Running task: 25_0...
2023-12-12 13:10:05 INFO Compilation Failed!
2023-12-12 13:10:05 INFO Running task: 26_0...
2023-12-12 13:10:07 INFO Test Passed!


2023-12-12 13:10:07 INFO Running task: 27_0...
2023-12-12 13:10:09 INFO Test Passed!


2023-12-12 13:10:09 INFO Running task: 28_0...
2023-12-12 13:10:10 INFO Test Passed!


2023-12-12 13:10:10 INFO Running task: 29_0...
2023-12-12 13:10:12 INFO Test Passed!


2023-12-12 13:10:12 INFO Running task: 30_0...
2023-12-12 13:10:14 INFO Test Failed!
2023-12-12 13:10:14 INFO run_output: b'4 3\nTestcase No.1 Failed!\n10 2\nTestcase No.2 Failed!\n34 45\nTestcase No.3 Failed!\n5000050000 5000050000\n2500050000 2500044888\nTestcase No.5 Failed!\nPassed 1/5 testcases!\nTest Failed!\n'


2023-12-12 13:10:14 INFO Running task: 31_0...
2023-12-12 13:10:15 INFO Compilation Failed!
2023-12-12 13:10:15 INFO Running task: 32_0...
2023-12-12 13:10:17 INFO Test Failed!
2023-12-12 13:10:17 INFO run_output: b'90 9\nTestcase No.1 Failed!\n31 4\nTestcase No.2 Failed!\n783 44\nTestcase No.3 Failed!\n3934 275\nTestcase No.4 Failed!\n7873 557\nTestcase No.5 Failed!\nPassed 0/5 testcases!\nTest Failed!\n'


2023-12-12 13:10:17 INFO Running task: 33_0...
2023-12-12 13:10:18 INFO Compilation Failed!
2023-12-12 13:10:18 INFO Running task: 34_0...
2023-12-12 13:10:19 INFO Compilation Failed!
2023-12-12 13:10:19 INFO Running task: 35_0...
2023-12-12 13:10:20 INFO Compilation Failed!
2023-12-12 13:10:20 INFO Running task: 36_0...
2023-12-12 13:10:22 INFO Test Passed!


2023-12-12 13:10:22 INFO Running task: 37_0...
2023-12-12 13:10:23 INFO Compilation Failed!
2023-12-12 13:10:23 INFO Running task: 38_0...
2023-12-12 13:10:25 INFO Test Passed!


2023-12-12 13:10:25 INFO Running task: 39_0...
2023-12-12 13:10:26 INFO Test Passed!


2023-12-12 13:10:26 INFO Running task: 40_0...
2023-12-12 13:10:28 INFO Compilation Failed!
2023-12-12 13:10:28 INFO Running task: 41_0...
2023-12-12 13:10:29 INFO Compilation Failed!
2023-12-12 13:10:29 INFO Running task: 42_0...
2023-12-12 13:10:30 INFO Compilation Failed!
2023-12-12 13:10:30 INFO Running task: 43_0...
2023-12-12 13:10:31 INFO Compilation Failed!
2023-12-12 13:10:31 INFO Running task: 44_0...
2023-12-12 13:10:32 INFO Compilation Failed!
2023-12-12 13:10:32 INFO Running task: 45_0...
2023-12-12 13:10:34 INFO Test Failed!
2023-12-12 13:10:34 INFO run_output: b'"gnstr" "rtsng"\nTestcase No.1 Failed!\n"ponter" "ponter"\n"xzpaaerpvqbrhybmnmyypqeosamkgqrrdzlmrnewadbbnb" "xzpaaerpvqbrhybmnmyypqeosamkgqrrdzlmrnewadbbnb"\n"xrdgbmhhfxsxpxndhchwhsvamvafqcboabqdohcfdveyjrw" "wrjyevdfchodqbaobcqfavmavshwhchdnxpxsxfhhmbgdrx"\nTestcase No.4 Failed!\n"aaaaaaaaaaaaaaaaaaaaaaaaaaaaaaaaaaaaaaaaaaaaaaaaaa" "aaaaaaaaaaaaaaaaaaaaaaaaaaaaaaaaaaaaaaaaaaaaaaaaaa"\nPassed 3/5 testcases!\nTest Failed!\n'


2023-12-12 13:10:34 INFO Running task: 46_0...
2023-12-12 13:10:35 INFO Test Passed!


2023-12-12 13:10:35 INFO Running task: 47_0...
2023-12-12 13:10:36 INFO Compilation Failed!
2023-12-12 13:10:37 INFO Running task: 48_0...
2023-12-12 13:10:38 INFO Compilation Failed!
2023-12-12 13:10:38 INFO Running task: 49_0...
2023-12-12 13:10:39 INFO Test Passed!


2023-12-12 13:10:39 INFO Running task: 50_0...
2023-12-12 13:10:40 INFO Compilation Failed!
2023-12-12 13:10:40 INFO Running task: 51_0...
2023-12-12 13:10:42 INFO Test Failed!
2023-12-12 13:10:42 INFO run_output: b'[-5,-1] [10,14]\nTestcase No.1 Failed!\n[-8974,-2] [299,9271]\nTestcase No.2 Failed!\n[-895642170,-468592370] [2572095760,2999145560]\nTestcase No.3 Failed!\n[-740766835,-131317581] [1376364526,1985813780]\nTestcase No.4 Failed!\n[-995389446,-359771758] [2512523279,3148140967]\nTestcase No.5 Failed!\nPassed 0/5 testcases!\nTest Failed!\n'


2023-12-12 13:10:42 INFO Running task: 52_0...
2023-12-12 13:10:44 INFO Test Passed!


2023-12-12 13:10:44 INFO Running task: 53_0...
2023-12-12 13:10:45 INFO Test Failed!
2023-12-12 13:10:45 INFO run_output: b'4 4\n85264 85264\n78818884 78818884\n-727320015 20752136\nTestcase No.4 Failed!\n-295396676 136582381\nTestcase No.5 Failed!\nPassed 3/5 testcases!\nTest Failed!\n'


2023-12-12 13:10:45 INFO Running task: 54_0...
2023-12-12 13:10:47 INFO Test Passed!


2023-12-12 13:10:47 INFO Running task: 55_0...
2023-12-12 13:10:48 INFO Compilation Failed!
2023-12-12 13:10:48 INFO Running task: 56_0...
2023-12-12 13:10:52 INFO Test Passed!


2023-12-12 13:10:52 INFO Running task: 57_0...
2023-12-12 13:10:53 INFO Compilation Failed!
2023-12-12 13:10:53 INFO Running task: 58_0...
2023-12-12 13:10:54 INFO Compilation Failed!
2023-12-12 13:10:54 INFO Running task: 59_0...
2023-12-12 13:10:57 INFO Test Passed!


2023-12-12 13:10:57 INFO Running task: 60_0...
2023-12-12 13:10:59 INFO Test Passed!


2023-12-12 13:10:59 INFO Running task: 61_0...
2023-12-12 13:11:01 INFO Compilation Failed!
2023-12-12 13:11:01 INFO Running task: 62_0...
2023-12-12 13:11:02 INFO Test Passed!


2023-12-12 13:11:02 INFO Running task: 63_0...
2023-12-12 13:11:04 INFO Compilation Failed!
2023-12-12 13:11:04 INFO Running task: 64_0...
2023-12-12 13:11:05 INFO Compilation Failed!
2023-12-12 13:11:05 INFO Running task: 65_0...
2023-12-12 13:11:06 INFO Compilation Failed!
2023-12-12 13:11:06 INFO Running task: 66_0...
2023-12-12 13:11:07 INFO Test Failed!
2023-12-12 13:11:07 INFO run_output: b'2 2\n143 143\n1614380127 149876695044291679\nTestcase No.3 Failed!\n-167237517 245084191090813043\nTestcase No.4 Failed!\n1810315984 707704350405245648\nTestcase No.5 Failed!\nPassed 2/5 testcases!\nTest Failed!\n'


2023-12-12 13:11:07 INFO Running task: 67_0...
2023-12-12 13:11:09 INFO Compilation Failed!
2023-12-12 13:11:09 INFO Running task: 68_0...
2023-12-12 13:11:10 INFO Compilation Failed!
2023-12-12 13:11:10 INFO Running task: 69_0...
2023-12-12 13:11:14 INFO Test Passed!


2023-12-12 13:11:14 INFO Running task: 70_0...
2023-12-12 13:11:15 INFO Compilation Failed!
2023-12-12 13:11:15 INFO Running task: 71_0...
2023-12-12 13:11:16 INFO Compilation Failed!
2023-12-12 13:11:16 INFO Running task: 72_0...
2023-12-12 13:11:18 INFO Running task: 73_0...
2023-12-12 13:11:19 INFO Test Passed!


2023-12-12 13:11:19 INFO Running task: 74_0...
2023-12-12 13:11:21 INFO Test Passed!


2023-12-12 13:11:21 INFO Running task: 75_0...
2023-12-12 13:11:23 INFO Compilation Failed!
2023-12-12 13:11:23 INFO Running task: 76_0...
2023-12-12 13:11:24 INFO Test Passed!


2023-12-12 13:11:24 INFO Running task: 77_0...
2023-12-12 13:11:26 INFO Test Passed!


2023-12-12 13:11:26 INFO Running task: 78_0...
2023-12-12 13:11:28 INFO Test Passed!


2023-12-12 13:11:28 INFO Running task: 79_0...
2023-12-12 13:11:30 INFO Test Failed!
2023-12-12 13:11:30 INFO run_output: b'3 3\n5 5\n-2147483648 -1\nTestcase No.3 Failed!\n999 999\n-2147483648 -1\nTestcase No.5 Failed!\nPassed 3/5 testcases!\nTest Failed!\n'


2023-12-12 13:11:30 INFO Running task: 80_0...
2023-12-12 13:11:31 INFO Test Passed!


2023-12-12 13:11:31 INFO Running task: 81_0...
2023-12-12 13:11:33 INFO Compilation Failed!
2023-12-12 13:11:33 INFO Running task: 82_0...
2023-12-12 13:11:34 INFO Compilation Failed!
2023-12-12 13:11:34 INFO Running task: 83_0...
2023-12-12 13:11:35 INFO Test Passed!


2023-12-12 13:11:35 INFO Running task: 84_0...
2023-12-12 13:11:37 INFO Test Failed!
2023-12-12 13:11:37 INFO run_output: b'2 3\nTestcase No.1 Failed!\n3 4\nTestcase No.2 Failed!\n2 3\nTestcase No.3 Failed!\n3 4\nTestcase No.4 Failed!\n3 4\nTestcase No.5 Failed!\nPassed 0/5 testcases!\nTest Failed!\n'


2023-12-12 13:11:37 INFO Running task: 85_0...
2023-12-12 13:11:38 INFO Compilation Failed!
2023-12-12 13:11:38 INFO Running task: 86_0...
2023-12-12 13:11:40 INFO Test Failed!
2023-12-12 13:11:40 INFO run_output: b'6 5\nTestcase No.1 Failed!\n4 2\nTestcase No.2 Failed!\n609 3431\nTestcase No.3 Failed!\n600 2983\nTestcase No.4 Failed!\n590 3366\nTestcase No.5 Failed!\nPassed 0/5 testcases!\nTest Failed!\n'


2023-12-12 13:11:40 INFO Running task: 87_0...
2023-12-12 13:11:41 INFO Compilation Failed!
2023-12-12 13:11:41 INFO Running task: 88_0...
2023-12-12 13:11:42 INFO Compilation Failed!
2023-12-12 13:11:42 INFO Running task: 89_0...
2023-12-12 13:11:43 INFO Compilation Failed!
2023-12-12 13:11:43 INFO Running task: 90_0...
2023-12-12 13:11:44 INFO Compilation Failed!
2023-12-12 13:11:44 INFO Running task: 91_0...
2023-12-12 13:11:46 INFO Compilation Failed!
2023-12-12 13:11:46 INFO Running task: 92_0...
2023-12-12 13:11:47 INFO Compilation Failed!
2023-12-12 13:11:47 INFO Running task: 93_0...
2023-12-12 13:11:48 INFO Compilation Failed!
2023-12-12 13:11:48 INFO Running task: 94_0...
2023-12-12 13:11:50 INFO Test Passed!


2023-12-12 13:11:50 INFO Running task: 95_0...
2023-12-12 13:11:51 INFO Test Passed!


2023-12-12 13:11:51 INFO Running task: 96_0...
2023-12-12 13:11:52 INFO Compilation Failed!
2023-12-12 13:11:52 INFO Running task: 97_0...
2023-12-12 13:11:54 INFO Test Passed!


2023-12-12 13:11:54 INFO Running task: 98_0...
2023-12-12 13:11:55 INFO Compilation Failed!
2023-12-12 13:11:55 INFO Running task: 99_0...
2023-12-12 13:11:57 INFO Test Failed!
2023-12-12 13:11:57 INFO run_output: b'-1 3\nTestcase No.1 Failed!\n-1 -1\n-1 2\nTestcase No.3 Failed!\n-1 2\nTestcase No.4 Failed!\n-1 -1\nPassed 2/5 testcases!\nTest Failed!\n'


2023-12-12 13:11:57 INFO Running task: 100_0...
2023-12-12 13:11:59 INFO Test Passed!


2023-12-12 13:11:59 INFO [[1], [1], [4], [1], [0], [1], [1], [2], [2], [1], [2], [2], [3], [2], [1], [1], [2], [2], [1], [4], [4], [2], [2], [1], [2], [1], [1], [1], [1], [4], [2], [4], [2], [2], [2], [1], [2], [1], [1], [2], [2], [2], [2], [2], [4], [1], [2], [2], [1], [2], [4], [1], [4], [1], [2], [1], [2], [2], [1], [1], [2], [1], [2], [2], [2], [4], [2], [2], [1], [2], [2], [0], [1], [1], [2], [1], [1], [1], [4], [1], [2], [2], [1], [4], [2], [4], [2], [2], [2], [2], [2], [2], [2], [1], [1], [2], [1], [2], [4], [1]]
