2023-12-12 12:49:27 INFO Running task: 1_0...
2023-12-12 12:49:29 INFO Test Passed!


2023-12-12 12:49:29 INFO Running task: 2_0...
2023-12-12 12:49:31 INFO Test Passed!


2023-12-12 12:49:31 INFO Running task: 3_0...
2023-12-12 12:49:32 INFO Test Passed!


2023-12-12 12:49:32 INFO Running task: 4_0...
2023-12-12 12:49:34 INFO Test Passed!


2023-12-12 12:49:34 INFO Running task: 5_0...
2023-12-12 12:49:35 INFO Compilation Failed!
2023-12-12 12:49:35 INFO Running task: 6_0...
2023-12-12 12:49:37 INFO Test Passed!


2023-12-12 12:49:37 INFO Running task: 7_0...
2023-12-12 12:49:39 INFO Test Passed!


2023-12-12 12:49:39 INFO Running task: 8_0...
2023-12-12 12:49:40 INFO Compilation Failed!
2023-12-12 12:49:40 INFO Running task: 9_0...
2023-12-12 12:49:41 INFO Compilation Failed!
2023-12-12 12:49:41 INFO Running task: 10_0...
2023-12-12 12:49:43 INFO Test Passed!


2023-12-12 12:49:43 INFO Running task: 11_0...
2023-12-12 12:49:44 INFO Compilation Failed!
2023-12-12 12:49:44 INFO Running task: 12_0...
2023-12-12 12:49:46 INFO Running task: 13_0...
2023-12-12 12:49:47 INFO Test Passed!


2023-12-12 12:49:47 INFO Running task: 14_0...
2023-12-12 12:49:49 INFO Test Passed!


2023-12-12 12:49:49 INFO Running task: 15_0...
2023-12-12 12:49:51 INFO Test Passed!


2023-12-12 12:49:51 INFO Running task: 16_0...
2023-12-12 12:49:53 INFO Test Passed!


2023-12-12 12:49:53 INFO Running task: 17_0...
2023-12-12 12:49:55 INFO Test Passed!


2023-12-12 12:49:55 INFO Running task: 18_0...
2023-12-12 12:49:56 INFO Test Passed!


2023-12-12 12:49:56 INFO Running task: 19_0...
2023-12-12 12:49:58 INFO Test Passed!


2023-12-12 12:49:58 INFO Running task: 20_0...
2023-12-12 12:49:59 INFO Compilation Failed!
2023-12-12 12:49:59 INFO Running task: 21_0...
2023-12-12 12:50:01 INFO Test Passed!


2023-12-12 12:50:01 INFO Running task: 22_0...
2023-12-12 12:50:02 INFO Compilation Failed!
2023-12-12 12:50:02 INFO Running task: 23_0...
2023-12-12 12:50:04 INFO Test Passed!


2023-12-12 12:50:04 INFO Running task: 24_0...
2023-12-12 12:50:06 INFO Test Passed!


2023-12-12 12:50:06 INFO Running task: 25_0...
2023-12-12 12:50:07 INFO Compilation Failed!
2023-12-12 12:50:07 INFO Running task: 26_0...
2023-12-12 12:50:08 INFO Test Passed!


2023-12-12 12:50:08 INFO Running task: 27_0...
2023-12-12 12:50:10 INFO Test Passed!


2023-12-12 12:50:10 INFO Running task: 28_0...
2023-12-12 12:50:12 INFO Test Passed!


2023-12-12 12:50:12 INFO Running task: 29_0...
2023-12-12 12:50:14 INFO Test Passed!


2023-12-12 12:50:14 INFO Running task: 30_0...
2023-12-12 12:50:16 INFO Test Passed!


2023-12-12 12:50:16 INFO Running task: 31_0...
2023-12-12 12:50:17 INFO Compilation Failed!
2023-12-12 12:50:17 INFO Running task: 32_0...
2023-12-12 12:50:18 INFO Test Passed!


2023-12-12 12:50:18 INFO Running task: 33_0...
2023-12-12 12:50:20 INFO Test Passed!


2023-12-12 12:50:20 INFO Running task: 34_0...
2023-12-12 12:50:22 INFO Test Passed!


2023-12-12 12:50:22 INFO Running task: 35_0...
2023-12-12 12:50:23 INFO Test Passed!


2023-12-12 12:50:23 INFO Running task: 36_0...
2023-12-12 12:50:25 INFO Test Passed!


2023-12-12 12:50:25 INFO Running task: 37_0...
2023-12-12 12:50:27 INFO Test Passed!


2023-12-12 12:50:27 INFO Running task: 38_0...
2023-12-12 12:50:28 INFO Test Passed!


2023-12-12 12:50:28 INFO Running task: 39_0...
2023-12-12 12:50:30 INFO Test Passed!


2023-12-12 12:50:30 INFO Running task: 40_0...
2023-12-12 12:50:32 INFO Test Passed!


2023-12-12 12:50:32 INFO Running task: 41_0...
2023-12-12 12:50:34 INFO Test Passed!


2023-12-12 12:50:34 INFO Running task: 42_0...
2023-12-12 12:50:35 INFO Compilation Failed!
2023-12-12 12:50:35 INFO Running task: 43_0...
2023-12-12 12:50:36 INFO Compilation Failed!
2023-12-12 12:50:36 INFO Running task: 44_0...
2023-12-12 12:50:38 INFO Test Passed!


2023-12-12 12:50:38 INFO Running task: 45_0...
2023-12-12 12:50:39 INFO Compilation Failed!
2023-12-12 12:50:39 INFO Running task: 46_0...
2023-12-12 12:50:40 INFO Test Passed!


2023-12-12 12:50:40 INFO Running task: 47_0...
2023-12-12 12:50:42 INFO Test Passed!


2023-12-12 12:50:42 INFO Running task: 48_0...
2023-12-12 12:50:43 INFO Compilation Failed!
2023-12-12 12:50:43 INFO Running task: 49_0...
2023-12-12 12:50:45 INFO Test Passed!


2023-12-12 12:50:45 INFO Running task: 50_0...
2023-12-12 12:50:46 INFO Compilation Failed!
2023-12-12 12:50:46 INFO Running task: 51_0...
2023-12-12 12:50:48 INFO Test Passed!


2023-12-12 12:50:48 INFO Running task: 52_0...
2023-12-12 12:50:49 INFO Compilation Failed!
2023-12-12 12:50:49 INFO Running task: 53_0...
2023-12-12 12:50:50 INFO Test Passed!


2023-12-12 12:50:50 INFO Running task: 54_0...
2023-12-12 12:50:52 INFO Test Passed!


2023-12-12 12:50:52 INFO Running task: 55_0...
2023-12-12 12:50:53 INFO Compilation Failed!
2023-12-12 12:50:53 INFO Running task: 56_0...
2023-12-12 12:50:56 INFO Running task: 57_0...
2023-12-12 12:50:57 INFO Compilation Failed!
2023-12-12 12:50:57 INFO Running task: 58_0...
2023-12-12 12:50:58 INFO Test Passed!


2023-12-12 12:50:58 INFO Running task: 59_0...
2023-12-12 12:51:01 INFO Test Passed!


2023-12-12 12:51:01 INFO Running task: 60_0...
2023-12-12 12:51:03 INFO Test Failed!
2023-12-12 12:51:03 INFO run_output: b'] [204,205,206]\nTestcase No.1 Failed!\n] [3,7,8,10,12]\nTestcase No.2 Failed!\n[3685] [3670,3674,3677,3684,3685,3695,3714,3720]\nTestcase No.3 Failed!\n] [8587,8609]\nTestcase No.4 Failed!\n] [2437,2438,2442,2444,2447,2451,2457,2458,2466,2473,2479,2483,2488,2489,2510,2515,2517,2518]\nTestcase No.5 Failed!\nPassed 0/5 testcases!\nTest Failed!\n'


2023-12-12 12:51:03 INFO Running task: 61_0...
2023-12-12 12:51:05 INFO Test Passed!


2023-12-12 12:51:05 INFO Running task: 62_0...
2023-12-12 12:51:07 INFO Test Passed!


2023-12-12 12:51:07 INFO Running task: 63_0...
2023-12-12 12:51:08 INFO Compilation Failed!
2023-12-12 12:51:08 INFO Running task: 64_0...
2023-12-12 12:51:09 INFO Compilation Failed!
2023-12-12 12:51:09 INFO Running task: 65_0...
2023-12-12 12:51:11 INFO Test Passed!


2023-12-12 12:51:11 INFO Running task: 66_0...
2023-12-12 12:51:13 INFO Test Passed!


2023-12-12 12:51:13 INFO Running task: 67_0...
2023-12-12 12:51:14 INFO Compilation Failed!
2023-12-12 12:51:14 INFO Running task: 68_0...
2023-12-12 12:51:15 INFO Compilation Failed!
2023-12-12 12:51:15 INFO Running task: 69_0...
2023-12-12 12:51:19 INFO Test Passed!


2023-12-12 12:51:19 INFO Running task: 70_0...
2023-12-12 12:51:20 INFO Compilation Failed!
2023-12-12 12:51:20 INFO Running task: 71_0...
2023-12-12 12:51:21 INFO Compilation Failed!
2023-12-12 12:51:21 INFO Running task: 72_0...
2023-12-12 12:51:23 INFO Test Passed!


2023-12-12 12:51:23 INFO Running task: 73_0...
2023-12-12 12:51:25 INFO Test Passed!


2023-12-12 12:51:25 INFO Running task: 74_0...
2023-12-12 12:51:26 INFO Compilation Failed!
2023-12-12 12:51:26 INFO Running task: 75_0...
2023-12-12 12:51:28 INFO Test Passed!


2023-12-12 12:51:28 INFO Running task: 76_0...
2023-12-12 12:51:29 INFO Test Passed!


2023-12-12 12:51:29 INFO Running task: 77_0...
2023-12-12 12:51:31 INFO Test Passed!


2023-12-12 12:51:31 INFO Running task: 78_0...
2023-12-12 12:51:33 INFO Test Passed!


2023-12-12 12:51:33 INFO Running task: 79_0...
2023-12-12 12:51:35 INFO Test Passed!


2023-12-12 12:51:35 INFO Running task: 80_0...
2023-12-12 12:51:36 INFO Test Passed!


2023-12-12 12:51:36 INFO Running task: 81_0...
2023-12-12 12:51:37 INFO Compilation Failed!
2023-12-12 12:51:37 INFO Running task: 82_0...
2023-12-12 12:51:39 INFO Compilation Failed!
2023-12-12 12:51:39 INFO Running task: 83_0...
2023-12-12 12:51:40 INFO Test Passed!


2023-12-12 12:51:40 INFO Running task: 84_0...
2023-12-12 12:51:42 INFO Test Passed!


2023-12-12 12:51:42 INFO Running task: 85_0...
2023-12-12 12:51:44 INFO Test Passed!


2023-12-12 12:51:44 INFO Running task: 86_0...
2023-12-12 12:51:45 INFO Test Passed!


2023-12-12 12:51:45 INFO Running task: 87_0...
2023-12-12 12:51:48 INFO Running task: 88_0...
2023-12-12 12:51:50 INFO Test Failed!
2023-12-12 12:51:50 INFO run_output: b'true true\ntrue true\ntrue false\nTestcase No.3 Failed!\nfalse false\ntrue true\nPassed 4/5 testcases!\nTest Failed!\n'


2023-12-12 12:51:50 INFO Running task: 89_0...
2023-12-12 12:51:52 INFO Test Failed!
2023-12-12 12:51:52 INFO run_output: b'1 1\n6 3\nTestcase No.2 Failed!\n14 7\nTestcase No.3 Failed!\n46 10\nTestcase No.4 Failed!\n43 11\nTestcase No.5 Failed!\nPassed 1/5 testcases!\nTest Failed!\n'


2023-12-12 12:51:52 INFO Running task: 90_0...
2023-12-12 12:51:53 INFO Compilation Failed!
2023-12-12 12:51:53 INFO Running task: 91_0...
2023-12-12 12:51:54 INFO Compilation Failed!
2023-12-12 12:51:54 INFO Running task: 92_0...
2023-12-12 12:51:55 INFO Compilation Failed!
2023-12-12 12:51:55 INFO Running task: 93_0...
2023-12-12 12:51:57 INFO Compilation Failed!
2023-12-12 12:51:57 INFO Running task: 94_0...
2023-12-12 12:51:58 INFO Test Passed!


2023-12-12 12:51:58 INFO Running task: 95_0...
2023-12-12 12:52:00 INFO Test Passed!


2023-12-12 12:52:00 INFO Running task: 96_0...
2023-12-12 12:52:01 INFO Compilation Failed!
2023-12-12 12:52:01 INFO Running task: 97_0...
2023-12-12 12:52:03 INFO Test Passed!


2023-12-12 12:52:03 INFO Running task: 98_0...
2023-12-12 12:52:04 INFO Test Passed!


2023-12-12 12:52:04 INFO Running task: 99_0...
2023-12-12 12:52:06 INFO Test Passed!


2023-12-12 12:52:06 INFO Running task: 100_0...
2023-12-12 12:52:08 INFO Test Passed!


2023-12-12 12:52:08 INFO [[1], [1], [1], [1], [2], [1], [1], [2], [2], [1], [2], [0], [1], [1], [1], [1], [1], [1], [1], [2], [1], [2], [1], [1], [2], [1], [1], [1], [1], [1], [2], [1], [1], [1], [1], [1], [1], [1], [1], [1], [1], [2], [2], [1], [2], [1], [1], [2], [1], [2], [1], [2], [1], [1], [2], [0], [2], [1], [1], [4], [1], [1], [2], [2], [1], [1], [2], [2], [1], [2], [2], [1], [1], [2], [1], [1], [1], [1], [1], [1], [2], [2], [1], [1], [1], [1], [0], [4], [4], [2], [2], [2], [2], [1], [1], [2], [1], [1], [1], [1]]
