2023-12-12 02:55:33 INFO Running task: 1_0...
2023-12-12 02:55:35 INFO Test Passed!


2023-12-12 02:55:35 INFO Running task: 2_0...
2023-12-12 02:55:36 INFO Test Passed!


2023-12-12 02:55:36 INFO Running task: 3_0...
2023-12-12 02:55:38 INFO Test Passed!


2023-12-12 02:55:38 INFO Running task: 4_0...
2023-12-12 02:55:40 INFO Test Passed!


2023-12-12 02:55:40 INFO Running task: 5_0...
2023-12-12 02:55:41 INFO Compilation Failed!
2023-12-12 02:55:41 INFO Running task: 6_0...
2023-12-12 02:55:43 INFO Test Passed!


2023-12-12 02:55:43 INFO Running task: 7_0...
2023-12-12 02:55:44 INFO Test Passed!


2023-12-12 02:55:44 INFO Running task: 8_0...
2023-12-12 02:55:45 INFO Compilation Failed!
2023-12-12 02:55:45 INFO Running task: 9_0...
2023-12-12 02:55:47 INFO Compilation Failed!
2023-12-12 02:55:47 INFO Running task: 10_0...
2023-12-12 02:55:48 INFO Test Passed!


2023-12-12 02:55:48 INFO Running task: 11_0...
2023-12-12 02:55:49 INFO Compilation Failed!
2023-12-12 02:55:49 INFO Running task: 12_0...
2023-12-12 02:55:51 INFO Running task: 13_0...
2023-12-12 02:55:53 INFO Test Passed!


2023-12-12 02:55:53 INFO Running task: 14_0...
2023-12-12 02:55:55 INFO Test Passed!


2023-12-12 02:55:55 INFO Running task: 15_0...
2023-12-12 02:55:56 INFO Test Passed!


2023-12-12 02:55:56 INFO Running task: 16_0...
2023-12-12 02:55:58 INFO Test Passed!


2023-12-12 02:55:58 INFO Running task: 17_0...
2023-12-12 02:56:00 INFO Test Passed!


2023-12-12 02:56:00 INFO Running task: 18_0...
2023-12-12 02:56:02 INFO Test Passed!


2023-12-12 02:56:02 INFO Running task: 19_0...
2023-12-12 02:56:03 INFO Test Passed!


2023-12-12 02:56:03 INFO Running task: 20_0...
2023-12-12 02:56:05 INFO Compilation Failed!
2023-12-12 02:56:05 INFO Running task: 21_0...
2023-12-12 02:56:06 INFO Test Passed!


2023-12-12 02:56:06 INFO Running task: 22_0...
2023-12-12 02:56:07 INFO Compilation Failed!
2023-12-12 02:56:07 INFO Running task: 23_0...
2023-12-12 02:56:09 INFO Test Passed!


2023-12-12 02:56:09 INFO Running task: 24_0...
2023-12-12 02:56:11 INFO Test Passed!


2023-12-12 02:56:11 INFO Running task: 25_0...
2023-12-12 02:56:12 INFO Compilation Failed!
2023-12-12 02:56:12 INFO Running task: 26_0...
2023-12-12 02:56:14 INFO Test Passed!


2023-12-12 02:56:14 INFO Running task: 27_0...
2023-12-12 02:56:15 INFO Test Passed!


2023-12-12 02:56:15 INFO Running task: 28_0...
2023-12-12 02:56:17 INFO Test Passed!


2023-12-12 02:56:17 INFO Running task: 29_0...
2023-12-12 02:56:19 INFO Test Passed!


2023-12-12 02:56:19 INFO Running task: 30_0...
2023-12-12 02:56:21 INFO Test Passed!


2023-12-12 02:56:21 INFO Running task: 31_0...
2023-12-12 02:56:22 INFO Compilation Failed!
2023-12-12 02:56:22 INFO Running task: 32_0...
2023-12-12 02:56:23 INFO Test Passed!


2023-12-12 02:56:23 INFO Running task: 33_0...
2023-12-12 02:56:25 INFO Test Passed!


2023-12-12 02:56:25 INFO Running task: 34_0...
2023-12-12 02:56:27 INFO Test Passed!


2023-12-12 02:56:27 INFO Running task: 35_0...
2023-12-12 02:56:29 INFO Test Passed!


2023-12-12 02:56:29 INFO Running task: 36_0...
2023-12-12 02:56:30 INFO Test Passed!


2023-12-12 02:56:30 INFO Running task: 37_0...
2023-12-12 02:56:32 INFO Test Passed!


2023-12-12 02:56:32 INFO Running task: 38_0...
2023-12-12 02:56:34 INFO Test Passed!


2023-12-12 02:56:34 INFO Running task: 39_0...
2023-12-12 02:56:35 INFO Test Passed!


2023-12-12 02:56:35 INFO Running task: 40_0...
2023-12-12 02:56:37 INFO Test Passed!


2023-12-12 02:56:37 INFO Running task: 41_0...
2023-12-12 02:56:39 INFO Test Passed!


2023-12-12 02:56:39 INFO Running task: 42_0...
2023-12-12 02:56:40 INFO Compilation Failed!
2023-12-12 02:56:40 INFO Running task: 43_0...
2023-12-12 02:56:41 INFO Compilation Failed!
2023-12-12 02:56:41 INFO Running task: 44_0...
2023-12-12 02:56:43 INFO Test Passed!


2023-12-12 02:56:43 INFO Running task: 45_0...
2023-12-12 02:56:44 INFO Compilation Failed!
2023-12-12 02:56:44 INFO Running task: 46_0...
2023-12-12 02:56:45 INFO Test Passed!


2023-12-12 02:56:45 INFO Running task: 47_0...
2023-12-12 02:56:47 INFO Test Passed!


2023-12-12 02:56:47 INFO Running task: 48_0...
2023-12-12 02:56:48 INFO Compilation Failed!
2023-12-12 02:56:48 INFO Running task: 49_0...
2023-12-12 02:56:50 INFO Test Passed!


2023-12-12 02:56:50 INFO Running task: 50_0...
2023-12-12 02:56:51 INFO Compilation Failed!
2023-12-12 02:56:51 INFO Running task: 51_0...
2023-12-12 02:56:53 INFO Test Passed!


2023-12-12 02:56:53 INFO Running task: 52_0...
2023-12-12 02:56:54 INFO Compilation Failed!
2023-12-12 02:56:54 INFO Running task: 53_0...
2023-12-12 02:56:56 INFO Test Passed!


2023-12-12 02:56:56 INFO Running task: 54_0...
2023-12-12 02:56:57 INFO Test Passed!


2023-12-12 02:56:57 INFO Running task: 55_0...
2023-12-12 02:56:58 INFO Compilation Failed!
2023-12-12 02:56:58 INFO Running task: 56_0...
2023-12-12 02:57:01 INFO Running task: 57_0...
2023-12-12 02:57:02 INFO Compilation Failed!
2023-12-12 02:57:02 INFO Running task: 58_0...
2023-12-12 02:57:03 INFO Test Passed!


2023-12-12 02:57:04 INFO Running task: 59_0...
2023-12-12 02:57:06 INFO Test Passed!


2023-12-12 02:57:06 INFO Running task: 60_0...
2023-12-12 02:57:08 INFO Test Failed!
2023-12-12 02:57:08 INFO run_output: b'] [204,205,206]\nTestcase No.1 Failed!\n] [3,7,8,10,12]\nTestcase No.2 Failed!\n[3685] [3670,3674,3677,3684,3685,3695,3714,3720]\nTestcase No.3 Failed!\n] [8587,8609]\nTestcase No.4 Failed!\n] [2437,2438,2442,2444,2447,2451,2457,2458,2466,2473,2479,2483,2488,2489,2510,2515,2517,2518]\nTestcase No.5 Failed!\nPassed 0/5 testcases!\nTest Failed!\n'


2023-12-12 02:57:08 INFO Running task: 61_0...
2023-12-12 02:57:10 INFO Test Passed!


2023-12-12 02:57:10 INFO Running task: 62_0...
2023-12-12 02:57:12 INFO Test Passed!


2023-12-12 02:57:12 INFO Running task: 63_0...
2023-12-12 02:57:13 INFO Compilation Failed!
2023-12-12 02:57:13 INFO Running task: 64_0...
2023-12-12 02:57:14 INFO Compilation Failed!
2023-12-12 02:57:14 INFO Running task: 65_0...
2023-12-12 02:57:16 INFO Test Passed!


2023-12-12 02:57:16 INFO Running task: 66_0...
2023-12-12 02:57:18 INFO Test Passed!


2023-12-12 02:57:18 INFO Running task: 67_0...
2023-12-12 02:57:19 INFO Compilation Failed!
2023-12-12 02:57:19 INFO Running task: 68_0...
2023-12-12 02:57:20 INFO Compilation Failed!
2023-12-12 02:57:20 INFO Running task: 69_0...
2023-12-12 02:57:24 INFO Test Passed!


2023-12-12 02:57:24 INFO Running task: 70_0...
2023-12-12 02:57:25 INFO Compilation Failed!
2023-12-12 02:57:25 INFO Running task: 71_0...
2023-12-12 02:57:26 INFO Compilation Failed!
2023-12-12 02:57:26 INFO Running task: 72_0...
2023-12-12 02:57:28 INFO Test Passed!


2023-12-12 02:57:28 INFO Running task: 73_0...
2023-12-12 02:57:29 INFO Test Passed!


2023-12-12 02:57:29 INFO Running task: 74_0...
2023-12-12 02:57:31 INFO Compilation Failed!
2023-12-12 02:57:31 INFO Running task: 75_0...
2023-12-12 02:57:32 INFO Test Passed!


2023-12-12 02:57:32 INFO Running task: 76_0...
2023-12-12 02:57:34 INFO Test Passed!


2023-12-12 02:57:34 INFO Running task: 77_0...
2023-12-12 02:57:36 INFO Test Passed!


2023-12-12 02:57:36 INFO Running task: 78_0...
2023-12-12 02:57:38 INFO Test Passed!


2023-12-12 02:57:38 INFO Running task: 79_0...
2023-12-12 02:57:39 INFO Test Passed!


2023-12-12 02:57:39 INFO Running task: 80_0...
2023-12-12 02:57:41 INFO Test Passed!


2023-12-12 02:57:41 INFO Running task: 81_0...
2023-12-12 02:57:42 INFO Compilation Failed!
2023-12-12 02:57:42 INFO Running task: 82_0...
2023-12-12 02:57:43 INFO Compilation Failed!
2023-12-12 02:57:43 INFO Running task: 83_0...
2023-12-12 02:57:45 INFO Test Passed!


2023-12-12 02:57:45 INFO Running task: 84_0...
2023-12-12 02:57:47 INFO Test Passed!


2023-12-12 02:57:47 INFO Running task: 85_0...
2023-12-12 02:57:48 INFO Test Passed!


2023-12-12 02:57:48 INFO Running task: 86_0...
2023-12-12 02:57:50 INFO Test Passed!


2023-12-12 02:57:50 INFO Running task: 87_0...
2023-12-12 02:57:52 INFO Running task: 88_0...
2023-12-12 02:57:55 INFO Test Failed!
2023-12-12 02:57:55 INFO run_output: b'true true\ntrue true\ntrue false\nTestcase No.3 Failed!\nfalse false\ntrue true\nPassed 4/5 testcases!\nTest Failed!\n'


2023-12-12 02:57:55 INFO Running task: 89_0...
2023-12-12 02:57:57 INFO Test Failed!
2023-12-12 02:57:57 INFO run_output: b'1 1\n6 3\nTestcase No.2 Failed!\n14 7\nTestcase No.3 Failed!\n46 10\nTestcase No.4 Failed!\n43 11\nTestcase No.5 Failed!\nPassed 1/5 testcases!\nTest Failed!\n'


2023-12-12 02:57:57 INFO Running task: 90_0...
2023-12-12 02:57:58 INFO Compilation Failed!
2023-12-12 02:57:58 INFO Running task: 91_0...
2023-12-12 02:57:59 INFO Compilation Failed!
2023-12-12 02:57:59 INFO Running task: 92_0...
2023-12-12 02:58:00 INFO Compilation Failed!
2023-12-12 02:58:00 INFO Running task: 93_0...
2023-12-12 02:58:01 INFO Compilation Failed!
2023-12-12 02:58:01 INFO Running task: 94_0...
2023-12-12 02:58:03 INFO Test Passed!


2023-12-12 02:58:03 INFO Running task: 95_0...
2023-12-12 02:58:05 INFO Test Passed!


2023-12-12 02:58:05 INFO Running task: 96_0...
2023-12-12 02:58:06 INFO Compilation Failed!
2023-12-12 02:58:06 INFO Running task: 97_0...
2023-12-12 02:58:07 INFO Test Passed!


2023-12-12 02:58:07 INFO Running task: 98_0...
2023-12-12 02:58:09 INFO Test Passed!


2023-12-12 02:58:09 INFO Running task: 99_0...
2023-12-12 02:58:11 INFO Test Passed!


2023-12-12 02:58:11 INFO Running task: 100_0...
2023-12-12 02:58:13 INFO Test Passed!


Traceback (most recent call last):
  File "/home/ubuntu/test_codellm/run_all_cpp_json.py", line 183, in <module>
    results = run_tests(
  File "/home/ubuntu/test_codellm/run_all_cpp_json.py", line 127, in run_tests
    data = json_data(task, "total", "total", results)
TypeError: json_data() missing 1 required positional argument: 'number'
