2023-12-16 14:52:33 INFO Running task: 1_0...
2023-12-16 14:52:35 INFO Test Passed!


2023-12-16 14:52:35 INFO Running task: 2_0...
2023-12-16 14:52:37 INFO Test Passed!


2023-12-16 14:52:37 INFO Running task: 3_0...
2023-12-16 14:52:38 INFO Test Passed!


2023-12-16 14:52:38 INFO Running task: 4_0...
2023-12-16 14:52:40 INFO Test Passed!


2023-12-16 14:52:40 INFO Running task: 5_0...
2023-12-16 14:52:41 INFO Compilation Failed!
2023-12-16 14:52:41 INFO Running task: 6_0...
2023-12-16 14:52:43 INFO Test Passed!


2023-12-16 14:52:43 INFO Running task: 7_0...
2023-12-16 14:52:45 INFO Test Passed!


2023-12-16 14:52:45 INFO Running task: 8_0...
2023-12-16 14:52:46 INFO Compilation Failed!
2023-12-16 14:52:46 INFO Running task: 9_0...
2023-12-16 14:52:47 INFO Compilation Failed!
2023-12-16 14:52:47 INFO Running task: 10_0...
2023-12-16 14:52:48 INFO Compilation Failed!
2023-12-16 14:52:48 INFO Running task: 11_0...
2023-12-16 14:52:50 INFO Test Passed!


2023-12-16 14:52:50 INFO Running task: 12_0...
2023-12-16 14:52:52 INFO Test Failed!
2023-12-16 14:52:52 INFO run_output: b'[1,0,-1] [2,1,-1]\nTestcase No.1 Failed!\n[0,1,0] [1,2,1]\nTestcase No.2 Failed!\n[-1,-1,0,-1,40] [-1,-1,68,-1,23]\nTestcase No.3 Failed!\n[96,90,79,51,49,37,56,49,59,4,39,84,82,83,98,19,5,11,58,77,64,89,45,24,3,25,43,17,68,50,72,97,26,11,96,3,61,10,92,78,92,46,79,79,49,28,53,43,1,0] [75,96,90,79,51,49,37,56,49,59,4,39,84,82,83,98,19,5,11,58,77,64,89,45,24,3,25,43,17,68,50,72,97,26,11,96,3,61,10,92,78,92,46,79,79,49,28,53,43,1]\nTestcase No.4 Failed!\n[-1,-1,-1,-1,-1,-1,-1,-1,-1,-1,-1,-1,-1,-1,-1,-1,-1,-1,-1,-1,-1,-1,-1,-1,-1,-1,-1,-1,-1,-1,-1,-1,-1,-1,-1,-1,-1,-1,-1,-1,-1,-1,-1,-1,-1,-1,-1,-1,-1,-1,-1,-1,-1,-1,-1,-1,-1,-1,-1,-1,-1,-1,-1,-1,-1,-1,-1,-1,-1,-1,-1,-1,-1,-1,-1,-1,-1,-1,-1,-1,-1,-1,-1,-1,-1,-1,-1,-1,-1,-1,-1,-1,-1,-1,-1,-1,-1,-1,-1,-1] [-1,-1,-1,-1,-1,-1,-1,-1,-1,-1,-1,-1,-1,-1,-1,-1,-1,-1,-1,-1,-1,-1,-1,-1,-1,-1,-1,-1,-1,-1,-1,-1,-1,-1,-1,-1,-1,-1,-1,-1,-1,-1,-1,-1,-1,-1,-1,-1,-1,-1,-1,-1,-1,-1,-1,-1,-1,-1,-1,-1,-1,-1,-1,-1,-1,-1,-1,-1,-1,-1,-1,-1,-1,-1,-1,-1,-1,-1,-1,-1,-1,-1,-1,-1,-1,-1,-1,-1,-1,-1,-1,-1,-1,-1,-1,-1,-1,-1,-1,-1]\nPassed 1/5 testcases!\nTest Failed!\n'


2023-12-16 14:52:52 INFO Running task: 13_0...
2023-12-16 14:52:53 INFO Test Passed!


2023-12-16 14:52:53 INFO Running task: 14_0...
2023-12-16 14:52:55 INFO Test Passed!


2023-12-16 14:52:55 INFO Running task: 15_0...
2023-12-16 14:52:57 INFO Test Passed!


2023-12-16 14:52:57 INFO Running task: 16_0...
2023-12-16 14:52:59 INFO Test Passed!


2023-12-16 14:52:59 INFO Running task: 17_0...
2023-12-16 14:53:01 INFO Test Passed!


2023-12-16 14:53:01 INFO Running task: 18_0...
2023-12-16 14:53:02 INFO Test Passed!


2023-12-16 14:53:02 INFO Running task: 19_0...
2023-12-16 14:53:04 INFO Test Passed!


2023-12-16 14:53:04 INFO Running task: 20_0...
2023-12-16 14:53:05 INFO Compilation Failed!
2023-12-16 14:53:05 INFO Running task: 21_0...
2023-12-16 14:53:07 INFO Test Failed!
2023-12-16 14:53:07 INFO run_output: b'6 4\nTestcase No.1 Failed!\n6 5\nTestcase No.2 Failed!\n6 4\nTestcase No.3 Failed!\n51 49\nTestcase No.4 Failed!\n51 45\nTestcase No.5 Failed!\nPassed 0/5 testcases!\nTest Failed!\n'


2023-12-16 14:53:07 INFO Running task: 22_0...
2023-12-16 14:53:09 INFO Test Passed!


2023-12-16 14:53:09 INFO Running task: 23_0...
2023-12-16 14:53:11 INFO Test Passed!


2023-12-16 14:53:11 INFO Running task: 24_0...
2023-12-16 14:53:12 INFO Test Passed!


2023-12-16 14:53:12 INFO Running task: 25_0...
2023-12-16 14:53:14 INFO Test Passed!


2023-12-16 14:53:14 INFO Running task: 26_0...
2023-12-16 14:53:16 INFO Test Passed!


2023-12-16 14:53:16 INFO Running task: 27_0...
2023-12-16 14:53:18 INFO Test Passed!


2023-12-16 14:53:18 INFO Running task: 28_0...
2023-12-16 14:53:19 INFO Test Passed!


2023-12-16 14:53:19 INFO Running task: 29_0...
2023-12-16 14:53:21 INFO Test Passed!


2023-12-16 14:53:21 INFO Running task: 30_0...
2023-12-16 14:53:22 INFO Compilation Failed!
2023-12-16 14:53:22 INFO Running task: 31_0...
2023-12-16 14:53:23 INFO Compilation Failed!
2023-12-16 14:53:23 INFO Running task: 32_0...
2023-12-16 14:53:25 INFO Test Passed!


2023-12-16 14:53:25 INFO Running task: 33_0...
2023-12-16 14:53:27 INFO Test Passed!


2023-12-16 14:53:27 INFO Running task: 34_0...
2023-12-16 14:53:28 INFO Test Failed!
2023-12-16 14:53:28 INFO run_output: b'false true\nTestcase No.1 Failed!\nfalse false\nfalse true\nTestcase No.3 Failed!\nfalse true\nTestcase No.4 Failed!\nfalse false\nPassed 2/5 testcases!\nTest Failed!\n'


2023-12-16 14:53:28 INFO Running task: 35_0...
2023-12-16 14:53:30 INFO Test Failed!
2023-12-16 14:53:30 INFO run_output: b'false true\nTestcase No.1 Failed!\nfalse false\nfalse false\nfalse true\nTestcase No.4 Failed!\nfalse true\nTestcase No.5 Failed!\nPassed 2/5 testcases!\nTest Failed!\n'


2023-12-16 14:53:30 INFO Running task: 36_0...
2023-12-16 14:53:32 INFO Test Passed!


2023-12-16 14:53:32 INFO Running task: 37_0...
2023-12-16 14:53:34 INFO Test Passed!


2023-12-16 14:53:34 INFO Running task: 38_0...
2023-12-16 14:53:36 INFO Test Passed!


2023-12-16 14:53:36 INFO Running task: 39_0...
2023-12-16 14:53:38 INFO Test Passed!


2023-12-16 14:53:38 INFO Running task: 40_0...
2023-12-16 14:53:40 INFO Test Passed!


2023-12-16 14:53:40 INFO Running task: 41_0...
2023-12-16 14:53:42 INFO Test Passed!


2023-12-16 14:53:42 INFO Running task: 42_0...
2023-12-16 14:53:44 INFO Compilation Failed!
2023-12-16 14:53:44 INFO Running task: 43_0...
2023-12-16 14:53:46 INFO Test Passed!


2023-12-16 14:53:46 INFO Running task: 44_0...
2023-12-16 14:53:47 INFO Compilation Failed!
2023-12-16 14:53:47 INFO Running task: 45_0...
2023-12-16 14:53:48 INFO Compilation Failed!
2023-12-16 14:53:48 INFO Running task: 46_0...
2023-12-16 14:53:50 INFO Test Passed!


2023-12-16 14:53:50 INFO Running task: 47_0...
2023-12-16 14:53:52 INFO Test Passed!


2023-12-16 14:53:52 INFO Running task: 48_0...
2023-12-16 14:53:53 INFO Compilation Failed!
2023-12-16 14:53:53 INFO Running task: 49_0...
2023-12-16 14:53:55 INFO Test Passed!


2023-12-16 14:53:55 INFO Running task: 50_0...
2023-12-16 14:53:57 INFO Test Passed!


2023-12-16 14:53:57 INFO Running task: 51_0...
2023-12-16 14:53:58 INFO Test Passed!


2023-12-16 14:53:58 INFO Running task: 52_0...
2023-12-16 14:54:00 INFO Test Passed!


2023-12-16 14:54:00 INFO Running task: 53_0...
2023-12-16 14:54:02 INFO Test Passed!


2023-12-16 14:54:02 INFO Running task: 54_0...
2023-12-16 14:54:04 INFO Test Passed!


2023-12-16 14:54:04 INFO Running task: 55_0...
2023-12-16 14:54:06 INFO Test Passed!


2023-12-16 14:54:06 INFO Running task: 56_0...
2023-12-16 14:54:09 INFO Running task: 57_0...
2023-12-16 14:54:11 INFO Test Passed!


2023-12-16 14:54:11 INFO Running task: 58_0...
2023-12-16 14:54:12 INFO Test Passed!


2023-12-16 14:54:12 INFO Running task: 59_0...
2023-12-16 14:54:16 INFO Test Passed!


2023-12-16 14:54:16 INFO Running task: 60_0...
2023-12-16 14:54:17 INFO Compilation Failed!
2023-12-16 14:54:17 INFO Running task: 61_0...
2023-12-16 14:54:19 INFO Test Passed!


2023-12-16 14:54:19 INFO Running task: 62_0...
2023-12-16 14:54:20 INFO Compilation Failed!
2023-12-16 14:54:20 INFO Running task: 63_0...
2023-12-16 14:54:21 INFO Test Passed!


2023-12-16 14:54:21 INFO Running task: 64_0...
2023-12-16 14:54:23 INFO Compilation Failed!
2023-12-16 14:54:23 INFO Running task: 65_0...
2023-12-16 14:54:24 INFO Compilation Failed!
2023-12-16 14:54:24 INFO Running task: 66_0...
2023-12-16 14:54:25 INFO Test Passed!


2023-12-16 14:54:25 INFO Running task: 67_0...
2023-12-16 14:54:27 INFO Compilation Failed!
2023-12-16 14:54:27 INFO Running task: 68_0...
2023-12-16 14:54:28 INFO Compilation Failed!
2023-12-16 14:54:28 INFO Running task: 69_0...
2023-12-16 14:54:32 INFO Test Passed!


2023-12-16 14:54:32 INFO Running task: 70_0...
2023-12-16 14:54:33 INFO Test Failed!
2023-12-16 14:54:33 INFO run_output: b'"three o\'clock" "three o\' clock"\nTestcase No.1 Failed!\n"thirteen minutes to six" "thirteen minutes to six"\n"quarter past seven" "quarter past seven"\n"twenty nine minutes past seven" "twenty nine minutes past seven"\n"half past five" "half past five"\nPassed 4/5 testcases!\nTest Failed!\n'


2023-12-16 14:54:33 INFO Running task: 71_0...
2023-12-16 14:54:36 INFO Test Failed!
2023-12-16 14:54:36 INFO run_output: b'10 2\nTestcase No.1 Failed!\n12 2\nTestcase No.2 Failed!\n20 4\nTestcase No.3 Failed!\n53378 24008\nTestcase No.4 Failed!\n52078 15986\nTestcase No.5 Failed!\nPassed 0/5 testcases!\nTest Failed!\n'


2023-12-16 14:54:36 INFO Running task: 72_0...
2023-12-16 14:54:37 INFO Test Passed!


2023-12-16 14:54:37 INFO Running task: 73_0...
2023-12-16 14:54:39 INFO Test Passed!


2023-12-16 14:54:39 INFO Running task: 74_0...
2023-12-16 14:54:41 INFO Test Failed!
2023-12-16 14:54:41 INFO run_output: b'[3,4] [3,4,6,12]\nTestcase No.1 Failed!\n[1,2] [1,2,4]\nTestcase No.2 Failed!\n[7] [7,14]\nTestcase No.3 Failed!\n[1232,2464,3696,4928,7392,8624,9856,13552,14784,17248,25872,27104,29568,34496,40656,51744,54208,60368,68992,81312,94864,103488,108416,120736,162624,181104,189728,206976,241472,284592,325248,362208,379456,482944,569184,664048,724416,758912,1138368,1328096,1448832,1992144,2276736,2656192,3984288,5312384,7968576] [1232,2464,3696,4928,7392,8624,9856,13552,14784,17248,25872,27104,29568,34496,40656,51744,54208,60368,68992,81312,94864,103488,108416,120736,162624,181104,189728,206976,241472,284592,325248,362208,379456,482944,569184,664048,724416,758912,1138368,1328096,1448832,1992144,2276736,2656192,3984288,5312384,7968576,15937152]\nTestcase No.4 Failed!\n[10000,20000,40000,50000,80000,100000,160000,200000,250000,320000,400000,500000,800000,1000000,1250000,1600000,2000000,2500000,4000000,5000000,6250000,8000000,10000000,12500000,20000000,25000000,31250000,40000000,50000000,62500000,100000000,125000000,200000000,250000000,500000000] [10000,20000,40000,50000,80000,100000,160000,200000,250000,320000,400000,500000,800000,1000000,1250000,1600000,2000000,2500000,4000000,5000000,6250000,8000000,10000000,12500000,20000000,25000000,31250000,40000000,50000000,62500000,100000000,125000000,200000000,250000000,500000000,1000000000]\nTestcase No.5 Failed!\nPassed 0/5 testcases!\nTest Failed!\n'


2023-12-16 14:54:41 INFO Running task: 75_0...
2023-12-16 14:54:43 INFO Test Passed!


2023-12-16 14:54:43 INFO Running task: 76_0...
2023-12-16 14:54:44 INFO Test Passed!


2023-12-16 14:54:44 INFO Running task: 77_0...
2023-12-16 14:54:46 INFO Test Passed!


2023-12-16 14:54:46 INFO Running task: 78_0...
2023-12-16 14:54:48 INFO Test Passed!


2023-12-16 14:54:48 INFO Running task: 79_0...
2023-12-16 14:54:50 INFO Test Passed!


2023-12-16 14:54:50 INFO Running task: 80_0...
2023-12-16 14:54:51 INFO Test Passed!


2023-12-16 14:54:51 INFO Running task: 81_0...
2023-12-16 14:54:53 INFO Compilation Failed!
2023-12-16 14:54:53 INFO Running task: 82_0...
2023-12-16 14:54:54 INFO Test Passed!


2023-12-16 14:54:54 INFO Running task: 83_0...
2023-12-16 14:54:56 INFO Test Passed!


2023-12-16 14:54:56 INFO Running task: 84_0...
2023-12-16 14:54:58 INFO Test Passed!


2023-12-16 14:54:58 INFO Running task: 85_0...
2023-12-16 14:54:59 INFO Test Passed!


2023-12-16 14:54:59 INFO Running task: 86_0...
2023-12-16 14:55:01 INFO Test Passed!


2023-12-16 14:55:01 INFO Running task: 87_0...
2023-12-16 14:55:04 INFO Running task: 88_0...
2023-12-16 14:55:05 INFO Compilation Failed!
2023-12-16 14:55:05 INFO Running task: 89_0...
2023-12-16 14:55:06 INFO Test Failed!
2023-12-16 14:55:06 INFO run_output: b'1 1\n6 3\nTestcase No.2 Failed!\n14 7\nTestcase No.3 Failed!\n46 10\nTestcase No.4 Failed!\n43 11\nTestcase No.5 Failed!\nPassed 1/5 testcases!\nTest Failed!\n'


2023-12-16 14:55:06 INFO Running task: 90_0...
2023-12-16 14:55:08 INFO Compilation Failed!
2023-12-16 14:55:08 INFO Running task: 91_0...
2023-12-16 14:55:09 INFO Test Passed!


2023-12-16 14:55:09 INFO Running task: 92_0...
2023-12-16 14:55:12 INFO Test Failed!
2023-12-16 14:55:12 INFO run_output: b'false true\nTestcase No.1 Failed!\nfalse false\nfalse false\nfalse false\ntrue true\nPassed 4/5 testcases!\nTest Failed!\n'


2023-12-16 14:55:12 INFO Running task: 93_0...
2023-12-16 14:55:15 INFO Test Passed!


2023-12-16 14:55:15 INFO Running task: 94_0...
2023-12-16 14:55:17 INFO Test Passed!


2023-12-16 14:55:17 INFO Running task: 95_0...
2023-12-16 14:55:18 INFO Test Passed!


2023-12-16 14:55:18 INFO Running task: 96_0...
2023-12-16 14:55:20 INFO Test Passed!


2023-12-16 14:55:20 INFO Running task: 97_0...
2023-12-16 14:55:22 INFO Test Passed!


2023-12-16 14:55:22 INFO Running task: 98_0...
2023-12-16 14:55:23 INFO Test Passed!


2023-12-16 14:55:23 INFO Running task: 99_0...
2023-12-16 14:55:25 INFO Compilation Failed!
2023-12-16 14:55:25 INFO Running task: 100_0...
2023-12-16 14:55:26 INFO Compilation Failed!
2023-12-16 14:55:26 INFO [[1], [1], [1], [1], [2], [1], [1], [2], [2], [2], [1], [4], [1], [1], [1], [1], [1], [1], [1], [2], [4], [1], [1], [1], [1], [1], [1], [1], [1], [2], [2], [1], [1], [4], [4], [1], [1], [1], [1], [1], [1], [2], [1], [2], [2], [1], [1], [2], [1], [1], [1], [1], [1], [1], [1], [0], [1], [1], [1], [2], [1], [2], [1], [2], [2], [1], [2], [2], [1], [4], [4], [1], [1], [4], [1], [1], [1], [1], [1], [1], [2], [1], [1], [1], [1], [1], [0], [2], [4], [2], [1], [4], [1], [1], [1], [1], [1], [1], [2], [2]]
