2023-12-12 11:59:27 INFO Running task: 1_0...
2023-12-12 11:59:29 INFO Test Passed!


2023-12-12 11:59:29 INFO Running task: 2_0...
2023-12-12 11:59:31 INFO Test Passed!


2023-12-12 11:59:31 INFO Running task: 3_0...
2023-12-12 11:59:32 INFO Test Passed!


2023-12-12 11:59:32 INFO Running task: 4_0...
2023-12-12 11:59:34 INFO Test Passed!


2023-12-12 11:59:34 INFO Running task: 5_0...
2023-12-12 11:59:36 INFO Test Passed!


2023-12-12 11:59:36 INFO Running task: 6_0...
2023-12-12 11:59:38 INFO Test Passed!


2023-12-12 11:59:38 INFO Running task: 7_0...
2023-12-12 11:59:39 INFO Test Passed!


2023-12-12 11:59:39 INFO Running task: 8_0...
2023-12-12 11:59:41 INFO Test Passed!


2023-12-12 11:59:41 INFO Running task: 9_0...
2023-12-12 11:59:43 INFO Test Passed!


2023-12-12 11:59:43 INFO Running task: 10_0...
2023-12-12 11:59:44 INFO Test Passed!


2023-12-12 11:59:44 INFO Running task: 11_0...
2023-12-12 11:59:46 INFO Test Passed!


2023-12-12 11:59:46 INFO Running task: 12_0...
2023-12-12 11:59:48 INFO Test Passed!


2023-12-12 11:59:48 INFO Running task: 13_0...
2023-12-12 11:59:50 INFO Test Passed!


2023-12-12 11:59:50 INFO Running task: 14_0...
2023-12-12 11:59:51 INFO Compilation Failed!
2023-12-12 11:59:51 INFO Running task: 15_0...
2023-12-12 11:59:52 INFO Test Passed!


2023-12-12 11:59:52 INFO Running task: 16_0...
2023-12-12 11:59:54 INFO Test Passed!


2023-12-12 11:59:54 INFO Running task: 17_0...
2023-12-12 11:59:55 INFO Compilation Failed!
2023-12-12 11:59:55 INFO Running task: 18_0...
2023-12-12 11:59:56 INFO Compilation Failed!
2023-12-12 11:59:56 INFO Running task: 19_0...
2023-12-12 11:59:58 INFO Test Passed!


2023-12-12 11:59:58 INFO Running task: 20_0...
2023-12-12 12:00:00 INFO Test Passed!


2023-12-12 12:00:00 INFO Running task: 21_0...
2023-12-12 12:00:02 INFO Test Passed!


2023-12-12 12:00:02 INFO Running task: 22_0...
2023-12-12 12:00:03 INFO Compilation Failed!
2023-12-12 12:00:03 INFO Running task: 23_0...
2023-12-12 12:00:05 INFO Test Passed!


2023-12-12 12:00:05 INFO Running task: 24_0...
2023-12-12 12:00:06 INFO Test Passed!


2023-12-12 12:00:06 INFO Running task: 25_0...
2023-12-12 12:00:07 INFO Compilation Failed!
2023-12-12 12:00:07 INFO Running task: 26_0...
2023-12-12 12:00:09 INFO Test Passed!


2023-12-12 12:00:09 INFO Running task: 27_0...
2023-12-12 12:00:10 INFO Compilation Failed!
2023-12-12 12:00:10 INFO Running task: 28_0...
2023-12-12 12:00:12 INFO Test Passed!


2023-12-12 12:00:12 INFO Running task: 29_0...
2023-12-12 12:00:14 INFO Test Passed!


2023-12-12 12:00:14 INFO Running task: 30_0...
2023-12-12 12:00:15 INFO Test Passed!


2023-12-12 12:00:15 INFO Running task: 31_0...
2023-12-12 12:00:17 INFO Test Passed!


2023-12-12 12:00:17 INFO Running task: 32_0...
2023-12-12 12:00:19 INFO Test Passed!


2023-12-12 12:00:19 INFO Running task: 33_0...
2023-12-12 12:00:21 INFO Test Passed!


2023-12-12 12:00:21 INFO Running task: 34_0...
2023-12-12 12:00:22 INFO Test Passed!


2023-12-12 12:00:22 INFO Running task: 35_0...
2023-12-12 12:00:24 INFO Test Passed!


2023-12-12 12:00:24 INFO Running task: 36_0...
2023-12-12 12:00:26 INFO Test Passed!


2023-12-12 12:00:26 INFO Running task: 37_0...
2023-12-12 12:00:27 INFO Test Passed!


2023-12-12 12:00:27 INFO Running task: 38_0...
2023-12-12 12:00:29 INFO Test Passed!


2023-12-12 12:00:29 INFO Running task: 39_0...
2023-12-12 12:00:31 INFO Test Passed!


2023-12-12 12:00:31 INFO Running task: 40_0...
2023-12-12 12:00:32 INFO Test Passed!


2023-12-12 12:00:32 INFO Running task: 41_0...
2023-12-12 12:00:34 INFO Test Passed!


2023-12-12 12:00:34 INFO Running task: 42_0...
2023-12-12 12:00:36 INFO Test Failed!
2023-12-12 12:00:36 INFO run_output: b'1 0\nTestcase No.1 Failed!\n1 1\n3 3\n169 104\nTestcase No.4 Failed!\n531 123\nTestcase No.5 Failed!\nPassed 2/5 testcases!\nTest Failed!\n'


2023-12-12 12:00:36 INFO Running task: 43_0...
2023-12-12 12:00:37 INFO Test Passed!


2023-12-12 12:00:37 INFO Running task: 44_0...
2023-12-12 12:00:39 INFO Test Failed!
2023-12-12 12:00:39 INFO run_output: b'122 88\nTestcase No.1 Failed!\n7 -1\nTestcase No.2 Failed!\n19904 19904\n19800 19800\n20000 16961\nTestcase No.5 Failed!\nPassed 2/5 testcases!\nTest Failed!\n'


2023-12-12 12:00:39 INFO Running task: 45_0...
2023-12-12 12:00:41 INFO Test Passed!


2023-12-12 12:00:41 INFO Running task: 46_0...
2023-12-12 12:00:42 INFO Test Passed!


2023-12-12 12:00:42 INFO Running task: 47_0...
2023-12-12 12:00:44 INFO Test Passed!


2023-12-12 12:00:44 INFO Running task: 48_0...
2023-12-12 12:00:46 INFO Test Passed!


2023-12-12 12:00:46 INFO Running task: 49_0...
2023-12-12 12:00:48 INFO Test Passed!


2023-12-12 12:00:48 INFO Running task: 50_0...
2023-12-12 12:00:49 INFO Test Passed!


2023-12-12 12:00:49 INFO Running task: 51_0...
2023-12-12 12:00:51 INFO Test Passed!


2023-12-12 12:00:51 INFO Running task: 52_0...
2023-12-12 12:00:53 INFO Test Passed!


2023-12-12 12:00:53 INFO Running task: 53_0...
2023-12-12 12:00:54 INFO Compilation Failed!
2023-12-12 12:00:54 INFO Running task: 54_0...
2023-12-12 12:00:56 INFO Test Passed!


2023-12-12 12:00:56 INFO Running task: 55_0...
2023-12-12 12:00:57 INFO Compilation Failed!
2023-12-12 12:00:57 INFO Running task: 56_0...
2023-12-12 12:01:01 INFO Test Passed!


2023-12-12 12:01:01 INFO Running task: 57_0...
2023-12-12 12:01:02 INFO Test Passed!


2023-12-12 12:01:02 INFO Running task: 58_0...
2023-12-12 12:01:04 INFO Test Passed!


2023-12-12 12:01:04 INFO Running task: 59_0...
2023-12-12 12:01:07 INFO Test Passed!


2023-12-12 12:01:07 INFO Running task: 60_0...
2023-12-12 12:01:09 INFO Test Passed!


2023-12-12 12:01:09 INFO Running task: 61_0...
2023-12-12 12:01:11 INFO Test Passed!


2023-12-12 12:01:11 INFO Running task: 62_0...
2023-12-12 12:01:13 INFO Test Passed!


2023-12-12 12:01:13 INFO Running task: 63_0...
2023-12-12 12:01:14 INFO Test Passed!


2023-12-12 12:01:14 INFO Running task: 64_0...
2023-12-12 12:01:16 INFO Test Passed!


2023-12-12 12:01:16 INFO Running task: 65_0...
2023-12-12 12:01:18 INFO Test Passed!


2023-12-12 12:01:18 INFO Running task: 66_0...
2023-12-12 12:01:19 INFO Test Passed!


2023-12-12 12:01:19 INFO Running task: 67_0...
2023-12-12 12:01:22 INFO Test Failed!
2023-12-12 12:01:22 INFO run_output: b'2 2\n2 2\n1189 1189\n-2147416424 729935\nTestcase No.4 Failed!\n99925 99925\nPassed 4/5 testcases!\nTest Failed!\n'


2023-12-12 12:01:22 INFO Running task: 68_0...
2023-12-12 12:01:23 INFO Compilation Failed!
2023-12-12 12:01:23 INFO Running task: 69_0...
2023-12-12 12:01:27 INFO Test Passed!


2023-12-12 12:01:27 INFO Running task: 70_0...
2023-12-12 12:01:28 INFO Test Passed!


2023-12-12 12:01:28 INFO Running task: 71_0...
2023-12-12 12:01:31 INFO Test Passed!


2023-12-12 12:01:31 INFO Running task: 72_0...
2023-12-12 12:01:32 INFO Test Passed!


2023-12-12 12:01:32 INFO Running task: 73_0...
2023-12-12 12:01:34 INFO Test Passed!


2023-12-12 12:01:34 INFO Running task: 74_0...
2023-12-12 12:01:36 INFO Test Passed!


2023-12-12 12:01:36 INFO Running task: 75_0...
2023-12-12 12:01:38 INFO Test Passed!


2023-12-12 12:01:38 INFO Running task: 76_0...
2023-12-12 12:01:39 INFO Test Passed!


2023-12-12 12:01:39 INFO Running task: 77_0...
2023-12-12 12:01:41 INFO Test Passed!


2023-12-12 12:01:41 INFO Running task: 78_0...
2023-12-12 12:01:43 INFO Test Passed!


2023-12-12 12:01:43 INFO Running task: 79_0...
2023-12-12 12:01:45 INFO Test Passed!


2023-12-12 12:01:45 INFO Running task: 80_0...
2023-12-12 12:01:47 INFO Test Passed!


2023-12-12 12:01:47 INFO Running task: 81_0...
2023-12-12 12:01:48 INFO Test Failed!
2023-12-12 12:01:48 INFO run_output: b'[3,1,0,0,0] [3,1,0,0,0]\n[0,2,2,0,0] [0,2,2,0,0]\n[742,231,33,1,1] [742,231,33,1,1]\n[1409862921,2488,0,0,0] [9999797513,2488,0,0,0]\nTestcase No.4 Failed!\n[1409834172,31236,1,0,0] [9999768764,31236,1,0,0]\nTestcase No.5 Failed!\nPassed 3/5 testcases!\nTest Failed!\n'


2023-12-12 12:01:48 INFO Running task: 82_0...
2023-12-12 12:01:50 INFO Test Failed!
2023-12-12 12:01:50 INFO run_output: b'-2147483647 2\nTestcase No.1 Failed!\n3 3\n-1 -1\n-2147483646 4\nTestcase No.4 Failed!\n-1 -1\nPassed 3/5 testcases!\nTest Failed!\n'


2023-12-12 12:01:50 INFO Running task: 83_0...
2023-12-12 12:01:52 INFO Test Passed!


2023-12-12 12:01:52 INFO Running task: 84_0...
2023-12-12 12:01:54 INFO Test Passed!


2023-12-12 12:01:54 INFO Running task: 85_0...
2023-12-12 12:01:55 INFO Compilation Failed!
2023-12-12 12:01:55 INFO Running task: 86_0...
2023-12-12 12:01:56 INFO Test Passed!


2023-12-12 12:01:56 INFO Running task: 87_0...
2023-12-12 12:02:00 INFO Test Passed!


2023-12-12 12:02:00 INFO Running task: 88_0...
2023-12-12 12:02:02 INFO Test Passed!


2023-12-12 12:02:02 INFO Running task: 89_0...
2023-12-12 12:02:04 INFO Test Passed!


2023-12-12 12:02:04 INFO Running task: 90_0...
2023-12-12 12:02:06 INFO Test Failed!
2023-12-12 12:02:06 INFO run_output: b'1 11\nTestcase No.1 Failed!\n2 16\nTestcase No.2 Failed!\n2 4\nTestcase No.3 Failed!\n3 29\nTestcase No.4 Failed!\n4279 12200824\nTestcase No.5 Failed!\nPassed 0/5 testcases!\nTest Failed!\n'


2023-12-12 12:02:06 INFO Running task: 91_0...
2023-12-12 12:02:08 INFO Test Passed!


2023-12-12 12:02:08 INFO Running task: 92_0...
2023-12-12 12:02:10 INFO Test Passed!


2023-12-12 12:02:10 INFO Running task: 93_0...
2023-12-12 12:02:11 INFO Test Passed!


2023-12-12 12:02:11 INFO Running task: 94_0...
2023-12-12 12:02:13 INFO Test Passed!


2023-12-12 12:02:13 INFO Running task: 95_0...
2023-12-12 12:02:15 INFO Test Passed!


2023-12-12 12:02:15 INFO Running task: 96_0...
2023-12-12 12:02:16 INFO Test Passed!


2023-12-12 12:02:16 INFO Running task: 97_0...
2023-12-12 12:02:18 INFO Test Passed!


2023-12-12 12:02:18 INFO Running task: 98_0...
2023-12-12 12:02:19 INFO Compilation Failed!
2023-12-12 12:02:19 INFO Running task: 99_0...
2023-12-12 12:02:21 INFO Test Passed!


2023-12-12 12:02:21 INFO Running task: 100_0...
2023-12-12 12:02:23 INFO Test Passed!


2023-12-12 12:02:23 INFO [[1], [1], [1], [1], [1], [1], [1], [1], [1], [1], [1], [1], [1], [2], [1], [1], [2], [2], [1], [1], [1], [2], [1], [1], [2], [1], [2], [1], [1], [1], [1], [1], [1], [1], [1], [1], [1], [1], [1], [1], [1], [4], [1], [4], [1], [1], [1], [1], [1], [1], [1], [1], [2], [1], [2], [1], [1], [1], [1], [1], [1], [1], [1], [1], [1], [1], [4], [2], [1], [1], [1], [1], [1], [1], [1], [1], [1], [1], [1], [1], [4], [4], [1], [1], [2], [1], [1], [1], [1], [4], [1], [1], [1], [1], [1], [1], [1], [2], [1], [1]]
