2023-12-12 02:05:33 INFO Running task: 1_0...
2023-12-12 02:05:35 INFO Test Passed!


2023-12-12 02:05:35 INFO Running task: 2_0...
2023-12-12 02:05:36 INFO Test Passed!


2023-12-12 02:05:36 INFO Running task: 3_0...
2023-12-12 02:05:38 INFO Test Passed!


2023-12-12 02:05:38 INFO Running task: 4_0...
2023-12-12 02:05:40 INFO Test Passed!


2023-12-12 02:05:40 INFO Running task: 5_0...
2023-12-12 02:05:41 INFO Test Passed!


2023-12-12 02:05:41 INFO Running task: 6_0...
2023-12-12 02:05:43 INFO Test Passed!


2023-12-12 02:05:43 INFO Running task: 7_0...
2023-12-12 02:05:45 INFO Test Passed!


2023-12-12 02:05:45 INFO Running task: 8_0...
2023-12-12 02:05:47 INFO Test Passed!


2023-12-12 02:05:47 INFO Running task: 9_0...
2023-12-12 02:05:48 INFO Test Passed!


2023-12-12 02:05:48 INFO Running task: 10_0...
2023-12-12 02:05:50 INFO Test Passed!


2023-12-12 02:05:50 INFO Running task: 11_0...
2023-12-12 02:05:52 INFO Test Passed!


2023-12-12 02:05:52 INFO Running task: 12_0...
2023-12-12 02:05:53 INFO Test Passed!


2023-12-12 02:05:53 INFO Running task: 13_0...
2023-12-12 02:05:55 INFO Test Passed!


2023-12-12 02:05:55 INFO Running task: 14_0...
2023-12-12 02:05:56 INFO Compilation Failed!
2023-12-12 02:05:56 INFO Running task: 15_0...
2023-12-12 02:05:58 INFO Test Passed!


2023-12-12 02:05:58 INFO Running task: 16_0...
2023-12-12 02:05:59 INFO Test Passed!


2023-12-12 02:05:59 INFO Running task: 17_0...
2023-12-12 02:06:01 INFO Compilation Failed!
2023-12-12 02:06:01 INFO Running task: 18_0...
2023-12-12 02:06:02 INFO Compilation Failed!
2023-12-12 02:06:02 INFO Running task: 19_0...
2023-12-12 02:06:03 INFO Test Passed!


2023-12-12 02:06:03 INFO Running task: 20_0...
2023-12-12 02:06:05 INFO Test Passed!


2023-12-12 02:06:05 INFO Running task: 21_0...
2023-12-12 02:06:07 INFO Test Passed!


2023-12-12 02:06:07 INFO Running task: 22_0...
2023-12-12 02:06:08 INFO Compilation Failed!
2023-12-12 02:06:08 INFO Running task: 23_0...
2023-12-12 02:06:10 INFO Test Passed!


2023-12-12 02:06:10 INFO Running task: 24_0...
2023-12-12 02:06:11 INFO Test Passed!


2023-12-12 02:06:11 INFO Running task: 25_0...
2023-12-12 02:06:13 INFO Compilation Failed!
2023-12-12 02:06:13 INFO Running task: 26_0...
2023-12-12 02:06:14 INFO Test Passed!


2023-12-12 02:06:14 INFO Running task: 27_0...
2023-12-12 02:06:15 INFO Compilation Failed!
2023-12-12 02:06:15 INFO Running task: 28_0...
2023-12-12 02:06:17 INFO Test Passed!


2023-12-12 02:06:17 INFO Running task: 29_0...
2023-12-12 02:06:19 INFO Test Passed!


2023-12-12 02:06:19 INFO Running task: 30_0...
2023-12-12 02:06:20 INFO Test Passed!


2023-12-12 02:06:20 INFO Running task: 31_0...
2023-12-12 02:06:22 INFO Test Passed!


2023-12-12 02:06:22 INFO Running task: 32_0...
2023-12-12 02:06:24 INFO Test Passed!


2023-12-12 02:06:24 INFO Running task: 33_0...
2023-12-12 02:06:26 INFO Test Passed!


2023-12-12 02:06:26 INFO Running task: 34_0...
2023-12-12 02:06:27 INFO Test Passed!


2023-12-12 02:06:27 INFO Running task: 35_0...
2023-12-12 02:06:29 INFO Test Passed!


2023-12-12 02:06:29 INFO Running task: 36_0...
2023-12-12 02:06:30 INFO Test Passed!


2023-12-12 02:06:30 INFO Running task: 37_0...
2023-12-12 02:06:32 INFO Test Passed!


2023-12-12 02:06:32 INFO Running task: 38_0...
2023-12-12 02:06:34 INFO Test Passed!


2023-12-12 02:06:34 INFO Running task: 39_0...
2023-12-12 02:06:36 INFO Test Passed!


2023-12-12 02:06:36 INFO Running task: 40_0...
2023-12-12 02:06:37 INFO Test Passed!


2023-12-12 02:06:37 INFO Running task: 41_0...
2023-12-12 02:06:39 INFO Test Passed!


2023-12-12 02:06:39 INFO Running task: 42_0...
2023-12-12 02:06:41 INFO Test Failed!
2023-12-12 02:06:41 INFO run_output: b'1 0\nTestcase No.1 Failed!\n1 1\n3 3\n169 104\nTestcase No.4 Failed!\n531 123\nTestcase No.5 Failed!\nPassed 2/5 testcases!\nTest Failed!\n'


2023-12-12 02:06:41 INFO Running task: 43_0...
2023-12-12 02:06:42 INFO Test Passed!


2023-12-12 02:06:42 INFO Running task: 44_0...
2023-12-12 02:06:44 INFO Test Failed!
2023-12-12 02:06:44 INFO run_output: b'122 88\nTestcase No.1 Failed!\n7 -1\nTestcase No.2 Failed!\n19904 19904\n19800 19800\n20000 16961\nTestcase No.5 Failed!\nPassed 2/5 testcases!\nTest Failed!\n'


2023-12-12 02:06:44 INFO Running task: 45_0...
2023-12-12 02:06:46 INFO Test Passed!


2023-12-12 02:06:46 INFO Running task: 46_0...
2023-12-12 02:06:47 INFO Test Passed!


2023-12-12 02:06:47 INFO Running task: 47_0...
2023-12-12 02:06:49 INFO Test Passed!


2023-12-12 02:06:49 INFO Running task: 48_0...
2023-12-12 02:06:51 INFO Test Passed!


2023-12-12 02:06:51 INFO Running task: 49_0...
2023-12-12 02:06:53 INFO Test Passed!


2023-12-12 02:06:53 INFO Running task: 50_0...
2023-12-12 02:06:54 INFO Test Passed!


2023-12-12 02:06:54 INFO Running task: 51_0...
2023-12-12 02:06:56 INFO Test Passed!


2023-12-12 02:06:56 INFO Running task: 52_0...
2023-12-12 02:06:58 INFO Test Passed!


2023-12-12 02:06:58 INFO Running task: 53_0...
2023-12-12 02:06:59 INFO Compilation Failed!
2023-12-12 02:06:59 INFO Running task: 54_0...
2023-12-12 02:07:01 INFO Test Passed!


2023-12-12 02:07:01 INFO Running task: 55_0...
2023-12-12 02:07:02 INFO Compilation Failed!
2023-12-12 02:07:02 INFO Running task: 56_0...
2023-12-12 02:07:06 INFO Test Passed!


2023-12-12 02:07:06 INFO Running task: 57_0...
2023-12-12 02:07:07 INFO Test Passed!


2023-12-12 02:07:07 INFO Running task: 58_0...
2023-12-12 02:07:09 INFO Test Passed!


2023-12-12 02:07:09 INFO Running task: 59_0...
2023-12-12 02:07:12 INFO Test Passed!


2023-12-12 02:07:12 INFO Running task: 60_0...
2023-12-12 02:07:14 INFO Test Passed!


2023-12-12 02:07:14 INFO Running task: 61_0...
2023-12-12 02:07:16 INFO Test Passed!


2023-12-12 02:07:16 INFO Running task: 62_0...
2023-12-12 02:07:17 INFO Test Passed!


2023-12-12 02:07:17 INFO Running task: 63_0...
2023-12-12 02:07:19 INFO Test Passed!


2023-12-12 02:07:19 INFO Running task: 64_0...
2023-12-12 02:07:21 INFO Test Passed!


2023-12-12 02:07:21 INFO Running task: 65_0...
2023-12-12 02:07:23 INFO Test Passed!


2023-12-12 02:07:23 INFO Running task: 66_0...
2023-12-12 02:07:24 INFO Test Passed!


2023-12-12 02:07:24 INFO Running task: 67_0...
2023-12-12 02:07:26 INFO Test Failed!
2023-12-12 02:07:26 INFO run_output: b'2 2\n2 2\n1189 1189\n-2147416424 729935\nTestcase No.4 Failed!\n99925 99925\nPassed 4/5 testcases!\nTest Failed!\n'


2023-12-12 02:07:26 INFO Running task: 68_0...
2023-12-12 02:07:27 INFO Compilation Failed!
2023-12-12 02:07:27 INFO Running task: 69_0...
2023-12-12 02:07:31 INFO Test Passed!


2023-12-12 02:07:31 INFO Running task: 70_0...
2023-12-12 02:07:33 INFO Test Passed!


2023-12-12 02:07:33 INFO Running task: 71_0...
2023-12-12 02:07:35 INFO Test Passed!


2023-12-12 02:07:35 INFO Running task: 72_0...
2023-12-12 02:07:37 INFO Test Passed!


2023-12-12 02:07:37 INFO Running task: 73_0...
2023-12-12 02:07:38 INFO Test Passed!


2023-12-12 02:07:38 INFO Running task: 74_0...
2023-12-12 02:07:40 INFO Test Passed!


2023-12-12 02:07:40 INFO Running task: 75_0...
2023-12-12 02:07:42 INFO Test Passed!


2023-12-12 02:07:42 INFO Running task: 76_0...
2023-12-12 02:07:44 INFO Test Passed!


2023-12-12 02:07:44 INFO Running task: 77_0...
2023-12-12 02:07:46 INFO Test Passed!


2023-12-12 02:07:46 INFO Running task: 78_0...
2023-12-12 02:07:48 INFO Test Passed!


2023-12-12 02:07:48 INFO Running task: 79_0...
2023-12-12 02:07:49 INFO Test Passed!


2023-12-12 02:07:49 INFO Running task: 80_0...
2023-12-12 02:07:51 INFO Test Passed!


2023-12-12 02:07:51 INFO Running task: 81_0...
2023-12-12 02:07:53 INFO Test Failed!
2023-12-12 02:07:53 INFO run_output: b'[3,1,0,0,0] [3,1,0,0,0]\n[0,2,2,0,0] [0,2,2,0,0]\n[742,231,33,1,1] [742,231,33,1,1]\n[1409862921,2488,0,0,0] [9999797513,2488,0,0,0]\nTestcase No.4 Failed!\n[1409834172,31236,1,0,0] [9999768764,31236,1,0,0]\nTestcase No.5 Failed!\nPassed 3/5 testcases!\nTest Failed!\n'


2023-12-12 02:07:53 INFO Running task: 82_0...
2023-12-12 02:07:54 INFO Test Failed!
2023-12-12 02:07:54 INFO run_output: b'-2147483647 2\nTestcase No.1 Failed!\n3 3\n-1 -1\n-2147483646 4\nTestcase No.4 Failed!\n-1 -1\nPassed 3/5 testcases!\nTest Failed!\n'


2023-12-12 02:07:54 INFO Running task: 83_0...
2023-12-12 02:07:56 INFO Test Passed!


2023-12-12 02:07:56 INFO Running task: 84_0...
2023-12-12 02:07:58 INFO Test Passed!


2023-12-12 02:07:58 INFO Running task: 85_0...
2023-12-12 02:07:59 INFO Compilation Failed!
2023-12-12 02:07:59 INFO Running task: 86_0...
2023-12-12 02:08:00 INFO Test Passed!


2023-12-12 02:08:00 INFO Running task: 87_0...
2023-12-12 02:08:04 INFO Test Passed!


2023-12-12 02:08:04 INFO Running task: 88_0...
2023-12-12 02:08:06 INFO Test Passed!


2023-12-12 02:08:06 INFO Running task: 89_0...
2023-12-12 02:08:08 INFO Test Passed!


2023-12-12 02:08:08 INFO Running task: 90_0...
2023-12-12 02:08:10 INFO Test Failed!
2023-12-12 02:08:10 INFO run_output: b'1 11\nTestcase No.1 Failed!\n2 16\nTestcase No.2 Failed!\n2 4\nTestcase No.3 Failed!\n3 29\nTestcase No.4 Failed!\n4279 12200824\nTestcase No.5 Failed!\nPassed 0/5 testcases!\nTest Failed!\n'


2023-12-12 02:08:10 INFO Running task: 91_0...
2023-12-12 02:08:11 INFO Test Passed!


2023-12-12 02:08:11 INFO Running task: 92_0...
2023-12-12 02:08:13 INFO Test Passed!


2023-12-12 02:08:13 INFO Running task: 93_0...
2023-12-12 02:08:15 INFO Test Passed!


2023-12-12 02:08:15 INFO Running task: 94_0...
2023-12-12 02:08:17 INFO Test Passed!


2023-12-12 02:08:17 INFO Running task: 95_0...
2023-12-12 02:08:18 INFO Test Passed!


2023-12-12 02:08:18 INFO Running task: 96_0...
2023-12-12 02:08:20 INFO Test Passed!


2023-12-12 02:08:20 INFO Running task: 97_0...
2023-12-12 02:08:22 INFO Test Passed!


2023-12-12 02:08:22 INFO Running task: 98_0...
2023-12-12 02:08:23 INFO Compilation Failed!
2023-12-12 02:08:23 INFO Running task: 99_0...
2023-12-12 02:08:25 INFO Test Passed!


2023-12-12 02:08:25 INFO Running task: 100_0...
2023-12-12 02:08:26 INFO Test Passed!


Traceback (most recent call last):
  File "/home/ubuntu/test_codellm/run_all_cpp_json.py", line 183, in <module>
    results = run_tests(
  File "/home/ubuntu/test_codellm/run_all_cpp_json.py", line 127, in run_tests
    data = json_data(task, "total", "total", results)
TypeError: json_data() missing 1 required positional argument: 'number'
