2023-12-16 17:17:53 INFO Running task: 1_0...
2023-12-16 17:17:53 INFO Test Passed!


2023-12-16 17:17:53 INFO Running task: 2_0...
2023-12-16 17:17:54 INFO Test Passed!


2023-12-16 17:17:54 INFO Running task: 3_0...
2023-12-16 17:17:55 INFO Test Passed!


2023-12-16 17:17:55 INFO Running task: 4_0...
2023-12-16 17:17:56 INFO Compilation Failed!
2023-12-16 17:17:56 INFO run_output: b"/home/ubuntu/test_codellm/unit_tests/codellama/c++_java/test.java:222: error: bad operand types for binary operator '+'\n        ans += s.charAt(i) != s.charAt(i + 1);\n            ^\n  first type:  int\n  second type: boolean\n1 error\nerror: compilation failed\n"


2023-12-16 17:17:56 INFO Running task: 5_0...
2023-12-16 17:17:57 INFO Test Passed!


2023-12-16 17:17:57 INFO Running task: 6_0...
2023-12-16 17:17:58 INFO Test Passed!


2023-12-16 17:17:58 INFO Running task: 7_0...
2023-12-16 17:17:59 INFO Test Passed!


2023-12-16 17:17:59 INFO Running task: 8_0...
2023-12-16 17:18:00 INFO Runtime Failed!
2023-12-16 17:18:00 INFO run_output: b'java.util.DuplicateFormatFlagsException: Flags = \'0\'\n\tat java.base/java.util.Formatter$Flags.parse(Formatter.java:4621)\n\tat java.base/java.util.Formatter$FormatSpecifier.flags(Formatter.java:2821)\n\tat java.base/java.util.Formatter$FormatSpecifier.<init>(Formatter.java:2880)\n\tat java.base/java.util.Formatter.parse(Formatter.java:2747)\n\tat java.base/java.util.Formatter.format(Formatter.java:2671)\n\tat java.base/java.util.Formatter.format(Formatter.java:2625)\n\tat java.base/java.lang.String.format(String.java:4145)\n\tat Test.testfunc(test.java:226)\n\tat Test.start(test.java:265)\n\tat Test.main(test.java:286)\n\tat java.base/jdk.internal.reflect.NativeMethodAccessorImpl.invoke0(Native Method)\n\tat java.base/jdk.internal.reflect.NativeMethodAccessorImpl.invoke(NativeMethodAccessorImpl.java:77)\n\tat java.base/jdk.internal.reflect.DelegatingMethodAccessorImpl.invoke(DelegatingMethodAccessorImpl.java:43)\n\tat java.base/java.lang.reflect.Method.invoke(Method.java:568)\n\tat jdk.compiler/com.sun.tools.javac.launcher.Main.execute(Main.java:419)\n\tat jdk.compiler/com.sun.tools.javac.launcher.Main.run(Main.java:192)\n\tat jdk.compiler/com.sun.tools.javac.launcher.Main.main(Main.java:132)\n"0001" "1001"\nTestcase No.2 Failed!\n"00000000001" "10000000001"\nTestcase No.3 Failed!\n"0000000000000000000000000000000000000000000000000000000000000000000000000000000000000000000000000001" "1111111111111111111111111111111111111111111111111111111000000000000000000000000000000000000000000001"\nTestcase No.4 Failed!\n"0000000000000000000000000000000000000000000000000000000000000000000000000000000000000000000000000001" "1111111111111111111111111111111111111111111111111100000000000000000000000000000000000000000000000001"\nTestcase No.5 Failed!\nPassed 0 / 5 testcases!\nTest Failed!\n'


2023-12-16 17:18:00 INFO Running task: 9_0...
2023-12-16 17:18:00 INFO Compilation Failed!
2023-12-16 17:18:00 INFO run_output: b"/home/ubuntu/test_codellm/unit_tests/codellama/c++_java/test.java:220: error: cannot find symbol\n    if (count(s.begin(), s.end(), '1') < k) {\n               ^\n  symbol:   method begin()\n  location: variable s of type String\n/home/ubuntu/test_codellm/unit_tests/codellama/c++_java/test.java:220: error: cannot find symbol\n    if (count(s.begin(), s.end(), '1') < k) {\n                          ^\n  symbol:   method end()\n  location: variable s of type String\n/home/ubuntu/test_codellm/unit_tests/codellama/c++_java/test.java:226: error: array required, but String found\n        cnt1 += s[right] - '0';\n                 ^\n/home/ubuntu/test_codellm/unit_tests/codellama/c++_java/test.java:227: error: array required, but String found\n        while (cnt1 > k || s[left] == '0') {\n                            ^\n/home/ubuntu/test_codellm/unit_tests/codellama/c++_java/test.java:228: error: array required, but String found\n            cnt1 -= s[left++] - '0';\n                     ^\n5 errors\nerror: compilation failed\n"


2023-12-16 17:18:00 INFO Running task: 10_0...
2023-12-16 17:18:01 INFO Compilation Failed!
2023-12-16 17:18:01 INFO run_output: b"/home/ubuntu/test_codellm/unit_tests/codellama/c++_java/test.java:222: error: bad operand types for binary operator '+'\n        t += s.charAt(i - 1) >= s.charAt(i);\n          ^\n  first type:  int\n  second type: boolean\n1 error\nerror: compilation failed\n"


2023-12-16 17:18:01 INFO Running task: 11_0...
2023-12-16 17:18:02 INFO Test Passed!


2023-12-16 17:18:02 INFO Running task: 12_0...
2023-12-16 17:18:03 INFO Test Passed!


2023-12-16 17:18:03 INFO Running task: 13_0...
2023-12-16 17:18:04 INFO Test Passed!


2023-12-16 17:18:04 INFO Running task: 14_0...
2023-12-16 17:18:05 INFO Compilation Failed!
2023-12-16 17:18:05 INFO run_output: b'/home/ubuntu/test_codellm/unit_tests/codellama/c++_java/test.java:221: error: method sort in interface List<E> cannot be applied to given types;\n    tasks.sort(null, Collections.reverseOrder());\n         ^\n  required: Comparator<? super Integer>\n  found:    <null>,Comparator<Object>\n  reason: actual and formal argument lists differ in length\n  where E is a type-variable:\n    E extends Object declared in interface List\nNote: /home/ubuntu/test_codellm/unit_tests/codellama/c++_java/test.java uses unchecked or unsafe operations.\nNote: Recompile with -Xlint:unchecked for details.\n1 error\nerror: compilation failed\n'


2023-12-16 17:18:05 INFO Running task: 15_0...
2023-12-16 17:18:06 INFO Test Passed!


2023-12-16 17:18:06 INFO Running task: 16_0...
2023-12-16 17:18:06 INFO Compilation Failed!
2023-12-16 17:18:06 INFO run_output: b'/home/ubuntu/test_codellm/unit_tests/codellama/c++_java/test.java:237: error: incompatible types: possible lossy conversion from long to int\n    return ans == Integer.MAX_VALUE ? -1 : ans + target / total * n;\n                                    ^\n1 error\nerror: compilation failed\n'


2023-12-16 17:18:06 INFO Running task: 17_0...
2023-12-16 17:18:07 INFO Test Passed!


2023-12-16 17:18:07 INFO Running task: 18_0...
2023-12-16 17:18:08 INFO Test Passed!


2023-12-16 17:18:08 INFO Running task: 19_0...
2023-12-16 17:18:09 INFO Compilation Failed!
2023-12-16 17:18:09 INFO run_output: b'/home/ubuntu/test_codellm/unit_tests/codellama/c++_java/test.java:229: error: cannot find symbol\n    return max(ans, 1);\n           ^\n  symbol:   method max(int,int)\n  location: class Test\n1 error\nerror: compilation failed\n'


2023-12-16 17:18:09 INFO Running task: 20_0...
2023-12-16 17:18:10 INFO Test Passed!


2023-12-16 17:18:10 INFO Running task: 21_0...
2023-12-16 17:18:10 INFO Compilation Failed!
2023-12-16 17:18:10 INFO run_output: b"/home/ubuntu/test_codellm/unit_tests/codellama/c++_java/test.java:221: error: not a statement\n    long long u = (2LL << k) - 2;\n    ^\n/home/ubuntu/test_codellm/unit_tests/codellama/c++_java/test.java:221: error: ';' expected\n    long long u = (2LL << k) - 2;\n        ^\n/home/ubuntu/test_codellm/unit_tests/codellama/c++_java/test.java:221: error: ')' expected\n    long long u = (2LL << k) - 2;\n                     ^\n/home/ubuntu/test_codellm/unit_tests/codellama/c++_java/test.java:221: error: not a statement\n    long long u = (2LL << k) - 2;\n                       ^\n/home/ubuntu/test_codellm/unit_tests/codellama/c++_java/test.java:221: error: ';' expected\n    long long u = (2LL << k) - 2;\n                           ^\n/home/ubuntu/test_codellm/unit_tests/codellama/c++_java/test.java:222: error: not a statement\n    long long s = 0;\n    ^\n/home/ubuntu/test_codellm/unit_tests/codellama/c++_java/test.java:222: error: ';' expected\n    long long s = 0;\n        ^\n/home/ubuntu/test_codellm/unit_tests/codellama/c++_java/test.java:224: error: ';' expected\n        s |= 1LL << nums.get(i);\n               ^\n/home/ubuntu/test_codellm/unit_tests/codellama/c++_java/test.java:224: error: not a statement\n        s |= 1LL << nums.get(i);\n                 ^\n9 errors\nerror: compilation failed\n"


2023-12-16 17:18:10 INFO Running task: 22_0...
2023-12-16 17:18:11 INFO Compilation Failed!
2023-12-16 17:18:11 INFO run_output: b"/home/ubuntu/test_codellm/unit_tests/codellama/c++_java/test.java:221: error: illegal start of expression\n    int mx = *min_element(stock.begin(), stock.end()) + budget;\n             ^\n/home/ubuntu/test_codellm/unit_tests/codellama/c++_java/test.java:222: error: not a statement\n    for (auto &com: composition) {\n              ^\n/home/ubuntu/test_codellm/unit_tests/codellama/c++_java/test.java:222: error: ';' expected\n    for (auto &com: composition) {\n                  ^\n/home/ubuntu/test_codellm/unit_tests/codellama/c++_java/test.java:222: error: not a statement\n    for (auto &com: composition) {\n                    ^\n/home/ubuntu/test_codellm/unit_tests/codellama/c++_java/test.java:222: error: ';' expected\n    for (auto &com: composition) {\n                               ^\n/home/ubuntu/test_codellm/unit_tests/codellama/c++_java/test.java:223: error: illegal start of expression\n        auto check = [&](long long num) -> bool {\n                     ^\n/home/ubuntu/test_codellm/unit_tests/codellama/c++_java/test.java:223: error: not a statement\n        auto check = [&](long long num) -> bool {\n                         ^\n/home/ubuntu/test_codellm/unit_tests/codellama/c++_java/test.java:223: error: ';' expected\n        auto check = [&](long long num) -> bool {\n                             ^\n/home/ubuntu/test_codellm/unit_tests/codellama/c++_java/test.java:223: error: ';' expected\n        auto check = [&](long long num) -> bool {\n                                      ^\n/home/ubuntu/test_codellm/unit_tests/codellama/c++_java/test.java:223: error: not a statement\n        auto check = [&](long long num) -> bool {\n                                           ^\n/home/ubuntu/test_codellm/unit_tests/codellama/c++_java/test.java:223: error: ';' expected\n        auto check = [&](long long num) -> bool {\n                                               ^\n/home/ubuntu/test_codellm/unit_tests/codellama/c++_java/test.java:224: error: not a statement\n            long long money = 0;\n            ^\n/home/ubuntu/test_codellm/unit_tests/codellama/c++_java/test.java:224: error: ';' expected\n            long long money = 0;\n                ^\n13 errors\nerror: compilation failed\n"


2023-12-16 17:18:11 INFO Running task: 23_0...
2023-12-16 17:18:12 INFO Test Passed!


2023-12-16 17:18:12 INFO Running task: 24_0...
2023-12-16 17:18:13 INFO Test Passed!


2023-12-16 17:18:13 INFO Running task: 25_0...
2023-12-16 17:18:14 INFO Test Passed!


2023-12-16 17:18:14 INFO Running task: 26_0...
2023-12-16 17:18:15 INFO Test Passed!


2023-12-16 17:18:15 INFO Running task: 27_0...
2023-12-16 17:18:16 INFO Test Passed!


2023-12-16 17:18:16 INFO Running task: 28_0...
2023-12-16 17:18:16 INFO Compilation Failed!
2023-12-16 17:18:16 INFO run_output: b"/home/ubuntu/test_codellm/unit_tests/codellama/c++_java/test.java:228: error: bad operand types for binary operator '+'\n        ans += s > 0;\n            ^\n  first type:  int\n  second type: boolean\nNote: /home/ubuntu/test_codellm/unit_tests/codellama/c++_java/test.java uses unchecked or unsafe operations.\nNote: Recompile with -Xlint:unchecked for details.\n1 error\nerror: compilation failed\n"


2023-12-16 17:18:16 INFO Running task: 29_0...
2023-12-16 17:18:17 INFO Test Passed!


2023-12-16 17:18:17 INFO Running task: 30_0...
2023-12-16 17:18:18 INFO Test Passed!


2023-12-16 17:18:18 INFO Running task: 31_0...
2023-12-16 17:18:19 INFO Compilation Failed!
2023-12-16 17:18:19 INFO run_output: b'/home/ubuntu/test_codellm/unit_tests/codellama/c++_java/test.java:222: error: no suitable method found for min(int,int,int,int,int)\n    return Math.min(f("00", num), f("25", num), f("50", num), f("75", num), zero);\n               ^\n    method Math.min(int,int) is not applicable\n      (actual and formal argument lists differ in length)\n    method Math.min(long,long) is not applicable\n      (actual and formal argument lists differ in length)\n    method Math.min(float,float) is not applicable\n      (actual and formal argument lists differ in length)\n    method Math.min(double,double) is not applicable\n      (actual and formal argument lists differ in length)\n1 error\nerror: compilation failed\n'


2023-12-16 17:18:19 INFO Running task: 32_0...
2023-12-16 17:18:20 INFO Test Passed!


2023-12-16 17:18:20 INFO Running task: 33_0...
2023-12-16 17:18:21 INFO Compilation Failed!
2023-12-16 17:18:21 INFO run_output: b'/home/ubuntu/test_codellm/unit_tests/codellama/c++_java/test.java:233: error: unexpected type\n        if (--cnt.get(out) == 0)\n                     ^\n  required: variable\n  found:    value\nNote: /home/ubuntu/test_codellm/unit_tests/codellama/c++_java/test.java uses unchecked or unsafe operations.\nNote: Recompile with -Xlint:unchecked for details.\n1 error\nerror: compilation failed\n'


2023-12-16 17:18:21 INFO Running task: 34_0...
2023-12-16 17:18:22 INFO Test Failed!
2023-12-16 17:18:22 INFO run_output: b'false true\nTestcase No.1 Failed!\nfalse false\nfalse true\nTestcase No.3 Failed!\nfalse true\nTestcase No.4 Failed!\nfalse false\nPassed 2 / 5 testcases!\nTest Failed!\n'


2023-12-16 17:18:22 INFO Running task: 35_0...
2023-12-16 17:18:22 INFO Test Passed!


2023-12-16 17:18:22 INFO Running task: 36_0...
2023-12-16 17:18:23 INFO Test Passed!


2023-12-16 17:18:23 INFO Running task: 37_0...
2023-12-16 17:18:24 INFO Runtime Failed!
2023-12-16 17:18:24 INFO run_output: b'Note: /home/ubuntu/test_codellm/unit_tests/codellama/c++_java/test.java uses unchecked or unsafe operations.\nNote: Recompile with -Xlint:unchecked for details.\njava.lang.IndexOutOfBoundsException: Index 1 out of bounds for length 0\n\tat java.base/jdk.internal.util.Preconditions.outOfBounds(Preconditions.java:64)\n\tat java.base/jdk.internal.util.Preconditions.outOfBoundsCheckIndex(Preconditions.java:70)\n\tat java.base/jdk.internal.util.Preconditions.checkIndex(Preconditions.java:266)\n\tat java.base/java.util.Objects.checkIndex(Objects.java:361)\n\tat java.base/java.util.ArrayList.get(ArrayList.java:427)\n\tat Test.testfunc(test.java:223)\n\tat Test.start(test.java:276)\n\tat Test.main(test.java:297)\n\tat java.base/jdk.internal.reflect.NativeMethodAccessorImpl.invoke0(Native Method)\n\tat java.base/jdk.internal.reflect.NativeMethodAccessorImpl.invoke(NativeMethodAccessorImpl.java:77)\n\tat java.base/jdk.internal.reflect.DelegatingMethodAccessorImpl.invoke(DelegatingMethodAccessorImpl.java:43)\n\tat java.base/java.lang.reflect.Method.invoke(Method.java:568)\n\tat jdk.compiler/com.sun.tools.javac.launcher.Main.execute(Main.java:419)\n\tat jdk.compiler/com.sun.tools.javac.launcher.Main.run(Main.java:192)\n\tat jdk.compiler/com.sun.tools.javac.launcher.Main.main(Main.java:132)\njava.lang.IndexOutOfBoundsException: Index 1 out of bounds for length 0\n\tat java.base/jdk.internal.util.Preconditions.outOfBounds(Preconditions.java:64)\n\tat java.base/jdk.internal.util.Preconditions.outOfBoundsCheckIndex(Preconditions.java:70)\n\tat java.base/jdk.internal.util.Preconditions.checkIndex(Preconditions.java:266)\n\tat java.base/java.util.Objects.checkIndex(Objects.java:361)\n\tat java.base/java.util.ArrayList.get(ArrayList.java:427)\n\tat Test.testfunc(test.java:223)\n\tat Test.start(test.java:276)\n\tat Test.main(test.java:297)\n\tat java.base/jdk.internal.reflect.NativeMethodAccessorImpl.invoke0(Native Method)\n\tat java.base/jdk.internal.reflect.NativeMethodAccessorImpl.invoke(NativeMethodAccessorImpl.java:77)\n\tat java.base/jdk.internal.reflect.DelegatingMethodAccessorImpl.invoke(DelegatingMethodAccessorImpl.java:43)\n\tat java.base/java.lang.reflect.Method.invoke(Method.java:568)\n\tat jdk.compiler/com.sun.tools.javac.launcher.Main.execute(Main.java:419)\n\tat jdk.compiler/com.sun.tools.javac.launcher.Main.run(Main.java:192)\n\tat jdk.compiler/com.sun.tools.javac.launcher.Main.main(Main.java:132)\njava.lang.IndexOutOfBoundsException: Index 3 out of bounds for length 0\n\tat java.base/jdk.internal.util.Preconditions.outOfBounds(Preconditions.java:64)\n\tat java.base/jdk.internal.util.Preconditions.outOfBoundsCheckIndex(Preconditions.java:70)\n\tat java.base/jdk.internal.util.Preconditions.checkIndex(Preconditions.java:266)\n\tat java.base/java.util.Objects.checkIndex(Objects.java:361)\n\tat java.base/java.util.ArrayList.get(ArrayList.java:427)\n\tat Test.testfunc(test.java:223)\n\tat Test.start(test.java:276)\n\tat Test.main(test.java:297)\n\tat java.base/jdk.internal.reflect.NativeMethodAccessorImpl.invoke0(Native Method)\n\tat java.base/jdk.internal.reflect.NativeMethodAccessorImpl.invoke(NativeMethodAccessorImpl.java:77)\n\tat java.base/jdk.internal.reflect.DelegatingMethodAccessorImpl.invoke(DelegatingMethodAccessorImpl.java:43)\n\tat java.base/java.lang.reflect.Method.invoke(Method.java:568)\n\tat jdk.compiler/com.sun.tools.javac.launcher.Main.execute(Main.java:419)\n\tat jdk.compiler/com.sun.tools.javac.launcher.Main.run(Main.java:192)\n\tat jdk.compiler/com.sun.tools.javac.launcher.Main.main(Main.java:132)\njava.lang.IndexOutOfBoundsException: Index 2 out of bounds for length 0\n\tat java.base/jdk.internal.util.Preconditions.outOfBounds(Preconditions.java:64)\n\tat java.base/jdk.internal.util.Preconditions.outOfBoundsCheckIndex(Preconditions.java:70)\n\tat java.base/jdk.internal.util.Preconditions.checkIndex(Preconditions.java:266)\n\tat java.base/java.util.Objects.checkIndex(Objects.java:361)\n\tat java.base/java.util.ArrayList.get(ArrayList.java:427)\n\tat Test.testfunc(test.java:223)\n\tat Test.start(test.java:276)\n\tat Test.main(test.java:297)\n\tat java.base/jdk.internal.reflect.NativeMethodAccessorImpl.invoke0(Native Method)\n\tat java.base/jdk.internal.reflect.NativeMethodAccessorImpl.invoke(NativeMethodAccessorImpl.java:77)\n\tat java.base/jdk.internal.reflect.DelegatingMethodAccessorImpl.invoke(DelegatingMethodAccessorImpl.java:43)\n\tat java.base/java.lang.reflect.Method.invoke(Method.java:568)\n\tat jdk.compiler/com.sun.tools.javac.launcher.Main.execute(Main.java:419)\n\tat jdk.compiler/com.sun.tools.javac.launcher.Main.run(Main.java:192)\n\tat jdk.compiler/com.sun.tools.javac.launcher.Main.main(Main.java:132)\njava.lang.IndexOutOfBoundsException: Index 11294 out of bounds for length 0\n\tat java.base/jdk.internal.util.Preconditions.outOfBounds(Preconditions.java:64)\n\tat java.base/jdk.internal.util.Preconditions.outOfBoundsCheckIndex(Preconditions.java:70)\n\tat java.base/jdk.internal.util.Preconditions.checkIndex(Preconditions.java:266)\n\tat java.base/java.util.Objects.checkIndex(Objects.java:361)\n\tat java.base/java.util.ArrayList.get(ArrayList.java:427)\n\tat Test.testfunc(test.java:223)\n\tat Test.start(test.java:276)\n\tat Test.main(test.java:297)\n\tat java.base/jdk.internal.reflect.NativeMethodAccessorImpl.invoke0(Native Method)\n\tat java.base/jdk.internal.reflect.NativeMethodAccessorImpl.invoke(NativeMethodAccessorImpl.java:77)\n\tat java.base/jdk.internal.reflect.DelegatingMethodAccessorImpl.invoke(DelegatingMethodAccessorImpl.java:43)\n\tat java.base/java.lang.reflect.Method.invoke(Method.java:568)\n\tat jdk.compiler/com.sun.tools.javac.launcher.Main.execute(Main.java:419)\n\tat jdk.compiler/com.sun.tools.javac.launcher.Main.run(Main.java:192)\n\tat jdk.compiler/com.sun.tools.javac.launcher.Main.main(Main.java:132)\nPassed 0 / 5 testcases!\nTest Failed!\n'


2023-12-16 17:18:24 INFO Running task: 38_0...
2023-12-16 17:18:25 INFO Test Passed!


2023-12-16 17:18:25 INFO Running task: 39_0...
2023-12-16 17:18:26 INFO Test Passed!


2023-12-16 17:18:26 INFO Running task: 40_0...
2023-12-16 17:18:27 INFO Test Passed!


2023-12-16 17:18:27 INFO Running task: 41_0...
2023-12-16 17:18:28 INFO Test Passed!


2023-12-16 17:18:28 INFO Running task: 42_0...
2023-12-16 17:18:28 INFO Compilation Failed!
2023-12-16 17:18:28 INFO run_output: b'/home/ubuntu/test_codellm/unit_tests/codellama/c++_java/test.java:225: error: cannot find symbol\n        Iterator<Integer> it = s.lowerBound(y);\n                                ^\n  symbol:   method lowerBound(int)\n  location: variable s of type Set<Integer>\n/home/ubuntu/test_codellm/unit_tests/codellama/c++_java/test.java:226: error: cannot find symbol\n        ans = Math.min(ans, Math.min(it.next() - y, y - it.previous()));\n                                                          ^\n  symbol:   method previous()\n  location: variable it of type Iterator<Integer>\nNote: /home/ubuntu/test_codellm/unit_tests/codellama/c++_java/test.java uses unchecked or unsafe operations.\nNote: Recompile with -Xlint:unchecked for details.\n2 errors\nerror: compilation failed\n'


2023-12-16 17:18:28 INFO Running task: 43_0...
2023-12-16 17:18:29 INFO Compilation Failed!
2023-12-16 17:18:29 INFO run_output: b'/home/ubuntu/test_codellm/unit_tests/codellama/c++_java/test.java:219: error: <identifier> expected\npublic static ListNode* testfunc(ListNode* head) {\n                      ^\n/home/ubuntu/test_codellm/unit_tests/codellama/c++_java/test.java:219: error: invalid method declaration; return type required\npublic static ListNode* testfunc(ListNode* head) {\n                        ^\n/home/ubuntu/test_codellm/unit_tests/codellama/c++_java/test.java:219: error: <identifier> expected\npublic static ListNode* testfunc(ListNode* head) {\n                                         ^\n/home/ubuntu/test_codellm/unit_tests/codellama/c++_java/test.java:224: error: not a statement\n        cur->val = cur->val * 2 % 10;\n        ^\n/home/ubuntu/test_codellm/unit_tests/codellama/c++_java/test.java:226: error: not a statement\n            cur->val++;\n            ^\n5 errors\nerror: compilation failed\n'


2023-12-16 17:18:29 INFO Running task: 44_0...
2023-12-16 17:18:30 INFO Test Passed!


2023-12-16 17:18:30 INFO Running task: 45_0...
2023-12-16 17:18:30 INFO Compilation Failed!
2023-12-16 17:18:30 INFO run_output: b'/home/ubuntu/test_codellm/unit_tests/codellama/c++_java/test.java:227: error: incompatible types: cannot infer type-variable(s) R\n    return tail ? q.stream().map(Character::toString).collect(Collectors.joining()) : q.stream().map(Character::toString).collect(Collectors.joining(), "", "");\n                                ^\n    (argument mismatch; invalid method reference\n      reference to toString is ambiguous\n        both method toString(char) in Character and method toString() in Character match)\n  where R,T are type-variables:\n    R extends Object declared in method <R>map(Function<? super T,? extends R>)\n    T extends Object declared in interface Stream\n/home/ubuntu/test_codellm/unit_tests/codellama/c++_java/test.java:227: error: incompatible types: cannot infer type-variable(s) R\n    return tail ? q.stream().map(Character::toString).collect(Collectors.joining()) : q.stream().map(Character::toString).collect(Collectors.joining(), "", "");\n                                                                                                    ^\n    (argument mismatch; invalid method reference\n      reference to toString is ambiguous\n        both method toString(char) in Character and method toString() in Character match)\n  where R,T are type-variables:\n    R extends Object declared in method <R>map(Function<? super T,? extends R>)\n    T extends Object declared in interface Stream\n2 errors\nerror: compilation failed\n'


2023-12-16 17:18:30 INFO Running task: 46_0...
2023-12-16 17:18:31 INFO Test Passed!


2023-12-16 17:18:31 INFO Running task: 47_0...
2023-12-16 17:18:32 INFO Test Passed!


2023-12-16 17:18:32 INFO Running task: 48_0...
2023-12-16 17:18:33 INFO Test Failed!
2023-12-16 17:18:33 INFO run_output: b'Note: /home/ubuntu/test_codellm/unit_tests/codellama/c++_java/test.java uses unchecked or unsafe operations.\nNote: Recompile with -Xlint:unchecked for details.\n2 0\nTestcase No.1 Failed!\n2 2\n8 4\nTestcase No.3 Failed!\n50000 49999\nTestcase No.4 Failed!\n50000 50000\nPassed 2 / 5 testcases!\nTest Failed!\n'


2023-12-16 17:18:33 INFO Running task: 49_0...
2023-12-16 17:18:34 INFO Compilation Failed!
2023-12-16 17:18:34 INFO run_output: b"/home/ubuntu/test_codellm/unit_tests/codellama/c++_java/test.java:222: error: bad operand types for binary operator '+'\n        ans += h >= target;\n            ^\n  first type:  int\n  second type: boolean\n1 error\nerror: compilation failed\n"


2023-12-16 17:18:34 INFO Running task: 50_0...
2023-12-16 17:18:35 INFO Test Passed!


2023-12-16 17:18:35 INFO Running task: 51_0...
2023-12-16 17:18:36 INFO Test Passed!


2023-12-16 17:18:36 INFO Running task: 52_0...
2023-12-16 17:18:37 INFO Compilation Failed!
2023-12-16 17:18:37 INFO run_output: b'/home/ubuntu/test_codellm/unit_tests/codellama/c++_java/test.java:222: error: array required, but Map<Integer,Integer> found\n        ++d[num];\n           ^\n/home/ubuntu/test_codellm/unit_tests/codellama/c++_java/test.java:226: error: array required, but Map<Integer,Integer> found\n        best = Math.max(d[i] + d[i + 1], best);\n                         ^\n/home/ubuntu/test_codellm/unit_tests/codellama/c++_java/test.java:226: error: array required, but Map<Integer,Integer> found\n        best = Math.max(d[i] + d[i + 1], best);\n                                ^\nNote: /home/ubuntu/test_codellm/unit_tests/codellama/c++_java/test.java uses unchecked or unsafe operations.\nNote: Recompile with -Xlint:unchecked for details.\n3 errors\nerror: compilation failed\n'


2023-12-16 17:18:37 INFO Running task: 53_0...
2023-12-16 17:18:37 INFO Test Passed!


2023-12-16 17:18:37 INFO Running task: 54_0...
2023-12-16 17:18:38 INFO Test Passed!


2023-12-16 17:18:38 INFO Running task: 55_0...
2023-12-16 17:18:40 INFO Test Passed!


2023-12-16 17:18:40 INFO Running task: 56_0...
2023-12-16 17:18:42 INFO Test Passed!


2023-12-16 17:18:42 INFO Running task: 57_0...
2023-12-16 17:18:42 INFO Compilation Failed!
2023-12-16 17:18:42 INFO run_output: b"/home/ubuntu/test_codellm/unit_tests/codellama/c++_java/test.java:219: error: <identifier> expected\npublic static ListNode* testfunc(ListNode* llist, int position) {\n                      ^\n/home/ubuntu/test_codellm/unit_tests/codellama/c++_java/test.java:219: error: invalid method declaration; return type required\npublic static ListNode* testfunc(ListNode* llist, int position) {\n                        ^\n/home/ubuntu/test_codellm/unit_tests/codellama/c++_java/test.java:219: error: <identifier> expected\npublic static ListNode* testfunc(ListNode* llist, int position) {\n                                         ^\n/home/ubuntu/test_codellm/unit_tests/codellama/c++_java/test.java:219: error: ';' expected\npublic static ListNode* testfunc(ListNode* llist, int position) {\n                                                              ^\n/home/ubuntu/test_codellm/unit_tests/codellama/c++_java/test.java:236: error: not a statement\n    current->next = current->next->next;\n    ^\n5 errors\nerror: compilation failed\n"


2023-12-16 17:18:42 INFO Running task: 58_0...
2023-12-16 17:18:43 INFO Compilation Failed!
2023-12-16 17:18:43 INFO run_output: b'/home/ubuntu/test_codellm/unit_tests/codellama/c++_java/test.java:219: error: <identifier> expected\npublic static boolean testfunc(TreeNode* root) {\n                                       ^\n1 error\nerror: compilation failed\n'


2023-12-16 17:18:43 INFO Running task: 59_0...
2023-12-16 17:18:43 INFO Compilation Failed!
2023-12-16 17:18:43 INFO run_output: b'/home/ubuntu/test_codellm/unit_tests/codellama/c++_java/test.java:223: error: cannot find symbol\n        while (!s.empty() && s.top() >= i) {\n                              ^\n  symbol:   method top()\n  location: variable s of type Stack<Integer>\n/home/ubuntu/test_codellm/unit_tests/codellama/c++_java/test.java:224: error: cannot find symbol\n            m = Math.max(m, i ^ s.top());\n                                 ^\n  symbol:   method top()\n  location: variable s of type Stack<Integer>\n/home/ubuntu/test_codellm/unit_tests/codellama/c++_java/test.java:228: error: cannot find symbol\n            m = Math.max(m, i ^ s.top());\n                                 ^\n  symbol:   method top()\n  location: variable s of type Stack<Integer>\nNote: /home/ubuntu/test_codellm/unit_tests/codellama/c++_java/test.java uses unchecked or unsafe operations.\nNote: Recompile with -Xlint:unchecked for details.\n3 errors\nerror: compilation failed\n'


2023-12-16 17:18:43 INFO Running task: 60_0...
2023-12-16 17:18:44 INFO Test Passed!


2023-12-16 17:18:44 INFO Running task: 61_0...
2023-12-16 17:18:45 INFO Compilation Failed!
2023-12-16 17:18:45 INFO run_output: b'/home/ubuntu/test_codellm/unit_tests/codellama/c++_java/test.java:225: error: cannot find symbol\n        Long b = s.upperBound(sum);\n                  ^\n  symbol:   method upperBound(long)\n  location: variable s of type Set<Long>\nNote: /home/ubuntu/test_codellm/unit_tests/codellama/c++_java/test.java uses unchecked or unsafe operations.\nNote: Recompile with -Xlint:unchecked for details.\n1 error\nerror: compilation failed\n'


2023-12-16 17:18:45 INFO Running task: 62_0...
2023-12-16 17:18:46 INFO Test Passed!


2023-12-16 17:18:46 INFO Running task: 63_0...
2023-12-16 17:18:47 INFO Test Passed!


2023-12-16 17:18:47 INFO Running task: 64_0...
2023-12-16 17:18:48 INFO Compilation Failed!
2023-12-16 17:18:48 INFO run_output: b'/home/ubuntu/test_codellm/unit_tests/codellama/c++_java/test.java:222: error: method addLast in interface Deque<E> cannot be applied to given types;\n    for (int i = 0; i < 10; ++i) q.addLast(i);\n                                  ^\n  required: Long\n  found:    int\n  reason: argument mismatch; int cannot be converted to Long\n  where E is a type-variable:\n    E extends Object declared in interface Deque\n/home/ubuntu/test_codellm/unit_tests/codellama/c++_java/test.java:225: error: long cannot be dereferenced\n        if (u.toString().length() >= 20) continue;\n             ^\n/home/ubuntu/test_codellm/unit_tests/codellama/c++_java/test.java:228: error: long cannot be dereferenced\n        int length = u.toString().length();\n                      ^\n/home/ubuntu/test_codellm/unit_tests/codellama/c++_java/test.java:230: error: int cannot be dereferenced\n            if (u * k.toString().length() == k) {\n                     ^\n4 errors\nerror: compilation failed\n'


2023-12-16 17:18:48 INFO Running task: 65_0...
2023-12-16 17:18:48 INFO Compilation Failed!
2023-12-16 17:18:48 INFO run_output: b"/home/ubuntu/test_codellm/unit_tests/codellama/c++_java/test.java:221: error: cannot find symbol\n        for (int j = 1; j < grid.get(k).size() - 1; ++j) {\n                                       ^\n  symbol:   method size()\n  location: class String\n/home/ubuntu/test_codellm/unit_tests/codellama/c++_java/test.java:224: error: cannot find symbol\n                grid.get(k).setCharAt(j, 'X');\n                           ^\n  symbol:   method setCharAt(int,char)\n  location: class String\nNote: /home/ubuntu/test_codellm/unit_tests/codellama/c++_java/test.java uses unchecked or unsafe operations.\nNote: Recompile with -Xlint:unchecked for details.\n2 errors\nerror: compilation failed\n"


2023-12-16 17:18:48 INFO Running task: 66_0...
2023-12-16 17:18:49 INFO Test Passed!


2023-12-16 17:18:49 INFO Running task: 67_0...
2023-12-16 17:18:50 INFO Test Passed!


2023-12-16 17:18:51 INFO Running task: 68_0...
2023-12-16 17:18:51 INFO Test Passed!


2023-12-16 17:18:51 INFO Running task: 69_0...
2023-12-16 17:18:53 INFO Test Passed!


2023-12-16 17:18:53 INFO Running task: 70_0...
2023-12-16 17:18:54 INFO Test Passed!


2023-12-16 17:18:54 INFO Running task: 71_0...
2023-12-16 17:18:55 INFO Compilation Failed!
2023-12-16 17:18:55 INFO run_output: b"/home/ubuntu/test_codellm/unit_tests/codellama/c++_java/test.java:250: error: bad operand types for binary operator '&&'\n        if (deg[i] == 1 && coins[i]) {\n                        ^\n  first type:  boolean\n  second type: int\n1 error\nerror: compilation failed\n"


2023-12-16 17:18:55 INFO Running task: 72_0...
2023-12-16 17:18:56 INFO Compilation Failed!
2023-12-16 17:18:56 INFO run_output: b'/home/ubuntu/test_codellm/unit_tests/codellama/c++_java/test.java:223: error: cannot find symbol\n    while (l < min(br, bc) / 2) {\n               ^\n  symbol:   method min(int,int)\n  location: class Test\n/home/ubuntu/test_codellm/unit_tests/codellama/c++_java/test.java:225: error: incompatible types: int cannot be converted to boolean\n        while (rr--) {\n                 ^\nNote: /home/ubuntu/test_codellm/unit_tests/codellama/c++_java/test.java uses unchecked or unsafe operations.\nNote: Recompile with -Xlint:unchecked for details.\n2 errors\nerror: compilation failed\n'


2023-12-16 17:18:56 INFO Running task: 73_0...
2023-12-16 17:18:56 INFO Test Passed!


2023-12-16 17:18:56 INFO Running task: 74_0...
2023-12-16 17:18:57 INFO Test Passed!


2023-12-16 17:18:57 INFO Running task: 75_0...
2023-12-16 17:18:59 INFO Test Passed!


2023-12-16 17:18:59 INFO Running task: 76_0...
2023-12-16 17:18:59 INFO Test Passed!


2023-12-16 17:18:59 INFO Running task: 77_0...
2023-12-16 17:19:00 INFO Test Passed!


2023-12-16 17:19:00 INFO Running task: 78_0...
2023-12-16 17:19:02 INFO Test Failed!
2023-12-16 17:19:02 INFO run_output: b'3 4\nTestcase No.1 Failed!\n10 11\nTestcase No.2 Failed!\n10 11\nTestcase No.3 Failed!\n99999 100000\nTestcase No.4 Failed!\n50000 50000\nPassed 1 / 5 testcases!\nTest Failed!\n'


2023-12-16 17:19:02 INFO Running task: 79_0...
2023-12-16 17:19:02 INFO Test Passed!


2023-12-16 17:19:02 INFO Running task: 80_0...
2023-12-16 17:19:03 INFO Test Passed!


2023-12-16 17:19:03 INFO Running task: 81_0...
2023-12-16 17:19:04 INFO Compilation Failed!
2023-12-16 17:19:04 INFO run_output: b'/home/ubuntu/test_codellm/unit_tests/codellama/c++_java/test.java:226: error: cannot find symbol\n    List<List<Pair<Integer, Integer>>> arr = new ArrayList<>();\n              ^\n  symbol:   class Pair\n  location: class Test\n/home/ubuntu/test_codellm/unit_tests/codellama/c++_java/test.java:227: error: cannot find symbol\n    arr.add(Arrays.asList(new Pair<>(0, -1), new Pair<>(-1, -1), new Pair<>(-1, 0)));\n                              ^\n  symbol:   class Pair\n  location: class Test\n/home/ubuntu/test_codellm/unit_tests/codellama/c++_java/test.java:227: error: cannot find symbol\n    arr.add(Arrays.asList(new Pair<>(0, -1), new Pair<>(-1, -1), new Pair<>(-1, 0)));\n                                                 ^\n  symbol:   class Pair\n  location: class Test\n/home/ubuntu/test_codellm/unit_tests/codellama/c++_java/test.java:227: error: cannot find symbol\n    arr.add(Arrays.asList(new Pair<>(0, -1), new Pair<>(-1, -1), new Pair<>(-1, 0)));\n                                                                     ^\n  symbol:   class Pair\n  location: class Test\n/home/ubuntu/test_codellm/unit_tests/codellama/c++_java/test.java:228: error: cannot find symbol\n    arr.add(Arrays.asList(new Pair<>(0, 1), new Pair<>(-1, 0), new Pair<>(-1, 1)));\n                              ^\n  symbol:   class Pair\n  location: class Test\n/home/ubuntu/test_codellm/unit_tests/codellama/c++_java/test.java:228: error: cannot find symbol\n    arr.add(Arrays.asList(new Pair<>(0, 1), new Pair<>(-1, 0), new Pair<>(-1, 1)));\n                                                ^\n  symbol:   class Pair\n  location: class Test\n/home/ubuntu/test_codellm/unit_tests/codellama/c++_java/test.java:228: error: cannot find symbol\n    arr.add(Arrays.asList(new Pair<>(0, 1), new Pair<>(-1, 0), new Pair<>(-1, 1)));\n                                                                   ^\n  symbol:   class Pair\n  location: class Test\n/home/ubuntu/test_codellm/unit_tests/codellama/c++_java/test.java:229: error: cannot find symbol\n    arr.add(Arrays.asList(new Pair<>(0, -1), new Pair<>(1, 0), new Pair<>(1, -1)));\n                              ^\n  symbol:   class Pair\n  location: class Test\n/home/ubuntu/test_codellm/unit_tests/codellama/c++_java/test.java:229: error: cannot find symbol\n    arr.add(Arrays.asList(new Pair<>(0, -1), new Pair<>(1, 0), new Pair<>(1, -1)));\n                                                 ^\n  symbol:   class Pair\n  location: class Test\n/home/ubuntu/test_codellm/unit_tests/codellama/c++_java/test.java:229: error: cannot find symbol\n    arr.add(Arrays.asList(new Pair<>(0, -1), new Pair<>(1, 0), new Pair<>(1, -1)));\n                                                                   ^\n  symbol:   class Pair\n  location: class Test\n/home/ubuntu/test_codellm/unit_tests/codellama/c++_java/test.java:230: error: cannot find symbol\n    arr.add(Arrays.asList(new Pair<>(0, 1), new Pair<>(1, 0), new Pair<>(1, 1)));\n                              ^\n  symbol:   class Pair\n  location: class Test\n/home/ubuntu/test_codellm/unit_tests/codellama/c++_java/test.java:230: error: cannot find symbol\n    arr.add(Arrays.asList(new Pair<>(0, 1), new Pair<>(1, 0), new Pair<>(1, 1)));\n                                                ^\n  symbol:   class Pair\n  location: class Test\n/home/ubuntu/test_codellm/unit_tests/codellama/c++_java/test.java:230: error: cannot find symbol\n    arr.add(Arrays.asList(new Pair<>(0, 1), new Pair<>(1, 0), new Pair<>(1, 1)));\n                                                                  ^\n  symbol:   class Pair\n  location: class Test\n/home/ubuntu/test_codellm/unit_tests/codellama/c++_java/test.java:233: error: cannot find symbol\n        for (List<Pair<Integer, Integer>> a : arr) {\n                  ^\n  symbol:   class Pair\n  location: class Test\n/home/ubuntu/test_codellm/unit_tests/codellama/c++_java/test.java:235: error: cannot find symbol\n            for (Pair<Integer, Integer> p : a) {\n                 ^\n  symbol:   class Pair\n  location: class Test\n15 errors\nerror: compilation failed\n'


2023-12-16 17:19:04 INFO Running task: 82_0...
2023-12-16 17:19:05 INFO Test Failed!
2023-12-16 17:19:05 INFO run_output: b'0 2\nTestcase No.1 Failed!\n0 3\nTestcase No.2 Failed!\n-1 -1\n0 4\nTestcase No.4 Failed!\n-1 -1\nPassed 2 / 5 testcases!\nTest Failed!\n'


2023-12-16 17:19:05 INFO Running task: 83_0...
2023-12-16 17:19:06 INFO Test Passed!


2023-12-16 17:19:06 INFO Running task: 84_0...
2023-12-16 17:19:07 INFO Test Passed!


2023-12-16 17:19:07 INFO Running task: 85_0...
2023-12-16 17:19:07 INFO Test Passed!


2023-12-16 17:19:07 INFO Running task: 86_0...
2023-12-16 17:19:08 INFO Compilation Failed!
2023-12-16 17:19:08 INFO run_output: b"/home/ubuntu/test_codellm/unit_tests/codellama/c++_java/test.java:220: error: ']' expected\n    int ans = 0, cnt[10]{};\n                     ^\n1 error\nerror: compilation failed\n"


2023-12-16 17:19:08 INFO Running task: 87_0...
2023-12-16 17:19:09 INFO Compilation Failed!
2023-12-16 17:19:09 INFO run_output: b'/home/ubuntu/test_codellm/unit_tests/codellama/c++_java/test.java:227: error: no suitable method found for sort(int[],(i,j)->que[...]et(j))\n    Arrays.sort(id, (i, j) -> queries.get(i) - queries.get(j));\n          ^\n    method Arrays.sort(int[]) is not applicable\n      (actual and formal argument lists differ in length)\n    method Arrays.sort(int[],int,int) is not applicable\n      (actual and formal argument lists differ in length)\n    method Arrays.sort(long[]) is not applicable\n      (actual and formal argument lists differ in length)\n    method Arrays.sort(long[],int,int) is not applicable\n      (actual and formal argument lists differ in length)\n    method Arrays.sort(short[]) is not applicable\n      (actual and formal argument lists differ in length)\n    method Arrays.sort(short[],int,int) is not applicable\n      (actual and formal argument lists differ in length)\n    method Arrays.sort(char[]) is not applicable\n      (actual and formal argument lists differ in length)\n    method Arrays.sort(char[],int,int) is not applicable\n      (actual and formal argument lists differ in length)\n    method Arrays.sort(byte[]) is not applicable\n      (actual and formal argument lists differ in length)\n    method Arrays.sort(byte[],int,int) is not applicable\n      (actual and formal argument lists differ in length)\n    method Arrays.sort(float[]) is not applicable\n      (actual and formal argument lists differ in length)\n    method Arrays.sort(float[],int,int) is not applicable\n      (actual and formal argument lists differ in length)\n    method Arrays.sort(double[]) is not applicable\n      (actual and formal argument lists differ in length)\n    method Arrays.sort(double[],int,int) is not applicable\n      (actual and formal argument lists differ in length)\n    method Arrays.sort(Object[]) is not applicable\n      (actual and formal argument lists differ in length)\n    method Arrays.sort(Object[],int,int) is not applicable\n      (actual and formal argument lists differ in length)\n    method Arrays.<T#1>sort(T#1[],Comparator<? super T#1>) is not applicable\n      (inference variable T#1 has incompatible bounds\n        equality constraints: int\n        lower bounds: Object)\n    method Arrays.<T#2>sort(T#2[],int,int,Comparator<? super T#2>) is not applicable\n      (cannot infer type-variable(s) T#2\n        (actual and formal argument lists differ in length))\n  where T#1,T#2 are type-variables:\n    T#1 extends Object declared in method <T#1>sort(T#1[],Comparator<? super T#1>)\n    T#2 extends Object declared in method <T#2>sort(T#2[],int,int,Comparator<? super T#2>)\n/home/ubuntu/test_codellm/unit_tests/codellama/c++_java/test.java:228: error: cannot find symbol\n    Arrays.sort(logs.toArray(), (a, b) -> a.get(1) - b.get(1));\n                                           ^\n  symbol:   method get(int)\n  location: variable a of type Object\n/home/ubuntu/test_codellm/unit_tests/codellama/c++_java/test.java:228: error: cannot find symbol\n    Arrays.sort(logs.toArray(), (a, b) -> a.get(1) - b.get(1));\n                                                      ^\n  symbol:   method get(int)\n  location: variable b of type Object\n/home/ubuntu/test_codellm/unit_tests/codellama/c++_java/test.java:293: error: method testfunc in class Test cannot be applied to given types;\n                return_data = testfunc(data1, data2, data3, data4);\n                              ^\n  required: int,Vector<Vector<Integer>>,int,Vector<Integer>\n  found:    int,int[][],int,int[]\n  reason: argument mismatch; int[][] cannot be converted to Vector<Vector<Integer>>\n4 errors\nerror: compilation failed\n'


2023-12-16 17:19:09 INFO Running task: 88_0...
2023-12-16 17:19:09 INFO Compilation Failed!
2023-12-16 17:19:09 INFO run_output: b"/home/ubuntu/test_codellm/unit_tests/codellama/c++_java/test.java:240: error: bad operand type int for unary operator '!'\n        if (!g[x][y]) {\n            ^\n/home/ubuntu/test_codellm/unit_tests/codellama/c++_java/test.java:244: error: bad operand type int for unary operator '!'\n            if (i != x && i != y && !g[i][x] && !g[i][y]) {\n                                    ^\n/home/ubuntu/test_codellm/unit_tests/codellama/c++_java/test.java:244: error: bad operand type int for unary operator '!'\n            if (i != x && i != y && !g[i][x] && !g[i][y]) {\n                                                ^\n/home/ubuntu/test_codellm/unit_tests/codellama/c++_java/test.java:251: error: bad operand type int for unary operator '!'\n        return !g[a][b] && !g[c][d] || !g[a][c] && !g[b][d] || !g[a][d] && !g[b][c];\n               ^\n/home/ubuntu/test_codellm/unit_tests/codellama/c++_java/test.java:251: error: bad operand type int for unary operator '!'\n        return !g[a][b] && !g[c][d] || !g[a][c] && !g[b][d] || !g[a][d] && !g[b][c];\n                           ^\n/home/ubuntu/test_codellm/unit_tests/codellama/c++_java/test.java:251: error: bad operand type int for unary operator '!'\n        return !g[a][b] && !g[c][d] || !g[a][c] && !g[b][d] || !g[a][d] && !g[b][c];\n                                       ^\n/home/ubuntu/test_codellm/unit_tests/codellama/c++_java/test.java:251: error: bad operand type int for unary operator '!'\n        return !g[a][b] && !g[c][d] || !g[a][c] && !g[b][d] || !g[a][d] && !g[b][c];\n                                                   ^\n/home/ubuntu/test_codellm/unit_tests/codellama/c++_java/test.java:251: error: bad operand type int for unary operator '!'\n        return !g[a][b] && !g[c][d] || !g[a][c] && !g[b][d] || !g[a][d] && !g[b][c];\n                                                               ^\n/home/ubuntu/test_codellm/unit_tests/codellama/c++_java/test.java:251: error: bad operand type int for unary operator '!'\n        return !g[a][b] && !g[c][d] || !g[a][c] && !g[b][d] || !g[a][d] && !g[b][c];\n                                                                           ^\nNote: /home/ubuntu/test_codellm/unit_tests/codellama/c++_java/test.java uses unchecked or unsafe operations.\nNote: Recompile with -Xlint:unchecked for details.\n9 errors\nerror: compilation failed\n"


2023-12-16 17:19:09 INFO Running task: 89_0...
2023-12-16 17:19:10 INFO Runtime Failed!
2023-12-16 17:19:10 INFO run_output: b'java.lang.StringIndexOutOfBoundsException: begin 2, end 1, length 9\n\tat java.base/java.lang.String.checkBoundsBeginEnd(String.java:4606)\n\tat java.base/java.lang.String.substring(String.java:2709)\n\tat Test.testfunc(test.java:226)\n\tat Test.start(test.java:272)\n\tat Test.main(test.java:293)\n\tat java.base/jdk.internal.reflect.NativeMethodAccessorImpl.invoke0(Native Method)\n\tat java.base/jdk.internal.reflect.NativeMethodAccessorImpl.invoke(NativeMethodAccessorImpl.java:77)\n\tat java.base/jdk.internal.reflect.DelegatingMethodAccessorImpl.invoke(DelegatingMethodAccessorImpl.java:43)\n\tat java.base/java.lang.reflect.Method.invoke(Method.java:568)\n\tat jdk.compiler/com.sun.tools.javac.launcher.Main.execute(Main.java:419)\n\tat jdk.compiler/com.sun.tools.javac.launcher.Main.run(Main.java:192)\n\tat jdk.compiler/com.sun.tools.javac.launcher.Main.main(Main.java:132)\njava.lang.StringIndexOutOfBoundsException: begin 2, end 1, length 13\n\tat java.base/java.lang.String.checkBoundsBeginEnd(String.java:4606)\n\tat java.base/java.lang.String.substring(String.java:2709)\n\tat Test.testfunc(test.java:226)\n\tat Test.start(test.java:272)\n\tat Test.main(test.java:293)\n\tat java.base/jdk.internal.reflect.NativeMethodAccessorImpl.invoke0(Native Method)\n\tat java.base/jdk.internal.reflect.NativeMethodAccessorImpl.invoke(NativeMethodAccessorImpl.java:77)\n\tat java.base/jdk.internal.reflect.DelegatingMethodAccessorImpl.invoke(DelegatingMethodAccessorImpl.java:43)\n\tat java.base/java.lang.reflect.Method.invoke(Method.java:568)\n\tat jdk.compiler/com.sun.tools.javac.launcher.Main.execute(Main.java:419)\n\tat jdk.compiler/com.sun.tools.javac.launcher.Main.run(Main.java:192)\n\tat jdk.compiler/com.sun.tools.javac.launcher.Main.main(Main.java:132)\njava.lang.StringIndexOutOfBoundsException: begin 2, end 1, length 16\n\tat java.base/java.lang.String.checkBoundsBeginEnd(String.java:4606)\n\tat java.base/java.lang.String.substring(String.java:2709)\n\tat Test.testfunc(test.java:226)\n\tat Test.start(test.java:272)\n\tat Test.main(test.java:293)\n\tat java.base/jdk.internal.reflect.NativeMethodAccessorImpl.invoke0(Native Method)\n\tat java.base/jdk.internal.reflect.NativeMethodAccessorImpl.invoke(NativeMethodAccessorImpl.java:77)\n\tat java.base/jdk.internal.reflect.DelegatingMethodAccessorImpl.invoke(DelegatingMethodAccessorImpl.java:43)\n\tat java.base/java.lang.reflect.Method.invoke(Method.java:568)\n\tat jdk.compiler/com.sun.tools.javac.launcher.Main.execute(Main.java:419)\n\tat jdk.compiler/com.sun.tools.javac.launcher.Main.run(Main.java:192)\n\tat jdk.compiler/com.sun.tools.javac.launcher.Main.main(Main.java:132)\njava.lang.StringIndexOutOfBoundsException: begin 2, end 1, length 50\n\tat java.base/java.lang.String.checkBoundsBeginEnd(String.java:4606)\n\tat java.base/java.lang.String.substring(String.java:2709)\n\tat Test.testfunc(test.java:226)\n\tat Test.start(test.java:272)\n\tat Test.main(test.java:293)\n\tat java.base/jdk.internal.reflect.NativeMethodAccessorImpl.invoke0(Native Method)\n\tat java.base/jdk.internal.reflect.NativeMethodAccessorImpl.invoke(NativeMethodAccessorImpl.java:77)\n\tat java.base/jdk.internal.reflect.DelegatingMethodAccessorImpl.invoke(DelegatingMethodAccessorImpl.java:43)\n\tat java.base/java.lang.reflect.Method.invoke(Method.java:568)\n\tat jdk.compiler/com.sun.tools.javac.launcher.Main.execute(Main.java:419)\n\tat jdk.compiler/com.sun.tools.javac.launcher.Main.run(Main.java:192)\n\tat jdk.compiler/com.sun.tools.javac.launcher.Main.main(Main.java:132)\njava.lang.StringIndexOutOfBoundsException: begin 2, end 1, length 50\n\tat java.base/java.lang.String.checkBoundsBeginEnd(String.java:4606)\n\tat java.base/java.lang.String.substring(String.java:2709)\n\tat Test.testfunc(test.java:226)\n\tat Test.start(test.java:272)\n\tat Test.main(test.java:293)\n\tat java.base/jdk.internal.reflect.NativeMethodAccessorImpl.invoke0(Native Method)\n\tat java.base/jdk.internal.reflect.NativeMethodAccessorImpl.invoke(NativeMethodAccessorImpl.java:77)\n\tat java.base/jdk.internal.reflect.DelegatingMethodAccessorImpl.invoke(DelegatingMethodAccessorImpl.java:43)\n\tat java.base/java.lang.reflect.Method.invoke(Method.java:568)\n\tat jdk.compiler/com.sun.tools.javac.launcher.Main.execute(Main.java:419)\n\tat jdk.compiler/com.sun.tools.javac.launcher.Main.run(Main.java:192)\n\tat jdk.compiler/com.sun.tools.javac.launcher.Main.main(Main.java:132)\nPassed 0 / 5 testcases!\nTest Failed!\n'


2023-12-16 17:19:10 INFO Running task: 90_0...
2023-12-16 17:19:11 INFO Compilation Failed!
2023-12-16 17:19:11 INFO run_output: b"/home/ubuntu/test_codellm/unit_tests/codellama/c++_java/test.java:219: error: <identifier> expected\npublic static int testfunc(vector<vector<int>> &edges, vector<int> &coins, int k) {\n                                              ^\n/home/ubuntu/test_codellm/unit_tests/codellama/c++_java/test.java:219: error: <identifier> expected\npublic static int testfunc(vector<vector<int>> &edges, vector<int> &coins, int k) {\n                                                              ^\n/home/ubuntu/test_codellm/unit_tests/codellama/c++_java/test.java:219: error: <identifier> expected\npublic static int testfunc(vector<vector<int>> &edges, vector<int> &coins, int k) {\n                                                                 ^\n/home/ubuntu/test_codellm/unit_tests/codellama/c++_java/test.java:219: error: <identifier> expected\npublic static int testfunc(vector<vector<int>> &edges, vector<int> &coins, int k) {\n                                                                         ^\n/home/ubuntu/test_codellm/unit_tests/codellama/c++_java/test.java:219: error: <identifier> expected\npublic static int testfunc(vector<vector<int>> &edges, vector<int> &coins, int k) {\n                                                                          ^\n/home/ubuntu/test_codellm/unit_tests/codellama/c++_java/test.java:219: error: ';' expected\npublic static int testfunc(vector<vector<int>> &edges, vector<int> &coins, int k) {\n                                                                                ^\n/home/ubuntu/test_codellm/unit_tests/codellama/c++_java/test.java:220: error: ';' expected\n    vector<vector<int>> g(coins.size());\n                         ^\n/home/ubuntu/test_codellm/unit_tests/codellama/c++_java/test.java:220: error: ';' expected\n    vector<vector<int>> g(coins.size());\n                                      ^\n/home/ubuntu/test_codellm/unit_tests/codellama/c++_java/test.java:221: error: not a statement\n    for (auto &e : edges) {\n              ^\n/home/ubuntu/test_codellm/unit_tests/codellama/c++_java/test.java:221: error: ';' expected\n    for (auto &e : edges) {\n                ^\n/home/ubuntu/test_codellm/unit_tests/codellama/c++_java/test.java:221: error: illegal start of expression\n    for (auto &e : edges) {\n                 ^\n/home/ubuntu/test_codellm/unit_tests/codellama/c++_java/test.java:221: error: not a statement\n    for (auto &e : edges) {\n                   ^\n/home/ubuntu/test_codellm/unit_tests/codellama/c++_java/test.java:221: error: ';' expected\n    for (auto &e : edges) {\n                        ^\n/home/ubuntu/test_codellm/unit_tests/codellama/c++_java/test.java:229: error: illegal start of type\npublic static array<int, 14> dfs(int x, int fa, const vector<vector<int>> &g, const vector<int> &coins, int k) {\n                         ^\n/home/ubuntu/test_codellm/unit_tests/codellama/c++_java/test.java:229: error: invalid method declaration; return type required\npublic static array<int, 14> dfs(int x, int fa, const vector<vector<int>> &g, const vector<int> &coins, int k) {\n                             ^\n/home/ubuntu/test_codellm/unit_tests/codellama/c++_java/test.java:229: error: illegal start of type\npublic static array<int, 14> dfs(int x, int fa, const vector<vector<int>> &g, const vector<int> &coins, int k) {\n                                                ^\n/home/ubuntu/test_codellm/unit_tests/codellama/c++_java/test.java:229: error: > expected\npublic static array<int, 14> dfs(int x, int fa, const vector<vector<int>> &g, const vector<int> &coins, int k) {\n                                                                   ^\n/home/ubuntu/test_codellm/unit_tests/codellama/c++_java/test.java:229: error: illegal start of expression\npublic static array<int, 14> dfs(int x, int fa, const vector<vector<int>> &g, const vector<int> &coins, int k) {\n                                                                        ^\n/home/ubuntu/test_codellm/unit_tests/codellama/c++_java/test.java:229: error: illegal start of expression\npublic static array<int, 14> dfs(int x, int fa, const vector<vector<int>> &g, const vector<int> &coins, int k) {\n                                                                          ^\n/home/ubuntu/test_codellm/unit_tests/codellama/c++_java/test.java:229: error: <identifier> expected\npublic static array<int, 14> dfs(int x, int fa, const vector<vector<int>> &g, const vector<int> &coins, int k) {\n                                                                            ^\n/home/ubuntu/test_codellm/unit_tests/codellama/c++_java/test.java:229: error: <identifier> expected\npublic static array<int, 14> dfs(int x, int fa, const vector<vector<int>> &g, const vector<int> &coins, int k) {\n                                                                                               ^\n/home/ubuntu/test_codellm/unit_tests/codellama/c++_java/test.java:229: error: <identifier> expected\npublic static array<int, 14> dfs(int x, int fa, const vector<vector<int>> &g, const vector<int> &coins, int k) {\n                                                                                                      ^\n/home/ubuntu/test_codellm/unit_tests/codellama/c++_java/test.java:229: error: <identifier> expected\npublic static array<int, 14> dfs(int x, int fa, const vector<vector<int>> &g, const vector<int> &coins, int k) {\n                                                                                                       ^\n/home/ubuntu/test_codellm/unit_tests/codellama/c++_java/test.java:229: error: ';' expected\npublic static array<int, 14> dfs(int x, int fa, const vector<vector<int>> &g, const vector<int> &coins, int k) {\n                                                                                                             ^\n/home/ubuntu/test_codellm/unit_tests/codellama/c++_java/test.java:230: error: illegal start of type\n    array<int, 14> res1{}, res2{};\n               ^\n/home/ubuntu/test_codellm/unit_tests/codellama/c++_java/test.java:230: error: not a statement\n    array<int, 14> res1{}, res2{};\n         ^\n/home/ubuntu/test_codellm/unit_tests/codellama/c++_java/test.java:230: error: not a statement\n    array<int, 14> res1{}, res2{};\n                   ^\n/home/ubuntu/test_codellm/unit_tests/codellama/c++_java/test.java:230: error: ';' expected\n    array<int, 14> res1{}, res2{};\n                       ^\n/home/ubuntu/test_codellm/unit_tests/codellama/c++_java/test.java:230: error: illegal start of expression\n    array<int, 14> res1{}, res2{};\n                         ^\n/home/ubuntu/test_codellm/unit_tests/codellama/c++_java/test.java:230: error: not a statement\n    array<int, 14> res1{}, res2{};\n                           ^\n/home/ubuntu/test_codellm/unit_tests/codellama/c++_java/test.java:230: error: ';' expected\n    array<int, 14> res1{}, res2{};\n                               ^\n31 errors\nerror: compilation failed\n"


2023-12-16 17:19:11 INFO Running task: 91_0...
2023-12-16 17:19:11 INFO Compilation Failed!
2023-12-16 17:19:11 INFO run_output: b"/home/ubuntu/test_codellm/unit_tests/codellama/c++_java/test.java:219: error: <identifier> expected\npublic static int testfunc(int n, vector<vector<int>> &edges) {\n                                                     ^\n/home/ubuntu/test_codellm/unit_tests/codellama/c++_java/test.java:220: error: ';' expected\n    vector<vector<int>> g(n);\n                         ^\n/home/ubuntu/test_codellm/unit_tests/codellama/c++_java/test.java:220: error: not a statement\n    vector<vector<int>> g(n);\n                          ^\n/home/ubuntu/test_codellm/unit_tests/codellama/c++_java/test.java:220: error: ';' expected\n    vector<vector<int>> g(n);\n                           ^\n/home/ubuntu/test_codellm/unit_tests/codellama/c++_java/test.java:221: error: not a statement\n    for (auto &e : edges) {\n              ^\n/home/ubuntu/test_codellm/unit_tests/codellama/c++_java/test.java:221: error: ';' expected\n    for (auto &e : edges) {\n                ^\n/home/ubuntu/test_codellm/unit_tests/codellama/c++_java/test.java:221: error: illegal start of expression\n    for (auto &e : edges) {\n                 ^\n/home/ubuntu/test_codellm/unit_tests/codellama/c++_java/test.java:221: error: not a statement\n    for (auto &e : edges) {\n                   ^\n/home/ubuntu/test_codellm/unit_tests/codellama/c++_java/test.java:221: error: ';' expected\n    for (auto &e : edges) {\n                        ^\n/home/ubuntu/test_codellm/unit_tests/codellama/c++_java/test.java:226: error: ';' expected\n    vector<int> vis(n, 0);\n                   ^\n/home/ubuntu/test_codellm/unit_tests/codellama/c++_java/test.java:226: error: not a statement\n    vector<int> vis(n, 0);\n                    ^\n/home/ubuntu/test_codellm/unit_tests/codellama/c++_java/test.java:226: error: ';' expected\n    vector<int> vis(n, 0);\n                     ^\n/home/ubuntu/test_codellm/unit_tests/codellama/c++_java/test.java:239: error: <identifier> expected\npublic static void dfs(int x, vector<int> &vis, vector<vector<int>> &g, int &v, int &e) {\n                                         ^\n/home/ubuntu/test_codellm/unit_tests/codellama/c++_java/test.java:239: error: > expected\npublic static void dfs(int x, vector<int> &vis, vector<vector<int>> &g, int &v, int &e) {\n                                                             ^\n/home/ubuntu/test_codellm/unit_tests/codellama/c++_java/test.java:239: error: illegal start of expression\npublic static void dfs(int x, vector<int> &vis, vector<vector<int>> &g, int &v, int &e) {\n                                                                  ^\n/home/ubuntu/test_codellm/unit_tests/codellama/c++_java/test.java:239: error: illegal start of expression\npublic static void dfs(int x, vector<int> &vis, vector<vector<int>> &g, int &v, int &e) {\n                                                                    ^\n/home/ubuntu/test_codellm/unit_tests/codellama/c++_java/test.java:239: error: <identifier> expected\npublic static void dfs(int x, vector<int> &vis, vector<vector<int>> &g, int &v, int &e) {\n                                                                      ^\n/home/ubuntu/test_codellm/unit_tests/codellama/c++_java/test.java:239: error: <identifier> expected\npublic static void dfs(int x, vector<int> &vis, vector<vector<int>> &g, int &v, int &e) {\n                                                                           ^\n/home/ubuntu/test_codellm/unit_tests/codellama/c++_java/test.java:239: error: <identifier> expected\npublic static void dfs(int x, vector<int> &vis, vector<vector<int>> &g, int &v, int &e) {\n                                                                              ^\n/home/ubuntu/test_codellm/unit_tests/codellama/c++_java/test.java:239: error: <identifier> expected\npublic static void dfs(int x, vector<int> &vis, vector<vector<int>> &g, int &v, int &e) {\n                                                                               ^\n/home/ubuntu/test_codellm/unit_tests/codellama/c++_java/test.java:239: error: <identifier> expected\npublic static void dfs(int x, vector<int> &vis, vector<vector<int>> &g, int &v, int &e) {\n                                                                                   ^\n/home/ubuntu/test_codellm/unit_tests/codellama/c++_java/test.java:239: error: <identifier> expected\npublic static void dfs(int x, vector<int> &vis, vector<vector<int>> &g, int &v, int &e) {\n                                                                                      ^\n22 errors\nerror: compilation failed\n"


2023-12-16 17:19:11 INFO Running task: 92_0...
2023-12-16 17:19:12 INFO Test Passed!


2023-12-16 17:19:12 INFO Running task: 93_0...
2023-12-16 17:19:13 INFO Runtime Failed!
2023-12-16 17:19:13 INFO run_output: b'java.lang.IndexOutOfBoundsException: Index 0 out of bounds for length 0\n\tat java.base/jdk.internal.util.Preconditions.outOfBounds(Preconditions.java:64)\n\tat java.base/jdk.internal.util.Preconditions.outOfBoundsCheckIndex(Preconditions.java:70)\n\tat java.base/jdk.internal.util.Preconditions.checkIndex(Preconditions.java:266)\n\tat java.base/java.util.Objects.checkIndex(Objects.java:361)\n\tat java.base/java.util.ArrayList.get(ArrayList.java:427)\n\tat Test.testfunc(test.java:223)\n\tat Test.start(test.java:285)\n\tat Test.main(test.java:306)\n\tat java.base/jdk.internal.reflect.NativeMethodAccessorImpl.invoke0(Native Method)\n\tat java.base/jdk.internal.reflect.NativeMethodAccessorImpl.invoke(NativeMethodAccessorImpl.java:77)\n\tat java.base/jdk.internal.reflect.DelegatingMethodAccessorImpl.invoke(DelegatingMethodAccessorImpl.java:43)\n\tat java.base/java.lang.reflect.Method.invoke(Method.java:568)\n\tat jdk.compiler/com.sun.tools.javac.launcher.Main.execute(Main.java:419)\n\tat jdk.compiler/com.sun.tools.javac.launcher.Main.run(Main.java:192)\n\tat jdk.compiler/com.sun.tools.javac.launcher.Main.main(Main.java:132)\njava.lang.IndexOutOfBoundsException: Index 0 out of bounds for length 0\n\tat java.base/jdk.internal.util.Preconditions.outOfBounds(Preconditions.java:64)\n\tat java.base/jdk.internal.util.Preconditions.outOfBoundsCheckIndex(Preconditions.java:70)\n\tat java.base/jdk.internal.util.Preconditions.checkIndex(Preconditions.java:266)\n\tat java.base/java.util.Objects.checkIndex(Objects.java:361)\n\tat java.base/java.util.ArrayList.get(ArrayList.java:427)\n\tat Test.testfunc(test.java:223)\n\tat Test.start(test.java:285)\n\tat Test.main(test.java:306)\n\tat java.base/jdk.internal.reflect.NativeMethodAccessorImpl.invoke0(Native Method)\n\tat java.base/jdk.internal.reflect.NativeMethodAccessorImpl.invoke(NativeMethodAccessorImpl.java:77)\n\tat java.base/jdk.internal.reflect.DelegatingMethodAccessorImpl.invoke(DelegatingMethodAccessorImpl.java:43)\n\tat java.base/java.lang.reflect.Method.invoke(Method.java:568)\n\tat jdk.compiler/com.sun.tools.javac.launcher.Main.execute(Main.java:419)\n\tat jdk.compiler/com.sun.tools.javac.launcher.Main.run(Main.java:192)\n\tat jdk.compiler/com.sun.tools.javac.launcher.Main.main(Main.java:132)\njava.lang.IndexOutOfBoundsException: Index 0 out of bounds for length 0\n\tat java.base/jdk.internal.util.Preconditions.outOfBounds(Preconditions.java:64)\n\tat java.base/jdk.internal.util.Preconditions.outOfBoundsCheckIndex(Preconditions.java:70)\n\tat java.base/jdk.internal.util.Preconditions.checkIndex(Preconditions.java:266)\n\tat java.base/java.util.Objects.checkIndex(Objects.java:361)\n\tat java.base/java.util.ArrayList.get(ArrayList.java:427)\n\tat Test.testfunc(test.java:223)\n\tat Test.start(test.java:285)\n\tat Test.main(test.java:306)\n\tat java.base/jdk.internal.reflect.NativeMethodAccessorImpl.invoke0(Native Method)\n\tat java.base/jdk.internal.reflect.NativeMethodAccessorImpl.invoke(NativeMethodAccessorImpl.java:77)\n\tat java.base/jdk.internal.reflect.DelegatingMethodAccessorImpl.invoke(DelegatingMethodAccessorImpl.java:43)\n\tat java.base/java.lang.reflect.Method.invoke(Method.java:568)\n\tat jdk.compiler/com.sun.tools.javac.launcher.Main.execute(Main.java:419)\n\tat jdk.compiler/com.sun.tools.javac.launcher.Main.run(Main.java:192)\n\tat jdk.compiler/com.sun.tools.javac.launcher.Main.main(Main.java:132)\njava.lang.IndexOutOfBoundsException: Index 2 out of bounds for length 0\n\tat java.base/jdk.internal.util.Preconditions.outOfBounds(Preconditions.java:64)\n\tat java.base/jdk.internal.util.Preconditions.outOfBoundsCheckIndex(Preconditions.java:70)\n\tat java.base/jdk.internal.util.Preconditions.checkIndex(Preconditions.java:266)\n\tat java.base/java.util.Objects.checkIndex(Objects.java:361)\n\tat java.base/java.util.ArrayList.get(ArrayList.java:427)\n\tat Test.testfunc(test.java:223)\n\tat Test.start(test.java:285)\n\tat Test.main(test.java:306)\n\tat java.base/jdk.internal.reflect.NativeMethodAccessorImpl.invoke0(Native Method)\n\tat java.base/jdk.internal.reflect.NativeMethodAccessorImpl.invoke(NativeMethodAccessorImpl.java:77)\n\tat java.base/jdk.internal.reflect.DelegatingMethodAccessorImpl.invoke(DelegatingMethodAccessorImpl.java:43)\n\tat java.base/java.lang.reflect.Method.invoke(Method.java:568)\n\tat jdk.compiler/com.sun.tools.javac.launcher.Main.execute(Main.java:419)\n\tat jdk.compiler/com.sun.tools.javac.launcher.Main.run(Main.java:192)\n\tat jdk.compiler/com.sun.tools.javac.launcher.Main.main(Main.java:132)\njava.lang.IndexOutOfBoundsException: Index 1 out of bounds for length 0\n\tat java.base/jdk.internal.util.Preconditions.outOfBounds(Preconditions.java:64)\n\tat java.base/jdk.internal.util.Preconditions.outOfBoundsCheckIndex(Preconditions.java:70)\n\tat java.base/jdk.internal.util.Preconditions.checkIndex(Preconditions.java:266)\n\tat java.base/java.util.Objects.checkIndex(Objects.java:361)\n\tat java.base/java.util.ArrayList.get(ArrayList.java:427)\n\tat Test.testfunc(test.java:223)\n\tat Test.start(test.java:285)\n\tat Test.main(test.java:306)\n\tat java.base/jdk.internal.reflect.NativeMethodAccessorImpl.invoke0(Native Method)\n\tat java.base/jdk.internal.reflect.NativeMethodAccessorImpl.invoke(NativeMethodAccessorImpl.java:77)\n\tat java.base/jdk.internal.reflect.DelegatingMethodAccessorImpl.invoke(DelegatingMethodAccessorImpl.java:43)\n\tat java.base/java.lang.reflect.Method.invoke(Method.java:568)\n\tat jdk.compiler/com.sun.tools.javac.launcher.Main.execute(Main.java:419)\n\tat jdk.compiler/com.sun.tools.javac.launcher.Main.run(Main.java:192)\n\tat jdk.compiler/com.sun.tools.javac.launcher.Main.main(Main.java:132)\nPassed 0 / 5 testcases!\nTest Failed!\n'


2023-12-16 17:19:13 INFO Running task: 94_0...
2023-12-16 17:19:13 INFO Compilation Failed!
2023-12-16 17:19:13 INFO run_output: b'/home/ubuntu/test_codellm/unit_tests/codellama/c++_java/test.java:219: error: <identifier> expected\npublic static boolean testfunc(ListNode* head, TreeNode* root) {\n                                       ^\n/home/ubuntu/test_codellm/unit_tests/codellama/c++_java/test.java:224: error: <identifier> expected\npublic static boolean dfs(TreeNode* rt, ListNode* head) {\n                                  ^\n2 errors\nerror: compilation failed\n'


2023-12-16 17:19:13 INFO Running task: 95_0...
2023-12-16 17:19:14 INFO Test Passed!


2023-12-16 17:19:14 INFO Running task: 96_0...
2023-12-16 17:19:15 INFO Compilation Failed!
2023-12-16 17:19:15 INFO run_output: b"/home/ubuntu/test_codellm/unit_tests/codellama/c++_java/test.java:219: error: <identifier> expected\npublic static int testfunc(TreeNode* root) {\n                                   ^\n/home/ubuntu/test_codellm/unit_tests/codellama/c++_java/test.java:225: error: <identifier> expected\npublic static void dfs(TreeNode* node, int level, List<Integer> sums) {\n                               ^\n/home/ubuntu/test_codellm/unit_tests/codellama/c++_java/test.java:225: error: ';' expected\npublic static void dfs(TreeNode* node, int level, List<Integer> sums) {\n                                                      ^\n/home/ubuntu/test_codellm/unit_tests/codellama/c++_java/test.java:225: error: <identifier> expected\npublic static void dfs(TreeNode* node, int level, List<Integer> sums) {\n                                                                    ^\n4 errors\nerror: compilation failed\n"


2023-12-16 17:19:15 INFO Running task: 97_0...
2023-12-16 17:19:15 INFO Compilation Failed!
2023-12-16 17:19:15 INFO run_output: b"/home/ubuntu/test_codellm/unit_tests/codellama/c++_java/test.java:219: error: <identifier> expected\npublic static int testfunc(TreeNode* root) {\n                                   ^\n/home/ubuntu/test_codellm/unit_tests/codellama/c++_java/test.java:223: error: <identifier> expected\npublic static int dfs(TreeNode* root, int val) {\n                              ^\n/home/ubuntu/test_codellm/unit_tests/codellama/c++_java/test.java:223: error: ';' expected\npublic static int dfs(TreeNode* root, int val) {\n                                             ^\n3 errors\nerror: compilation failed\n"


2023-12-16 17:19:15 INFO Running task: 98_0...
2023-12-16 17:19:15 INFO Compilation Failed!
2023-12-16 17:19:15 INFO run_output: b"/home/ubuntu/test_codellm/unit_tests/codellama/c++_java/test.java:227: error: illegal start of expression\n        return Vector<Integer>{-1, -1};\n                              ^\n/home/ubuntu/test_codellm/unit_tests/codellama/c++_java/test.java:227: error: not a statement\n        return Vector<Integer>{-1, -1};\n                               ^\n/home/ubuntu/test_codellm/unit_tests/codellama/c++_java/test.java:227: error: ';' expected\n        return Vector<Integer>{-1, -1};\n                                 ^\n/home/ubuntu/test_codellm/unit_tests/codellama/c++_java/test.java:230: error: illegal start of expression\n        return Vector<Integer>{fa != nullptr ? fa->val : 1, depth};\n                              ^\n/home/ubuntu/test_codellm/unit_tests/codellama/c++_java/test.java:230: error: not a statement\n        return Vector<Integer>{fa != nullptr ? fa->val : 1, depth};\n                                             ^\n/home/ubuntu/test_codellm/unit_tests/codellama/c++_java/test.java:230: error: ';' expected\n        return Vector<Integer>{fa != nullptr ? fa->val : 1, depth};\n                                                          ^\n/home/ubuntu/test_codellm/unit_tests/codellama/c++_java/test.java:230: error: not a statement\n        return Vector<Integer>{fa != nullptr ? fa->val : 1, depth};\n                                                            ^\n/home/ubuntu/test_codellm/unit_tests/codellama/c++_java/test.java:230: error: ';' expected\n        return Vector<Integer>{fa != nullptr ? fa->val : 1, depth};\n                                                                 ^\n8 errors\nerror: compilation failed\n"


2023-12-16 17:19:15 INFO Running task: 99_0...
2023-12-16 17:19:16 INFO Compilation Failed!
2023-12-16 17:19:16 INFO run_output: b'/home/ubuntu/test_codellm/unit_tests/codellama/c++_java/test.java:221: error: incompatible types: cannot infer type arguments for HashSet<>\n    Set<Integer> s = new HashSet<>(Arrays.asList(nums));\n                                ^\n    reason: inference variable E has incompatible bounds\n      equality constraints: Integer\n      lower bounds: T,int[]\n  where E,T are type-variables:\n    E extends Object declared in class HashSet\n    T extends Object declared in method <T>asList(T...)\n1 error\nerror: compilation failed\n'


2023-12-16 17:19:16 INFO Running task: 100_0...
2023-12-16 17:19:17 INFO Compilation Failed!
2023-12-16 17:19:17 INFO run_output: b'/home/ubuntu/test_codellm/unit_tests/codellama/c++_java/test.java:221: error: for-each not applicable to expression type\n    for (char c : s) {\n                  ^\n  required: array or java.lang.Iterable\n  found:    String\n1 error\nerror: compilation failed\n'


2023-12-16 17:19:17 INFO [[1], [1], [1], [2], [1], [1], [1], [3], [2], [2], [1], [1], [1], [2], [1], [2], [1], [1], [2], [1], [2], [2], [1], [1], [1], [1], [1], [2], [1], [1], [2], [1], [2], [4], [1], [1], [3], [1], [1], [1], [1], [2], [2], [1], [2], [1], [1], [4], [2], [1], [1], [2], [1], [1], [1], [1], [2], [2], [2], [1], [2], [1], [1], [2], [2], [1], [1], [1], [1], [1], [2], [2], [1], [1], [1], [1], [1], [4], [1], [1], [2], [4], [1], [1], [1], [2], [2], [2], [3], [2], [2], [1], [3], [2], [1], [2], [2], [2], [2], [2]]
