2023-12-12 13:19:27 INFO Index: 0...
2023-12-12 13:19:27 INFO Running task: 1_0...
2023-12-12 13:19:27 INFO Test Passed!


2023-12-12 13:19:27 INFO Index: 1...
2023-12-12 13:19:27 INFO Running task: 2_0...
2023-12-12 13:19:27 INFO Test Failed!
2023-12-12 13:19:27 INFO run_output: b'-1.000000 12.000000\nTestcase 1 Failed!\n-1.000000 -1.000000\n63.000000 -1.000000\nTestcase 3 Failed!\n174.000000 178.000000\nTestcase 4 Failed!\n8.000000 8.000000\nPassed 2/5 testcases!\nTest Failed!\n'


2023-12-12 13:19:27 INFO Index: 2...
2023-12-12 13:19:27 INFO Running task: 3_0...
2023-12-12 13:19:27 INFO Runtime Failed!
2023-12-12 13:19:27 INFO run_output: b'Exception: list index out of range\nException: list index out of range\nException: list index out of range\nException: list index out of range\nException: list index out of range\nPassed 0/5 testcases!\nTest Failed!\n'


2023-12-12 13:19:27 INFO Index: 3...
2023-12-12 13:19:28 INFO Running task: 4_0...
2023-12-12 13:19:28 INFO Test Passed!


2023-12-12 13:19:28 INFO Index: 4...
2023-12-12 13:19:28 INFO Running task: 5_0...
2023-12-12 13:19:28 INFO Test Passed!


2023-12-12 13:19:28 INFO Index: 5...
2023-12-12 13:19:28 INFO Running task: 6_0...
2023-12-12 13:19:28 INFO Test Failed!
2023-12-12 13:19:28 INFO run_output: b'-1.000000 9.000000\nTestcase 1 Failed!\n11.000000 13.000000\nTestcase 2 Failed!\n-1.000000 -1.000000\n-1.000000 -1.000000\n199999999.000000 299999998.000000\nTestcase 5 Failed!\nPassed 2/5 testcases!\nTest Failed!\n'


2023-12-12 13:19:28 INFO Index: 6...
2023-12-12 13:19:28 INFO Running task: 7_0...
2023-12-12 13:19:28 INFO Runtime Failed!
2023-12-12 13:19:28 INFO run_output: b"Exception: free variable 'suf' referenced before assignment in enclosing scope\nException: free variable 'suf' referenced before assignment in enclosing scope\nException: free variable 'suf' referenced before assignment in enclosing scope\nException: free variable 'suf' referenced before assignment in enclosing scope\nException: free variable 'suf' referenced before assignment in enclosing scope\nPassed 0/5 testcases!\nTest Failed!\n"


2023-12-12 13:19:28 INFO Index: 7...
2023-12-12 13:19:28 INFO Running task: 8_0...
2023-12-12 13:19:28 INFO Test Failed!
2023-12-12 13:19:28 INFO run_output: b'"001" "001"\n"00001" "1001"\nTestcase 2 Failed!\n"000000000001" "10000000001"\nTestcase 3 Failed!\n"00000000000000000000000000000000000000000000000000000000000000000000000000000000000000000000000000001" "1111111111111111111111111111111111111111111111111111111000000000000000000000000000000000000000000001"\nTestcase 4 Failed!\n"00000000000000000000000000000000000000000000000000000000000000000000000000000000000000000000000000001" "1111111111111111111111111111111111111111111111111100000000000000000000000000000000000000000000000001"\nTestcase 5 Failed!\nPassed 1/5 testcases!\nTest Failed!\n'


2023-12-12 13:19:28 INFO Index: 8...
2023-12-12 13:19:28 INFO Running task: 9_0...
2023-12-12 13:19:28 INFO Runtime Failed!
2023-12-12 13:19:28 INFO run_output: b'Exception: \'str\' object has no attribute \'to_bytes\'\nException: \'str\' object has no attribute \'to_bytes\'\n"" ""\nException: \'str\' object has no attribute \'to_bytes\'\nException: \'str\' object has no attribute \'to_bytes\'\nPassed 1/5 testcases!\nTest Failed!\n'


2023-12-12 13:19:28 INFO Index: 9...
2023-12-12 13:19:28 INFO Running task: 10_0...
2023-12-12 13:19:29 INFO Test Passed!


2023-12-12 13:19:29 INFO Index: 10...
2023-12-12 13:19:29 INFO Running task: 11_0...
2023-12-12 13:19:29 INFO Test Passed!


2023-12-12 13:19:29 INFO Index: 11...
2023-12-12 13:19:29 INFO Running task: 12_0...
2023-12-12 13:19:29 INFO Test Failed!
2023-12-12 13:19:29 INFO run_output: b'[0.000000,0.000000,0.000000] [2.000000,1.000000,-1.000000]\nTestcase 1 Failed!\n[1.000000,0.000000,0.000000] [1.000000,2.000000,1.000000]\nTestcase 2 Failed!\n[1.000000,1.000000,1.000000,1.000000,0.000000] [-1.000000,-1.000000,68.000000,-1.000000,23.000000]\nTestcase 3 Failed!\n[0.000000,0.000000,0.000000,0.000000,0.000000,0.000000,0.000000,0.000000,0.000000,0.000000,0.000000,0.000000,0.000000,0.000000,0.000000,0.000000,0.000000,0.000000,0.000000,0.000000,0.000000,0.000000,0.000000,0.000000,0.000000,0.000000,0.000000,0.000000,0.000000,0.000000,0.000000,0.000000,0.000000,0.000000,0.000000,0.000000,0.000000,0.000000,0.000000,0.000000,0.000000,0.000000,0.000000,0.000000,0.000000,0.000000,0.000000,0.000000,0.000000,0.000000] [75.000000,96.000000,90.000000,79.000000,51.000000,49.000000,37.000000,56.000000,49.000000,59.000000,4.000000,39.000000,84.000000,82.000000,83.000000,98.000000,19.000000,5.000000,11.000000,58.000000,77.000000,64.000000,89.000000,45.000000,24.000000,3.000000,25.000000,43.000000,17.000000,68.000000,50.000000,72.000000,97.000000,26.000000,11.000000,96.000000,3.000000,61.000000,10.000000,92.000000,78.000000,92.000000,46.000000,79.000000,79.000000,49.000000,28.000000,53.000000,43.000000,1.000000]\nTestcase 4 Failed!\n[1.000000,1.000000,1.000000,1.000000,1.000000,1.000000,1.000000,1.000000,1.000000,1.000000,1.000000,1.000000,1.000000,1.000000,1.000000,1.000000,1.000000,1.000000,1.000000,1.000000,1.000000,1.000000,1.000000,1.000000,1.000000,1.000000,1.000000,1.000000,1.000000,1.000000,1.000000,1.000000,1.000000,1.000000,1.000000,1.000000,1.000000,1.000000,1.000000,1.000000,1.000000,1.000000,1.000000,1.000000,1.000000,1.000000,1.000000,1.000000,1.000000,1.000000,1.000000,1.000000,1.000000,1.000000,1.000000,1.000000,1.000000,1.000000,1.000000,1.000000,1.000000,1.000000,1.000000,1.000000,1.000000,1.000000,1.000000,1.000000,1.000000,1.000000,1.000000,1.000000,1.000000,1.000000,1.000000,1.000000,1.000000,1.000000,1.000000,1.000000,1.000000,1.000000,1.000000,1.000000,1.000000,1.000000,1.000000,1.000000,1.000000,1.000000,1.000000,1.000000,1.000000,1.000000,1.000000,1.000000,1.000000,1.000000,1.000000,1.000000] [-1.000000,-1.000000,-1.000000,-1.000000,-1.000000,-1.000000,-1.000000,-1.000000,-1.000000,-1.000000,-1.000000,-1.000000,-1.000000,-1.000000,-1.000000,-1.000000,-1.000000,-1.000000,-1.000000,-1.000000,-1.000000,-1.000000,-1.000000,-1.000000,-1.000000,-1.000000,-1.000000,-1.000000,-1.000000,-1.000000,-1.000000,-1.000000,-1.000000,-1.000000,-1.000000,-1.000000,-1.000000,-1.000000,-1.000000,-1.000000,-1.000000,-1.000000,-1.000000,-1.000000,-1.000000,-1.000000,-1.000000,-1.000000,-1.000000,-1.000000,-1.000000,-1.000000,-1.000000,-1.000000,-1.000000,-1.000000,-1.000000,-1.000000,-1.000000,-1.000000,-1.000000,-1.000000,-1.000000,-1.000000,-1.000000,-1.000000,-1.000000,-1.000000,-1.000000,-1.000000,-1.000000,-1.000000,-1.000000,-1.000000,-1.000000,-1.000000,-1.000000,-1.000000,-1.000000,-1.000000,-1.000000,-1.000000,-1.000000,-1.000000,-1.000000,-1.000000,-1.000000,-1.000000,-1.000000,-1.000000,-1.000000,-1.000000,-1.000000,-1.000000,-1.000000,-1.000000,-1.000000,-1.000000,-1.000000,-1.000000]\nTestcase 5 Failed!\nPassed 0/5 testcases!\nTest Failed!\n'


2023-12-12 13:19:29 INFO Index: 12...
2023-12-12 13:19:29 INFO Running task: 13_0...
2023-12-12 13:19:29 INFO Compilation Failed!
2023-12-12 13:19:29 INFO run_output: b'  File "/home/ubuntu/test_codellm/unit_tests/wenxin_3.5/java_python/test.py", line 79\n    f0 = 0, f1 = x\n    ^^^^^^\nSyntaxError: invalid syntax. Maybe you meant \'==\' or \':=\' instead of \'=\'?\n'


2023-12-12 13:19:29 INFO Index: 13...
2023-12-12 13:19:29 INFO Running task: 14_0...
2023-12-12 13:19:30 INFO Test Passed!


2023-12-12 13:19:30 INFO Index: 14...
2023-12-12 13:19:30 INFO Running task: 15_0...
2023-12-12 13:19:30 INFO Test Failed!
2023-12-12 13:19:30 INFO run_output: b'16.000000 19.000000\nTestcase 1 Failed!\n15.000000 15.000000\n-15.000000 -15.000000\n-500.000000 -500.000000\n351609.000000 352143.000000\nTestcase 5 Failed!\nPassed 3/5 testcases!\nTest Failed!\n'


2023-12-12 13:19:30 INFO Index: 15...
2023-12-12 13:19:30 INFO Running task: 16_0...
2023-12-12 13:19:30 INFO Compilation Failed!
2023-12-12 13:19:30 INFO run_output: b'  File "/home/ubuntu/test_codellm/unit_tests/wenxin_3.5/java_python/test.py", line 80\n    return ans == float(\'inf\') ? -1 : ans + (target // total) * n\n                               ^\nSyntaxError: invalid syntax\n'


2023-12-12 13:19:30 INFO Index: 16...
2023-12-12 13:19:30 INFO Running task: 17_0...
2023-12-12 13:19:30 INFO Test Failed!
2023-12-12 13:19:30 INFO run_output: b'70.000000 77.000000\nTestcase 1 Failed!\n114.000000 133.000000\nTestcase 2 Failed!\n0.000000 0.000000\n995234209668.000000 999936000240.000000\nTestcase 4 Failed!\n0.000000 0.000000\nPassed 2/5 testcases!\nTest Failed!\n'


2023-12-12 13:19:30 INFO Index: 17...
2023-12-12 13:19:30 INFO Running task: 18_0...
2023-12-12 13:19:31 INFO Test Failed!
2023-12-12 13:19:31 INFO run_output: b'70.000000 77.000000\nTestcase 1 Failed!\n114.000000 133.000000\nTestcase 2 Failed!\n0.000000 0.000000\n995234209668.000000 999936000240.000000\nTestcase 4 Failed!\n0.000000 0.000000\nPassed 2/5 testcases!\nTest Failed!\n'


2023-12-12 13:19:31 INFO Index: 18...
2023-12-12 13:19:31 INFO Running task: 19_0...
2023-12-12 13:19:31 INFO Test Passed!


2023-12-12 13:19:31 INFO Index: 19...
2023-12-12 13:19:31 INFO Running task: 20_0...
2023-12-12 13:19:32 INFO Test Passed!


2023-12-12 13:19:32 INFO Index: 20...
2023-12-12 13:19:32 INFO Running task: 21_0...
2023-12-12 13:19:32 INFO Test Passed!


2023-12-12 13:19:32 INFO Index: 21...
2023-12-12 13:19:32 INFO Running task: 22_0...
2023-12-12 13:20:32 INFO Timeout!
2023-12-12 13:20:32 INFO Index: 22...
2023-12-12 13:20:32 INFO Running task: 23_0...
2023-12-12 13:20:32 INFO Test Failed!
2023-12-12 13:20:32 INFO run_output: b'1.000000 2.000000\nTestcase 1 Failed!\n3.000000 3.000000\n3.000000 4.000000\nTestcase 3 Failed!\n1.000000 1.000000\n92.000000 92.000000\nPassed 3/5 testcases!\nTest Failed!\n'


2023-12-12 13:20:32 INFO Index: 23...
2023-12-12 13:20:32 INFO Running task: 24_0...
2023-12-12 13:20:32 INFO Test Passed!


2023-12-12 13:20:32 INFO Index: 24...
2023-12-12 13:20:32 INFO Running task: 25_0...
2023-12-12 13:20:33 INFO Runtime Failed!
2023-12-12 13:20:33 INFO run_output: b'Exception: 9007199254740994\nException: 9007199254740995\nException: 243194379878006878\nException: 45035996273704969\nException: 8511325914169736887933\nPassed 0/5 testcases!\nTest Failed!\n'


2023-12-12 13:20:33 INFO Index: 25...
2023-12-12 13:20:33 INFO Running task: 26_0...
2023-12-12 13:20:33 INFO Test Failed!
2023-12-12 13:20:33 INFO run_output: b'1.000000 2.000000\nTestcase 1 Failed!\n0.000000 0.000000\n-1.000000 -1.000000\n64.000000 65.000000\nTestcase 4 Failed!\n55.000000 56.000000\nTestcase 5 Failed!\nPassed 2/5 testcases!\nTest Failed!\n'


2023-12-12 13:20:33 INFO Index: 26...
2023-12-12 13:20:33 INFO Running task: 27_0...
2023-12-12 13:20:33 INFO Test Failed!
2023-12-12 13:20:33 INFO run_output: b'1.000000 0.000000\nTestcase 1 Failed!\n3.000000 1.000000\nTestcase 2 Failed!\n10.000000 8.000000\nTestcase 3 Failed!\n1.000000 0.000000\nTestcase 4 Failed!\n0.000000 100000.000000\nTestcase 5 Failed!\nPassed 0/5 testcases!\nTest Failed!\n'


2023-12-12 13:20:33 INFO Index: 27...
2023-12-12 13:20:33 INFO Running task: 28_0...
2023-12-12 13:20:33 INFO Compilation Failed!
2023-12-12 13:20:33 INFO run_output: b'  File "/home/ubuntu/test_codellm/unit_tests/wenxin_3.5/java_python/test.py", line 72\n    ans = 0, s = 0\n    ^^^^^^^\nSyntaxError: invalid syntax. Maybe you meant \'==\' or \':=\' instead of \'=\'?\n'


2023-12-12 13:20:33 INFO Index: 28...
2023-12-12 13:20:33 INFO Running task: 29_0...
2023-12-12 13:20:33 INFO Test Passed!


2023-12-12 13:20:33 INFO Index: 29...
2023-12-12 13:20:33 INFO Running task: 30_0...
2023-12-12 13:20:34 INFO Test Failed!
2023-12-12 13:20:34 INFO run_output: b'3.000000 3.000000\n0.000000 2.000000\nTestcase 2 Failed!\n4.000000 45.000000\nTestcase 3 Failed!\n0.000000 5000050000.000000\nTestcase 4 Failed!\n1245497785.000000 2500044888.000000\nTestcase 5 Failed!\nPassed 1/5 testcases!\nTest Failed!\n'


2023-12-12 13:20:34 INFO Index: 30...
2023-12-12 13:20:34 INFO Running task: 31_0...
2023-12-12 13:20:34 INFO Runtime Failed!
2023-12-12 13:20:34 INFO run_output: b"Exception: local variable 'len' referenced before assignment\nException: local variable 'len' referenced before assignment\nException: local variable 'len' referenced before assignment\nException: local variable 'len' referenced before assignment\nException: local variable 'len' referenced before assignment\nPassed 0/5 testcases!\nTest Failed!\n"


2023-12-12 13:20:34 INFO Index: 31...
2023-12-12 13:20:34 INFO Running task: 32_0...
2023-12-12 13:20:34 INFO Runtime Failed!
2023-12-12 13:20:34 INFO run_output: b"Exception: unsupported operand type(s) for +=: 'int' and 'str'\nException: unsupported operand type(s) for +=: 'int' and 'str'\nException: unsupported operand type(s) for +=: 'int' and 'str'\nException: unsupported operand type(s) for +=: 'int' and 'str'\nException: unsupported operand type(s) for +=: 'int' and 'str'\nPassed 0/5 testcases!\nTest Failed!\n"


2023-12-12 13:20:34 INFO Index: 32...
2023-12-12 13:20:34 INFO Running task: 33_0...
2023-12-12 13:20:34 INFO Runtime Failed!
2023-12-12 13:20:34 INFO run_output: b'17.000000 18.000000\nTestcase 1 Failed!\n16.000000 23.000000\nTestcase 2 Failed!\n0.000000 0.000000\n0.000000 19999800010000.000000\nTestcase 4 Failed!\nException: 419988949\nPassed 1/5 testcases!\nTest Failed!\n'


2023-12-12 13:20:34 INFO Index: 33...
2023-12-12 13:20:34 INFO Running task: 34_0...
2023-12-12 13:20:34 INFO Test Failed!
2023-12-12 13:20:34 INFO run_output: b'0.000000 1.000000\nTestcase 1 Failed!\n0.000000 0.000000\n0.000000 1.000000\nTestcase 3 Failed!\n0.000000 1.000000\nTestcase 4 Failed!\n0.000000 0.000000\nPassed 2/5 testcases!\nTest Failed!\n'


2023-12-12 13:20:34 INFO Index: 34...
2023-12-12 13:20:34 INFO Running task: 35_0...
2023-12-12 13:20:34 INFO Runtime Failed!
2023-12-12 13:20:34 INFO run_output: b"Exception: name 'deep_equal' is not defined\nException: name 'deep_equal' is not defined\nException: name 'deep_equal' is not defined\nException: name 'deep_equal' is not defined\nException: name 'deep_equal' is not defined\nPassed 0/5 testcases!\nTest Failed!\n"


2023-12-12 13:20:34 INFO Index: 35...
2023-12-12 13:20:34 INFO Running task: 36_0...
2023-12-12 13:20:34 INFO Test Passed!


2023-12-12 13:20:34 INFO Index: 36...
2023-12-12 13:20:34 INFO Running task: 37_0...
2023-12-12 13:20:35 INFO Test Passed!


2023-12-12 13:20:35 INFO Index: 37...
2023-12-12 13:20:35 INFO Running task: 38_0...
2023-12-12 13:20:35 INFO Test Passed!


2023-12-12 13:20:35 INFO Index: 38...
2023-12-12 13:20:35 INFO Running task: 39_0...
2023-12-12 13:20:35 INFO Test Failed!
2023-12-12 13:20:35 INFO run_output: b'21.000000 18.000000\nTestcase 1 Failed!\n6.000000 3.000000\nTestcase 2 Failed!\n90.000000 75.000000\nTestcase 3 Failed!\n1275.000000 1275.000000\n132.000000 66.000000\nTestcase 5 Failed!\nPassed 1/5 testcases!\nTest Failed!\n'


2023-12-12 13:20:35 INFO Index: 39...
2023-12-12 13:20:35 INFO Running task: 40_0...
2023-12-12 13:20:35 INFO Test Passed!


2023-12-12 13:20:35 INFO Index: 40...
2023-12-12 13:20:35 INFO Running task: 41_0...
2023-12-12 13:20:35 INFO Test Passed!


2023-12-12 13:20:35 INFO Index: 41...
2023-12-12 13:20:35 INFO Running task: 42_0...
2023-12-12 13:20:35 INFO Runtime Failed!
2023-12-12 13:20:35 INFO run_output: b"Exception: 'set' object has no attribute 'get'\nException: 'set' object has no attribute 'get'\nException: 'set' object has no attribute 'get'\nException: 'set' object has no attribute 'get'\nException: 'set' object has no attribute 'get'\nPassed 0/5 testcases!\nTest Failed!\n"


2023-12-12 13:20:35 INFO Index: 42...
2023-12-12 13:20:35 INFO Running task: 43_0...
2023-12-12 13:20:35 INFO Test Passed!


2023-12-12 13:20:35 INFO Index: 43...
2023-12-12 13:20:35 INFO Running task: 44_0...
2023-12-12 13:20:35 INFO Runtime Failed!
2023-12-12 13:20:35 INFO run_output: b'Exception: list index out of range\nException: list index out of range\nException: list index out of range\nException: list index out of range\nException: list index out of range\nPassed 0/5 testcases!\nTest Failed!\n'


2023-12-12 13:20:35 INFO Index: 44...
2023-12-12 13:20:35 INFO Running task: 45_0...
2023-12-12 13:20:35 INFO Test Failed!
2023-12-12 13:20:35 INFO run_output: b'"gnstr" "rtsng"\nTestcase 1 Failed!\n"retnop" "ponter"\nTestcase 2 Failed!\n"bnbbdawenrmlzdrrqgkmasoeqpyymnmbyhrbqvpreaapzx" "xzpaaerpvqbrhybmnmyypqeosamkgqrrdzlmrnewadbbnb"\nTestcase 3 Failed!\n"xrdgbmhhfxsxpxndhchwhsvamvafqcboabqdohcfdveyjrw" "wrjyevdfchodqbaobcqfavmavshwhchdnxpxsxfhhmbgdrx"\nTestcase 4 Failed!\n"aaaaaaaaaaaaaaaaaaaaaaaaaaaaaaaaaaaaaaaaaaaaaaaaaa" "aaaaaaaaaaaaaaaaaaaaaaaaaaaaaaaaaaaaaaaaaaaaaaaaaa"\nPassed 1/5 testcases!\nTest Failed!\n'


2023-12-12 13:20:35 INFO Index: 45...
2023-12-12 13:20:35 INFO Running task: 46_0...
2023-12-12 13:20:35 INFO Test Passed!


2023-12-12 13:20:35 INFO Index: 46...
2023-12-12 13:20:35 INFO Running task: 47_0...
2023-12-12 13:20:35 INFO Test Failed!
2023-12-12 13:20:35 INFO run_output: b'2.000000 3.000000\nTestcase 1 Failed!\n1.000000 1.000000\n2.000000 3.000000\nTestcase 3 Failed!\n1.000000 1.000000\n3.000000 4.000000\nTestcase 5 Failed!\nPassed 2/5 testcases!\nTest Failed!\n'


2023-12-12 13:20:35 INFO Index: 47...
2023-12-12 13:20:35 INFO Running task: 48_0...
2023-12-12 13:20:36 INFO Test Passed!


2023-12-12 13:20:36 INFO Index: 48...
2023-12-12 13:20:36 INFO Running task: 49_0...
2023-12-12 13:20:36 INFO Runtime Failed!
2023-12-12 13:20:36 INFO run_output: b"Exception: name 'testfunc' is not defined\nException: name 'testfunc' is not defined\nException: name 'testfunc' is not defined\nException: name 'testfunc' is not defined\nException: name 'testfunc' is not defined\nPassed 0/5 testcases!\nTest Failed!\n"


2023-12-12 13:20:36 INFO Index: 49...
2023-12-12 13:20:36 INFO Running task: 50_0...
2023-12-12 13:20:36 INFO Test Failed!
2023-12-12 13:20:36 INFO run_output: b'["one","two","three","threefour","five","fivesix"] ["one","two","three","four","five","six"]\nTestcase 1 Failed!\n["easy","problem"] ["easy","problem"]\n["one","two","three","threefour","five","fivesix"] ["one","two","three","four","five","six"]\nTestcase 3 Failed!\n["one","two","three","threefour","five","fivesix"] ["one","two","three","four","five","six"]\nTestcase 4 Failed!\n["easy","problem"] ["easy","problem"]\nPassed 2/5 testcases!\nTest Failed!\n'


2023-12-12 13:20:36 INFO Index: 50...
2023-12-12 13:20:36 INFO Running task: 51_0...
2023-12-12 13:20:36 INFO Runtime Failed!
2023-12-12 13:20:36 INFO run_output: b"Exception: local variable 'sum' referenced before assignment\nException: local variable 'sum' referenced before assignment\nException: local variable 'sum' referenced before assignment\nException: local variable 'sum' referenced before assignment\nException: local variable 'sum' referenced before assignment\nPassed 0/5 testcases!\nTest Failed!\n"


2023-12-12 13:20:36 INFO Index: 51...
2023-12-12 13:20:36 INFO Running task: 52_0...
2023-12-12 13:20:36 INFO Test Passed!


2023-12-12 13:20:36 INFO Index: 52...
2023-12-12 13:20:36 INFO Running task: 53_0...
2023-12-12 13:20:36 INFO Test Passed!


2023-12-12 13:20:36 INFO Index: 53...
2023-12-12 13:20:36 INFO Running task: 54_0...
2023-12-12 13:20:36 INFO Test Passed!


2023-12-12 13:20:36 INFO Index: 54...
2023-12-12 13:20:36 INFO Running task: 55_0...
2023-12-12 13:20:38 INFO Test Passed!


2023-12-12 13:20:38 INFO Index: 55...
2023-12-12 13:20:38 INFO Running task: 56_0...
2023-12-12 13:20:43 INFO Test Passed!


2023-12-12 13:20:43 INFO Index: 56...
2023-12-12 13:20:43 INFO Running task: 57_0...
2023-12-12 13:20:43 INFO Test Passed!


2023-12-12 13:20:43 INFO Index: 57...
2023-12-12 13:20:43 INFO Running task: 58_0...
2023-12-12 13:20:43 INFO Test Failed!
2023-12-12 13:20:43 INFO run_output: b'1.000000 1.000000\n0.000000 0.000000\n1.000000 1.000000\n1.000000 1.000000\n1.000000 0.000000\nTestcase 5 Failed!\nPassed 4/5 testcases!\nTest Failed!\n'


2023-12-12 13:20:43 INFO Index: 58...
2023-12-12 13:20:43 INFO Running task: 59_0...
2023-12-12 13:20:48 INFO Test Failed!
2023-12-12 13:20:48 INFO run_output: b'15.000000 15.000000\n7.000000 7.000000\n56194834.000000 127710165.000000\nTestcase 3 Failed!\n1073739292.000000 1073739292.000000\n1073739291.000000 1073739291.000000\nPassed 4/5 testcases!\nTest Failed!\n'


2023-12-12 13:20:48 INFO Index: 59...
2023-12-12 13:20:48 INFO Running task: 60_0...
2023-12-12 13:20:48 INFO Test Failed!
2023-12-12 13:20:48 INFO run_output: b'[204.000000,205.000000,206.000000] [204.000000,205.000000,206.000000]\n[7.000000,3.000000,10.000000,8.000000,12.000000] [3.000000,7.000000,8.000000,10.000000,12.000000]\nTestcase 2 Failed!\n[3674.000000,3695.000000,3685.000000,3720.000000,3670.000000,3684.000000,3677.000000,3714.000000] [3670.000000,3674.000000,3677.000000,3684.000000,3685.000000,3695.000000,3714.000000,3720.000000]\nTestcase 3 Failed!\n[8587.000000,8609.000000] [8587.000000,8609.000000]\n[2451.000000,2483.000000,2447.000000,2438.000000,2488.000000,2437.000000,2510.000000,2466.000000,2473.000000,2457.000000,2515.000000,2444.000000,2442.000000,2458.000000,2489.000000,2517.000000,2518.000000,2479.000000] [2437.000000,2438.000000,2442.000000,2444.000000,2447.000000,2451.000000,2457.000000,2458.000000,2466.000000,2473.000000,2479.000000,2483.000000,2488.000000,2489.000000,2510.000000,2515.000000,2517.000000,2518.000000]\nTestcase 5 Failed!\nPassed 2/5 testcases!\nTest Failed!\n'


2023-12-12 13:20:48 INFO Index: 60...
2023-12-12 13:20:48 INFO Running task: 61_0...
2023-12-12 13:20:48 INFO Runtime Failed!
2023-12-12 13:20:48 INFO run_output: b"Exception: unsupported operand type(s) for -: 'int' and 'NoneType'\nException: unsupported operand type(s) for -: 'int' and 'NoneType'\nException: unsupported operand type(s) for -: 'int' and 'NoneType'\nException: unsupported operand type(s) for -: 'int' and 'NoneType'\nException: unsupported operand type(s) for -: 'int' and 'NoneType'\nPassed 0/5 testcases!\nTest Failed!\n"


2023-12-12 13:20:48 INFO Index: 61...
2023-12-12 13:20:48 INFO Running task: 62_0...
2023-12-12 13:20:48 INFO Runtime Failed!
2023-12-12 13:20:48 INFO run_output: b'Exception: list indices must be integers or slices, not list\nException: list indices must be integers or slices, not list\nException: list indices must be integers or slices, not list\nException: list indices must be integers or slices, not list\nException: list indices must be integers or slices, not list\nPassed 0/5 testcases!\nTest Failed!\n'


2023-12-12 13:20:48 INFO Index: 62...
2023-12-12 13:20:48 INFO Running task: 63_0...
2023-12-12 13:20:48 INFO Test Passed!


2023-12-12 13:20:48 INFO Index: 63...
2023-12-12 13:20:48 INFO Running task: 64_0...
2023-12-12 13:20:48 INFO Runtime Failed!
2023-12-12 13:20:48 INFO run_output: b"Exception: 'collections.deque' object has no attribute 'empty'\nException: 'collections.deque' object has no attribute 'empty'\nException: 'collections.deque' object has no attribute 'empty'\nException: 'collections.deque' object has no attribute 'empty'\nException: 'collections.deque' object has no attribute 'empty'\nPassed 0/5 testcases!\nTest Failed!\n"


2023-12-12 13:20:48 INFO Index: 64...
2023-12-12 13:20:48 INFO Running task: 65_0...
2023-12-12 13:20:48 INFO Runtime Failed!
2023-12-12 13:20:48 INFO run_output: b"Exception: name 'testfunc' is not defined\nException: name 'testfunc' is not defined\nException: name 'testfunc' is not defined\nException: name 'testfunc' is not defined\nException: name 'testfunc' is not defined\nPassed 0/5 testcases!\nTest Failed!\n"


2023-12-12 13:20:48 INFO Index: 65...
2023-12-12 13:20:48 INFO Running task: 66_0...
2023-12-12 13:20:49 INFO Test Passed!


2023-12-12 13:20:49 INFO Index: 66...
2023-12-12 13:20:49 INFO Running task: 67_0...
2023-12-12 13:20:49 INFO Test Passed!


2023-12-12 13:20:49 INFO Index: 67...
2023-12-12 13:20:49 INFO Running task: 68_0...
2023-12-12 13:20:49 INFO Test Passed!


2023-12-12 13:20:49 INFO Index: 68...
2023-12-12 13:20:49 INFO Running task: 69_0...
2023-12-12 13:20:49 INFO Runtime Failed!
2023-12-12 13:20:49 INFO run_output: b"Exception: name 'testfunc' is not defined\nException: name 'testfunc' is not defined\nException: name 'testfunc' is not defined\nException: name 'testfunc' is not defined\nException: name 'testfunc' is not defined\nPassed 0/5 testcases!\nTest Failed!\n"


2023-12-12 13:20:49 INFO Index: 69...
2023-12-12 13:20:49 INFO Running task: 70_0...
2023-12-12 13:20:49 INFO Runtime Failed!
2023-12-12 13:20:49 INFO run_output: b'"three o\'clock" "three o\' clock"\nTestcase 1 Failed!\n"fourteen minutes to six" "thirteen minutes to six"\nTestcase 2 Failed!\n"quarter past seven" "quarter past seven"\nException: list index out of range\n"half past five" "half past five"\nPassed 2/5 testcases!\nTest Failed!\n'


2023-12-12 13:20:49 INFO Index: 70...
2023-12-12 13:20:49 INFO Running task: 71_0...
2023-12-12 13:20:50 INFO Test Failed!
2023-12-12 13:20:50 INFO run_output: b'2.000000 2.000000\n14.000000 2.000000\nTestcase 2 Failed!\n6.000000 4.000000\nTestcase 3 Failed!\n29936.000000 24008.000000\nTestcase 4 Failed!\n59998.000000 15986.000000\nTestcase 5 Failed!\nPassed 1/5 testcases!\nTest Failed!\n'


2023-12-12 13:20:50 INFO Index: 71...
2023-12-12 13:20:50 INFO Running task: 72_0...
2023-12-12 13:20:50 INFO Runtime Failed!
2023-12-12 13:20:50 INFO run_output: b'[[2.000000,3.000000,4.000000,8.000000],[1.000000,6.000000,7.000000,12.000000],[9.000000,10.000000,11.000000,16.000000],[13.000000,14.000000,15.000000,16.000000]] [[2.000000,3.000000,4.000000,8.000000],[1.000000,7.000000,11.000000,12.000000],[5.000000,6.000000,10.000000,16.000000],[9.000000,13.000000,14.000000,15.000000]]\nTestcase 1 Failed!\n[[3.000000,4.000000,8.000000,12.000000],[2.000000,6.000000,7.000000,16.000000],[9.000000,10.000000,11.000000,16.000000],[13.000000,14.000000,15.000000,16.000000]] [[3.000000,4.000000,8.000000,12.000000],[2.000000,11.000000,10.000000,16.000000],[1.000000,7.000000,6.000000,15.000000],[5.000000,9.000000,13.000000,14.000000]]\nTestcase 2 Failed!\n[[2.000000,3.000000,4.000000,10.000000],[1.000000,8.000000,9.000000,16.000000],[13.000000,14.000000,15.000000,22.000000],[19.000000,20.000000,21.000000,28.000000],[25.000000,26.000000,27.000000,28.000000]] [[28.000000,27.000000,26.000000,25.000000],[22.000000,9.000000,15.000000,19.000000],[16.000000,8.000000,21.000000,13.000000],[10.000000,14.000000,20.000000,7.000000],[4.000000,3.000000,2.000000,1.000000]]\nTestcase 3 Failed!\nException: integer division or modulo by zero\n[[61842591.000000,4075781.000000,78546289.000000,38723163.000000,54296259.000000,58332834.000000,72221222.000000,76060312.000000,73789550.000000,83838565.000000,39249266.000000,60702778.000000,26036952.000000,90167124.000000,27699771.000000,57168246.000000,65617321.000000,57904517.000000,9278234.000000,52505001.000000,59643645.000000,82803519.000000,52686070.000000,87324151.000000,53568652.000000,54078615.000000,63385964.000000,37751016.000000,93829018.000000,1918495.000000,71361633.000000,88248491.000000,74406930.000000,29532209.000000,29532209.000000],[8314921.000000,34913710.000000,2884941.000000,53777471.000000,963349.000000,70026715.000000,64164289.000000,79955530.000000,74725282.000000,20357033.000000,38623679.000000,66125006.000000,73439290.000000,30872072.000000,3263549.000000,17912741.000000,32682148.000000,55012614.000000,4329732.000000,13739959.000000,24647410.000000,63581494.000000,46339150.000000,25561726.000000,95822938.000000,54761946.000000,12012533.000000,90804743.000000,4651809.000000,45404222.000000,72859638.000000,72859638.000000,72859638.000000,72859638.000000,29532209.000000],[99414907.000000,30306484.000000,20102991.000000,68221497.000000,15715836.000000,47037040.000000,94668793.000000,38183872.000000,65506647.000000,73462209.000000,53396698.000000,25954898.000000,59140985.000000,32091272.000000,81005196.000000,42056652.000000,74616728.000000,96357248.000000,63835792.000000,67447027.000000,38683492.000000,80044320.000000,8263886.000000,12287085.000000,85600270.000000,20185300.000000,6188842.000000,40727578.000000,56937426.000000,43100133.000000,71397805.000000,74205441.000000,30524204.000000,72859638.000000,29532209.000000],[12791945.000000,56974984.000000,19553267.000000,29600133.000000,68345843.000000,28601713.000000,84942306.000000,11092771.000000,29557082.000000,87544699.000000,23607103.000000,20201108.000000,55705511.000000,61696137.000000,85170914.000000,10137374.000000,45661875.000000,94851660.000000,37224143.000000,28908570.000000,2724302.000000,48348702.000000,44508728.000000,98771569.000000,90805728.000000,69666819.000000,78821178.000000,61161903.000000,24405786.000000,77534353.000000,73274535.000000,76215634.000000,76221723.000000,72859638.000000,29532209.000000],[8706735.000000,97453699.000000,57047755.000000,33621057.000000,48294456.000000,54391094.000000,98099423.000000,10926264.000000,78273507.000000,23487841.000000,74326637.000000,25392625.000000,15579738.000000,91504754.000000,24148953.000000,23183065.000000,8808037.000000,55422220.000000,2194578.000000,47164195.000000,93810141.000000,84319296.000000,30855604.000000,35426054.000000,48535293.000000,63522577.000000,764127.000000,83936671.000000,11240401.000000,18378950.000000,68935044.000000,88560734.000000,86840745.000000,72859638.000000,29532209.000000],[65009421.000000,42441944.000000,35083780.000000,41764933.000000,48542010.000000,84988319.000000,25745337.000000,3740135.000000,57697810.000000,21482385.000000,55038384.000000,29704849.000000,96550594.000000,25374716.000000,46276002.000000,74349120.000000,33685751.000000,71492951.000000,75259269.000000,47698699.000000,61853746.000000,56273236.000000,80848410.000000,30945346.000000,79451758.000000,90076980.000000,82818953.000000,6862713.000000,42603635.000000,34020227.000000,25939062.000000,61762241.000000,37096588.000000,72859638.000000,29532209.000000],[75762177.000000,10546334.000000,89597290.000000,29497431.000000,59021632.000000,86900651.000000,39702792.000000,21072044.000000,62079995.000000,57754642.000000,71562357.000000,2273815.000000,28578645.000000,7939247.000000,52825694.000000,55664954.000000,60380224.000000,86457800.000000,42282778.000000,78982370.000000,68479663.000000,78083813.000000,41638747.000000,58991300.000000,36669712.000000,65796279.000000,29423523.000000,34377500.000000,72976303.000000,99717277.000000,23389311.000000,84775311.000000,45460956.000000,72859638.000000,29532209.000000],[84321666.000000,86194626.000000,62491641.000000,34285202.000000,14392555.000000,39290.000000,12126244.000000,26454124.000000,26922815.000000,33330680.000000,79455933.000000,10478125.000000,37300277.000000,41637573.000000,51261012.000000,69190192.000000,3819479.000000,45480086.000000,57882634.000000,40513196.000000,69446833.000000,78221446.000000,98552569.000000,65051316.000000,86691725.000000,11304763.000000,91120738.000000,53697639.000000,85633000.000000,88588317.000000,69364683.000000,49831132.000000,19076056.000000,72859638.000000,29532209.000000],[33841807.000000,33366533.000000,12483205.000000,76302053.000000,98605911.000000,68562392.000000,34944673.000000,39739191.000000,72825638.000000,87466960.000000,72434531.000000,21627929.000000,5388429.000000,69451246.000000,37698618.000000,94812528.000000,3443661.000000,82044693.000000,98013027.000000,47231792.000000,60277409.000000,60949252.000000,56448839.000000,46225605.000000,75981731.000000,87432480.000000,48216855.000000,90975187.000000,54478649.000000,50981117.000000,56209117.000000,8666688.000000,67978531.000000,72859638.000000,29532209.000000],[23243869.000000,3097132.000000,60696192.000000,42515278.000000,22909051.000000,41625048.000000,34961554.000000,17449558.000000,62534378.000000,83337900.000000,29747706.000000,30639539.000000,54646830.000000,88255096.000000,47159363.000000,65907570.000000,93903144.000000,1399516.000000,87422869.000000,7267015.000000,19764438.000000,24380035.000000,10059961.000000,10752972.000000,39106282.000000,15013312.000000,19701899.000000,42837490.000000,96499250.000000,28720802.000000,82882472.000000,8666688.000000,52258178.000000,72859638.000000,29532209.000000],[37755625.000000,91346726.000000,34690382.000000,1032465.000000,25564074.000000,39837005.000000,82867258.000000,74939433.000000,10672680.000000,9862449.000000,17779854.000000,59887687.000000,36874462.000000,28865278.000000,6190029.000000,76422675.000000,62042896.000000,34428245.000000,42301094.000000,84161170.000000,68925174.000000,32093600.000000,79078957.000000,46430019.000000,71157668.000000,20310550.000000,56939340.000000,75419884.000000,91764932.000000,84015676.000000,39337774.000000,8666688.000000,9860620.000000,72859638.000000,29532209.000000],[55336990.000000,55350739.000000,46542796.000000,39474174.000000,53199594.000000,81146709.000000,81534392.000000,28783468.000000,47255908.000000,57727656.000000,8165819.000000,13446816.000000,71128103.000000,15848500.000000,54011009.000000,12599333.000000,63644237.000000,9772340.000000,25432869.000000,14683063.000000,17965691.000000,85612722.000000,33486691.000000,53775941.000000,92015724.000000,17203398.000000,80570802.000000,77320611.000000,99535960.000000,15370209.000000,63723500.000000,8666688.000000,96898348.000000,72859638.000000,29532209.000000],[77626125.000000,17225955.000000,3502408.000000,6230294.000000,45890440.000000,80426701.000000,98863935.000000,36120902.000000,97543984.000000,25419962.000000,82907528.000000,81554238.000000,12750828.000000,69136727.000000,27632013.000000,25549470.000000,17328300.000000,95799755.000000,81169470.000000,19489574.000000,17069254.000000,19541016.000000,87002310.000000,90381267.000000,89211288.000000,43589430.000000,63032667.000000,54531734.000000,74671653.000000,60062711.000000,90617014.000000,8666688.000000,69061170.000000,72859638.000000,29532209.000000],[27904950.000000,80510009.000000,11906194.000000,11001213.000000,72834700.000000,7982675.000000,6712459.000000,43958651.000000,82491474.000000,95029102.000000,56442671.000000,62128677.000000,28567949.000000,30813309.000000,50195710.000000,31931780.000000,61990524.000000,2780558.000000,41688759.000000,64879495.000000,18327591.000000,53468499.000000,44740362.000000,23667883.000000,50635116.000000,57737366.000000,45456230.000000,41092665.000000,32064365.000000,16088734.000000,90483634.000000,8666688.000000,14794853.000000,72859638.000000,29532209.000000],[6916800.000000,66718961.000000,33941839.000000,23785234.000000,18618791.000000,32792836.000000,91680892.000000,9999605.000000,61162042.000000,84081561.000000,93033496.000000,19271750.000000,44753832.000000,24264830.000000,11419555.000000,63680959.000000,89356321.000000,20732633.000000,42379145.000000,94450630.000000,65030632.000000,15388760.000000,38649547.000000,75942078.000000,29209101.000000,48893183.000000,59890390.000000,96971840.000000,31028061.000000,1312714.000000,50402324.000000,8666688.000000,68185691.000000,72859638.000000,29532209.000000],[79615390.000000,62746400.000000,92109555.000000,45101941.000000,61335591.000000,68895313.000000,83921794.000000,6781796.000000,93082789.000000,37853418.000000,53586262.000000,99470136.000000,61975664.000000,42995983.000000,25381115.000000,74109108.000000,51670577.000000,11673865.000000,79276139.000000,27756850.000000,77577467.000000,19319390.000000,36848871.000000,13820636.000000,51904093.000000,76125493.000000,54942002.000000,82749303.000000,22757777.000000,76918850.000000,31300901.000000,8666688.000000,49209530.000000,72859638.000000,29532209.000000],[63012775.000000,32526254.000000,38743488.000000,75927905.000000,35549466.000000,22702488.000000,44425201.000000,10621617.000000,15816183.000000,58973982.000000,46641778.000000,76539161.000000,89754035.000000,83171064.000000,29811982.000000,553637.000000,50195617.000000,85570690.000000,63397526.000000,3500645.000000,21707681.000000,4331694.000000,40655128.000000,68131471.000000,99608922.000000,1648704.000000,72501480.000000,83035711.000000,47465250.000000,82435779.000000,23225179.000000,8666688.000000,98634485.000000,72859638.000000,29532209.000000],[2716447.000000,24326862.000000,54305299.000000,41254015.000000,23825243.000000,63167325.000000,22727130.000000,78655392.000000,4973828.000000,55390112.000000,28875495.000000,37184119.000000,50895077.000000,88565632.000000,75238148.000000,1526714.000000,67454777.000000,41154226.000000,12322752.000000,97989359.000000,75189696.000000,5200857.000000,13776988.000000,33331317.000000,94054306.000000,80129376.000000,31855821.000000,58770443.000000,11915871.000000,55864506.000000,11254100.000000,77633152.000000,65450803.000000,72859638.000000,29532209.000000],[2328139.000000,68833569.000000,84484742.000000,91643453.000000,19155178.000000,22972630.000000,89124861.000000,92191840.000000,37917430.000000,26036236.000000,50605927.000000,17961383.000000,87387637.000000,84624143.000000,51838240.000000,64544198.000000,67385670.000000,94179595.000000,9084225.000000,81057184.000000,83556907.000000,17099263.000000,78653234.000000,5556927.000000,71897925.000000,37487010.000000,19452400.000000,56793626.000000,66658091.000000,12610715.000000,69172447.000000,63154172.000000,77452579.000000,72859638.000000,29532209.000000],[24195466.000000,19254443.000000,44363078.000000,13147904.000000,55344681.000000,82390365.000000,81419403.000000,61870543.000000,62144103.000000,38746759.000000,99497737.000000,88813748.000000,26843833.000000,55099909.000000,93812968.000000,83352.000000,67196515.000000,24815879.000000,13337908.000000,25849048.000000,44983993.000000,35122953.000000,35604833.000000,10175640.000000,60106567.000000,58741395.000000,53761820.000000,59923877.000000,64991337.000000,95862345.000000,44087642.000000,15675488.000000,73626867.000000,95299715.000000,29532209.000000]] [[61842591.000000,4075781.000000,78546289.000000,38723163.000000,54296259.000000,58332834.000000,72221222.000000,76060312.000000,73789550.000000,83838565.000000,39249266.000000,60702778.000000,26036952.000000,90167124.000000,27699771.000000,57168246.000000,65617321.000000,57904517.000000,9278234.000000,52505001.000000,59643645.000000,82803519.000000,52686070.000000,87324151.000000,53568652.000000,54078615.000000,63385964.000000,37751016.000000,93829018.000000,1918495.000000,71361633.000000,88248491.000000,74406930.000000,29532209.000000,95299715.000000],[8314921.000000,34913710.000000,2884941.000000,53777471.000000,963349.000000,70026715.000000,64164289.000000,79955530.000000,74725282.000000,20357033.000000,38623679.000000,66125006.000000,73439290.000000,30872072.000000,3263549.000000,17912741.000000,32682148.000000,55012614.000000,4329732.000000,13739959.000000,24647410.000000,63581494.000000,46339150.000000,25561726.000000,95822938.000000,54761946.000000,12012533.000000,90804743.000000,4651809.000000,45404222.000000,72859638.000000,77452579.000000,63154172.000000,69172447.000000,73626867.000000],[24518860.000000,30306484.000000,8263886.000000,12287085.000000,85600270.000000,20185300.000000,6188842.000000,40727578.000000,56937426.000000,43100133.000000,71397805.000000,74205441.000000,30524204.000000,76221723.000000,86840745.000000,37096588.000000,45460956.000000,19076056.000000,67978531.000000,52258178.000000,9860620.000000,96898348.000000,69061170.000000,14794853.000000,68185691.000000,49209530.000000,98634485.000000,65450803.000000,77633152.000000,11254100.000000,55864506.000000,11915871.000000,58770443.000000,12610715.000000,15675488.000000],[2183515.000000,42040554.000000,80044320.000000,10137374.000000,45661875.000000,94851660.000000,37224143.000000,28908570.000000,2724302.000000,48348702.000000,44508728.000000,98771569.000000,90805728.000000,69666819.000000,78821178.000000,61161903.000000,24405786.000000,77534353.000000,73274535.000000,76215634.000000,88560734.000000,61762241.000000,84775311.000000,49831132.000000,8666688.000000,23225179.000000,82435779.000000,47465250.000000,83035711.000000,72501480.000000,1648704.000000,99608922.000000,31855821.000000,66658091.000000,44087642.000000],[24431906.000000,28391955.000000,38683492.000000,85170914.000000,48535293.000000,63522577.000000,764127.000000,83936671.000000,11240401.000000,18378950.000000,68935044.000000,25939062.000000,23389311.000000,69364683.000000,56209117.000000,82882472.000000,39337774.000000,63723500.000000,90617014.000000,90483634.000000,50402324.000000,31300901.000000,76918850.000000,22757777.000000,82749303.000000,54942002.000000,76125493.000000,51904093.000000,13820636.000000,36848871.000000,19319390.000000,68131471.000000,80129376.000000,56793626.000000,95862345.000000],[24498867.000000,35614647.000000,67447027.000000,61696137.000000,35426054.000000,90076980.000000,82818953.000000,6862713.000000,42603635.000000,34020227.000000,99717277.000000,88588317.000000,50981117.000000,28720802.000000,84015676.000000,15370209.000000,60062711.000000,16088734.000000,1312714.000000,31028061.000000,96971840.000000,59890390.000000,48893183.000000,29209101.000000,75942078.000000,38649547.000000,15388760.000000,65030632.000000,94450630.000000,42379145.000000,77577467.000000,40655128.000000,94054306.000000,19452400.000000,64991337.000000],[88842074.000000,62575180.000000,63835792.000000,55705511.000000,30855604.000000,79451758.000000,29423523.000000,34377500.000000,72976303.000000,85633000.000000,54478649.000000,96499250.000000,91764932.000000,99535960.000000,74671653.000000,32064365.000000,41092665.000000,45456230.000000,57737366.000000,50635116.000000,23667883.000000,44740362.000000,53468499.000000,18327591.000000,64879495.000000,41688759.000000,2780558.000000,61990524.000000,31931780.000000,20732633.000000,27756850.000000,4331694.000000,33331317.000000,37487010.000000,59923877.000000],[39112247.000000,68000196.000000,96357248.000000,20201108.000000,84319296.000000,30945346.000000,65796279.000000,53697639.000000,90975187.000000,42837490.000000,75419884.000000,77320611.000000,54531734.000000,63032667.000000,43589430.000000,89211288.000000,90381267.000000,87002310.000000,19541016.000000,17069254.000000,19489574.000000,81169470.000000,95799755.000000,17328300.000000,25549470.000000,27632013.000000,69136727.000000,12750828.000000,50195710.000000,89356321.000000,79276139.000000,21707681.000000,13776988.000000,71897925.000000,53761820.000000],[36996828.000000,89936676.000000,74616728.000000,23607103.000000,93810141.000000,80848410.000000,36669712.000000,91120738.000000,56939340.000000,80570802.000000,17203398.000000,92015724.000000,53775941.000000,33486691.000000,85612722.000000,17965691.000000,14683063.000000,25432869.000000,9772340.000000,63644237.000000,12599333.000000,54011009.000000,15848500.000000,71128103.000000,13446816.000000,8165819.000000,57727656.000000,81554238.000000,30813309.000000,63680959.000000,11673865.000000,3500645.000000,5200857.000000,5556927.000000,58741395.000000],[42691669.000000,75012462.000000,42056652.000000,87544699.000000,47164195.000000,56273236.000000,58991300.000000,11304763.000000,19701899.000000,79078957.000000,32093600.000000,68925174.000000,84161170.000000,42301094.000000,34428245.000000,62042896.000000,76422675.000000,6190029.000000,28865278.000000,36874462.000000,59887687.000000,17779854.000000,9862449.000000,83337900.000000,29747706.000000,30639539.000000,47255908.000000,82907528.000000,28567949.000000,11419555.000000,51670577.000000,63397526.000000,75189696.000000,78653234.000000,60106567.000000],[27254248.000000,4345791.000000,81005196.000000,29557082.000000,2194578.000000,61853746.000000,41638747.000000,86691725.000000,48216855.000000,46430019.000000,71157668.000000,20310550.000000,15013312.000000,39106282.000000,10752972.000000,10059961.000000,24380035.000000,19764438.000000,7267015.000000,87422869.000000,1399516.000000,93903144.000000,65907570.000000,47159363.000000,88255096.000000,54646830.000000,10672680.000000,25419962.000000,62128677.000000,24264830.000000,74109108.000000,85570690.000000,97989359.000000,17099263.000000,10175640.000000],[16379998.000000,92077306.000000,32091272.000000,11092771.000000,55422220.000000,47698699.000000,78083813.000000,65051316.000000,87432480.000000,75981731.000000,46225605.000000,56448839.000000,60949252.000000,60277409.000000,47231792.000000,98013027.000000,82044693.000000,3443661.000000,94812528.000000,37698618.000000,69451246.000000,5388429.000000,21627929.000000,72434531.000000,87466960.000000,72825638.000000,62534378.000000,97543984.000000,56442671.000000,44753832.000000,25381115.000000,50195617.000000,12322752.000000,83556907.000000,35604833.000000],[33633183.000000,7054176.000000,59140985.000000,84942306.000000,8808037.000000,75259269.000000,68479663.000000,98552569.000000,78221446.000000,69446833.000000,40513196.000000,57882634.000000,45480086.000000,3819479.000000,69190192.000000,51261012.000000,41637573.000000,37300277.000000,10478125.000000,79455933.000000,33330680.000000,26922815.000000,26454124.000000,39739191.000000,17449558.000000,74939433.000000,28783468.000000,36120902.000000,95029102.000000,19271750.000000,42995983.000000,553637.000000,41154226.000000,81057184.000000,35122953.000000],[46677242.000000,83562860.000000,25954898.000000,28601713.000000,23183065.000000,71492951.000000,78982370.000000,42282778.000000,86457800.000000,60380224.000000,55664954.000000,52825694.000000,7939247.000000,28578645.000000,2273815.000000,71562357.000000,57754642.000000,62079995.000000,21072044.000000,39702792.000000,12126244.000000,34944673.000000,34961554.000000,82867258.000000,81534392.000000,98863935.000000,6712459.000000,43958651.000000,82491474.000000,93033496.000000,61975664.000000,29811982.000000,67454777.000000,9084225.000000,44983993.000000],[10655095.000000,99753158.000000,53396698.000000,68345843.000000,24148953.000000,33685751.000000,74349120.000000,46276002.000000,25374716.000000,96550594.000000,29704849.000000,55038384.000000,21482385.000000,57697810.000000,3740135.000000,25745337.000000,84988319.000000,86900651.000000,39290.000000,68562392.000000,41625048.000000,39837005.000000,81146709.000000,80426701.000000,7982675.000000,32792836.000000,91680892.000000,9999605.000000,61162042.000000,84081561.000000,99470136.000000,83171064.000000,1526714.000000,94179595.000000,25849048.000000],[87107645.000000,93405938.000000,73462209.000000,29600133.000000,91504754.000000,15579738.000000,25392625.000000,74326637.000000,23487841.000000,78273507.000000,10926264.000000,98099423.000000,54391094.000000,48294456.000000,48542010.000000,59021632.000000,14392555.000000,98605911.000000,22909051.000000,25564074.000000,53199594.000000,45890440.000000,72834700.000000,18618791.000000,61335591.000000,68895313.000000,83921794.000000,6781796.000000,93082789.000000,37853418.000000,53586262.000000,89754035.000000,75238148.000000,67385670.000000,13337908.000000],[99768969.000000,29122446.000000,65506647.000000,33621057.000000,3764818.000000,19237784.000000,73754269.000000,58918402.000000,38184584.000000,81809847.000000,43711417.000000,43731381.000000,41764933.000000,29497431.000000,34285202.000000,76302053.000000,42515278.000000,1032465.000000,39474174.000000,6230294.000000,11001213.000000,23785234.000000,45101941.000000,75927905.000000,35549466.000000,22702488.000000,44425201.000000,10621617.000000,15816183.000000,58973982.000000,46641778.000000,76539161.000000,88565632.000000,64544198.000000,24815879.000000],[79096784.000000,67006619.000000,38183872.000000,94668793.000000,47037040.000000,15715836.000000,68221497.000000,20102991.000000,19553267.000000,57047755.000000,35083780.000000,89597290.000000,62491641.000000,12483205.000000,60696192.000000,34690382.000000,46542796.000000,3502408.000000,11906194.000000,33941839.000000,92109555.000000,38743488.000000,54305299.000000,41254015.000000,23825243.000000,63167325.000000,22727130.000000,78655392.000000,4973828.000000,55390112.000000,28875495.000000,37184119.000000,50895077.000000,51838240.000000,67196515.000000],[52732087.000000,52963972.000000,36330960.000000,62683333.000000,84763994.000000,74527659.000000,56974984.000000,97453699.000000,42441944.000000,10546334.000000,86194626.000000,33366533.000000,3097132.000000,91346726.000000,55350739.000000,17225955.000000,80510009.000000,66718961.000000,62746400.000000,32526254.000000,24326862.000000,68833569.000000,84484742.000000,91643453.000000,19155178.000000,22972630.000000,89124861.000000,92191840.000000,37917430.000000,26036236.000000,50605927.000000,17961383.000000,87387637.000000,84624143.000000,83352.000000],[46927501.000000,38950343.000000,16890510.000000,99414907.000000,12791945.000000,8706735.000000,65009421.000000,75762177.000000,84321666.000000,33841807.000000,23243869.000000,37755625.000000,55336990.000000,77626125.000000,27904950.000000,6916800.000000,79615390.000000,63012775.000000,2716447.000000,2328139.000000,24195466.000000,19254443.000000,44363078.000000,13147904.000000,55344681.000000,82390365.000000,81419403.000000,61870543.000000,62144103.000000,38746759.000000,99497737.000000,88813748.000000,26843833.000000,55099909.000000,93812968.000000]]\nTestcase 5 Failed!\nPassed 0/5 testcases!\nTest Failed!\n'


2023-12-12 13:20:50 INFO Index: 72...
2023-12-12 13:20:50 INFO Running task: 73_0...
2023-12-12 13:20:50 INFO Runtime Failed!
2023-12-12 13:20:50 INFO run_output: b"Exception: name 'testfunc' is not defined\nException: name 'testfunc' is not defined\nException: name 'testfunc' is not defined\nException: name 'testfunc' is not defined\nException: name 'testfunc' is not defined\nPassed 0/5 testcases!\nTest Failed!\n"


2023-12-12 13:20:50 INFO Index: 73...
2023-12-12 13:20:50 INFO Running task: 74_0...
2023-12-12 13:20:51 INFO Test Failed!
2023-12-12 13:20:51 INFO run_output: b'[3.000000,4.000000,6.000000] [3.000000,4.000000,6.000000,12.000000]\nTestcase 1 Failed!\n[1.000000,2.000000] [1.000000,2.000000,4.000000]\nTestcase 2 Failed!\n[7.000000] [7.000000,14.000000]\nTestcase 3 Failed!\n[1232.000000,2464.000000,3696.000000,4928.000000,7392.000000,8624.000000,9856.000000,13552.000000,14784.000000,17248.000000,25872.000000,27104.000000,29568.000000,34496.000000,40656.000000,51744.000000,54208.000000,60368.000000,68992.000000,81312.000000,94864.000000,103488.000000,108416.000000,120736.000000,162624.000000,181104.000000,189728.000000,206976.000000,241472.000000,284592.000000,325248.000000,362208.000000,379456.000000,482944.000000,569184.000000,664048.000000,724416.000000,758912.000000,1138368.000000,1328096.000000,1448832.000000,1992144.000000,2276736.000000,2656192.000000,3984288.000000,5312384.000000,7968576.000000] [1232.000000,2464.000000,3696.000000,4928.000000,7392.000000,8624.000000,9856.000000,13552.000000,14784.000000,17248.000000,25872.000000,27104.000000,29568.000000,34496.000000,40656.000000,51744.000000,54208.000000,60368.000000,68992.000000,81312.000000,94864.000000,103488.000000,108416.000000,120736.000000,162624.000000,181104.000000,189728.000000,206976.000000,241472.000000,284592.000000,325248.000000,362208.000000,379456.000000,482944.000000,569184.000000,664048.000000,724416.000000,758912.000000,1138368.000000,1328096.000000,1448832.000000,1992144.000000,2276736.000000,2656192.000000,3984288.000000,5312384.000000,7968576.000000,15937152.000000]\nTestcase 4 Failed!\n[10000.000000,20000.000000,40000.000000,50000.000000,80000.000000,100000.000000,160000.000000,200000.000000,250000.000000,320000.000000,400000.000000,500000.000000,800000.000000,1000000.000000,1250000.000000,1600000.000000,2000000.000000,2500000.000000,4000000.000000,5000000.000000,6250000.000000,8000000.000000,10000000.000000,12500000.000000,20000000.000000,25000000.000000,31250000.000000,40000000.000000,50000000.000000,62500000.000000,100000000.000000,125000000.000000,200000000.000000,250000000.000000,500000000.000000] [10000.000000,20000.000000,40000.000000,50000.000000,80000.000000,100000.000000,160000.000000,200000.000000,250000.000000,320000.000000,400000.000000,500000.000000,800000.000000,1000000.000000,1250000.000000,1600000.000000,2000000.000000,2500000.000000,4000000.000000,5000000.000000,6250000.000000,8000000.000000,10000000.000000,12500000.000000,20000000.000000,25000000.000000,31250000.000000,40000000.000000,50000000.000000,62500000.000000,100000000.000000,125000000.000000,200000000.000000,250000000.000000,500000000.000000,1000000000.000000]\nTestcase 5 Failed!\nPassed 0/5 testcases!\nTest Failed!\n'


2023-12-12 13:20:51 INFO Index: 74...
2023-12-12 13:20:51 INFO Running task: 75_0...
2023-12-12 13:20:52 INFO Test Passed!


2023-12-12 13:20:52 INFO Index: 75...
2023-12-12 13:20:52 INFO Running task: 76_0...
2023-12-12 13:20:52 INFO Test Passed!


2023-12-12 13:20:52 INFO Index: 76...
2023-12-12 13:20:52 INFO Running task: 77_0...
2023-12-12 13:20:52 INFO Test Passed!


2023-12-12 13:20:52 INFO Index: 77...
2023-12-12 13:20:52 INFO Running task: 78_0...
2023-12-12 13:20:53 INFO Test Failed!
2023-12-12 13:20:53 INFO run_output: b'3.000000 4.000000\nTestcase 1 Failed!\n3.000000 11.000000\nTestcase 2 Failed!\n5.000000 11.000000\nTestcase 3 Failed!\n5.000000 100000.000000\nTestcase 4 Failed!\n50000.000000 50000.000000\nPassed 1/5 testcases!\nTest Failed!\n'


2023-12-12 13:20:53 INFO Index: 78...
2023-12-12 13:20:53 INFO Running task: 79_0...
2023-12-12 13:20:54 INFO Test Passed!


2023-12-12 13:20:54 INFO Index: 79...
2023-12-12 13:20:54 INFO Running task: 80_0...
2023-12-12 13:20:54 INFO Test Passed!


2023-12-12 13:20:54 INFO Index: 80...
2023-12-12 13:20:54 INFO Running task: 81_0...
2023-12-12 13:20:54 INFO Runtime Failed!
2023-12-12 13:20:54 INFO run_output: b"Exception: name 'arr' is not defined\nException: name 'arr' is not defined\nException: name 'arr' is not defined\nException: name 'arr' is not defined\nException: name 'arr' is not defined\nPassed 0/5 testcases!\nTest Failed!\n"


2023-12-12 13:20:54 INFO Index: 81...
2023-12-12 13:20:54 INFO Running task: 82_0...
2023-12-12 13:20:54 INFO Runtime Failed!
2023-12-12 13:20:54 INFO run_output: b"Exception: 'str' object has no attribute 'charAt'\nException: 'str' object has no attribute 'charAt'\nException: 'str' object has no attribute 'charAt'\nException: 'str' object has no attribute 'charAt'\nException: 'str' object has no attribute 'charAt'\nPassed 0/5 testcases!\nTest Failed!\n"


2023-12-12 13:20:54 INFO Index: 82...
2023-12-12 13:20:54 INFO Running task: 83_0...
2023-12-12 13:20:54 INFO Runtime Failed!
2023-12-12 13:20:54 INFO run_output: b'Exception: integer division or modulo by zero\nException: integer division or modulo by zero\nException: integer division or modulo by zero\nException: integer division or modulo by zero\nException: integer division or modulo by zero\nPassed 0/5 testcases!\nTest Failed!\n'


2023-12-12 13:20:54 INFO Index: 83...
2023-12-12 13:20:54 INFO Running task: 84_0...
2023-12-12 13:20:54 INFO Test Failed!
2023-12-12 13:20:54 INFO run_output: b'1.000000 3.000000\nTestcase 1 Failed!\n1.000000 4.000000\nTestcase 2 Failed!\n1.000000 3.000000\nTestcase 3 Failed!\n1.000000 4.000000\nTestcase 4 Failed!\n1.000000 4.000000\nTestcase 5 Failed!\nPassed 0/5 testcases!\nTest Failed!\n'


2023-12-12 13:20:54 INFO Index: 84...
2023-12-12 13:20:54 INFO Running task: 85_0...
2023-12-12 13:20:54 INFO Test Passed!


2023-12-12 13:20:54 INFO Index: 85...
2023-12-12 13:20:54 INFO Running task: 86_0...
2023-12-12 13:20:54 INFO Runtime Failed!
2023-12-12 13:20:54 INFO run_output: b'0.000000 5.000000\nTestcase 1 Failed!\n2.000000 2.000000\nException: list index out of range\nException: list index out of range\nException: list index out of range\nPassed 1/5 testcases!\nTest Failed!\n'


2023-12-12 13:20:54 INFO Index: 86...
2023-12-12 13:20:54 INFO Running task: 87_0...
2023-12-12 13:20:56 INFO Runtime Failed!
2023-12-12 13:20:56 INFO run_output: b"Exception: testfunc.<locals>.<lambda>() missing 1 required positional argument: 'b'\nException: testfunc.<locals>.<lambda>() missing 1 required positional argument: 'b'\nException: testfunc.<locals>.<lambda>() missing 1 required positional argument: 'b'\nException: testfunc.<locals>.<lambda>() missing 1 required positional argument: 'b'\nException: testfunc.<locals>.<lambda>() missing 1 required positional argument: 'b'\nPassed 0/5 testcases!\nTest Failed!\n"


2023-12-12 13:20:56 INFO Index: 87...
2023-12-12 13:20:56 INFO Running task: 88_0...
2023-12-12 13:20:58 INFO Runtime Failed!
2023-12-12 13:20:58 INFO run_output: b"Exception: 'set' object has no attribute 'size'\nException: 'set' object has no attribute 'size'\nException: 'set' object has no attribute 'size'\nException: 'set' object has no attribute 'size'\nException: 'set' object has no attribute 'size'\nPassed 0/5 testcases!\nTest Failed!\n"


2023-12-12 13:20:58 INFO Index: 88...
2023-12-12 13:20:58 INFO Running task: 89_0...
2023-12-12 13:20:58 INFO Runtime Failed!
2023-12-12 13:20:58 INFO run_output: b"Exception: local variable 'set' referenced before assignment\nException: local variable 'set' referenced before assignment\nException: local variable 'set' referenced before assignment\nException: local variable 'set' referenced before assignment\nException: local variable 'set' referenced before assignment\nPassed 0/5 testcases!\nTest Failed!\n"


2023-12-12 13:20:58 INFO Index: 89...
2023-12-12 13:20:58 INFO Running task: 90_0...
2023-12-12 13:20:58 INFO Compilation Failed!
2023-12-12 13:20:58 INFO run_output: b'  File "/home/ubuntu/test_codellm/unit_tests/wenxin_3.5/java_python/test.py", line 67\n    def testfunc(edges: List[List[int]], coins: int[], k: int) -> int:\n                                                ^^^^^\nSyntaxError: invalid syntax. Perhaps you forgot a comma?\n'


2023-12-12 13:20:58 INFO Index: 90...
2023-12-12 13:20:58 INFO Running task: 91_0...
2023-12-12 13:20:58 INFO Runtime Failed!
2023-12-12 13:20:58 INFO run_output: b"Exception: 'int' object is not iterable\nException: 'int' object is not iterable\nException: 'int' object is not iterable\nException: 'int' object is not iterable\nException: 'int' object is not iterable\nPassed 0/5 testcases!\nTest Failed!\n"


2023-12-12 13:20:58 INFO Index: 91...
2023-12-12 13:20:58 INFO Running task: 92_0...
2023-12-12 13:20:59 INFO Runtime Failed!
2023-12-12 13:20:59 INFO run_output: b"Exception: name 'x' is not defined\nException: name 'x' is not defined\nException: name 'x' is not defined\nException: name 'x' is not defined\nException: name 'x' is not defined\nPassed 0/5 testcases!\nTest Failed!\n"


2023-12-12 13:20:59 INFO Index: 92...
2023-12-12 13:20:59 INFO Running task: 93_0...
2023-12-12 13:20:59 INFO Test Passed!


2023-12-12 13:20:59 INFO Index: 93...
2023-12-12 13:20:59 INFO Running task: 94_0...
2023-12-12 13:20:59 INFO Test Passed!


2023-12-12 13:20:59 INFO Index: 94...
2023-12-12 13:20:59 INFO Running task: 95_0...
2023-12-12 13:20:59 INFO Test Passed!


2023-12-12 13:20:59 INFO Index: 95...
2023-12-12 13:20:59 INFO Running task: 96_0...
2023-12-12 13:20:59 INFO Test Passed!


2023-12-12 13:20:59 INFO Index: 96...
2023-12-12 13:20:59 INFO Running task: 97_0...
2023-12-12 13:20:59 INFO Test Passed!


2023-12-12 13:20:59 INFO Index: 97...
2023-12-12 13:20:59 INFO Running task: 98_0...
2023-12-12 13:20:59 INFO Test Passed!


2023-12-12 13:20:59 INFO Index: 98...
2023-12-12 13:20:59 INFO Running task: 99_0...
2023-12-12 13:20:59 INFO Runtime Failed!
2023-12-12 13:20:59 INFO run_output: b"Exception: name 'Integer' is not defined\nException: name 'Integer' is not defined\nException: name 'Integer' is not defined\nException: name 'Integer' is not defined\nException: name 'Integer' is not defined\nPassed 0/5 testcases!\nTest Failed!\n"


2023-12-12 13:20:59 INFO Index: 99...
2023-12-12 13:20:59 INFO Running task: 100_0...
2023-12-12 13:20:59 INFO Test Passed!


2023-12-12 13:20:59 INFO [[1], [4], [3], [1], [1], [4], [3], [4], [3], [1], [1], [4], [2], [1], [4], [2], [4], [4], [1], [1], [1], [5], [4], [1], [3], [4], [4], [2], [1], [4], [3], [3], [3], [4], [3], [1], [1], [1], [4], [1], [1], [3], [1], [3], [4], [1], [4], [1], [3], [4], [3], [1], [1], [1], [1], [1], [1], [4], [4], [4], [3], [3], [1], [3], [3], [1], [1], [1], [3], [3], [4], [3], [3], [4], [1], [1], [1], [4], [1], [1], [3], [3], [3], [4], [1], [3], [3], [3], [3], [2], [3], [3], [1], [1], [1], [1], [1], [1], [3], [1]]
