2023-12-06 20:24:18 INFO Index: 0...
2023-12-06 20:24:18 INFO Running task: 1_0...
2023-12-06 20:24:18 INFO Test Passed!


2023-12-06 20:24:18 INFO Index: 1...
2023-12-06 20:24:18 INFO Running task: 2_0...
2023-12-06 20:24:18 INFO Test Failed!
2023-12-06 20:24:18 INFO run_output: b'11.000000 12.000000\nTestcase 1 Failed!\n5.000000 -1.000000\nTestcase 2 Failed!\n63.000000 -1.000000\nTestcase 3 Failed!\n174.000000 178.000000\nTestcase 4 Failed!\n8.000000 8.000000\n1/5 Passed!\nTest Failed!\n'


2023-12-06 20:24:18 INFO Index: 2...
2023-12-06 20:24:18 INFO Running task: 3_0...
2023-12-06 20:24:18 INFO Test Passed!


2023-12-06 20:24:18 INFO Index: 3...
2023-12-06 20:24:18 INFO Running task: 4_0...
2023-12-06 20:24:18 INFO Test Passed!


2023-12-06 20:24:18 INFO Index: 4...
2023-12-06 20:24:18 INFO Running task: 5_0...
2023-12-06 20:24:19 INFO Test Failed!
2023-12-06 20:24:19 INFO run_output: b'2.000000 2.000000\n2.000000 4.000000\nTestcase 2 Failed!\n4732.000000 5268.000000\nTestcase 3 Failed!\n32517.000000 37483.000000\nTestcase 4 Failed!\n1.000000 1.000000\n2/5 Passed!\nTest Failed!\n'


2023-12-06 20:24:19 INFO Index: 5...
2023-12-06 20:24:19 INFO Running task: 6_0...
2023-12-06 20:24:19 INFO Test Failed!
2023-12-06 20:24:19 INFO run_output: b'9.000000 9.000000\n13.000000 13.000000\ninf -1.000000\nTestcase 3 Failed!\ninf -1.000000\nTestcase 4 Failed!\n299999998.000000 299999998.000000\n3/5 Passed!\nTest Failed!\n'


2023-12-06 20:24:19 INFO Index: 6...
2023-12-06 20:24:19 INFO Running task: 7_0...
2023-12-06 20:24:19 INFO Test Passed!


2023-12-06 20:24:19 INFO Index: 7...
2023-12-06 20:24:19 INFO Running task: 8_0...
2023-12-06 20:24:19 INFO Test Passed!


2023-12-06 20:24:19 INFO Index: 8...
2023-12-06 20:24:19 INFO Running task: 9_0...
2023-12-06 20:24:19 INFO Test Passed!


2023-12-06 20:24:19 INFO Index: 9...
2023-12-06 20:24:19 INFO Running task: 10_0...
2023-12-06 20:24:19 INFO Test Passed!


2023-12-06 20:24:19 INFO Index: 10...
2023-12-06 20:24:19 INFO Running task: 11_0...
2023-12-06 20:24:20 INFO Test Passed!


2023-12-06 20:24:20 INFO Index: 11...
2023-12-06 20:24:20 INFO Running task: 12_0...
2023-12-06 20:24:20 INFO Test Failed!
2023-12-06 20:24:20 INFO run_output: b'[2.000000,2.000000,2.000000] [2.000000,1.000000,-1.000000]\nTestcase 1 Failed!\n[1.000000,2.000000,2.000000] [1.000000,2.000000,1.000000]\nTestcase 2 Failed!\n[-1.000000,-1.000000,68.000000,68.000000,23.000000] [-1.000000,-1.000000,68.000000,-1.000000,23.000000]\nTestcase 3 Failed!\n[75.000000,75.000000,75.000000,75.000000,75.000000,75.000000,75.000000,75.000000,75.000000,75.000000,75.000000,75.000000,75.000000,75.000000,75.000000,75.000000,75.000000,75.000000,75.000000,75.000000,75.000000,75.000000,75.000000,75.000000,75.000000,75.000000,75.000000,75.000000,75.000000,75.000000,75.000000,75.000000,75.000000,75.000000,75.000000,75.000000,75.000000,75.000000,75.000000,75.000000,75.000000,75.000000,75.000000,75.000000,75.000000,75.000000,75.000000,75.000000,75.000000,75.000000] [75.000000,96.000000,90.000000,79.000000,51.000000,49.000000,37.000000,56.000000,49.000000,59.000000,4.000000,39.000000,84.000000,82.000000,83.000000,98.000000,19.000000,5.000000,11.000000,58.000000,77.000000,64.000000,89.000000,45.000000,24.000000,3.000000,25.000000,43.000000,17.000000,68.000000,50.000000,72.000000,97.000000,26.000000,11.000000,96.000000,3.000000,61.000000,10.000000,92.000000,78.000000,92.000000,46.000000,79.000000,79.000000,49.000000,28.000000,53.000000,43.000000,1.000000]\nTestcase 4 Failed!\n[-1.000000,-1.000000,-1.000000,-1.000000,-1.000000,-1.000000,-1.000000,-1.000000,-1.000000,-1.000000,-1.000000,-1.000000,-1.000000,-1.000000,-1.000000,-1.000000,-1.000000,-1.000000,-1.000000,-1.000000,-1.000000,-1.000000,-1.000000,-1.000000,-1.000000,-1.000000,-1.000000,-1.000000,-1.000000,-1.000000,-1.000000,-1.000000,-1.000000,-1.000000,-1.000000,-1.000000,-1.000000,-1.000000,-1.000000,-1.000000,-1.000000,-1.000000,-1.000000,-1.000000,-1.000000,-1.000000,-1.000000,-1.000000,-1.000000,-1.000000,-1.000000,-1.000000,-1.000000,-1.000000,-1.000000,-1.000000,-1.000000,-1.000000,-1.000000,-1.000000,-1.000000,-1.000000,-1.000000,-1.000000,-1.000000,-1.000000,-1.000000,-1.000000,-1.000000,-1.000000,-1.000000,-1.000000,-1.000000,-1.000000,-1.000000,-1.000000,-1.000000,-1.000000,-1.000000,-1.000000,-1.000000,-1.000000,-1.000000,-1.000000,-1.000000,-1.000000,-1.000000,-1.000000,-1.000000,-1.000000,-1.000000,-1.000000,-1.000000,-1.000000,-1.000000,-1.000000,-1.000000,-1.000000,-1.000000,-1.000000] [-1.000000,-1.000000,-1.000000,-1.000000,-1.000000,-1.000000,-1.000000,-1.000000,-1.000000,-1.000000,-1.000000,-1.000000,-1.000000,-1.000000,-1.000000,-1.000000,-1.000000,-1.000000,-1.000000,-1.000000,-1.000000,-1.000000,-1.000000,-1.000000,-1.000000,-1.000000,-1.000000,-1.000000,-1.000000,-1.000000,-1.000000,-1.000000,-1.000000,-1.000000,-1.000000,-1.000000,-1.000000,-1.000000,-1.000000,-1.000000,-1.000000,-1.000000,-1.000000,-1.000000,-1.000000,-1.000000,-1.000000,-1.000000,-1.000000,-1.000000,-1.000000,-1.000000,-1.000000,-1.000000,-1.000000,-1.000000,-1.000000,-1.000000,-1.000000,-1.000000,-1.000000,-1.000000,-1.000000,-1.000000,-1.000000,-1.000000,-1.000000,-1.000000,-1.000000,-1.000000,-1.000000,-1.000000,-1.000000,-1.000000,-1.000000,-1.000000,-1.000000,-1.000000,-1.000000,-1.000000,-1.000000,-1.000000,-1.000000,-1.000000,-1.000000,-1.000000,-1.000000,-1.000000,-1.000000,-1.000000,-1.000000,-1.000000,-1.000000,-1.000000,-1.000000,-1.000000,-1.000000,-1.000000,-1.000000,-1.000000]\n1/5 Passed!\nTest Failed!\n'


2023-12-06 20:24:20 INFO Index: 12...
2023-12-06 20:24:20 INFO Running task: 13_0...
2023-12-06 20:24:20 INFO Test Passed!


2023-12-06 20:24:20 INFO Index: 13...
2023-12-06 20:24:20 INFO Running task: 14_0...
2023-12-06 20:24:21 INFO Test Passed!


2023-12-06 20:24:21 INFO Index: 14...
2023-12-06 20:24:21 INFO Running task: 15_0...
2023-12-06 20:24:21 INFO Test Passed!


2023-12-06 20:24:21 INFO Index: 15...
2023-12-06 20:24:21 INFO Running task: 16_0...
2023-12-06 20:24:21 INFO Test Failed!
2023-12-06 20:24:21 INFO run_output: b'2.000000 2.000000\n2.000000 2.000000\ninf -1.000000\nTestcase 3 Failed!\n2.000000 2.000000\n18424.000000 18424.000000\n4/5 Passed!\nTest Failed!\n'


2023-12-06 20:24:21 INFO Index: 16...
2023-12-06 20:24:21 INFO Running task: 17_0...
2023-12-06 20:24:22 INFO Test Passed!


2023-12-06 20:24:22 INFO Index: 17...
2023-12-06 20:24:22 INFO Running task: 18_0...
2023-12-06 20:24:22 INFO Test Passed!


2023-12-06 20:24:22 INFO Index: 18...
2023-12-06 20:24:22 INFO Running task: 19_0...
2023-12-06 20:24:22 INFO Test Passed!


2023-12-06 20:24:22 INFO Index: 19...
2023-12-06 20:24:22 INFO Running task: 20_0...
2023-12-06 20:24:23 INFO Test Passed!


2023-12-06 20:24:23 INFO Index: 20...
2023-12-06 20:24:23 INFO Running task: 21_0...
2023-12-06 20:24:23 INFO Test Passed!


2023-12-06 20:24:23 INFO Index: 21...
2023-12-06 20:24:23 INFO Running task: 22_0...
2023-12-06 20:24:23 INFO Test Passed!


2023-12-06 20:24:23 INFO Index: 22...
2023-12-06 20:24:23 INFO Running task: 23_0...
2023-12-06 20:24:23 INFO Test Passed!


2023-12-06 20:24:23 INFO Index: 23...
2023-12-06 20:24:23 INFO Running task: 24_0...
2023-12-06 20:24:23 INFO Test Passed!


2023-12-06 20:24:23 INFO Index: 24...
2023-12-06 20:24:23 INFO Running task: 25_0...
2023-12-06 20:24:24 INFO Test Passed!


2023-12-06 20:24:24 INFO Index: 25...
2023-12-06 20:24:24 INFO Running task: 26_0...
2023-12-06 20:24:24 INFO Test Passed!


2023-12-06 20:24:24 INFO Index: 26...
2023-12-06 20:24:24 INFO Running task: 27_0...
2023-12-06 20:24:24 INFO Test Passed!


2023-12-06 20:24:24 INFO Index: 27...
2023-12-06 20:24:24 INFO Running task: 28_0...
2023-12-06 20:24:24 INFO Test Passed!


2023-12-06 20:24:24 INFO Index: 28...
2023-12-06 20:24:24 INFO Running task: 29_0...
2023-12-06 20:24:24 INFO Test Passed!


2023-12-06 20:24:24 INFO Index: 29...
2023-12-06 20:24:24 INFO Running task: 30_0...
2023-12-06 20:24:25 INFO Test Passed!


2023-12-06 20:24:25 INFO Index: 30...
2023-12-06 20:24:25 INFO Running task: 31_0...
2023-12-06 20:24:25 INFO Test Passed!


2023-12-06 20:24:25 INFO Index: 31...
2023-12-06 20:24:25 INFO Running task: 32_0...
2023-12-06 20:24:25 INFO Test Passed!


2023-12-06 20:24:25 INFO Index: 32...
2023-12-06 20:24:25 INFO Running task: 33_0...
2023-12-06 20:24:25 INFO Test Passed!


2023-12-06 20:24:25 INFO Index: 33...
2023-12-06 20:24:25 INFO Running task: 34_0...
2023-12-06 20:24:25 INFO Test Passed!


2023-12-06 20:24:25 INFO Index: 34...
2023-12-06 20:24:25 INFO Running task: 35_0...
2023-12-06 20:24:25 INFO Test Passed!


2023-12-06 20:24:25 INFO Index: 35...
2023-12-06 20:24:25 INFO Running task: 36_0...
2023-12-06 20:24:25 INFO Test Passed!


2023-12-06 20:24:25 INFO Index: 36...
2023-12-06 20:24:25 INFO Running task: 37_0...
2023-12-06 20:24:26 INFO Test Passed!


2023-12-06 20:24:26 INFO Index: 37...
2023-12-06 20:24:26 INFO Running task: 38_0...
2023-12-06 20:24:26 INFO Test Passed!


2023-12-06 20:24:26 INFO Index: 38...
2023-12-06 20:24:26 INFO Running task: 39_0...
2023-12-06 20:24:26 INFO Test Passed!


2023-12-06 20:24:26 INFO Index: 39...
2023-12-06 20:24:26 INFO Running task: 40_0...
2023-12-06 20:24:26 INFO Test Passed!


2023-12-06 20:24:26 INFO Index: 40...
2023-12-06 20:24:26 INFO Running task: 41_0...
2023-12-06 20:24:26 INFO Test Passed!


2023-12-06 20:24:26 INFO Index: 41...
2023-12-06 20:24:26 INFO Running task: 42_0...
  File "/home/ubuntu/test_codellm/unit_tests/spark/java_python/test.py", line 66
    ans = float('inf'), n = len(a)
    ^^^^^^^^^^^^^^^^^^
SyntaxError: invalid syntax. Maybe you meant '==' or ':=' instead of '='?
2023-12-06 20:24:26 INFO Command '['python3', '/home/ubuntu/test_codellm/unit_tests/spark/java_python/test.py']' returned non-zero exit status 1.
2023-12-06 20:24:26 INFO Compilation Failed!
2023-12-06 20:24:26 INFO run_output: b''


2023-12-06 20:24:26 INFO Index: 42...
2023-12-06 20:24:26 INFO Running task: 43_0...
2023-12-06 20:24:26 INFO Test Passed!


2023-12-06 20:24:26 INFO Index: 43...
2023-12-06 20:24:26 INFO Running task: 44_0...
2023-12-06 20:24:26 INFO Test Failed!
2023-12-06 20:24:26 INFO run_output: b'122.000000 88.000000\nTestcase 1 Failed!\n-1.000000 -1.000000\n19904.000000 19904.000000\n19800.000000 19800.000000\n19068.000000 16961.000000\nTestcase 5 Failed!\n3/5 Passed!\nTest Failed!\n'


2023-12-06 20:24:26 INFO Index: 44...
2023-12-06 20:24:26 INFO Running task: 45_0...
2023-12-06 20:24:26 INFO Test Passed!


2023-12-06 20:24:26 INFO Index: 45...
2023-12-06 20:24:26 INFO Running task: 46_0...
2023-12-06 20:24:26 INFO Test Passed!


2023-12-06 20:24:26 INFO Index: 46...
2023-12-06 20:24:26 INFO Running task: 47_0...
2023-12-06 20:24:26 INFO Test Passed!


2023-12-06 20:24:26 INFO Index: 47...
2023-12-06 20:24:26 INFO Running task: 48_0...
2023-12-06 20:24:27 INFO Test Passed!


2023-12-06 20:24:27 INFO Index: 48...
2023-12-06 20:24:27 INFO Running task: 49_0...
2023-12-06 20:24:27 INFO Test Passed!


2023-12-06 20:24:27 INFO Index: 49...
2023-12-06 20:24:27 INFO Running task: 50_0...
2023-12-06 20:24:27 INFO Test Failed!
2023-12-06 20:24:27 INFO run_output: b'["one","two","threefour","fivesix"] ["one","two","three","four","five","six"]\nTestcase 1 Failed!\n["easy","problem"] ["easy","problem"]\n["one","two","threefour","fivesix"] ["one","two","three","four","five","six"]\nTestcase 3 Failed!\n["one","two","threefour","fivesix"] ["one","two","three","four","five","six"]\nTestcase 4 Failed!\n["easy","problem"] ["easy","problem"]\n2/5 Passed!\nTest Failed!\n'


2023-12-06 20:24:27 INFO Index: 50...
2023-12-06 20:24:27 INFO Running task: 51_0...
2023-12-06 20:24:27 INFO Test Passed!


2023-12-06 20:24:27 INFO Index: 51...
2023-12-06 20:24:27 INFO Running task: 52_0...
2023-12-06 20:24:27 INFO Test Passed!


2023-12-06 20:24:27 INFO Index: 52...
2023-12-06 20:24:27 INFO Running task: 53_0...
2023-12-06 20:24:27 INFO Test Passed!


2023-12-06 20:24:27 INFO Index: 53...
2023-12-06 20:24:27 INFO Running task: 54_0...
2023-12-06 20:24:27 INFO Test Passed!


2023-12-06 20:24:27 INFO Index: 54...
2023-12-06 20:24:27 INFO Running task: 55_0...
2023-12-06 20:24:29 INFO Test Passed!


2023-12-06 20:24:29 INFO Index: 55...
2023-12-06 20:24:29 INFO Running task: 56_0...
2023-12-06 20:24:35 INFO Test Passed!


2023-12-06 20:24:35 INFO Index: 56...
2023-12-06 20:24:35 INFO Running task: 57_0...
2023-12-06 20:24:35 INFO Test Passed!


2023-12-06 20:24:35 INFO Index: 57...
2023-12-06 20:24:35 INFO Running task: 58_0...
2023-12-06 20:24:35 INFO Test Failed!
2023-12-06 20:24:35 INFO run_output: b'1.000000 1.000000\n0.000000 0.000000\n0.000000 1.000000\nTestcase 3 Failed!\n1.000000 1.000000\n0.000000 0.000000\n4/5 Passed!\nTest Failed!\n'


2023-12-06 20:24:35 INFO Index: 58...
2023-12-06 20:24:35 INFO Running task: 59_0...
2023-12-06 20:27:08 INFO Command '['python3', '/home/ubuntu/test_codellm/unit_tests/spark/java_python/test.py']' timed out after 60 seconds
2023-12-06 20:27:08 INFO Compilation Failed!
2023-12-06 20:27:08 INFO run_output: None


2023-12-06 20:27:08 INFO Index: 59...
2023-12-06 20:27:08 INFO Running task: 60_0...
2023-12-06 20:27:09 INFO Test Failed!
2023-12-06 20:27:09 INFO run_output: b'[204.000000,205.000000,206.000000] [204.000000,205.000000,206.000000]\n[7.000000,3.000000,10.000000,8.000000,12.000000] [3.000000,7.000000,8.000000,10.000000,12.000000]\nTestcase 2 Failed!\n[3674.000000,3695.000000,3685.000000,3720.000000,3670.000000,3684.000000,3677.000000,3714.000000] [3670.000000,3674.000000,3677.000000,3684.000000,3685.000000,3695.000000,3714.000000,3720.000000]\nTestcase 3 Failed!\n[8587.000000,8609.000000] [8587.000000,8609.000000]\n[2451.000000,2483.000000,2447.000000,2438.000000,2488.000000,2437.000000,2510.000000,2466.000000,2473.000000,2457.000000,2515.000000,2444.000000,2442.000000,2458.000000,2489.000000,2517.000000,2518.000000,2479.000000] [2437.000000,2438.000000,2442.000000,2444.000000,2447.000000,2451.000000,2457.000000,2458.000000,2466.000000,2473.000000,2479.000000,2483.000000,2488.000000,2489.000000,2510.000000,2515.000000,2517.000000,2518.000000]\nTestcase 5 Failed!\n2/5 Passed!\nTest Failed!\n'


2023-12-06 20:27:09 INFO Index: 60...
2023-12-06 20:27:09 INFO Running task: 61_0...
2023-12-06 20:27:10 INFO Test Failed!
2023-12-06 20:27:10 INFO run_output: b'6.000000 6.000000\n1.000000 1.000000\n4.000000 4.000000\n238870259.000000 238898107.000000\nTestcase 4 Failed!\n10002136576039.000000 10002143548514.000000\nTestcase 5 Failed!\n3/5 Passed!\nTest Failed!\n'


2023-12-06 20:27:10 INFO Index: 61...
2023-12-06 20:27:10 INFO Running task: 62_0...
2023-12-06 20:27:11 INFO Test Passed!


2023-12-06 20:27:11 INFO Index: 62...
2023-12-06 20:27:11 INFO Running task: 63_0...
2023-12-06 20:27:11 INFO Test Passed!


2023-12-06 20:27:11 INFO Index: 63...
2023-12-06 20:27:11 INFO Running task: 64_0...
2023-12-06 20:27:11 INFO Test Passed!


2023-12-06 20:27:11 INFO Index: 64...
2023-12-06 20:27:11 INFO Running task: 65_0...
2023-12-06 20:27:11 INFO Test Passed!


2023-12-06 20:27:11 INFO Index: 65...
2023-12-06 20:27:11 INFO Running task: 66_0...
2023-12-06 20:27:11 INFO Test Passed!


2023-12-06 20:27:11 INFO Index: 66...
2023-12-06 20:27:11 INFO Running task: 67_0...
2023-12-06 20:27:11 INFO Test Passed!


2023-12-06 20:27:11 INFO Index: 67...
2023-12-06 20:27:11 INFO Running task: 68_0...
2023-12-06 20:27:12 INFO Test Passed!


2023-12-06 20:27:12 INFO Index: 68...
2023-12-06 20:27:12 INFO Running task: 69_0...
2023-12-06 20:27:25 INFO Test Failed!
2023-12-06 20:27:25 INFO run_output: b'[5.000000,1.000000] [5.000000,2.000000]\nTestcase 1 Failed!\n[4.000000,1.000000] [5.000000,6.000000]\nTestcase 2 Failed!\n[456.000000,1.000000] [467.000000,1.000000]\nTestcase 3 Failed!\n[351.000000,1.000000] [416.000000,2.000000]\nTestcase 4 Failed!\n[381.000000,1.000000] [416.000000,1.000000]\nTestcase 5 Failed!\n0/5 Passed!\nTest Failed!\n'


2023-12-06 20:27:25 INFO Index: 69...
2023-12-06 20:27:25 INFO Running task: 70_0...
2023-12-06 20:27:25 INFO Test Passed!


2023-12-06 20:27:25 INFO Index: 70...
2023-12-06 20:27:25 INFO Running task: 71_0...
2023-12-06 20:27:26 INFO Test Failed!
2023-12-06 20:27:26 INFO run_output: b'6.000000 2.000000\nTestcase 1 Failed!\n6.000000 2.000000\nTestcase 2 Failed!\n10.000000 4.000000\nTestcase 3 Failed!\n37576.000000 24008.000000\nTestcase 4 Failed!\n32076.000000 15986.000000\nTestcase 5 Failed!\n0/5 Passed!\nTest Failed!\n'


2023-12-06 20:27:26 INFO Index: 71...
2023-12-06 20:27:26 INFO Running task: 72_0...
  File "/home/ubuntu/test_codellm/unit_tests/spark/java_python/test.py", line 70
    while rr-- > 0:
               ^
SyntaxError: invalid syntax
2023-12-06 20:27:26 INFO Command '['python3', '/home/ubuntu/test_codellm/unit_tests/spark/java_python/test.py']' returned non-zero exit status 1.
2023-12-06 20:27:26 INFO Compilation Failed!
2023-12-06 20:27:26 INFO run_output: b''


2023-12-06 20:27:26 INFO Index: 72...
2023-12-06 20:27:26 INFO Running task: 73_0...
2023-12-06 20:27:26 INFO Test Passed!


2023-12-06 20:27:26 INFO Index: 73...
2023-12-06 20:27:26 INFO Running task: 74_0...
2023-12-06 20:27:27 INFO Test Failed!
2023-12-06 20:27:27 INFO run_output: b'[3.000000,4.000000,6.000000] [3.000000,4.000000,6.000000,12.000000]\nTestcase 1 Failed!\n[1.000000,2.000000] [1.000000,2.000000,4.000000]\nTestcase 2 Failed!\n[7.000000] [7.000000,14.000000]\nTestcase 3 Failed!\n[1232.000000,2464.000000,3696.000000,4928.000000,7392.000000,8624.000000,9856.000000,13552.000000,14784.000000,17248.000000,25872.000000,27104.000000,29568.000000,34496.000000,40656.000000,51744.000000,54208.000000,60368.000000,68992.000000,81312.000000,94864.000000,103488.000000,108416.000000,120736.000000,162624.000000,181104.000000,189728.000000,206976.000000,241472.000000,284592.000000,325248.000000,362208.000000,379456.000000,482944.000000,569184.000000,664048.000000,724416.000000,758912.000000,1138368.000000,1328096.000000,1448832.000000,1992144.000000,2276736.000000,2656192.000000,3984288.000000,5312384.000000,7968576.000000] [1232.000000,2464.000000,3696.000000,4928.000000,7392.000000,8624.000000,9856.000000,13552.000000,14784.000000,17248.000000,25872.000000,27104.000000,29568.000000,34496.000000,40656.000000,51744.000000,54208.000000,60368.000000,68992.000000,81312.000000,94864.000000,103488.000000,108416.000000,120736.000000,162624.000000,181104.000000,189728.000000,206976.000000,241472.000000,284592.000000,325248.000000,362208.000000,379456.000000,482944.000000,569184.000000,664048.000000,724416.000000,758912.000000,1138368.000000,1328096.000000,1448832.000000,1992144.000000,2276736.000000,2656192.000000,3984288.000000,5312384.000000,7968576.000000,15937152.000000]\nTestcase 4 Failed!\n[10000.000000,20000.000000,40000.000000,50000.000000,80000.000000,100000.000000,160000.000000,200000.000000,250000.000000,320000.000000,400000.000000,500000.000000,800000.000000,1000000.000000,1250000.000000,1600000.000000,2000000.000000,2500000.000000,4000000.000000,5000000.000000,6250000.000000,8000000.000000,10000000.000000,12500000.000000,20000000.000000,25000000.000000,31250000.000000,40000000.000000,50000000.000000,62500000.000000,100000000.000000,125000000.000000,200000000.000000,250000000.000000,500000000.000000] [10000.000000,20000.000000,40000.000000,50000.000000,80000.000000,100000.000000,160000.000000,200000.000000,250000.000000,320000.000000,400000.000000,500000.000000,800000.000000,1000000.000000,1250000.000000,1600000.000000,2000000.000000,2500000.000000,4000000.000000,5000000.000000,6250000.000000,8000000.000000,10000000.000000,12500000.000000,20000000.000000,25000000.000000,31250000.000000,40000000.000000,50000000.000000,62500000.000000,100000000.000000,125000000.000000,200000000.000000,250000000.000000,500000000.000000,1000000000.000000]\nTestcase 5 Failed!\n0/5 Passed!\nTest Failed!\n'


2023-12-06 20:27:27 INFO Index: 74...
2023-12-06 20:27:27 INFO Running task: 75_0...
2023-12-06 20:27:28 INFO Test Passed!


2023-12-06 20:27:28 INFO Index: 75...
2023-12-06 20:27:28 INFO Running task: 76_0...
2023-12-06 20:27:28 INFO Test Passed!


2023-12-06 20:27:28 INFO Index: 76...
2023-12-06 20:27:28 INFO Running task: 77_0...
2023-12-06 20:27:28 INFO Test Passed!


2023-12-06 20:27:28 INFO Index: 77...
2023-12-06 20:27:28 INFO Running task: 78_0...
2023-12-06 20:27:29 INFO Test Passed!


2023-12-06 20:27:29 INFO Index: 78...
2023-12-06 20:27:29 INFO Running task: 79_0...
2023-12-06 20:27:29 INFO Test Passed!


2023-12-06 20:27:29 INFO Index: 79...
2023-12-06 20:27:29 INFO Running task: 80_0...
2023-12-06 20:27:29 INFO Test Passed!


2023-12-06 20:27:29 INFO Index: 80...
2023-12-06 20:27:29 INFO Running task: 81_0...
2023-12-06 20:27:30 INFO Test Passed!


2023-12-06 20:27:30 INFO Index: 81...
2023-12-06 20:27:30 INFO Running task: 82_0...
2023-12-06 20:27:30 INFO Test Passed!


2023-12-06 20:27:30 INFO Index: 82...
2023-12-06 20:27:30 INFO Running task: 83_0...
2023-12-06 20:27:30 INFO Test Failed!
2023-12-06 20:27:30 INFO run_output: b'2.000000 4.000000\nTestcase 1 Failed!\n2.000000 2.000000\n2.000000 2.000000\n0.000000 0.000000\n2.000000 4.000000\nTestcase 5 Failed!\n3/5 Passed!\nTest Failed!\n'


2023-12-06 20:27:30 INFO Index: 83...
2023-12-06 20:27:30 INFO Running task: 84_0...
2023-12-06 20:27:30 INFO Test Passed!


2023-12-06 20:27:30 INFO Index: 84...
2023-12-06 20:27:30 INFO Running task: 85_0...
2023-12-06 20:27:30 INFO Test Passed!


2023-12-06 20:27:30 INFO Index: 85...
2023-12-06 20:27:30 INFO Running task: 86_0...
2023-12-06 20:27:30 INFO Test Failed!
2023-12-06 20:27:30 INFO run_output: b"name 'math' is not defined\nname 'math' is not defined\nname 'math' is not defined\nname 'math' is not defined\nname 'math' is not defined\n0/5 Passed!\nTest Failed!\n"


2023-12-06 20:27:30 INFO Index: 86...
2023-12-06 20:27:30 INFO Running task: 87_0...
2023-12-06 20:27:33 INFO Test Passed!


2023-12-06 20:27:33 INFO Index: 87...
2023-12-06 20:27:33 INFO Running task: 88_0...
2023-12-06 20:27:34 INFO Test Passed!


2023-12-06 20:27:34 INFO Index: 88...
2023-12-06 20:27:34 INFO Running task: 89_0...
2023-12-06 20:27:34 INFO Test Passed!


2023-12-06 20:27:34 INFO Index: 89...
2023-12-06 20:27:34 INFO Running task: 90_0...
2023-12-06 20:27:35 INFO Test Passed!


2023-12-06 20:27:35 INFO Index: 90...
2023-12-06 20:27:35 INFO Running task: 91_0...
2023-12-06 20:27:35 INFO Test Passed!


2023-12-06 20:27:35 INFO Index: 91...
2023-12-06 20:27:35 INFO Running task: 92_0...
2023-12-06 20:27:35 INFO Test Passed!


2023-12-06 20:27:35 INFO Index: 92...
2023-12-06 20:27:35 INFO Running task: 93_0...
2023-12-06 20:27:35 INFO Test Passed!


2023-12-06 20:27:35 INFO Index: 93...
2023-12-06 20:27:35 INFO Running task: 94_0...
2023-12-06 20:27:35 INFO Test Passed!


2023-12-06 20:27:35 INFO Index: 94...
2023-12-06 20:27:35 INFO Running task: 95_0...
2023-12-06 20:27:35 INFO Test Passed!


2023-12-06 20:27:35 INFO Index: 95...
2023-12-06 20:27:35 INFO Running task: 96_0...
2023-12-06 20:27:36 INFO Test Passed!


2023-12-06 20:27:36 INFO Index: 96...
2023-12-06 20:27:36 INFO Running task: 97_0...
2023-12-06 20:27:36 INFO Test Passed!


2023-12-06 20:27:36 INFO Index: 97...
2023-12-06 20:27:36 INFO Running task: 98_0...
2023-12-06 20:27:36 INFO Test Passed!


2023-12-06 20:27:36 INFO Index: 98...
2023-12-06 20:27:36 INFO Running task: 99_0...
2023-12-06 20:27:36 INFO Test Failed!
2023-12-06 20:27:36 INFO run_output: b'-1.000000 3.000000\nTestcase 1 Failed!\n-1.000000 -1.000000\n-1.000000 2.000000\nTestcase 3 Failed!\n-1.000000 2.000000\nTestcase 4 Failed!\n-1.000000 -1.000000\n2/5 Passed!\nTest Failed!\n'


2023-12-06 20:27:36 INFO Index: 99...
2023-12-06 20:27:36 INFO Running task: 100_0...
2023-12-06 20:27:36 INFO Test Passed!


2023-12-06 20:27:36 INFO [[1], [2], [1], [1], [2], [2], [1], [1], [1], [1], [1], [2], [1], [1], [1], [2], [1], [1], [1], [1], [1], [1], [1], [1], [1], [1], [1], [1], [1], [1], [1], [1], [1], [1], [1], [1], [1], [1], [1], [1], [1], [3], [1], [2], [1], [1], [1], [1], [1], [2], [1], [1], [1], [1], [1], [1], [1], [2], [3], [2], [2], [1], [1], [1], [1], [1], [1], [1], [2], [1], [2], [3], [1], [2], [1], [1], [1], [1], [1], [1], [1], [1], [2], [1], [1], [2], [1], [1], [1], [1], [1], [1], [1], [1], [1], [1], [1], [1], [2], [1]]
