2023-12-12 03:50:33 INFO Running task: 1_0...
2023-12-12 03:50:35 INFO Test Passed!


2023-12-12 03:50:35 INFO Running task: 2_0...
2023-12-12 03:50:37 INFO Test Failed!
2023-12-12 03:50:37 INFO run_output: b'-1 12\nTestcase No.1 Failed!\n6 -1\nTestcase No.2 Failed!\n67 -1\nTestcase No.3 Failed!\n-1 178\nTestcase No.4 Failed!\n8 8\nPassed 1/5 testcases!\nTest Failed!\n'


2023-12-12 03:50:37 INFO Running task: 3_0...
2023-12-12 03:50:39 INFO Test Failed!
2023-12-12 03:50:39 INFO run_output: b'3 3\n4 4\n2 -1\nTestcase No.3 Failed!\n40 40\n44 44\nPassed 4/5 testcases!\nTest Failed!\n'


2023-12-12 03:50:39 INFO Running task: 4_0...
2023-12-12 03:50:40 INFO Test Passed!


2023-12-12 03:50:40 INFO Running task: 5_0...
2023-12-12 03:50:42 INFO Compilation Failed!
2023-12-12 03:50:42 INFO Running task: 6_0...
2023-12-12 03:50:43 INFO Test Failed!
2023-12-12 03:50:43 INFO run_output: b'-1 9\nTestcase No.1 Failed!\n-1 13\nTestcase No.2 Failed!\n-1 -1\n-1 -1\n-1 299999998\nTestcase No.5 Failed!\nPassed 2/5 testcases!\nTest Failed!\n'


2023-12-12 03:50:43 INFO Running task: 7_0...
2023-12-12 03:50:45 INFO Test Passed!


2023-12-12 03:50:45 INFO Running task: 8_0...
2023-12-12 03:50:46 INFO Compilation Failed!
2023-12-12 03:50:46 INFO Running task: 9_0...
2023-12-12 03:50:47 INFO Compilation Failed!
2023-12-12 03:50:47 INFO Running task: 10_0...
2023-12-12 03:50:49 INFO Test Passed!


2023-12-12 03:50:49 INFO Running task: 11_0...
2023-12-12 03:50:51 INFO Test Passed!


2023-12-12 03:50:51 INFO Running task: 12_0...
2023-12-12 03:50:52 INFO Compilation Failed!
2023-12-12 03:50:52 INFO Running task: 13_0...
2023-12-12 03:50:53 INFO Compilation Failed!
2023-12-12 03:50:53 INFO Running task: 14_0...
2023-12-12 03:50:54 INFO Compilation Failed!
2023-12-12 03:50:54 INFO Running task: 15_0...
2023-12-12 03:50:56 INFO Test Passed!


2023-12-12 03:50:56 INFO Running task: 16_0...
2023-12-12 03:50:58 INFO Test Failed!
2023-12-12 03:50:58 INFO run_output: b'3 2\nTestcase No.1 Failed!\n0 2\nTestcase No.2 Failed!\n0 -1\nTestcase No.3 Failed!\n0 2\nTestcase No.4 Failed!\n587329945 18424\nTestcase No.5 Failed!\nPassed 0/5 testcases!\nTest Failed!\n'


2023-12-12 03:50:58 INFO Running task: 17_0...
2023-12-12 03:50:59 INFO Compilation Failed!
2023-12-12 03:50:59 INFO Running task: 18_0...
2023-12-12 03:51:00 INFO Compilation Failed!
2023-12-12 03:51:00 INFO Running task: 19_0...
2023-12-12 03:51:02 INFO Test Passed!


2023-12-12 03:51:02 INFO Running task: 20_0...
2023-12-12 03:51:03 INFO Compilation Failed!
2023-12-12 03:51:03 INFO Running task: 21_0...
2023-12-12 03:51:04 INFO Test Passed!


2023-12-12 03:51:04 INFO Running task: 22_0...
2023-12-12 03:51:06 INFO Compilation Failed!
2023-12-12 03:51:06 INFO Running task: 23_0...
2023-12-12 03:51:07 INFO Test Failed!
2023-12-12 03:51:07 INFO run_output: b'2 2\n3 3\n8 4\nTestcase No.3 Failed!\n100000 1\nTestcase No.4 Failed!\n237 92\nTestcase No.5 Failed!\nPassed 2/5 testcases!\nTest Failed!\n'


2023-12-12 03:51:07 INFO Running task: 24_0...
2023-12-12 03:51:08 INFO Compilation Failed!
2023-12-12 03:51:08 INFO Running task: 25_0...
2023-12-12 03:51:10 INFO Compilation Failed!
2023-12-12 03:51:10 INFO Running task: 26_0...
2023-12-12 03:51:11 INFO Test Passed!


2023-12-12 03:51:11 INFO Running task: 27_0...
2023-12-12 03:51:13 INFO Test Passed!


2023-12-12 03:51:13 INFO Running task: 28_0...
2023-12-12 03:51:15 INFO Test Passed!


2023-12-12 03:51:15 INFO Running task: 29_0...
2023-12-12 03:51:16 INFO Test Failed!
2023-12-12 03:51:16 INFO run_output: b'true true\ntrue false\nTestcase No.2 Failed!\ntrue true\ntrue true\ntrue true\nPassed 4/5 testcases!\nTest Failed!\n'


2023-12-12 03:51:16 INFO Running task: 30_0...
2023-12-12 03:51:18 INFO Test Failed!
2023-12-12 03:51:18 INFO run_output: b'0 3\nTestcase No.1 Failed!\n0 2\nTestcase No.2 Failed!\n29 45\nTestcase No.3 Failed!\n4999950000 5000050000\nTestcase No.4 Failed!\n2499944888 2500044888\nTestcase No.5 Failed!\nPassed 0/5 testcases!\nTest Failed!\n'


2023-12-12 03:51:18 INFO Running task: 31_0...
2023-12-12 03:51:19 INFO Compilation Failed!
2023-12-12 03:51:19 INFO Running task: 32_0...
2023-12-12 03:51:21 INFO Test Failed!
2023-12-12 03:51:21 INFO run_output: b'0 9\nTestcase No.1 Failed!\n0 4\nTestcase No.2 Failed!\n0 44\nTestcase No.3 Failed!\n0 275\nTestcase No.4 Failed!\n0 557\nTestcase No.5 Failed!\nPassed 0/5 testcases!\nTest Failed!\n'


2023-12-12 03:51:21 INFO Running task: 33_0...
2023-12-12 03:51:22 INFO Compilation Failed!
2023-12-12 03:51:22 INFO Running task: 34_0...
2023-12-12 03:51:24 INFO Test Failed!
2023-12-12 03:51:24 INFO run_output: b'true true\ntrue false\nTestcase No.2 Failed!\ntrue true\ntrue true\ntrue false\nTestcase No.5 Failed!\nPassed 3/5 testcases!\nTest Failed!\n'


2023-12-12 03:51:24 INFO Running task: 35_0...
2023-12-12 03:51:26 INFO Running task: 36_0...
2023-12-12 03:51:27 INFO Test Passed!


2023-12-12 03:51:27 INFO Running task: 37_0...
2023-12-12 03:51:28 INFO Compilation Failed!
2023-12-12 03:51:28 INFO Running task: 38_0...
2023-12-12 03:51:30 INFO Test Passed!


2023-12-12 03:51:30 INFO Running task: 39_0...
2023-12-12 03:51:32 INFO Test Passed!


2023-12-12 03:51:32 INFO Running task: 40_0...
2023-12-12 03:51:33 INFO Test Passed!


2023-12-12 03:51:33 INFO Running task: 41_0...
2023-12-12 03:51:35 INFO Test Passed!


2023-12-12 03:51:35 INFO Running task: 42_0...
2023-12-12 03:51:37 INFO Test Failed!
2023-12-12 03:51:37 INFO run_output: b'0 0\n0 1\nTestcase No.2 Failed!\n0 3\nTestcase No.3 Failed!\n0 104\nTestcase No.4 Failed!\n0 123\nTestcase No.5 Failed!\nPassed 1/5 testcases!\nTest Failed!\n'


2023-12-12 03:51:37 INFO Running task: 43_0...
2023-12-12 03:51:38 INFO Compilation Failed!
2023-12-12 03:51:38 INFO Running task: 44_0...
2023-12-12 03:51:40 INFO Test Failed!
2023-12-12 03:51:40 INFO run_output: b'71 88\nTestcase No.1 Failed!\n4 -1\nTestcase No.2 Failed!\n943210512 19904\nTestcase No.3 Failed!\n943208976 19800\nTestcase No.4 Failed!\n942749955 16961\nTestcase No.5 Failed!\nPassed 0/5 testcases!\nTest Failed!\n'


2023-12-12 03:51:40 INFO Running task: 45_0...
2023-12-12 03:51:41 INFO Compilation Failed!
2023-12-12 03:51:41 INFO Running task: 46_0...
2023-12-12 03:51:42 INFO Test Passed!


2023-12-12 03:51:42 INFO Running task: 47_0...
2023-12-12 03:51:44 INFO Test Failed!
2023-12-12 03:51:44 INFO run_output: b'0 3\nTestcase No.1 Failed!\n0 1\nTestcase No.2 Failed!\n0 3\nTestcase No.3 Failed!\n0 1\nTestcase No.4 Failed!\n0 4\nTestcase No.5 Failed!\nPassed 0/5 testcases!\nTest Failed!\n'


2023-12-12 03:51:44 INFO Running task: 48_0...
2023-12-12 03:51:45 INFO Compilation Failed!
2023-12-12 03:51:45 INFO Running task: 49_0...
2023-12-12 03:51:47 INFO Test Passed!


2023-12-12 03:51:47 INFO Running task: 50_0...
2023-12-12 03:51:48 INFO Test Passed!


2023-12-12 03:51:48 INFO Running task: 51_0...
2023-12-12 03:51:50 INFO Test Failed!
2023-12-12 03:51:50 INFO run_output: b'[10,14] [10,14]\n[299,9271] [299,9271]\n[-1722871536,-1295821736] [2572095760,2999145560]\nTestcase No.3 Failed!\n[1376364526,1985813780] [1376364526,1985813780]\n[-1782444017,-1146826329] [2512523279,3148140967]\nTestcase No.5 Failed!\nPassed 3/5 testcases!\nTest Failed!\n'


2023-12-12 03:51:50 INFO Running task: 52_0...
2023-12-12 03:51:52 INFO Test Failed!
2023-12-12 03:51:52 INFO run_output: b'9 3\nTestcase No.1 Failed!\n9 5\nTestcase No.2 Failed!\n193 30\nTestcase No.3 Failed!\n197 6\nTestcase No.4 Failed!\n197 5\nTestcase No.5 Failed!\nPassed 0/5 testcases!\nTest Failed!\n'


2023-12-12 03:51:52 INFO Running task: 53_0...
2023-12-12 03:51:53 INFO Test Failed!
2023-12-12 03:51:53 INFO run_output: b'4 4\n85264 85264\n78818884 78818884\n-727320015 20752136\nTestcase No.4 Failed!\n-295396676 136582381\nTestcase No.5 Failed!\nPassed 3/5 testcases!\nTest Failed!\n'


2023-12-12 03:51:53 INFO Running task: 54_0...
2023-12-12 03:51:55 INFO Test Passed!


2023-12-12 03:51:55 INFO Running task: 55_0...
2023-12-12 03:51:56 INFO Compilation Failed!
2023-12-12 03:51:56 INFO Running task: 56_0...
2023-12-12 03:52:00 INFO Test Failed!
2023-12-12 03:52:00 INFO run_output: b'11 10\nTestcase No.1 Failed!\n31 31\n2147432996 2510535321\nTestcase No.3 Failed!\n2147435822 2517519438\nTestcase No.4 Failed!\n2147420435 2490686975\nTestcase No.5 Failed!\nPassed 1/5 testcases!\nTest Failed!\n'


2023-12-12 03:52:00 INFO Running task: 57_0...
2023-12-12 03:52:02 INFO Test Passed!


2023-12-12 03:52:02 INFO Running task: 58_0...
2023-12-12 03:52:03 INFO Test Failed!
2023-12-12 03:52:03 INFO run_output: b'false true\nTestcase No.1 Failed!\nfalse false\nfalse true\nTestcase No.3 Failed!\nfalse true\nTestcase No.4 Failed!\nfalse false\nPassed 2/5 testcases!\nTest Failed!\n'


2023-12-12 03:52:03 INFO Running task: 59_0...
2023-12-12 03:52:04 INFO Compilation Failed!
2023-12-12 03:52:04 INFO Running task: 60_0...
2023-12-12 03:52:06 INFO Test Failed!
2023-12-12 03:52:06 INFO run_output: b'[206,205,204] [204,205,206]\nTestcase No.1 Failed!\n[12,8,10,3,7] [3,7,8,10,12]\nTestcase No.2 Failed!\n[3714,3677,3684,3674,3695,3685,3720,3670] [3670,3674,3677,3684,3685,3695,3714,3720]\nTestcase No.3 Failed!\n[8609,8587] [8587,8609]\nTestcase No.4 Failed!\n[2479,2518,2517,2489,2458,2442,2444,2515,2457,2473,2466,2438,2447,2451,2510,2483,2488,2437] [2437,2438,2442,2444,2447,2451,2457,2458,2466,2473,2479,2483,2488,2489,2510,2515,2517,2518]\nTestcase No.5 Failed!\nPassed 0/5 testcases!\nTest Failed!\n'


2023-12-12 03:52:06 INFO Running task: 61_0...
2023-12-12 03:52:07 INFO Compilation Failed!
2023-12-12 03:52:07 INFO Running task: 62_0...
2023-12-12 03:52:09 INFO Compilation Failed!
2023-12-12 03:52:09 INFO Running task: 63_0...
2023-12-12 03:52:10 INFO Test Failed!
2023-12-12 03:52:10 INFO run_output: b'"\x01" "IsFibo"\nTestcase No.1 Failed!\n"\x01" "IsFibo"\nTestcase No.2 Failed!\n"\x00" "IsNotFibo"\nTestcase No.3 Failed!\n"\x01" "IsFibo"\nTestcase No.4 Failed!\n"\x00" "IsNotFibo"\nTestcase No.5 Failed!\nPassed 0/5 testcases!\nTest Failed!\n'


2023-12-12 03:52:10 INFO Running task: 64_0...
2023-12-12 03:52:11 INFO Compilation Failed!
2023-12-12 03:52:11 INFO Running task: 65_0...
2023-12-12 03:52:13 INFO Compilation Failed!
2023-12-12 03:52:13 INFO Running task: 66_0...
2023-12-12 03:52:14 INFO Test Failed!
2023-12-12 03:52:14 INFO run_output: b'2 2\n143 143\n1614380127 149876695044291679\nTestcase No.3 Failed!\n-167237517 245084191090813043\nTestcase No.4 Failed!\n1810315984 707704350405245648\nTestcase No.5 Failed!\nPassed 2/5 testcases!\nTest Failed!\n'


2023-12-12 03:52:14 INFO Running task: 67_0...
2023-12-12 03:52:15 INFO Compilation Failed!
2023-12-12 03:52:15 INFO Running task: 68_0...
2023-12-12 03:52:16 INFO Compilation Failed!
2023-12-12 03:52:16 INFO Running task: 69_0...
2023-12-12 03:52:21 INFO Test Passed!


2023-12-12 03:52:21 INFO Running task: 70_0...
2023-12-12 03:52:22 INFO Test Failed!
2023-12-12 03:52:22 INFO run_output: b'"three o\' clock" "three o\' clock"\n"fourteen minutes to six" "thirteen minutes to six"\nTestcase No.2 Failed!\n"quarter past seven" "quarter past seven"\n"29 minutes past seven" "twenty nine minutes past seven"\nTestcase No.4 Failed!\n"half past five" "half past five"\nPassed 3/5 testcases!\nTest Failed!\n'


2023-12-12 03:52:22 INFO Running task: 71_0...
2023-12-12 03:52:23 INFO Compilation Failed!
2023-12-12 03:52:23 INFO Running task: 72_0...
2023-12-12 03:52:25 INFO Running task: 73_0...
2023-12-12 03:52:27 INFO Test Passed!


2023-12-12 03:52:27 INFO Running task: 74_0...
2023-12-12 03:52:29 INFO Test Failed!
2023-12-12 03:52:29 INFO run_output: b'[12] [3,4,6,12]\nTestcase No.1 Failed!\n[4] [1,2,4]\nTestcase No.2 Failed!\n[14] [7,14]\nTestcase No.3 Failed!\n[15937152] [1232,2464,3696,4928,7392,8624,9856,13552,14784,17248,25872,27104,29568,34496,40656,51744,54208,60368,68992,81312,94864,103488,108416,120736,162624,181104,189728,206976,241472,284592,325248,362208,379456,482944,569184,664048,724416,758912,1138368,1328096,1448832,1992144,2276736,2656192,3984288,5312384,7968576,15937152]\nTestcase No.4 Failed!\n[1000000000] [10000,20000,40000,50000,80000,100000,160000,200000,250000,320000,400000,500000,800000,1000000,1250000,1600000,2000000,2500000,4000000,5000000,6250000,8000000,10000000,12500000,20000000,25000000,31250000,40000000,50000000,62500000,100000000,125000000,200000000,250000000,500000000,1000000000]\nTestcase No.5 Failed!\nPassed 0/5 testcases!\nTest Failed!\n'


2023-12-12 03:52:29 INFO Running task: 75_0...
2023-12-12 03:52:31 INFO Test Passed!


2023-12-12 03:52:31 INFO Running task: 76_0...
2023-12-12 03:52:32 INFO Test Passed!


2023-12-12 03:52:32 INFO Running task: 77_0...
2023-12-12 03:52:34 INFO Test Passed!


2023-12-12 03:52:34 INFO Running task: 78_0...
2023-12-12 03:52:36 INFO Test Failed!
2023-12-12 03:52:36 INFO run_output: b'3 4\nTestcase No.1 Failed!\n2 11\nTestcase No.2 Failed!\n3 11\nTestcase No.3 Failed!\n5 100000\nTestcase No.4 Failed!\n50000 50000\nPassed 1/5 testcases!\nTest Failed!\n'


2023-12-12 03:52:36 INFO Running task: 79_0...
2023-12-12 03:52:37 INFO Compilation Failed!
2023-12-12 03:52:37 INFO Running task: 80_0...
2023-12-12 03:52:39 INFO Test Passed!


2023-12-12 03:52:39 INFO Running task: 81_0...
2023-12-12 03:52:40 INFO Compilation Failed!
2023-12-12 03:52:40 INFO Running task: 82_0...
2023-12-12 03:52:41 INFO Compilation Failed!
2023-12-12 03:52:41 INFO Running task: 83_0...
2023-12-12 03:52:43 INFO Test Passed!


2023-12-12 03:52:43 INFO Running task: 84_0...
2023-12-12 03:52:44 INFO Test Failed!
2023-12-12 03:52:44 INFO run_output: b'2 3\nTestcase No.1 Failed!\n3 4\nTestcase No.2 Failed!\n2 3\nTestcase No.3 Failed!\n3 4\nTestcase No.4 Failed!\n3 4\nTestcase No.5 Failed!\nPassed 0/5 testcases!\nTest Failed!\n'


2023-12-12 03:52:44 INFO Running task: 85_0...
2023-12-12 03:52:45 INFO Compilation Failed!
2023-12-12 03:52:45 INFO Running task: 86_0...
2023-12-12 03:52:47 INFO Test Passed!


2023-12-12 03:52:47 INFO Running task: 87_0...
2023-12-12 03:52:48 INFO Compilation Failed!
2023-12-12 03:52:48 INFO Running task: 88_0...
2023-12-12 03:52:49 INFO Compilation Failed!
2023-12-12 03:52:49 INFO Running task: 89_0...
2023-12-12 03:52:51 INFO Runtime Failed!
2023-12-12 03:52:51 INFO run_output: b'An exception occurred: basic_string::substr: __pos (which is 18446744073709551615) > this->size() (which is 9)\nAn exception occurred: basic_string::substr: __pos (which is 18446744073709551615) > this->size() (which is 13)\nAn exception occurred: basic_string::substr: __pos (which is 18446744073709551615) > this->size() (which is 16)\nAn exception occurred: basic_string::substr: __pos (which is 18446744073709551615) > this->size() (which is 50)\nAn exception occurred: basic_string::substr: __pos (which is 18446744073709551615) > this->size() (which is 50)\nPassed 0/5 testcases!\nTest Failed!\n'


2023-12-12 03:52:51 INFO Running task: 90_0...
2023-12-12 03:52:52 INFO Compilation Failed!
2023-12-12 03:52:52 INFO Running task: 91_0...
2023-12-12 03:52:53 INFO Compilation Failed!
2023-12-12 03:52:53 INFO Running task: 92_0...
2023-12-12 03:52:55 INFO Compilation Failed!
2023-12-12 03:52:55 INFO Running task: 93_0...
2023-12-12 03:52:56 INFO Compilation Failed!
2023-12-12 03:52:56 INFO Running task: 94_0...
2023-12-12 03:52:57 INFO Test Passed!


2023-12-12 03:52:57 INFO Running task: 95_0...
2023-12-12 03:52:59 INFO Test Passed!


2023-12-12 03:52:59 INFO Running task: 96_0...
2023-12-12 03:53:01 INFO Test Passed!


2023-12-12 03:53:01 INFO Running task: 97_0...
2023-12-12 03:53:02 INFO Test Passed!


2023-12-12 03:53:02 INFO Running task: 98_0...
2023-12-12 03:53:04 INFO Compilation Failed!
2023-12-12 03:53:04 INFO Running task: 99_0...
2023-12-12 03:53:05 INFO Test Passed!


2023-12-12 03:53:05 INFO Running task: 100_0...
2023-12-12 03:53:07 INFO Test Passed!


Traceback (most recent call last):
  File "/home/ubuntu/test_codellm/run_all_cpp_json.py", line 183, in <module>
    results = run_tests(
  File "/home/ubuntu/test_codellm/run_all_cpp_json.py", line 127, in run_tests
    data = json_data(task, "total", "total", results)
TypeError: json_data() missing 1 required positional argument: 'number'
